04:41:30.805 === MOD CONFIG BEGIN ===
04:41:30.805   DEBUG: False
04:41:30.806   MRB Rollup Values: 40000.00, 60000.00, 90000.00, 130000.00, 180000.00, 240000.00
04:41:30.806   Rollup Blacklists: 
04:41:30.806   Rollup Blacklist Tags: LootMagnetBlacklist
04:41:30.806   Compensation Max Rollup Quantity: 8
04:41:30.806 FACTION REPUTATION VALUES
04:41:30.806   Reputation:LOATHED ComponentRollup:0 MechRollup:0 HoldbackTrigger:72%
04:41:30.806   Reputation:HATED ComponentRollup:0 MechRollup:0 HoldbackTrigger:48%
04:41:30.806   Reputation:DISLIKED ComponentRollup:0 MechRollup:0 HoldbackTrigger:32%
04:41:30.806   Reputation:INDIFFERENT ComponentRollup:1 MechRollup:0 HoldbackTrigger:16%
04:41:30.806   Reputation:LIKED ComponentRollup:5 MechRollup:0 HoldbackTrigger:8%
04:41:30.806   Reputation:FRIENDLY ComponentRollup:9 MechRollup:20 HoldbackTrigger:4%
04:41:30.806   Reputation:HONORED ComponentRollup:13 MechRollup:30 HoldbackTrigger:2%
04:41:30.806   Reputation:ALLIED ComponentRollup:21 MechRollup:180 HoldbackTrigger:1%
04:41:30.806 HOLDBACK - enabled? True
04:41:30.806   Holdback Picks: 2 to 6
04:41:30.807   Rep Range: 2 to 6
04:41:30.807   Dispute Picks: 1 to 6
04:41:30.807   Dispute SuccessBase:50 MRBSuccessFactor:10 SuccessRandomBound:0.2 MRBFeeFactor:-0.1
04:41:30.807 === MOD CONFIG END ===
04:41:30.807 INFO: No errors reading settings file.
04:41:30.807 INFO: Registering custom components!
