 E:\SteamLibrary\steamapps\common\BATTLETECH\GNWarsSaves\local\S0
[17:10:24.982]Initing... E:\SteamLibrary\steamapps\common\BATTLETECH\Mods\CustomLocalization version: 0.0.0.44
 localizationProcType:Content
 cultureSettingsFilePath:E:\SteamLibrary\steamapps\common\BATTLETECH\GNWarsSaves\local\cultureSettings.json  exists
{
  "currentCulture": 0
}
 CurrentCulture:CULTURE_EN_US/CULTURE_EN_US
Description.UIName
Description.Name
Description.Details
Description.FirstName
Description.LastName
Description.Callsign
StockRole
YangsThoughts
Name
ShortName
Description
FlashpointShortDescription
quirkName
description
OptionName
OptionDescription
BioDescription
EffectData.Description.Name
EffectData.Description.Details
effectData.Description.Name
effectData.Description.Details
statusEffects.Description.Name
statusEffects.Description.Details
Modes.statusEffects.Description.Name
MechAffinity.pilotQuirks.effectData.Description.Name
MechAffinity.pilotQuirks.effectData.Description.Details
Modes.statusEffects.Description.Details
deferredEffect.statusEffects.Description.Name
deferredEffect.statusEffects.Description.Details
Custom.ActivatableComponent.statusEffects.Description.Name
Custom.ActivatableComponent.statusEffects.Description.Details
Custom.ActivatableComponent.offlineStatusEffects.Description.Name
Custom.ActivatableComponent.offlineStatusEffects.Description.Details
Custom.ActivatableComponent.Explosion.statusEffects.Description.Name
Custom.ActivatableComponent.Explosion.statusEffects.Description.Details
contractName
shortDescription
ShortDesc
firstName
lastName
callsign
rank
longDescription
objectiveList.title
MechAffinity.pilotQuirks.description
MechAffinity.pilotQuirks.quirkName
objectiveList.description
affinityLevels.description
affinityLevels.levelName
contents.words
dialogueList.dialogueContent.words
Options.Description.Name
Options.Description.Details
Options.ResultSets.Description.Name
Options.ResultSets.Description.Details
MechEngineer.Settings.Short
MechEngineer.Settings.Long
MechEngineer.Settings.Full
Settings.Description.Name
Settings.Description.Details
[17:10:25.001]loading assets:E:\SteamLibrary\steamapps\common\BATTLETECH\Mods\CustomLocalization\assets
[17:10:48.529]ModTek.Features.Manifest.BTRL.BetterBTRL.RefreshTypedEntries
[17:10:48.541]ModTek.Features.Manifest.BTRL.BetterBTRL.RefreshTypedEntries
[17:10:48.571]ModTek.Features.Manifest.BTRL.BetterBTRL.RefreshTypedEntries
[17:10:48.643]ModTek.Features.Manifest.BTRL.BetterBTRL.RefreshTypedEntries
[17:10:48.654]ModTek.Features.Manifest.BTRL.BetterBTRL.RefreshTypedEntries
[17:10:52.733]ModTek.Features.Manifest.BTRL.BetterBTRL.RefreshTypedEntries
 BonusDescriptions_MechEngineer  MechEngineer.Settings.Short MechEngineer.Settings.Long MechEngineer.Settings.Full
 MechEngineer_ArmActuators  Settings.Description.Name Settings.Description.Details
 MechEngineer_Engines  Settings.Description.Name Settings.Description.Details
 MechEngineer_Gyro  Settings.Description.Name Settings.Description.Details
 MechEngineer_LegActuators  Settings.Description.Name Settings.Description.Details
 MechEngineer_LifeSupport  Settings.Description.Name Settings.Description.Details
 MechEngineer_Sensors  Settings.Description.Name Settings.Description.Details
[17:10:52.789]ModTek.Features.Manifest.BTRL.BetterBTRL.RefreshTypedEntries
 BonusDescriptions_MechEngineer  MechEngineer.Settings.Short MechEngineer.Settings.Long MechEngineer.Settings.Full
 MechEngineer_ArmActuators  Settings.Description.Name Settings.Description.Details
 MechEngineer_Engines  Settings.Description.Name Settings.Description.Details
 MechEngineer_Gyro  Settings.Description.Name Settings.Description.Details
 MechEngineer_LegActuators  Settings.Description.Name Settings.Description.Details
 MechEngineer_LifeSupport  Settings.Description.Name Settings.Description.Details
 MechEngineer_Sensors  Settings.Description.Name Settings.Description.Details
[17:11:01.296]ModTek.Features.Manifest.BTRL.BetterBTRL.RefreshTypedEntries
 BonusDescriptions_MechEngineer  MechEngineer.Settings.Short MechEngineer.Settings.Long MechEngineer.Settings.Full
 MechEngineer_ArmActuators  Settings.Description.Name Settings.Description.Details
 MechEngineer_Engines  Settings.Description.Name Settings.Description.Details
 MechEngineer_Gyro  Settings.Description.Name Settings.Description.Details
 MechEngineer_LegActuators  Settings.Description.Name Settings.Description.Details
 MechEngineer_LifeSupport  Settings.Description.Name Settings.Description.Details
 MechEngineer_Sensors  Settings.Description.Name Settings.Description.Details
[17:11:01.493]FinishedLoading
