[14:13:10.623]Шаблон:Show Light 'Mechs
 Контекст:
  DM:BattleTech.Data.DataManager
   IsLoading:Boolean
   GetHashCode:Int32
   ToString:String
  TDSF:BattleTech.TagDataStructFetcher
   GetHashCode:Int32
   ToString:String
[14:13:10.626]Шаблон:Show Light 'Mechs
 Контекст:
  DM:BattleTech.Data.DataManager
   IsLoading:Boolean
   GetHashCode:Int32
   ToString:String
  TDSF:BattleTech.TagDataStructFetcher
   GetHashCode:Int32
   ToString:String
[14:13:10.639]Шаблон:Show All 'Mechs
 Контекст:
  DM:BattleTech.Data.DataManager
   IsLoading:Boolean
   GetHashCode:Int32
   ToString:String
  TDSF:BattleTech.TagDataStructFetcher
   GetHashCode:Int32
   ToString:String
[14:13:10.640]Шаблон:Show All 'Mechs
 Контекст:
  DM:BattleTech.Data.DataManager
   IsLoading:Boolean
   GetHashCode:Int32
   ToString:String
  TDSF:BattleTech.TagDataStructFetcher
   GetHashCode:Int32
   ToString:String
[14:13:45.789]Шаблон:Show Medium 'Mechs
 Контекст:
  DM:BattleTech.Data.DataManager
   IsLoading:Boolean
   GetHashCode:Int32
   ToString:String
  TDSF:BattleTech.TagDataStructFetcher
   GetHashCode:Int32
   ToString:String
[14:13:45.790]Шаблон:Show Medium 'Mechs
 Контекст:
  DM:BattleTech.Data.DataManager
   IsLoading:Boolean
   GetHashCode:Int32
   ToString:String
  TDSF:BattleTech.TagDataStructFetcher
   GetHashCode:Int32
   ToString:String
[14:13:46.543]Шаблон:Show Light 'Mechs
 Контекст:
  DM:BattleTech.Data.DataManager
   IsLoading:Boolean
   GetHashCode:Int32
   ToString:String
  TDSF:BattleTech.TagDataStructFetcher
   GetHashCode:Int32
   ToString:String
[14:13:46.544]Шаблон:Show Light 'Mechs
 Контекст:
  DM:BattleTech.Data.DataManager
   IsLoading:Boolean
   GetHashCode:Int32
   ToString:String
  TDSF:BattleTech.TagDataStructFetcher
   GetHashCode:Int32
   ToString:String
[14:13:47.550]Шаблон:Show Light 'Mechs
 Контекст:
  DM:BattleTech.Data.DataManager
   IsLoading:Boolean
   GetHashCode:Int32
   ToString:String
  TDSF:BattleTech.TagDataStructFetcher
   GetHashCode:Int32
   ToString:String
[14:13:47.550]Шаблон:Show Light 'Mechs
 Контекст:
  DM:BattleTech.Data.DataManager
   IsLoading:Boolean
   GetHashCode:Int32
   ToString:String
  TDSF:BattleTech.TagDataStructFetcher
   GetHashCode:Int32
   ToString:String
[14:13:47.813]Шаблон:Show All 'Mechs
 Контекст:
  DM:BattleTech.Data.DataManager
   IsLoading:Boolean
   GetHashCode:Int32
   ToString:String
  TDSF:BattleTech.TagDataStructFetcher
   GetHashCode:Int32
   ToString:String
[14:13:47.814]Шаблон:Show All 'Mechs
 Контекст:
  DM:BattleTech.Data.DataManager
   IsLoading:Boolean
   GetHashCode:Int32
   ToString:String
  TDSF:BattleTech.TagDataStructFetcher
   GetHashCode:Int32
   ToString:String
[14:13:48.180]Шаблон:Show Light 'Mechs
 Контекст:
  DM:BattleTech.Data.DataManager
   IsLoading:Boolean
   GetHashCode:Int32
   ToString:String
  TDSF:BattleTech.TagDataStructFetcher
   GetHashCode:Int32
   ToString:String
[14:13:48.180]Шаблон:Show Light 'Mechs
 Контекст:
  DM:BattleTech.Data.DataManager
   IsLoading:Boolean
   GetHashCode:Int32
   ToString:String
  TDSF:BattleTech.TagDataStructFetcher
   GetHashCode:Int32
   ToString:String
[14:13:48.280]Шаблон:Show Medium 'Mechs
 Контекст:
  DM:BattleTech.Data.DataManager
   IsLoading:Boolean
   GetHashCode:Int32
   ToString:String
  TDSF:BattleTech.TagDataStructFetcher
   GetHashCode:Int32
   ToString:String
[14:13:48.280]Шаблон:Show Medium 'Mechs
 Контекст:
  DM:BattleTech.Data.DataManager
   IsLoading:Boolean
   GetHashCode:Int32
   ToString:String
  TDSF:BattleTech.TagDataStructFetcher
   GetHashCode:Int32
   ToString:String
[14:13:48.379]Шаблон:Show Heavy 'Mechs
 Контекст:
  DM:BattleTech.Data.DataManager
   IsLoading:Boolean
   GetHashCode:Int32
   ToString:String
  TDSF:BattleTech.TagDataStructFetcher
   GetHashCode:Int32
   ToString:String
[14:13:48.380]Шаблон:Show Heavy 'Mechs
 Контекст:
  DM:BattleTech.Data.DataManager
   IsLoading:Boolean
   GetHashCode:Int32
   ToString:String
  TDSF:BattleTech.TagDataStructFetcher
   GetHashCode:Int32
   ToString:String
[14:13:48.490]Шаблон:Show Assault 'Mechs
 Контекст:
  DM:BattleTech.Data.DataManager
   IsLoading:Boolean
   GetHashCode:Int32
   ToString:String
  TDSF:BattleTech.TagDataStructFetcher
   GetHashCode:Int32
   ToString:String
[14:13:48.490]Шаблон:Show Assault 'Mechs
 Контекст:
  DM:BattleTech.Data.DataManager
   IsLoading:Boolean
   GetHashCode:Int32
   ToString:String
  TDSF:BattleTech.TagDataStructFetcher
   GetHashCode:Int32
   ToString:String
[14:13:48.570]Шаблон:Toggle Display of Stock 'Mechs
 Контекст:
  DM:BattleTech.Data.DataManager
   IsLoading:Boolean
   GetHashCode:Int32
   ToString:String
  TDSF:BattleTech.TagDataStructFetcher
   GetHashCode:Int32
   ToString:String
[14:13:48.570]Шаблон:Toggle Display of Stock 'Mechs
 Контекст:
  DM:BattleTech.Data.DataManager
   IsLoading:Boolean
   GetHashCode:Int32
   ToString:String
  TDSF:BattleTech.TagDataStructFetcher
   GetHashCode:Int32
   ToString:String
[14:13:49.212]Шаблон:Show Light 'Mechs
 Контекст:
  DM:BattleTech.Data.DataManager
   IsLoading:Boolean
   GetHashCode:Int32
   ToString:String
  TDSF:BattleTech.TagDataStructFetcher
   GetHashCode:Int32
   ToString:String
[14:13:49.212]Шаблон:Show Light 'Mechs
 Контекст:
  DM:BattleTech.Data.DataManager
   IsLoading:Boolean
   GetHashCode:Int32
   ToString:String
  TDSF:BattleTech.TagDataStructFetcher
   GetHashCode:Int32
   ToString:String
[14:13:53.745]Шаблон:Twitter
 Контекст:
  DM:BattleTech.Data.DataManager
   IsLoading:Boolean
   GetHashCode:Int32
   ToString:String
  TDSF:BattleTech.TagDataStructFetcher
   GetHashCode:Int32
   ToString:String
[14:13:53.745]Шаблон:Twitter
 Контекст:
  DM:BattleTech.Data.DataManager
   IsLoading:Boolean
   GetHashCode:Int32
   ToString:String
  TDSF:BattleTech.TagDataStructFetcher
   GetHashCode:Int32
   ToString:String
[14:14:05.016]Шаблон:Show Heavy 'Mechs
 Контекст:
  DM:BattleTech.Data.DataManager
   IsLoading:Boolean
   GetHashCode:Int32
   ToString:String
  TDSF:BattleTech.TagDataStructFetcher
   GetHashCode:Int32
   ToString:String
[14:14:05.017]Шаблон:Show Heavy 'Mechs
 Контекст:
  DM:BattleTech.Data.DataManager
   IsLoading:Boolean
   GetHashCode:Int32
   ToString:String
  TDSF:BattleTech.TagDataStructFetcher
   GetHashCode:Int32
   ToString:String
[14:14:56.114]Шаблон:Show Light 'Mechs
 Контекст:
  DM:BattleTech.Data.DataManager
   IsLoading:Boolean
   GetHashCode:Int32
   ToString:String
  TDSF:BattleTech.TagDataStructFetcher
   GetHashCode:Int32
   ToString:String
[14:14:56.114]Шаблон:Show Light 'Mechs
 Контекст:
  DM:BattleTech.Data.DataManager
   IsLoading:Boolean
   GetHashCode:Int32
   ToString:String
  TDSF:BattleTech.TagDataStructFetcher
   GetHashCode:Int32
   ToString:String
[14:14:56.490]Шаблон:Show Light 'Mechs
 Контекст:
  DM:BattleTech.Data.DataManager
   IsLoading:Boolean
   GetHashCode:Int32
   ToString:String
  TDSF:BattleTech.TagDataStructFetcher
   GetHashCode:Int32
   ToString:String
[14:14:56.490]Шаблон:Show Light 'Mechs
 Контекст:
  DM:BattleTech.Data.DataManager
   IsLoading:Boolean
   GetHashCode:Int32
   ToString:String
  TDSF:BattleTech.TagDataStructFetcher
   GetHashCode:Int32
   ToString:String
[14:15:14.167]Шаблон:View Stock Loadout
 Контекст:
  DM:BattleTech.Data.DataManager
   IsLoading:Boolean
   GetHashCode:Int32
   ToString:String
  TDSF:BattleTech.TagDataStructFetcher
   GetHashCode:Int32
   ToString:String
[14:15:14.168]Шаблон:View Stock Loadout
 Контекст:
  DM:BattleTech.Data.DataManager
   IsLoading:Boolean
   GetHashCode:Int32
   ToString:String
  TDSF:BattleTech.TagDataStructFetcher
   GetHashCode:Int32
   ToString:String
[14:15:14.261]Шаблон:Show Artillery
 Контекст:
  DM:BattleTech.Data.DataManager
   IsLoading:Boolean
   GetHashCode:Int32
   ToString:String
  TDSF:BattleTech.TagDataStructFetcher
   GetHashCode:Int32
   ToString:String
[14:15:14.261]Шаблон:Show Artillery
 Контекст:
  DM:BattleTech.Data.DataManager
   IsLoading:Boolean
   GetHashCode:Int32
   ToString:String
  TDSF:BattleTech.TagDataStructFetcher
   GetHashCode:Int32
   ToString:String
[14:15:35.839]Шаблон:View Stock Loadout
 Контекст:
  DM:BattleTech.Data.DataManager
   IsLoading:Boolean
   GetHashCode:Int32
   ToString:String
  TDSF:BattleTech.TagDataStructFetcher
   GetHashCode:Int32
   ToString:String
[14:15:35.839]Шаблон:View Stock Loadout
 Контекст:
  DM:BattleTech.Data.DataManager
   IsLoading:Boolean
   GetHashCode:Int32
   ToString:String
  TDSF:BattleTech.TagDataStructFetcher
   GetHashCode:Int32
   ToString:String
[14:15:36.485]Шаблон:Sensor Warfare Review
 Контекст:
  DM:BattleTech.Data.DataManager
   IsLoading:Boolean
   GetHashCode:Int32
   ToString:String
  TDSF:BattleTech.TagDataStructFetcher
   GetHashCode:Int32
   ToString:String
[14:15:36.486]Шаблон:Sensor Warfare Review
 Контекст:
  DM:BattleTech.Data.DataManager
   IsLoading:Boolean
   GetHashCode:Int32
   ToString:String
  TDSF:BattleTech.TagDataStructFetcher
   GetHashCode:Int32
   ToString:String
[14:15:36.606]Шаблон:Tutorial
 Контекст:
  DM:BattleTech.Data.DataManager
   IsLoading:Boolean
   GetHashCode:Int32
   ToString:String
  TDSF:BattleTech.TagDataStructFetcher
   GetHashCode:Int32
   ToString:String
[14:15:36.607]Шаблон:Tutorial
 Контекст:
  DM:BattleTech.Data.DataManager
   IsLoading:Boolean
   GetHashCode:Int32
   ToString:String
  TDSF:BattleTech.TagDataStructFetcher
   GetHashCode:Int32
   ToString:String
[14:15:37.827]Шаблон:Show All 'Mechs
 Контекст:
  DM:BattleTech.Data.DataManager
   IsLoading:Boolean
   GetHashCode:Int32
   ToString:String
  TDSF:BattleTech.TagDataStructFetcher
   GetHashCode:Int32
   ToString:String
[14:15:37.827]Шаблон:Show All 'Mechs
 Контекст:
  DM:BattleTech.Data.DataManager
   IsLoading:Boolean
   GetHashCode:Int32
   ToString:String
  TDSF:BattleTech.TagDataStructFetcher
   GetHashCode:Int32
   ToString:String
[14:16:03.955]Шаблон:Sensor Warfare Review
 Контекст:
  DM:BattleTech.Data.DataManager
   IsLoading:Boolean
   GetHashCode:Int32
   ToString:String
  TDSF:BattleTech.TagDataStructFetcher
   GetHashCode:Int32
   ToString:String
[14:16:03.955]Шаблон:Sensor Warfare Review
 Контекст:
  DM:BattleTech.Data.DataManager
   IsLoading:Boolean
   GetHashCode:Int32
   ToString:String
  TDSF:BattleTech.TagDataStructFetcher
   GetHashCode:Int32
   ToString:String
[14:16:04.008]Шаблон:Tutorial
 Контекст:
  DM:BattleTech.Data.DataManager
   IsLoading:Boolean
   GetHashCode:Int32
   ToString:String
  TDSF:BattleTech.TagDataStructFetcher
   GetHashCode:Int32
   ToString:String
[14:16:04.008]Шаблон:Tutorial
 Контекст:
  DM:BattleTech.Data.DataManager
   IsLoading:Boolean
   GetHashCode:Int32
   ToString:String
  TDSF:BattleTech.TagDataStructFetcher
   GetHashCode:Int32
   ToString:String
[14:16:05.376]Шаблон:Show Medium 'Mechs
 Контекст:
  DM:BattleTech.Data.DataManager
   IsLoading:Boolean
   GetHashCode:Int32
   ToString:String
  TDSF:BattleTech.TagDataStructFetcher
   GetHashCode:Int32
   ToString:String
[14:16:05.376]Шаблон:Show Medium 'Mechs
 Контекст:
  DM:BattleTech.Data.DataManager
   IsLoading:Boolean
   GetHashCode:Int32
   ToString:String
  TDSF:BattleTech.TagDataStructFetcher
   GetHashCode:Int32
   ToString:String
[14:16:16.557]Шаблон:Sensor Warfare Review
 Контекст:
  DM:BattleTech.Data.DataManager
   IsLoading:Boolean
   GetHashCode:Int32
   ToString:String
  TDSF:BattleTech.TagDataStructFetcher
   GetHashCode:Int32
   ToString:String
[14:16:16.557]Шаблон:Sensor Warfare Review
 Контекст:
  DM:BattleTech.Data.DataManager
   IsLoading:Boolean
   GetHashCode:Int32
   ToString:String
  TDSF:BattleTech.TagDataStructFetcher
   GetHashCode:Int32
   ToString:String
[14:16:19.041]Шаблон:Show All 'Mechs
 Контекст:
  DM:BattleTech.Data.DataManager
   IsLoading:Boolean
   GetHashCode:Int32
   ToString:String
  TDSF:BattleTech.TagDataStructFetcher
   GetHashCode:Int32
   ToString:String
[14:16:19.041]Шаблон:Show All 'Mechs
 Контекст:
  DM:BattleTech.Data.DataManager
   IsLoading:Boolean
   GetHashCode:Int32
   ToString:String
  TDSF:BattleTech.TagDataStructFetcher
   GetHashCode:Int32
   ToString:String
[14:16:19.063]Шаблон:Show Light 'Mechs
 Контекст:
  DM:BattleTech.Data.DataManager
   IsLoading:Boolean
   GetHashCode:Int32
   ToString:String
  TDSF:BattleTech.TagDataStructFetcher
   GetHashCode:Int32
   ToString:String
[14:16:19.063]Шаблон:Show Light 'Mechs
 Контекст:
  DM:BattleTech.Data.DataManager
   IsLoading:Boolean
   GetHashCode:Int32
   ToString:String
  TDSF:BattleTech.TagDataStructFetcher
   GetHashCode:Int32
   ToString:String
[14:16:23.787]Шаблон:View Stock Loadout
 Контекст:
  DM:BattleTech.Data.DataManager
   IsLoading:Boolean
   GetHashCode:Int32
   ToString:String
  TDSF:BattleTech.TagDataStructFetcher
   GetHashCode:Int32
   ToString:String
[14:16:23.787]Шаблон:View Stock Loadout
 Контекст:
  DM:BattleTech.Data.DataManager
   IsLoading:Boolean
   GetHashCode:Int32
   ToString:String
  TDSF:BattleTech.TagDataStructFetcher
   GetHashCode:Int32
   ToString:String
[14:16:44.077]Шаблон:View Stock Loadout
 Контекст:
  DM:BattleTech.Data.DataManager
   IsLoading:Boolean
   GetHashCode:Int32
   ToString:String
  TDSF:BattleTech.TagDataStructFetcher
   GetHashCode:Int32
   ToString:String
[14:16:44.077]Шаблон:View Stock Loadout
 Контекст:
  DM:BattleTech.Data.DataManager
   IsLoading:Boolean
   GetHashCode:Int32
   ToString:String
  TDSF:BattleTech.TagDataStructFetcher
   GetHashCode:Int32
   ToString:String
[14:16:46.029]Шаблон:Front Armor
 Контекст:
  DM:BattleTech.Data.DataManager
   IsLoading:Boolean
   GetHashCode:Int32
   ToString:String
  TDSF:BattleTech.TagDataStructFetcher
   GetHashCode:Int32
   ToString:String
[14:16:46.030]Шаблон:Front Armor
 Контекст:
  DM:BattleTech.Data.DataManager
   IsLoading:Boolean
   GetHashCode:Int32
   ToString:String
  TDSF:BattleTech.TagDataStructFetcher
   GetHashCode:Int32
   ToString:String
[14:16:53.911]Шаблон:Show other equipment
 Контекст:
  DM:BattleTech.Data.DataManager
   IsLoading:Boolean
   GetHashCode:Int32
   ToString:String
  TDSF:BattleTech.TagDataStructFetcher
   GetHashCode:Int32
   ToString:String
[14:16:53.911]Шаблон:Show other equipment
 Контекст:
  DM:BattleTech.Data.DataManager
   IsLoading:Boolean
   GetHashCode:Int32
   ToString:String
  TDSF:BattleTech.TagDataStructFetcher
   GetHashCode:Int32
   ToString:String
[14:16:53.943]Шаблон:Show Arm Actuators
 Контекст:
  DM:BattleTech.Data.DataManager
   IsLoading:Boolean
   GetHashCode:Int32
   ToString:String
  TDSF:BattleTech.TagDataStructFetcher
   GetHashCode:Int32
   ToString:String
[14:16:53.943]Шаблон:Show Arm Actuators
 Контекст:
  DM:BattleTech.Data.DataManager
   IsLoading:Boolean
   GetHashCode:Int32
   ToString:String
  TDSF:BattleTech.TagDataStructFetcher
   GetHashCode:Int32
   ToString:String
[14:16:53.976]Шаблон:Show Leg Actutors
 Контекст:
  DM:BattleTech.Data.DataManager
   IsLoading:Boolean
   GetHashCode:Int32
   ToString:String
  TDSF:BattleTech.TagDataStructFetcher
   GetHashCode:Int32
   ToString:String
[14:16:53.976]Шаблон:Show Leg Actutors
 Контекст:
  DM:BattleTech.Data.DataManager
   IsLoading:Boolean
   GetHashCode:Int32
   ToString:String
  TDSF:BattleTech.TagDataStructFetcher
   GetHashCode:Int32
   ToString:String
[14:16:54.050]Шаблон:Upgrades
 Контекст:
  DM:BattleTech.Data.DataManager
   IsLoading:Boolean
   GetHashCode:Int32
   ToString:String
  TDSF:BattleTech.TagDataStructFetcher
   GetHashCode:Int32
   ToString:String
[14:16:54.051]Шаблон:Upgrades
 Контекст:
  DM:BattleTech.Data.DataManager
   IsLoading:Boolean
   GetHashCode:Int32
   ToString:String
  TDSF:BattleTech.TagDataStructFetcher
   GetHashCode:Int32
   ToString:String
[14:16:54.107]Шаблон:Show Electronic Warfare
 Контекст:
  DM:BattleTech.Data.DataManager
   IsLoading:Boolean
   GetHashCode:Int32
   ToString:String
  TDSF:BattleTech.TagDataStructFetcher
   GetHashCode:Int32
   ToString:String
[14:16:54.108]Шаблон:Show Electronic Warfare
 Контекст:
  DM:BattleTech.Data.DataManager
   IsLoading:Boolean
   GetHashCode:Int32
   ToString:String
  TDSF:BattleTech.TagDataStructFetcher
   GetHashCode:Int32
   ToString:String
[14:16:54.160]Шаблон:Show Cockpits
 Контекст:
  DM:BattleTech.Data.DataManager
   IsLoading:Boolean
   GetHashCode:Int32
   ToString:String
  TDSF:BattleTech.TagDataStructFetcher
   GetHashCode:Int32
   ToString:String
[14:16:54.160]Шаблон:Show Cockpits
 Контекст:
  DM:BattleTech.Data.DataManager
   IsLoading:Boolean
   GetHashCode:Int32
   ToString:String
  TDSF:BattleTech.TagDataStructFetcher
   GetHashCode:Int32
   ToString:String
[14:16:54.222]Шаблон:Show JumpJets
 Контекст:
  DM:BattleTech.Data.DataManager
   IsLoading:Boolean
   GetHashCode:Int32
   ToString:String
  TDSF:BattleTech.TagDataStructFetcher
   GetHashCode:Int32
   ToString:String
[14:16:54.223]Шаблон:Show JumpJets
 Контекст:
  DM:BattleTech.Data.DataManager
   IsLoading:Boolean
   GetHashCode:Int32
   ToString:String
  TDSF:BattleTech.TagDataStructFetcher
   GetHashCode:Int32
   ToString:String
[14:16:54.956]Шаблон:Show Cockpits
 Контекст:
  DM:BattleTech.Data.DataManager
   IsLoading:Boolean
   GetHashCode:Int32
   ToString:String
  TDSF:BattleTech.TagDataStructFetcher
   GetHashCode:Int32
   ToString:String
[14:16:54.957]Шаблон:Show Cockpits
 Контекст:
  DM:BattleTech.Data.DataManager
   IsLoading:Boolean
   GetHashCode:Int32
   ToString:String
  TDSF:BattleTech.TagDataStructFetcher
   GetHashCode:Int32
   ToString:String
[14:16:55.015]Шаблон:Show Electronic Warfare
 Контекст:
  DM:BattleTech.Data.DataManager
   IsLoading:Boolean
   GetHashCode:Int32
   ToString:String
  TDSF:BattleTech.TagDataStructFetcher
   GetHashCode:Int32
   ToString:String
[14:16:55.016]Шаблон:Show Electronic Warfare
 Контекст:
  DM:BattleTech.Data.DataManager
   IsLoading:Boolean
   GetHashCode:Int32
   ToString:String
  TDSF:BattleTech.TagDataStructFetcher
   GetHashCode:Int32
   ToString:String
[14:16:55.085]Шаблон:Upgrades
 Контекст:
  DM:BattleTech.Data.DataManager
   IsLoading:Boolean
   GetHashCode:Int32
   ToString:String
  TDSF:BattleTech.TagDataStructFetcher
   GetHashCode:Int32
   ToString:String
[14:16:55.086]Шаблон:Upgrades
 Контекст:
  DM:BattleTech.Data.DataManager
   IsLoading:Boolean
   GetHashCode:Int32
   ToString:String
  TDSF:BattleTech.TagDataStructFetcher
   GetHashCode:Int32
   ToString:String
[14:16:55.145]Шаблон:Show Leg Actutors
 Контекст:
  DM:BattleTech.Data.DataManager
   IsLoading:Boolean
   GetHashCode:Int32
   ToString:String
  TDSF:BattleTech.TagDataStructFetcher
   GetHashCode:Int32
   ToString:String
[14:16:55.145]Шаблон:Show Leg Actutors
 Контекст:
  DM:BattleTech.Data.DataManager
   IsLoading:Boolean
   GetHashCode:Int32
   ToString:String
  TDSF:BattleTech.TagDataStructFetcher
   GetHashCode:Int32
   ToString:String
[14:16:55.932]Шаблон:Show Armor
 Контекст:
  DM:BattleTech.Data.DataManager
   IsLoading:Boolean
   GetHashCode:Int32
   ToString:String
  TDSF:BattleTech.TagDataStructFetcher
   GetHashCode:Int32
   ToString:String
[14:16:55.932]Шаблон:Show Armor
 Контекст:
  DM:BattleTech.Data.DataManager
   IsLoading:Boolean
   GetHashCode:Int32
   ToString:String
  TDSF:BattleTech.TagDataStructFetcher
   GetHashCode:Int32
   ToString:String
[14:16:57.710]Шаблон:Show other equipment
 Контекст:
  DM:BattleTech.Data.DataManager
   IsLoading:Boolean
   GetHashCode:Int32
   ToString:String
  TDSF:BattleTech.TagDataStructFetcher
   GetHashCode:Int32
   ToString:String
[14:16:57.710]Шаблон:Show other equipment
 Контекст:
  DM:BattleTech.Data.DataManager
   IsLoading:Boolean
   GetHashCode:Int32
   ToString:String
  TDSF:BattleTech.TagDataStructFetcher
   GetHashCode:Int32
   ToString:String
[14:16:57.771]Шаблон:Show Arm Actuators
 Контекст:
  DM:BattleTech.Data.DataManager
   IsLoading:Boolean
   GetHashCode:Int32
   ToString:String
  TDSF:BattleTech.TagDataStructFetcher
   GetHashCode:Int32
   ToString:String
[14:16:57.771]Шаблон:Show Arm Actuators
 Контекст:
  DM:BattleTech.Data.DataManager
   IsLoading:Boolean
   GetHashCode:Int32
   ToString:String
  TDSF:BattleTech.TagDataStructFetcher
   GetHashCode:Int32
   ToString:String
[14:16:57.852]Шаблон:Show Leg Actutors
 Контекст:
  DM:BattleTech.Data.DataManager
   IsLoading:Boolean
   GetHashCode:Int32
   ToString:String
  TDSF:BattleTech.TagDataStructFetcher
   GetHashCode:Int32
   ToString:String
[14:16:57.853]Шаблон:Show Leg Actutors
 Контекст:
  DM:BattleTech.Data.DataManager
   IsLoading:Boolean
   GetHashCode:Int32
   ToString:String
  TDSF:BattleTech.TagDataStructFetcher
   GetHashCode:Int32
   ToString:String
[14:16:57.903]Шаблон:Upgrades
 Контекст:
  DM:BattleTech.Data.DataManager
   IsLoading:Boolean
   GetHashCode:Int32
   ToString:String
  TDSF:BattleTech.TagDataStructFetcher
   GetHashCode:Int32
   ToString:String
[14:16:57.903]Шаблон:Upgrades
 Контекст:
  DM:BattleTech.Data.DataManager
   IsLoading:Boolean
   GetHashCode:Int32
   ToString:String
  TDSF:BattleTech.TagDataStructFetcher
   GetHashCode:Int32
   ToString:String
[14:16:57.945]Шаблон:Show Electronic Warfare
 Контекст:
  DM:BattleTech.Data.DataManager
   IsLoading:Boolean
   GetHashCode:Int32
   ToString:String
  TDSF:BattleTech.TagDataStructFetcher
   GetHashCode:Int32
   ToString:String
[14:16:57.945]Шаблон:Show Electronic Warfare
 Контекст:
  DM:BattleTech.Data.DataManager
   IsLoading:Boolean
   GetHashCode:Int32
   ToString:String
  TDSF:BattleTech.TagDataStructFetcher
   GetHashCode:Int32
   ToString:String
[14:16:57.978]Шаблон:Show Cockpits
 Контекст:
  DM:BattleTech.Data.DataManager
   IsLoading:Boolean
   GetHashCode:Int32
   ToString:String
  TDSF:BattleTech.TagDataStructFetcher
   GetHashCode:Int32
   ToString:String
[14:16:57.978]Шаблон:Show Cockpits
 Контекст:
  DM:BattleTech.Data.DataManager
   IsLoading:Boolean
   GetHashCode:Int32
   ToString:String
  TDSF:BattleTech.TagDataStructFetcher
   GetHashCode:Int32
   ToString:String
[14:16:58.096]Шаблон:Show JumpJets
 Контекст:
  DM:BattleTech.Data.DataManager
   IsLoading:Boolean
   GetHashCode:Int32
   ToString:String
  TDSF:BattleTech.TagDataStructFetcher
   GetHashCode:Int32
   ToString:String
[14:16:58.097]Шаблон:Show JumpJets
 Контекст:
  DM:BattleTech.Data.DataManager
   IsLoading:Boolean
   GetHashCode:Int32
   ToString:String
  TDSF:BattleTech.TagDataStructFetcher
   GetHashCode:Int32
   ToString:String
[14:16:58.716]Шаблон:Show Cockpits
 Контекст:
  DM:BattleTech.Data.DataManager
   IsLoading:Boolean
   GetHashCode:Int32
   ToString:String
  TDSF:BattleTech.TagDataStructFetcher
   GetHashCode:Int32
   ToString:String
[14:16:58.716]Шаблон:Show Cockpits
 Контекст:
  DM:BattleTech.Data.DataManager
   IsLoading:Boolean
   GetHashCode:Int32
   ToString:String
  TDSF:BattleTech.TagDataStructFetcher
   GetHashCode:Int32
   ToString:String
[14:16:58.746]Шаблон:Show Electronic Warfare
 Контекст:
  DM:BattleTech.Data.DataManager
   IsLoading:Boolean
   GetHashCode:Int32
   ToString:String
  TDSF:BattleTech.TagDataStructFetcher
   GetHashCode:Int32
   ToString:String
[14:16:58.747]Шаблон:Show Electronic Warfare
 Контекст:
  DM:BattleTech.Data.DataManager
   IsLoading:Boolean
   GetHashCode:Int32
   ToString:String
  TDSF:BattleTech.TagDataStructFetcher
   GetHashCode:Int32
   ToString:String
[14:16:58.777]Шаблон:Upgrades
 Контекст:
  DM:BattleTech.Data.DataManager
   IsLoading:Boolean
   GetHashCode:Int32
   ToString:String
  TDSF:BattleTech.TagDataStructFetcher
   GetHashCode:Int32
   ToString:String
[14:16:58.777]Шаблон:Upgrades
 Контекст:
  DM:BattleTech.Data.DataManager
   IsLoading:Boolean
   GetHashCode:Int32
   ToString:String
  TDSF:BattleTech.TagDataStructFetcher
   GetHashCode:Int32
   ToString:String
[14:16:58.797]Шаблон:Show Leg Actutors
 Контекст:
  DM:BattleTech.Data.DataManager
   IsLoading:Boolean
   GetHashCode:Int32
   ToString:String
  TDSF:BattleTech.TagDataStructFetcher
   GetHashCode:Int32
   ToString:String
[14:16:58.797]Шаблон:Show Leg Actutors
 Контекст:
  DM:BattleTech.Data.DataManager
   IsLoading:Boolean
   GetHashCode:Int32
   ToString:String
  TDSF:BattleTech.TagDataStructFetcher
   GetHashCode:Int32
   ToString:String
[14:16:58.818]Шаблон:Show Arm Actuators
 Контекст:
  DM:BattleTech.Data.DataManager
   IsLoading:Boolean
   GetHashCode:Int32
   ToString:String
  TDSF:BattleTech.TagDataStructFetcher
   GetHashCode:Int32
   ToString:String
[14:16:58.818]Шаблон:Show Arm Actuators
 Контекст:
  DM:BattleTech.Data.DataManager
   IsLoading:Boolean
   GetHashCode:Int32
   ToString:String
  TDSF:BattleTech.TagDataStructFetcher
   GetHashCode:Int32
   ToString:String
[14:16:58.857]Шаблон:Show other equipment
 Контекст:
  DM:BattleTech.Data.DataManager
   IsLoading:Boolean
   GetHashCode:Int32
   ToString:String
  TDSF:BattleTech.TagDataStructFetcher
   GetHashCode:Int32
   ToString:String
[14:16:58.858]Шаблон:Show other equipment
 Контекст:
  DM:BattleTech.Data.DataManager
   IsLoading:Boolean
   GetHashCode:Int32
   ToString:String
  TDSF:BattleTech.TagDataStructFetcher
   GetHashCode:Int32
   ToString:String
[14:16:59.214]Шаблон:Upgrades
 Контекст:
  DM:BattleTech.Data.DataManager
   IsLoading:Boolean
   GetHashCode:Int32
   ToString:String
  TDSF:BattleTech.TagDataStructFetcher
   GetHashCode:Int32
   ToString:String
[14:16:59.215]Шаблон:Upgrades
 Контекст:
  DM:BattleTech.Data.DataManager
   IsLoading:Boolean
   GetHashCode:Int32
   ToString:String
  TDSF:BattleTech.TagDataStructFetcher
   GetHashCode:Int32
   ToString:String
[14:16:59.226]Шаблон:Show Electronic Warfare
 Контекст:
  DM:BattleTech.Data.DataManager
   IsLoading:Boolean
   GetHashCode:Int32
   ToString:String
  TDSF:BattleTech.TagDataStructFetcher
   GetHashCode:Int32
   ToString:String
[14:16:59.226]Шаблон:Show Electronic Warfare
 Контекст:
  DM:BattleTech.Data.DataManager
   IsLoading:Boolean
   GetHashCode:Int32
   ToString:String
  TDSF:BattleTech.TagDataStructFetcher
   GetHashCode:Int32
   ToString:String
[14:16:59.276]Шаблон:Show Cockpits
 Контекст:
  DM:BattleTech.Data.DataManager
   IsLoading:Boolean
   GetHashCode:Int32
   ToString:String
  TDSF:BattleTech.TagDataStructFetcher
   GetHashCode:Int32
   ToString:String
[14:16:59.277]Шаблон:Show Cockpits
 Контекст:
  DM:BattleTech.Data.DataManager
   IsLoading:Boolean
   GetHashCode:Int32
   ToString:String
  TDSF:BattleTech.TagDataStructFetcher
   GetHashCode:Int32
   ToString:String
[14:16:59.365]Шаблон:Show JumpJets
 Контекст:
  DM:BattleTech.Data.DataManager
   IsLoading:Boolean
   GetHashCode:Int32
   ToString:String
  TDSF:BattleTech.TagDataStructFetcher
   GetHashCode:Int32
   ToString:String
[14:16:59.365]Шаблон:Show JumpJets
 Контекст:
  DM:BattleTech.Data.DataManager
   IsLoading:Boolean
   GetHashCode:Int32
   ToString:String
  TDSF:BattleTech.TagDataStructFetcher
   GetHashCode:Int32
   ToString:String
[14:16:59.441]Шаблон:Show All Equipment
 Контекст:
  DM:BattleTech.Data.DataManager
   IsLoading:Boolean
   GetHashCode:Int32
   ToString:String
  TDSF:BattleTech.TagDataStructFetcher
   GetHashCode:Int32
   ToString:String
[14:16:59.441]Шаблон:Show All Equipment
 Контекст:
  DM:BattleTech.Data.DataManager
   IsLoading:Boolean
   GetHashCode:Int32
   ToString:String
  TDSF:BattleTech.TagDataStructFetcher
   GetHashCode:Int32
   ToString:String
[14:17:26.456]Шаблон:Front Armor
 Контекст:
  DM:BattleTech.Data.DataManager
   IsLoading:Boolean
   GetHashCode:Int32
   ToString:String
  TDSF:BattleTech.TagDataStructFetcher
   GetHashCode:Int32
   ToString:String
[14:17:26.456]Шаблон:Front Armor
 Контекст:
  DM:BattleTech.Data.DataManager
   IsLoading:Boolean
   GetHashCode:Int32
   ToString:String
  TDSF:BattleTech.TagDataStructFetcher
   GetHashCode:Int32
   ToString:String
[14:17:26.772]Шаблон:Rear Armor
 Контекст:
  DM:BattleTech.Data.DataManager
   IsLoading:Boolean
   GetHashCode:Int32
   ToString:String
  TDSF:BattleTech.TagDataStructFetcher
   GetHashCode:Int32
   ToString:String
[14:17:26.773]Шаблон:Rear Armor
 Контекст:
  DM:BattleTech.Data.DataManager
   IsLoading:Boolean
   GetHashCode:Int32
   ToString:String
  TDSF:BattleTech.TagDataStructFetcher
   GetHashCode:Int32
   ToString:String
[14:17:27.664]Шаблон:Front Armor
 Контекст:
  DM:BattleTech.Data.DataManager
   IsLoading:Boolean
   GetHashCode:Int32
   ToString:String
  TDSF:BattleTech.TagDataStructFetcher
   GetHashCode:Int32
   ToString:String
[14:17:27.665]Шаблон:Front Armor
 Контекст:
  DM:BattleTech.Data.DataManager
   IsLoading:Boolean
   GetHashCode:Int32
   ToString:String
  TDSF:BattleTech.TagDataStructFetcher
   GetHashCode:Int32
   ToString:String
[14:17:35.373]Шаблон:Show LRM, MRM, and Thunderbolt weapons
 Контекст:
  DM:BattleTech.Data.DataManager
   IsLoading:Boolean
   GetHashCode:Int32
   ToString:String
  TDSF:BattleTech.TagDataStructFetcher
   GetHashCode:Int32
   ToString:String
[14:17:35.373]Шаблон:Show LRM, MRM, and Thunderbolt weapons
 Контекст:
  DM:BattleTech.Data.DataManager
   IsLoading:Boolean
   GetHashCode:Int32
   ToString:String
  TDSF:BattleTech.TagDataStructFetcher
   GetHashCode:Int32
   ToString:String
[14:17:35.385]Шаблон:Show Artillery
 Контекст:
  DM:BattleTech.Data.DataManager
   IsLoading:Boolean
   GetHashCode:Int32
   ToString:String
  TDSF:BattleTech.TagDataStructFetcher
   GetHashCode:Int32
   ToString:String
[14:17:35.385]Шаблон:Show Artillery
 Контекст:
  DM:BattleTech.Data.DataManager
   IsLoading:Boolean
   GetHashCode:Int32
   ToString:String
  TDSF:BattleTech.TagDataStructFetcher
   GetHashCode:Int32
   ToString:String
[14:17:35.397]Шаблон:Show Gauss weapons
 Контекст:
  DM:BattleTech.Data.DataManager
   IsLoading:Boolean
   GetHashCode:Int32
   ToString:String
  TDSF:BattleTech.TagDataStructFetcher
   GetHashCode:Int32
   ToString:String
[14:17:35.397]Шаблон:Show Gauss weapons
 Контекст:
  DM:BattleTech.Data.DataManager
   IsLoading:Boolean
   GetHashCode:Int32
   ToString:String
  TDSF:BattleTech.TagDataStructFetcher
   GetHashCode:Int32
   ToString:String
[14:17:35.409]Шаблон:Show PPC and Plasma weapons
 Контекст:
  DM:BattleTech.Data.DataManager
   IsLoading:Boolean
   GetHashCode:Int32
   ToString:String
  TDSF:BattleTech.TagDataStructFetcher
   GetHashCode:Int32
   ToString:String
[14:17:35.409]Шаблон:Show PPC and Plasma weapons
 Контекст:
  DM:BattleTech.Data.DataManager
   IsLoading:Boolean
   GetHashCode:Int32
   ToString:String
  TDSF:BattleTech.TagDataStructFetcher
   GetHashCode:Int32
   ToString:String
[14:17:41.360]Шаблон:Show All 'Mechs
 Контекст:
  DM:BattleTech.Data.DataManager
   IsLoading:Boolean
   GetHashCode:Int32
   ToString:String
  TDSF:BattleTech.TagDataStructFetcher
   GetHashCode:Int32
   ToString:String
[14:17:41.360]Шаблон:Show All 'Mechs
 Контекст:
  DM:BattleTech.Data.DataManager
   IsLoading:Boolean
   GetHashCode:Int32
   ToString:String
  TDSF:BattleTech.TagDataStructFetcher
   GetHashCode:Int32
   ToString:String
[14:17:46.466]Шаблон:Tutorial
 Контекст:
  DM:BattleTech.Data.DataManager
   IsLoading:Boolean
   GetHashCode:Int32
   ToString:String
  TDSF:BattleTech.TagDataStructFetcher
   GetHashCode:Int32
   ToString:String
[14:17:46.467]Шаблон:Tutorial
 Контекст:
  DM:BattleTech.Data.DataManager
   IsLoading:Boolean
   GetHashCode:Int32
   ToString:String
  TDSF:BattleTech.TagDataStructFetcher
   GetHashCode:Int32
   ToString:String
[14:17:48.387]Шаблон:Show Medium 'Mechs
 Контекст:
  DM:BattleTech.Data.DataManager
   IsLoading:Boolean
   GetHashCode:Int32
   ToString:String
  TDSF:BattleTech.TagDataStructFetcher
   GetHashCode:Int32
   ToString:String
[14:17:48.388]Шаблон:Show Medium 'Mechs
 Контекст:
  DM:BattleTech.Data.DataManager
   IsLoading:Boolean
   GetHashCode:Int32
   ToString:String
  TDSF:BattleTech.TagDataStructFetcher
   GetHashCode:Int32
   ToString:String
[14:17:59.568]Шаблон:Sensor Warfare Review
 Контекст:
  DM:BattleTech.Data.DataManager
   IsLoading:Boolean
   GetHashCode:Int32
   ToString:String
  TDSF:BattleTech.TagDataStructFetcher
   GetHashCode:Int32
   ToString:String
[14:17:59.569]Шаблон:Sensor Warfare Review
 Контекст:
  DM:BattleTech.Data.DataManager
   IsLoading:Boolean
   GetHashCode:Int32
   ToString:String
  TDSF:BattleTech.TagDataStructFetcher
   GetHashCode:Int32
   ToString:String
[14:17:59.723]Шаблон:Sensor Warfare Review
 Контекст:
  DM:BattleTech.Data.DataManager
   IsLoading:Boolean
   GetHashCode:Int32
   ToString:String
  TDSF:BattleTech.TagDataStructFetcher
   GetHashCode:Int32
   ToString:String
[14:17:59.723]Шаблон:Sensor Warfare Review
 Контекст:
  DM:BattleTech.Data.DataManager
   IsLoading:Boolean
   GetHashCode:Int32
   ToString:String
  TDSF:BattleTech.TagDataStructFetcher
   GetHashCode:Int32
   ToString:String
[14:18:01.163]Шаблон:Show Light 'Mechs
 Контекст:
  DM:BattleTech.Data.DataManager
   IsLoading:Boolean
   GetHashCode:Int32
   ToString:String
  TDSF:BattleTech.TagDataStructFetcher
   GetHashCode:Int32
   ToString:String
[14:18:01.163]Шаблон:Show Light 'Mechs
 Контекст:
  DM:BattleTech.Data.DataManager
   IsLoading:Boolean
   GetHashCode:Int32
   ToString:String
  TDSF:BattleTech.TagDataStructFetcher
   GetHashCode:Int32
   ToString:String
[14:18:23.144]Шаблон:Show Light 'Mechs
 Контекст:
  DM:BattleTech.Data.DataManager
   IsLoading:Boolean
   GetHashCode:Int32
   ToString:String
  TDSF:BattleTech.TagDataStructFetcher
   GetHashCode:Int32
   ToString:String
[14:18:23.145]Шаблон:Show Light 'Mechs
 Контекст:
  DM:BattleTech.Data.DataManager
   IsLoading:Boolean
   GetHashCode:Int32
   ToString:String
  TDSF:BattleTech.TagDataStructFetcher
   GetHashCode:Int32
   ToString:String
[14:18:23.168]Шаблон:Show Medium 'Mechs
 Контекст:
  DM:BattleTech.Data.DataManager
   IsLoading:Boolean
   GetHashCode:Int32
   ToString:String
  TDSF:BattleTech.TagDataStructFetcher
   GetHashCode:Int32
   ToString:String
[14:18:23.168]Шаблон:Show Medium 'Mechs
 Контекст:
  DM:BattleTech.Data.DataManager
   IsLoading:Boolean
   GetHashCode:Int32
   ToString:String
  TDSF:BattleTech.TagDataStructFetcher
   GetHashCode:Int32
   ToString:String
[14:18:30.191]Шаблон:Show Assault 'Mechs
 Контекст:
  DM:BattleTech.Data.DataManager
   IsLoading:Boolean
   GetHashCode:Int32
   ToString:String
  TDSF:BattleTech.TagDataStructFetcher
   GetHashCode:Int32
   ToString:String
[14:18:30.191]Шаблон:Show Assault 'Mechs
 Контекст:
  DM:BattleTech.Data.DataManager
   IsLoading:Boolean
   GetHashCode:Int32
   ToString:String
  TDSF:BattleTech.TagDataStructFetcher
   GetHashCode:Int32
   ToString:String
[14:18:30.398]Шаблон:Show Heavy 'Mechs
 Контекст:
  DM:BattleTech.Data.DataManager
   IsLoading:Boolean
   GetHashCode:Int32
   ToString:String
  TDSF:BattleTech.TagDataStructFetcher
   GetHashCode:Int32
   ToString:String
[14:18:30.399]Шаблон:Show Heavy 'Mechs
 Контекст:
  DM:BattleTech.Data.DataManager
   IsLoading:Boolean
   GetHashCode:Int32
   ToString:String
  TDSF:BattleTech.TagDataStructFetcher
   GetHashCode:Int32
   ToString:String
[14:18:30.799]Шаблон:Show Heavy 'Mechs
 Контекст:
  DM:BattleTech.Data.DataManager
   IsLoading:Boolean
   GetHashCode:Int32
   ToString:String
  TDSF:BattleTech.TagDataStructFetcher
   GetHashCode:Int32
   ToString:String
[14:18:30.799]Шаблон:Show Heavy 'Mechs
 Контекст:
  DM:BattleTech.Data.DataManager
   IsLoading:Boolean
   GetHashCode:Int32
   ToString:String
  TDSF:BattleTech.TagDataStructFetcher
   GetHashCode:Int32
   ToString:String
[14:18:31.015]Шаблон:Show Medium 'Mechs
 Контекст:
  DM:BattleTech.Data.DataManager
   IsLoading:Boolean
   GetHashCode:Int32
   ToString:String
  TDSF:BattleTech.TagDataStructFetcher
   GetHashCode:Int32
   ToString:String
[14:18:31.015]Шаблон:Show Medium 'Mechs
 Контекст:
  DM:BattleTech.Data.DataManager
   IsLoading:Boolean
   GetHashCode:Int32
   ToString:String
  TDSF:BattleTech.TagDataStructFetcher
   GetHashCode:Int32
   ToString:String
[14:18:38.713]Шаблон:Tutorial
 Контекст:
  DM:BattleTech.Data.DataManager
   IsLoading:Boolean
   GetHashCode:Int32
   ToString:String
  TDSF:BattleTech.TagDataStructFetcher
   GetHashCode:Int32
   ToString:String
[14:18:38.713]Шаблон:Tutorial
 Контекст:
  DM:BattleTech.Data.DataManager
   IsLoading:Boolean
   GetHashCode:Int32
   ToString:String
  TDSF:BattleTech.TagDataStructFetcher
   GetHashCode:Int32
   ToString:String
[14:18:38.724]Шаблон:Sensor Warfare Review
 Контекст:
  DM:BattleTech.Data.DataManager
   IsLoading:Boolean
   GetHashCode:Int32
   ToString:String
  TDSF:BattleTech.TagDataStructFetcher
   GetHashCode:Int32
   ToString:String
[14:18:38.724]Шаблон:Sensor Warfare Review
 Контекст:
  DM:BattleTech.Data.DataManager
   IsLoading:Boolean
   GetHashCode:Int32
   ToString:String
  TDSF:BattleTech.TagDataStructFetcher
   GetHashCode:Int32
   ToString:String
[14:18:40.241]Шаблон:Show Medium 'Mechs
 Контекст:
  DM:BattleTech.Data.DataManager
   IsLoading:Boolean
   GetHashCode:Int32
   ToString:String
  TDSF:BattleTech.TagDataStructFetcher
   GetHashCode:Int32
   ToString:String
[14:18:40.241]Шаблон:Show Medium 'Mechs
 Контекст:
  DM:BattleTech.Data.DataManager
   IsLoading:Boolean
   GetHashCode:Int32
   ToString:String
  TDSF:BattleTech.TagDataStructFetcher
   GetHashCode:Int32
   ToString:String
[14:18:43.449]Шаблон:Show SRM, MML, and Narc weapons
 Контекст:
  DM:BattleTech.Data.DataManager
   IsLoading:Boolean
   GetHashCode:Int32
   ToString:String
  TDSF:BattleTech.TagDataStructFetcher
   GetHashCode:Int32
   ToString:String
[14:18:43.449]Шаблон:Show SRM, MML, and Narc weapons
 Контекст:
  DM:BattleTech.Data.DataManager
   IsLoading:Boolean
   GetHashCode:Int32
   ToString:String
  TDSF:BattleTech.TagDataStructFetcher
   GetHashCode:Int32
   ToString:String
[14:18:43.534]Шаблон:Tutorial
 Контекст:
  DM:BattleTech.Data.DataManager
   IsLoading:Boolean
   GetHashCode:Int32
   ToString:String
  TDSF:BattleTech.TagDataStructFetcher
   GetHashCode:Int32
   ToString:String
[14:18:43.534]Шаблон:Tutorial
 Контекст:
  DM:BattleTech.Data.DataManager
   IsLoading:Boolean
   GetHashCode:Int32
   ToString:String
  TDSF:BattleTech.TagDataStructFetcher
   GetHashCode:Int32
   ToString:String
[14:18:51.554]Шаблон:Show All 'Mechs
 Контекст:
  DM:BattleTech.Data.DataManager
   IsLoading:Boolean
   GetHashCode:Int32
   ToString:String
  TDSF:BattleTech.TagDataStructFetcher
   GetHashCode:Int32
   ToString:String
[14:18:51.554]Шаблон:Show All 'Mechs
 Контекст:
  DM:BattleTech.Data.DataManager
   IsLoading:Boolean
   GetHashCode:Int32
   ToString:String
  TDSF:BattleTech.TagDataStructFetcher
   GetHashCode:Int32
   ToString:String
[14:19:07.258]Шаблон:Rear Armor
 Контекст:
  DM:BattleTech.Data.DataManager
   IsLoading:Boolean
   GetHashCode:Int32
   ToString:String
  TDSF:BattleTech.TagDataStructFetcher
   GetHashCode:Int32
   ToString:String
[14:19:07.259]Шаблон:Rear Armor
 Контекст:
  DM:BattleTech.Data.DataManager
   IsLoading:Boolean
   GetHashCode:Int32
   ToString:String
  TDSF:BattleTech.TagDataStructFetcher
   GetHashCode:Int32
   ToString:String
[14:19:07.276]Шаблон:Front Armor
 Контекст:
  DM:BattleTech.Data.DataManager
   IsLoading:Boolean
   GetHashCode:Int32
   ToString:String
  TDSF:BattleTech.TagDataStructFetcher
   GetHashCode:Int32
   ToString:String
[14:19:07.276]Шаблон:Front Armor
 Контекст:
  DM:BattleTech.Data.DataManager
   IsLoading:Boolean
   GetHashCode:Int32
   ToString:String
  TDSF:BattleTech.TagDataStructFetcher
   GetHashCode:Int32
   ToString:String
[14:19:07.329]Шаблон:Toggle Display of Stock 'Mechs
 Контекст:
  DM:BattleTech.Data.DataManager
   IsLoading:Boolean
   GetHashCode:Int32
   ToString:String
  TDSF:BattleTech.TagDataStructFetcher
   GetHashCode:Int32
   ToString:String
[14:19:07.330]Шаблон:Toggle Display of Stock 'Mechs
 Контекст:
  DM:BattleTech.Data.DataManager
   IsLoading:Boolean
   GetHashCode:Int32
   ToString:String
  TDSF:BattleTech.TagDataStructFetcher
   GetHashCode:Int32
   ToString:String
[14:19:07.350]Шаблон:Show Assault 'Mechs
 Контекст:
  DM:BattleTech.Data.DataManager
   IsLoading:Boolean
   GetHashCode:Int32
   ToString:String
  TDSF:BattleTech.TagDataStructFetcher
   GetHashCode:Int32
   ToString:String
[14:19:07.351]Шаблон:Show Assault 'Mechs
