[22:27:26.812]Initing... E:\SteamLibrary\steamapps\common\BATTLETECH\Mods\CustomUnits version: 0.0.0.4
flush
flush
flush
[22:27:57.078]shaders:0
[22:27:58.563]MechStatisticsRules.CalculateCBillValue chassisdef_shadowhawk_SHD-2D
[22:27:58.565]MechStatisticsRules.CalculateCBillValue chassisdef_shadowhawk_SHD-2D
[22:27:58.595]MechStatisticsRules.CalculateCBillValue chassisdef_shadowhawk_SHD-2H
[22:27:58.595]MechStatisticsRules.CalculateCBillValue chassisdef_shadowhawk_SHD-2H
[22:27:58.768]LoadRequest.TryCreateAndAddLoadRequest failed landing-safe-svgrepo-com SVGAsset
 manifest entry is null
   at System.Environment.get_StackTrace () [0x00000] in <d7ac571ca2d04b2f981d0d886fa067cf>:0 
  at CustomDeploy.LoadRequest_TryCreateAndAddLoadRequest.Postfix (BattleTech.Data.LoadRequest __instance, BattleTech.BattleTechResourceType resourceType, System.String resourceId, System.Boolean __result) [0x00000] in <93f9f3a77e584b13a3903a9ebaa1754c>:0 
  at BattleTech.Data.LoadRequest.DMD<BattleTech.Data.LoadRequest::TryCreateAndAddLoadRequest> (BattleTech.Data.LoadRequest , BattleTech.Data.LoadTracker& , BattleTech.BattleTechResourceType , System.String , System.Nullable`1[T] ) [0x00000] in <4184af8dbeb44635831353f4d349631c>:0 
  at BattleTech.Data.LoadRequest.AddBlindLoadRequestInternal (BattleTech.BattleTechResourceType resourceType, System.String resourceId, System.Boolean allowDuplicateInstantiation, System.Nullable`1[T] filterByOwnerShip) [0x00000] in <4184af8dbeb44635831353f4d349631c>:0 
  at BattleTech.Data.LoadRequest.AddBlindLoadRequest (BattleTech.BattleTechResourceType resourceType, System.String resourceId, System.Nullable`1[T] filterByOwnership) [0x00000] in <4184af8dbeb44635831353f4d349631c>:0 
  at BattleTech.Data.DataManager+DependencyLoadRequest.DMD<BattleTech.Data.DataManager+DependencyLoadRequest::RequestResource> (BattleTech.Data.DataManager+DependencyLoadRequest , BattleTech.BattleTechResourceType , System.String ) [0x00000] in <4184af8dbeb44635831353f4d349631c>:0 
  at BattleTech.AbilityDef.GatherDependencies (BattleTech.Data.DataManager dataManager, BattleTech.Data.DataManager+DependencyLoadRequest dependencyLoad, System.UInt32 activeRequestWeight) [0x00000] in <4184af8dbeb44635831353f4d349631c>:0 
  at BattleTech.Data.DataManager.RequestDependencies (BattleTech.Data.DataManager+FileLoadRequest loadRequest) [0x00000] in <4184af8dbeb44635831353f4d349631c>:0 
  at BattleTech.Data.DataManager+FileLoadRequest.TryLoadDependencies (BattleTech.Data.DataManager+ILoadDependencies dependencyLoader) [0x00000] in <4184af8dbeb44635831353f4d349631c>:0 
  at BattleTech.Data.DataManager+JsonLoadRequest`1[T].OnLoadedWithJSON (System.String json) [0x00000] in <4184af8dbeb44635831353f4d349631c>:0 
  at BattleTech.Data.DataManager+StringDataLoadRequest`1[T].DMD<BattleTech.Data.DataManager+StringDataLoadRequest`1[[BattleTech.WeaponDef, Assembly-CSharp, Version=0.0.0.0, Culture=neutral, PublicKeyToken=null]]::OnLoadedWithText> (BattleTech.Data.DataManager+StringDataLoadRequest`1[T] , System.String ) [0x00000] in <4184af8dbeb44635831353f4d349631c>:0 
  at HBS.Data.DataLoader+<>c__DisplayClass12_0.<LoadResource>b__0 (System.String _path, System.IO.Stream _stream) [0x00000] in <4184af8dbeb44635831353f4d349631c>:0 
  at HBS.Data.DataLoader.DMD<HBS.Data.DataLoader::CallHandler> (HBS.Data.DataLoader , System.String , System.Action`2[T1,T2] ) [0x00000] in <4184af8dbeb44635831353f4d349631c>:0 
  at HBS.Data.DataLoader.LoadResource (System.String path, System.Action`2[T1,T2] handler, System.Boolean monitor) [0x00000] in <4184af8dbeb44635831353f4d349631c>:0 
  at HBS.Data.DataLoader.LoadResource (System.String path, System.Action`1[T] handler, System.Boolean monitor) [0x00000] in <4184af8dbeb44635831353f4d349631c>:0 
  at HBS.Data.DataLoader.LoadResource (System.String path, System.Action`1[T] handler) [0x00000] in <4184af8dbeb44635831353f4d349631c>:0 
  at BattleTech.Data.DataManager+StringDataLoadRequest`1[T].Load () [0x00000] in <4184af8dbeb44635831353f4d349631c>:0 
  at CustomDeploy.DataManager_UpdateRequests.Prefix (BattleTech.Data.DataManager __instance) [0x00000] in <93f9f3a77e584b13a3903a9ebaa1754c>:0 
  at BattleTech.Data.DataManager.DMD<BattleTech.Data.DataManager::UpdateRequests> (BattleTech.Data.DataManager ) [0x00000] in <4184af8dbeb44635831353f4d349631c>:0 
  at BattleTech.Data.DataManager.Update (System.Single deltaTime) [0x00000] in <4184af8dbeb44635831353f4d349631c>:0 
  at BattleTech.GameInstance.Update (System.Single deltaTime) [0x00000] in <4184af8dbeb44635831353f4d349631c>:0 
  at BattleTech.UnityGameInstance.DMD<BattleTech.UnityGameInstance::Update> (BattleTech.UnityGameInstance ) [0x00000] in <4184af8dbeb44635831353f4d349631c>:0 
[22:28:00.622]MechStatisticsRules.CalculateCBillValue chassisdef_spider_SDR-5V
[22:28:00.641]LoadRequest.TryCreateAndAddLoadRequest failed  WeaponDef
[22:28:05.647]LoadRequest.TryCreateAndAddLoadRequest failed  WeaponDef
[22:28:05.655]LoadRequest.TryCreateAndAddLoadRequest failed  WeaponDef
[22:28:06.355]LoadRequest.TryCreateAndAddLoadRequest failed Icon SVGAsset
 manifest entry is null
   at System.Environment.get_StackTrace () [0x00000] in <d7ac571ca2d04b2f981d0d886fa067cf>:0 
  at CustomDeploy.LoadRequest_TryCreateAndAddLoadRequest.Postfix (BattleTech.Data.LoadRequest __instance, BattleTech.BattleTechResourceType resourceType, System.String resourceId, System.Boolean __result) [0x00000] in <93f9f3a77e584b13a3903a9ebaa1754c>:0 
  at BattleTech.Data.LoadRequest.DMD<BattleTech.Data.LoadRequest::TryCreateAndAddLoadRequest> (BattleTech.Data.LoadRequest , BattleTech.Data.LoadTracker& , BattleTech.BattleTechResourceType , System.String , System.Nullable`1[T] ) [0x00000] in <4184af8dbeb44635831353f4d349631c>:0 
  at BattleTech.Data.LoadRequest.AddBlindLoadRequestInternal (BattleTech.BattleTechResourceType resourceType, System.String resourceId, System.Boolean allowDuplicateInstantiation, System.Nullable`1[T] filterByOwnerShip) [0x00000] in <4184af8dbeb44635831353f4d349631c>:0 
  at BattleTech.Data.LoadRequest.AddBlindLoadRequest (BattleTech.BattleTechResourceType resourceType, System.String resourceId, System.Nullable`1[T] filterByOwnership) [0x00000] in <4184af8dbeb44635831353f4d349631c>:0 
  at BattleTech.Data.DataManager+DependencyLoadRequest.DMD<BattleTech.Data.DataManager+DependencyLoadRequest::RequestResource> (BattleTech.Data.DataManager+DependencyLoadRequest , BattleTech.BattleTechResourceType , System.String ) [0x00000] in <4184af8dbeb44635831353f4d349631c>:0 
  at BattleTech.MechComponentDef.DMD<BattleTech.MechComponentDef::GatherDependencies> (BattleTech.MechComponentDef , BattleTech.Data.DataManager , BattleTech.Data.DataManager+DependencyLoadRequest , System.UInt32 ) [0x00000] in <4184af8dbeb44635831353f4d349631c>:0 
  at BattleTech.Data.DataManager.RequestDependencies (BattleTech.Data.DataManager+FileLoadRequest loadRequest) [0x00000] in <4184af8dbeb44635831353f4d349631c>:0 
  at BattleTech.Data.DataManager+FileLoadRequest.TryLoadDependencies (BattleTech.Data.DataManager+ILoadDependencies dependencyLoader) [0x00000] in <4184af8dbeb44635831353f4d349631c>:0 
  at BattleTech.Data.DataManager+JsonLoadRequest`1[T].OnLoadedWithJSON (System.String json) [0x00000] in <4184af8dbeb44635831353f4d349631c>:0 
  at BattleTech.Data.DataManager+StringDataLoadRequest`1[T].DMD<BattleTech.Data.DataManager+StringDataLoadRequest`1[[BattleTech.WeaponDef, Assembly-CSharp, Version=0.0.0.0, Culture=neutral, PublicKeyToken=null]]::OnLoadedWithText> (BattleTech.Data.DataManager+StringDataLoadRequest`1[T] , System.String ) [0x00000] in <4184af8dbeb44635831353f4d349631c>:0 
  at HBS.Data.DataLoader+<>c__DisplayClass12_0.<LoadResource>b__0 (System.String _path, System.IO.Stream _stream) [0x00000] in <4184af8dbeb44635831353f4d349631c>:0 
  at HBS.Data.DataLoader.DMD<HBS.Data.DataLoader::CallHandler> (HBS.Data.DataLoader , System.String , System.Action`2[T1,T2] ) [0x00000] in <4184af8dbeb44635831353f4d349631c>:0 
  at HBS.Data.DataLoader.LoadResource (System.String path, System.Action`2[T1,T2] handler, System.Boolean monitor) [0x00000] in <4184af8dbeb44635831353f4d349631c>:0 
  at HBS.Data.DataLoader.LoadResource (System.String path, System.Action`1[T] handler, System.Boolean monitor) [0x00000] in <4184af8dbeb44635831353f4d349631c>:0 
  at HBS.Data.DataLoader.LoadResource (System.String path, System.Action`1[T] handler) [0x00000] in <4184af8dbeb44635831353f4d349631c>:0 
  at BattleTech.Data.DataManager+StringDataLoadRequest`1[T].Load () [0x00000] in <4184af8dbeb44635831353f4d349631c>:0 
  at CustomDeploy.DataManager_UpdateRequests.Prefix (BattleTech.Data.DataManager __instance) [0x00000] in <93f9f3a77e584b13a3903a9ebaa1754c>:0 
  at BattleTech.Data.DataManager.DMD<BattleTech.Data.DataManager::UpdateRequests> (BattleTech.Data.DataManager ) [0x00000] in <4184af8dbeb44635831353f4d349631c>:0 
  at BattleTech.Data.DataManager.Update (System.Single deltaTime) [0x00000] in <4184af8dbeb44635831353f4d349631c>:0 
  at BattleTech.GameInstance.Update (System.Single deltaTime) [0x00000] in <4184af8dbeb44635831353f4d349631c>:0 
  at BattleTech.UnityGameInstance.DMD<BattleTech.UnityGameInstance::Update> (BattleTech.UnityGameInstance ) [0x00000] in <4184af8dbeb44635831353f4d349631c>:0 
[22:28:06.358]LoadRequest.TryCreateAndAddLoadRequest failed Icon SVGAsset
 manifest entry is null
   at System.Environment.get_StackTrace () [0x00000] in <d7ac571ca2d04b2f981d0d886fa067cf>:0 
  at CustomDeploy.LoadRequest_TryCreateAndAddLoadRequest.Postfix (BattleTech.Data.LoadRequest __instance, BattleTech.BattleTechResourceType resourceType, System.String resourceId, System.Boolean __result) [0x00000] in <93f9f3a77e584b13a3903a9ebaa1754c>:0 
  at BattleTech.Data.LoadRequest.DMD<BattleTech.Data.LoadRequest::TryCreateAndAddLoadRequest> (BattleTech.Data.LoadRequest , BattleTech.Data.LoadTracker& , BattleTech.BattleTechResourceType , System.String , System.Nullable`1[T] ) [0x00000] in <4184af8dbeb44635831353f4d349631c>:0 
  at BattleTech.Data.LoadRequest.AddBlindLoadRequestInternal (BattleTech.BattleTechResourceType resourceType, System.String resourceId, System.Boolean allowDuplicateInstantiation, System.Nullable`1[T] filterByOwnerShip) [0x00000] in <4184af8dbeb44635831353f4d349631c>:0 
  at BattleTech.Data.LoadRequest.AddBlindLoadRequest (BattleTech.BattleTechResourceType resourceType, System.String resourceId, System.Nullable`1[T] filterByOwnership) [0x00000] in <4184af8dbeb44635831353f4d349631c>:0 
  at BattleTech.Data.DataManager+DependencyLoadRequest.DMD<BattleTech.Data.DataManager+DependencyLoadRequest::RequestResource> (BattleTech.Data.DataManager+DependencyLoadRequest , BattleTech.BattleTechResourceType , System.String ) [0x00000] in <4184af8dbeb44635831353f4d349631c>:0 
  at BattleTech.MechComponentDef.DMD<BattleTech.MechComponentDef::GatherDependencies> (BattleTech.MechComponentDef , BattleTech.Data.DataManager , BattleTech.Data.DataManager+DependencyLoadRequest , System.UInt32 ) [0x00000] in <4184af8dbeb44635831353f4d349631c>:0 
  at BattleTech.Data.DataManager.RequestDependencies (BattleTech.Data.DataManager+FileLoadRequest loadRequest) [0x00000] in <4184af8dbeb44635831353f4d349631c>:0 
  at BattleTech.Data.DataManager+FileLoadRequest.TryLoadDependencies (BattleTech.Data.DataManager+ILoadDependencies dependencyLoader) [0x00000] in <4184af8dbeb44635831353f4d349631c>:0 
  at BattleTech.Data.DataManager+JsonLoadRequest`1[T].OnLoadedWithJSON (System.String json) [0x00000] in <4184af8dbeb44635831353f4d349631c>:0 
  at BattleTech.Data.DataManager+StringDataLoadRequest`1[T].DMD<BattleTech.Data.DataManager+StringDataLoadRequest`1[[BattleTech.WeaponDef, Assembly-CSharp, Version=0.0.0.0, Culture=neutral, PublicKeyToken=null]]::OnLoadedWithText> (BattleTech.Data.DataManager+StringDataLoadRequest`1[T] , System.String ) [0x00000] in <4184af8dbeb44635831353f4d349631c>:0 
  at HBS.Data.DataLoader+<>c__DisplayClass12_0.<LoadResource>b__0 (System.String _path, System.IO.Stream _stream) [0x00000] in <4184af8dbeb44635831353f4d349631c>:0 
  at HBS.Data.DataLoader.DMD<HBS.Data.DataLoader::CallHandler> (HBS.Data.DataLoader , System.String , System.Action`2[T1,T2] ) [0x00000] in <4184af8dbeb44635831353f4d349631c>:0 
  at HBS.Data.DataLoader.LoadResource (System.String path, System.Action`2[T1,T2] handler, System.Boolean monitor) [0x00000] in <4184af8dbeb44635831353f4d349631c>:0 
  at HBS.Data.DataLoader.LoadResource (System.String path, System.Action`1[T] handler, System.Boolean monitor) [0x00000] in <4184af8dbeb44635831353f4d349631c>:0 
  at HBS.Data.DataLoader.LoadResource (System.String path, System.Action`1[T] handler) [0x00000] in <4184af8dbeb44635831353f4d349631c>:0 
  at BattleTech.Data.DataManager+StringDataLoadRequest`1[T].Load () [0x00000] in <4184af8dbeb44635831353f4d349631c>:0 
  at CustomDeploy.DataManager_UpdateRequests.Prefix (BattleTech.Data.DataManager __instance) [0x00000] in <93f9f3a77e584b13a3903a9ebaa1754c>:0 
  at BattleTech.Data.DataManager.DMD<BattleTech.Data.DataManager::UpdateRequests> (BattleTech.Data.DataManager ) [0x00000] in <4184af8dbeb44635831353f4d349631c>:0 
  at BattleTech.Data.DataManager.Update (System.Single deltaTime) [0x00000] in <4184af8dbeb44635831353f4d349631c>:0 
  at BattleTech.GameInstance.Update (System.Single deltaTime) [0x00000] in <4184af8dbeb44635831353f4d349631c>:0 
  at BattleTech.UnityGameInstance.DMD<BattleTech.UnityGameInstance::Update> (BattleTech.UnityGameInstance ) [0x00000] in <4184af8dbeb44635831353f4d349631c>:0 
[22:28:06.362]LoadRequest.TryCreateAndAddLoadRequest failed Icon SVGAsset
 manifest entry is null
   at System.Environment.get_StackTrace () [0x00000] in <d7ac571ca2d04b2f981d0d886fa067cf>:0 
  at CustomDeploy.LoadRequest_TryCreateAndAddLoadRequest.Postfix (BattleTech.Data.LoadRequest __instance, BattleTech.BattleTechResourceType resourceType, System.String resourceId, System.Boolean __result) [0x00000] in <93f9f3a77e584b13a3903a9ebaa1754c>:0 
  at BattleTech.Data.LoadRequest.DMD<BattleTech.Data.LoadRequest::TryCreateAndAddLoadRequest> (BattleTech.Data.LoadRequest , BattleTech.Data.LoadTracker& , BattleTech.BattleTechResourceType , System.String , System.Nullable`1[T] ) [0x00000] in <4184af8dbeb44635831353f4d349631c>:0 
  at BattleTech.Data.LoadRequest.AddBlindLoadRequestInternal (BattleTech.BattleTechResourceType resourceType, System.String resourceId, System.Boolean allowDuplicateInstantiation, System.Nullable`1[T] filterByOwnerShip) [0x00000] in <4184af8dbeb44635831353f4d349631c>:0 
  at BattleTech.Data.LoadRequest.AddBlindLoadRequest (BattleTech.BattleTechResourceType resourceType, System.String resourceId, System.Nullable`1[T] filterByOwnership) [0x00000] in <4184af8dbeb44635831353f4d349631c>:0 
  at BattleTech.Data.DataManager+DependencyLoadRequest.DMD<BattleTech.Data.DataManager+DependencyLoadRequest::RequestResource> (BattleTech.Data.DataManager+DependencyLoadRequest , BattleTech.BattleTechResourceType , System.String ) [0x00000] in <4184af8dbeb44635831353f4d349631c>:0 
  at BattleTech.MechComponentDef.DMD<BattleTech.MechComponentDef::GatherDependencies> (BattleTech.MechComponentDef , BattleTech.Data.DataManager , BattleTech.Data.DataManager+DependencyLoadRequest , System.UInt32 ) [0x00000] in <4184af8dbeb44635831353f4d349631c>:0 
  at BattleTech.Data.DataManager.RequestDependencies (BattleTech.Data.DataManager+FileLoadRequest loadRequest) [0x00000] in <4184af8dbeb44635831353f4d349631c>:0 
  at BattleTech.Data.DataManager+FileLoadRequest.TryLoadDependencies (BattleTech.Data.DataManager+ILoadDependencies dependencyLoader) [0x00000] in <4184af8dbeb44635831353f4d349631c>:0 
  at BattleTech.Data.DataManager+JsonLoadRequest`1[T].OnLoadedWithJSON (System.String json) [0x00000] in <4184af8dbeb44635831353f4d349631c>:0 
  at BattleTech.Data.DataManager+StringDataLoadRequest`1[T].DMD<BattleTech.Data.DataManager+StringDataLoadRequest`1[[BattleTech.WeaponDef, Assembly-CSharp, Version=0.0.0.0, Culture=neutral, PublicKeyToken=null]]::OnLoadedWithText> (BattleTech.Data.DataManager+StringDataLoadRequest`1[T] , System.String ) [0x00000] in <4184af8dbeb44635831353f4d349631c>:0 
  at HBS.Data.DataLoader+<>c__DisplayClass12_0.<LoadResource>b__0 (System.String _path, System.IO.Stream _stream) [0x00000] in <4184af8dbeb44635831353f4d349631c>:0 
  at HBS.Data.DataLoader.DMD<HBS.Data.DataLoader::CallHandler> (HBS.Data.DataLoader , System.String , System.Action`2[T1,T2] ) [0x00000] in <4184af8dbeb44635831353f4d349631c>:0 
  at HBS.Data.DataLoader.LoadResource (System.String path, System.Action`2[T1,T2] handler, System.Boolean monitor) [0x00000] in <4184af8dbeb44635831353f4d349631c>:0 
  at HBS.Data.DataLoader.LoadResource (System.String path, System.Action`1[T] handler, System.Boolean monitor) [0x00000] in <4184af8dbeb44635831353f4d349631c>:0 
  at HBS.Data.DataLoader.LoadResource (System.String path, System.Action`1[T] handler) [0x00000] in <4184af8dbeb44635831353f4d349631c>:0 
  at BattleTech.Data.DataManager+StringDataLoadRequest`1[T].Load () [0x00000] in <4184af8dbeb44635831353f4d349631c>:0 
  at CustomDeploy.DataManager_UpdateRequests.Prefix (BattleTech.Data.DataManager __instance) [0x00000] in <93f9f3a77e584b13a3903a9ebaa1754c>:0 
  at BattleTech.Data.DataManager.DMD<BattleTech.Data.DataManager::UpdateRequests> (BattleTech.Data.DataManager ) [0x00000] in <4184af8dbeb44635831353f4d349631c>:0 
  at BattleTech.Data.DataManager.Update (System.Single deltaTime) [0x00000] in <4184af8dbeb44635831353f4d349631c>:0 
  at BattleTech.GameInstance.Update (System.Single deltaTime) [0x00000] in <4184af8dbeb44635831353f4d349631c>:0 
  at BattleTech.UnityGameInstance.DMD<BattleTech.UnityGameInstance::Update> (BattleTech.UnityGameInstance ) [0x00000] in <4184af8dbeb44635831353f4d349631c>:0 
[22:28:06.366]LoadRequest.TryCreateAndAddLoadRequest failed Icon SVGAsset
 manifest entry is null
   at System.Environment.get_StackTrace () [0x00000] in <d7ac571ca2d04b2f981d0d886fa067cf>:0 
  at CustomDeploy.LoadRequest_TryCreateAndAddLoadRequest.Postfix (BattleTech.Data.LoadRequest __instance, BattleTech.BattleTechResourceType resourceType, System.String resourceId, System.Boolean __result) [0x00000] in <93f9f3a77e584b13a3903a9ebaa1754c>:0 
  at BattleTech.Data.LoadRequest.DMD<BattleTech.Data.LoadRequest::TryCreateAndAddLoadRequest> (BattleTech.Data.LoadRequest , BattleTech.Data.LoadTracker& , BattleTech.BattleTechResourceType , System.String , System.Nullable`1[T] ) [0x00000] in <4184af8dbeb44635831353f4d349631c>:0 
  at BattleTech.Data.LoadRequest.AddBlindLoadRequestInternal (BattleTech.BattleTechResourceType resourceType, System.String resourceId, System.Boolean allowDuplicateInstantiation, System.Nullable`1[T] filterByOwnerShip) [0x00000] in <4184af8dbeb44635831353f4d349631c>:0 
  at BattleTech.Data.LoadRequest.AddBlindLoadRequest (BattleTech.BattleTechResourceType resourceType, System.String resourceId, System.Nullable`1[T] filterByOwnership) [0x00000] in <4184af8dbeb44635831353f4d349631c>:0 
  at BattleTech.Data.DataManager+DependencyLoadRequest.DMD<BattleTech.Data.DataManager+DependencyLoadRequest::RequestResource> (BattleTech.Data.DataManager+DependencyLoadRequest , BattleTech.BattleTechResourceType , System.String ) [0x00000] in <4184af8dbeb44635831353f4d349631c>:0 
  at BattleTech.MechComponentDef.DMD<BattleTech.MechComponentDef::GatherDependencies> (BattleTech.MechComponentDef , BattleTech.Data.DataManager , BattleTech.Data.DataManager+DependencyLoadRequest , System.UInt32 ) [0x00000] in <4184af8dbeb44635831353f4d349631c>:0 
  at BattleTech.Data.DataManager.RequestDependencies (BattleTech.Data.DataManager+FileLoadRequest loadRequest) [0x00000] in <4184af8dbeb44635831353f4d349631c>:0 
  at BattleTech.Data.DataManager+FileLoadRequest.TryLoadDependencies (BattleTech.Data.DataManager+ILoadDependencies dependencyLoader) [0x00000] in <4184af8dbeb44635831353f4d349631c>:0 
  at BattleTech.Data.DataManager+JsonLoadRequest`1[T].OnLoadedWithJSON (System.String json) [0x00000] in <4184af8dbeb44635831353f4d349631c>:0 
  at BattleTech.Data.DataManager+StringDataLoadRequest`1[T].DMD<BattleTech.Data.DataManager+StringDataLoadRequest`1[[BattleTech.WeaponDef, Assembly-CSharp, Version=0.0.0.0, Culture=neutral, PublicKeyToken=null]]::OnLoadedWithText> (BattleTech.Data.DataManager+StringDataLoadRequest`1[T] , System.String ) [0x00000] in <4184af8dbeb44635831353f4d349631c>:0 
  at HBS.Data.DataLoader+<>c__DisplayClass12_0.<LoadResource>b__0 (System.String _path, System.IO.Stream _stream) [0x00000] in <4184af8dbeb44635831353f4d349631c>:0 
  at HBS.Data.DataLoader.DMD<HBS.Data.DataLoader::CallHandler> (HBS.Data.DataLoader , System.String , System.Action`2[T1,T2] ) [0x00000] in <4184af8dbeb44635831353f4d349631c>:0 
  at HBS.Data.DataLoader.LoadResource (System.String path, System.Action`2[T1,T2] handler, System.Boolean monitor) [0x00000] in <4184af8dbeb44635831353f4d349631c>:0 
  at HBS.Data.DataLoader.LoadResource (System.String path, System.Action`1[T] handler, System.Boolean monitor) [0x00000] in <4184af8dbeb44635831353f4d349631c>:0 
  at HBS.Data.DataLoader.LoadResource (System.String path, System.Action`1[T] handler) [0x00000] in <4184af8dbeb44635831353f4d349631c>:0 
  at BattleTech.Data.DataManager+StringDataLoadRequest`1[T].Load () [0x00000] in <4184af8dbeb44635831353f4d349631c>:0 
  at CustomDeploy.DataManager_UpdateRequests.Prefix (BattleTech.Data.DataManager __instance) [0x00000] in <93f9f3a77e584b13a3903a9ebaa1754c>:0 
  at BattleTech.Data.DataManager.DMD<BattleTech.Data.DataManager::UpdateRequests> (BattleTech.Data.DataManager ) [0x00000] in <4184af8dbeb44635831353f4d349631c>:0 
  at BattleTech.Data.DataManager.Update (System.Single deltaTime) [0x00000] in <4184af8dbeb44635831353f4d349631c>:0 
  at BattleTech.GameInstance.Update (System.Single deltaTime) [0x00000] in <4184af8dbeb44635831353f4d349631c>:0 
  at BattleTech.UnityGameInstance.DMD<BattleTech.UnityGameInstance::Update> (BattleTech.UnityGameInstance ) [0x00000] in <4184af8dbeb44635831353f4d349631c>:0 
[22:28:06.370]LoadRequest.TryCreateAndAddLoadRequest failed Icon SVGAsset
 manifest entry is null
   at System.Environment.get_StackTrace () [0x00000] in <d7ac571ca2d04b2f981d0d886fa067cf>:0 
  at CustomDeploy.LoadRequest_TryCreateAndAddLoadRequest.Postfix (BattleTech.Data.LoadRequest __instance, BattleTech.BattleTechResourceType resourceType, System.String resourceId, System.Boolean __result) [0x00000] in <93f9f3a77e584b13a3903a9ebaa1754c>:0 
  at BattleTech.Data.LoadRequest.DMD<BattleTech.Data.LoadRequest::TryCreateAndAddLoadRequest> (BattleTech.Data.LoadRequest , BattleTech.Data.LoadTracker& , BattleTech.BattleTechResourceType , System.String , System.Nullable`1[T] ) [0x00000] in <4184af8dbeb44635831353f4d349631c>:0 
  at BattleTech.Data.LoadRequest.AddBlindLoadRequestInternal (BattleTech.BattleTechResourceType resourceType, System.String resourceId, System.Boolean allowDuplicateInstantiation, System.Nullable`1[T] filterByOwnerShip) [0x00000] in <4184af8dbeb44635831353f4d349631c>:0 
  at BattleTech.Data.LoadRequest.AddBlindLoadRequest (BattleTech.BattleTechResourceType resourceType, System.String resourceId, System.Nullable`1[T] filterByOwnership) [0x00000] in <4184af8dbeb44635831353f4d349631c>:0 
  at BattleTech.Data.DataManager+DependencyLoadRequest.DMD<BattleTech.Data.DataManager+DependencyLoadRequest::RequestResource> (BattleTech.Data.DataManager+DependencyLoadRequest , BattleTech.BattleTechResourceType , System.String ) [0x00000] in <4184af8dbeb44635831353f4d349631c>:0 
  at BattleTech.MechComponentDef.DMD<BattleTech.MechComponentDef::GatherDependencies> (BattleTech.MechComponentDef , BattleTech.Data.DataManager , BattleTech.Data.DataManager+DependencyLoadRequest , System.UInt32 ) [0x00000] in <4184af8dbeb44635831353f4d349631c>:0 
  at BattleTech.Data.DataManager.RequestDependencies (BattleTech.Data.DataManager+FileLoadRequest loadRequest) [0x00000] in <4184af8dbeb44635831353f4d349631c>:0 
  at BattleTech.Data.DataManager+FileLoadRequest.TryLoadDependencies (BattleTech.Data.DataManager+ILoadDependencies dependencyLoader) [0x00000] in <4184af8dbeb44635831353f4d349631c>:0 
  at BattleTech.Data.DataManager+JsonLoadRequest`1[T].OnLoadedWithJSON (System.String json) [0x00000] in <4184af8dbeb44635831353f4d349631c>:0 
  at BattleTech.Data.DataManager+StringDataLoadRequest`1[T].DMD<BattleTech.Data.DataManager+StringDataLoadRequest`1[[BattleTech.WeaponDef, Assembly-CSharp, Version=0.0.0.0, Culture=neutral, PublicKeyToken=null]]::OnLoadedWithText> (BattleTech.Data.DataManager+StringDataLoadRequest`1[T] , System.String ) [0x00000] in <4184af8dbeb44635831353f4d349631c>:0 
  at HBS.Data.DataLoader+<>c__DisplayClass12_0.<LoadResource>b__0 (System.String _path, System.IO.Stream _stream) [0x00000] in <4184af8dbeb44635831353f4d349631c>:0 
  at HBS.Data.DataLoader.DMD<HBS.Data.DataLoader::CallHandler> (HBS.Data.DataLoader , System.String , System.Action`2[T1,T2] ) [0x00000] in <4184af8dbeb44635831353f4d349631c>:0 
  at HBS.Data.DataLoader.LoadResource (System.String path, System.Action`2[T1,T2] handler, System.Boolean monitor) [0x00000] in <4184af8dbeb44635831353f4d349631c>:0 
  at HBS.Data.DataLoader.LoadResource (System.String path, System.Action`1[T] handler, System.Boolean monitor) [0x00000] in <4184af8dbeb44635831353f4d349631c>:0 
  at HBS.Data.DataLoader.LoadResource (System.String path, System.Action`1[T] handler) [0x00000] in <4184af8dbeb44635831353f4d349631c>:0 
  at BattleTech.Data.DataManager+StringDataLoadRequest`1[T].Load () [0x00000] in <4184af8dbeb44635831353f4d349631c>:0 
  at CustomDeploy.DataManager_UpdateRequests.Prefix (BattleTech.Data.DataManager __instance) [0x00000] in <93f9f3a77e584b13a3903a9ebaa1754c>:0 
  at BattleTech.Data.DataManager.DMD<BattleTech.Data.DataManager::UpdateRequests> (BattleTech.Data.DataManager ) [0x00000] in <4184af8dbeb44635831353f4d349631c>:0 
  at BattleTech.Data.DataManager.Update (System.Single deltaTime) [0x00000] in <4184af8dbeb44635831353f4d349631c>:0 
  at BattleTech.GameInstance.Update (System.Single deltaTime) [0x00000] in <4184af8dbeb44635831353f4d349631c>:0 
  at BattleTech.UnityGameInstance.DMD<BattleTech.UnityGameInstance::Update> (BattleTech.UnityGameInstance ) [0x00000] in <4184af8dbeb44635831353f4d349631c>:0 
[22:28:06.418]LoadRequest.TryCreateAndAddLoadRequest failed Icon SVGAsset
 manifest entry is null
   at System.Environment.get_StackTrace () [0x00000] in <d7ac571ca2d04b2f981d0d886fa067cf>:0 
  at CustomDeploy.LoadRequest_TryCreateAndAddLoadRequest.Postfix (BattleTech.Data.LoadRequest __instance, BattleTech.BattleTechResourceType resourceType, System.String resourceId, System.Boolean __result) [0x00000] in <93f9f3a77e584b13a3903a9ebaa1754c>:0 
  at BattleTech.Data.LoadRequest.DMD<BattleTech.Data.LoadRequest::TryCreateAndAddLoadRequest> (BattleTech.Data.LoadRequest , BattleTech.Data.LoadTracker& , BattleTech.BattleTechResourceType , System.String , System.Nullable`1[T] ) [0x00000] in <4184af8dbeb44635831353f4d349631c>:0 
  at BattleTech.Data.LoadRequest.AddBlindLoadRequestInternal (BattleTech.BattleTechResourceType resourceType, System.String resourceId, System.Boolean allowDuplicateInstantiation, System.Nullable`1[T] filterByOwnerShip) [0x00000] in <4184af8dbeb44635831353f4d349631c>:0 
  at BattleTech.Data.LoadRequest.AddBlindLoadRequest (BattleTech.BattleTechResourceType resourceType, System.String resourceId, System.Nullable`1[T] filterByOwnership) [0x00000] in <4184af8dbeb44635831353f4d349631c>:0 
  at BattleTech.Data.DataManager+DependencyLoadRequest.DMD<BattleTech.Data.DataManager+DependencyLoadRequest::RequestResource> (BattleTech.Data.DataManager+DependencyLoadRequest , BattleTech.BattleTechResourceType , System.String ) [0x00000] in <4184af8dbeb44635831353f4d349631c>:0 
  at BattleTech.MechComponentDef.DMD<BattleTech.MechComponentDef::GatherDependencies> (BattleTech.MechComponentDef , BattleTech.Data.DataManager , BattleTech.Data.DataManager+DependencyLoadRequest , System.UInt32 ) [0x00000] in <4184af8dbeb44635831353f4d349631c>:0 
  at BattleTech.Data.DataManager.RequestDependencies (BattleTech.Data.DataManager+FileLoadRequest loadRequest) [0x00000] in <4184af8dbeb44635831353f4d349631c>:0 
  at BattleTech.Data.DataManager+FileLoadRequest.TryLoadDependencies (BattleTech.Data.DataManager+ILoadDependencies dependencyLoader) [0x00000] in <4184af8dbeb44635831353f4d349631c>:0 
  at BattleTech.Data.DataManager+JsonLoadRequest`1[T].OnLoadedWithJSON (System.String json) [0x00000] in <4184af8dbeb44635831353f4d349631c>:0 
  at BattleTech.Data.DataManager+StringDataLoadRequest`1[T].DMD<BattleTech.Data.DataManager+StringDataLoadRequest`1[[BattleTech.WeaponDef, Assembly-CSharp, Version=0.0.0.0, Culture=neutral, PublicKeyToken=null]]::OnLoadedWithText> (BattleTech.Data.DataManager+StringDataLoadRequest`1[T] , System.String ) [0x00000] in <4184af8dbeb44635831353f4d349631c>:0 
  at HBS.Data.DataLoader+<>c__DisplayClass12_0.<LoadResource>b__0 (System.String _path, System.IO.Stream _stream) [0x00000] in <4184af8dbeb44635831353f4d349631c>:0 
  at HBS.Data.DataLoader.DMD<HBS.Data.DataLoader::CallHandler> (HBS.Data.DataLoader , System.String , System.Action`2[T1,T2] ) [0x00000] in <4184af8dbeb44635831353f4d349631c>:0 
  at HBS.Data.DataLoader.LoadResource (System.String path, System.Action`2[T1,T2] handler, System.Boolean monitor) [0x00000] in <4184af8dbeb44635831353f4d349631c>:0 
  at HBS.Data.DataLoader.LoadResource (System.String path, System.Action`1[T] handler, System.Boolean monitor) [0x00000] in <4184af8dbeb44635831353f4d349631c>:0 
  at HBS.Data.DataLoader.LoadResource (System.String path, System.Action`1[T] handler) [0x00000] in <4184af8dbeb44635831353f4d349631c>:0 
  at BattleTech.Data.DataManager+StringDataLoadRequest`1[T].Load () [0x00000] in <4184af8dbeb44635831353f4d349631c>:0 
  at CustomDeploy.DataManager_UpdateRequests.Prefix (BattleTech.Data.DataManager __instance) [0x00000] in <93f9f3a77e584b13a3903a9ebaa1754c>:0 
  at BattleTech.Data.DataManager.DMD<BattleTech.Data.DataManager::UpdateRequests> (BattleTech.Data.DataManager ) [0x00000] in <4184af8dbeb44635831353f4d349631c>:0 
  at BattleTech.Data.DataManager.Update (System.Single deltaTime) [0x00000] in <4184af8dbeb44635831353f4d349631c>:0 
  at BattleTech.GameInstance.Update (System.Single deltaTime) [0x00000] in <4184af8dbeb44635831353f4d349631c>:0 
  at BattleTech.UnityGameInstance.DMD<BattleTech.UnityGameInstance::Update> (BattleTech.UnityGameInstance ) [0x00000] in <4184af8dbeb44635831353f4d349631c>:0 
[22:28:06.421]LoadRequest.TryCreateAndAddLoadRequest failed Icon SVGAsset
 manifest entry is null
   at System.Environment.get_StackTrace () [0x00000] in <d7ac571ca2d04b2f981d0d886fa067cf>:0 
  at CustomDeploy.LoadRequest_TryCreateAndAddLoadRequest.Postfix (BattleTech.Data.LoadRequest __instance, BattleTech.BattleTechResourceType resourceType, System.String resourceId, System.Boolean __result) [0x00000] in <93f9f3a77e584b13a3903a9ebaa1754c>:0 
  at BattleTech.Data.LoadRequest.DMD<BattleTech.Data.LoadRequest::TryCreateAndAddLoadRequest> (BattleTech.Data.LoadRequest , BattleTech.Data.LoadTracker& , BattleTech.BattleTechResourceType , System.String , System.Nullable`1[T] ) [0x00000] in <4184af8dbeb44635831353f4d349631c>:0 
  at BattleTech.Data.LoadRequest.AddBlindLoadRequestInternal (BattleTech.BattleTechResourceType resourceType, System.String resourceId, System.Boolean allowDuplicateInstantiation, System.Nullable`1[T] filterByOwnerShip) [0x00000] in <4184af8dbeb44635831353f4d349631c>:0 
  at BattleTech.Data.LoadRequest.AddBlindLoadRequest (BattleTech.BattleTechResourceType resourceType, System.String resourceId, System.Nullable`1[T] filterByOwnership) [0x00000] in <4184af8dbeb44635831353f4d349631c>:0 
  at BattleTech.Data.DataManager+DependencyLoadRequest.DMD<BattleTech.Data.DataManager+DependencyLoadRequest::RequestResource> (BattleTech.Data.DataManager+DependencyLoadRequest , BattleTech.BattleTechResourceType , System.String ) [0x00000] in <4184af8dbeb44635831353f4d349631c>:0 
  at BattleTech.MechComponentDef.DMD<BattleTech.MechComponentDef::GatherDependencies> (BattleTech.MechComponentDef , BattleTech.Data.DataManager , BattleTech.Data.DataManager+DependencyLoadRequest , System.UInt32 ) [0x00000] in <4184af8dbeb44635831353f4d349631c>:0 
  at BattleTech.Data.DataManager.RequestDependencies (BattleTech.Data.DataManager+FileLoadRequest loadRequest) [0x00000] in <4184af8dbeb44635831353f4d349631c>:0 
  at BattleTech.Data.DataManager+FileLoadRequest.TryLoadDependencies (BattleTech.Data.DataManager+ILoadDependencies dependencyLoader) [0x00000] in <4184af8dbeb44635831353f4d349631c>:0 
  at BattleTech.Data.DataManager+JsonLoadRequest`1[T].OnLoadedWithJSON (System.String json) [0x00000] in <4184af8dbeb44635831353f4d349631c>:0 
  at BattleTech.Data.DataManager+StringDataLoadRequest`1[T].DMD<BattleTech.Data.DataManager+StringDataLoadRequest`1[[BattleTech.WeaponDef, Assembly-CSharp, Version=0.0.0.0, Culture=neutral, PublicKeyToken=null]]::OnLoadedWithText> (BattleTech.Data.DataManager+StringDataLoadRequest`1[T] , System.String ) [0x00000] in <4184af8dbeb44635831353f4d349631c>:0 
  at HBS.Data.DataLoader+<>c__DisplayClass12_0.<LoadResource>b__0 (System.String _path, System.IO.Stream _stream) [0x00000] in <4184af8dbeb44635831353f4d349631c>:0 
  at HBS.Data.DataLoader.DMD<HBS.Data.DataLoader::CallHandler> (HBS.Data.DataLoader , System.String , System.Action`2[T1,T2] ) [0x00000] in <4184af8dbeb44635831353f4d349631c>:0 
  at HBS.Data.DataLoader.LoadResource (System.String path, System.Action`2[T1,T2] handler, System.Boolean monitor) [0x00000] in <4184af8dbeb44635831353f4d349631c>:0 
  at HBS.Data.DataLoader.LoadResource (System.String path, System.Action`1[T] handler, System.Boolean monitor) [0x00000] in <4184af8dbeb44635831353f4d349631c>:0 
  at HBS.Data.DataLoader.LoadResource (System.String path, System.Action`1[T] handler) [0x00000] in <4184af8dbeb44635831353f4d349631c>:0 
  at BattleTech.Data.DataManager+StringDataLoadRequest`1[T].Load () [0x00000] in <4184af8dbeb44635831353f4d349631c>:0 
  at CustomDeploy.DataManager_UpdateRequests.Prefix (BattleTech.Data.DataManager __instance) [0x00000] in <93f9f3a77e584b13a3903a9ebaa1754c>:0 
  at BattleTech.Data.DataManager.DMD<BattleTech.Data.DataManager::UpdateRequests> (BattleTech.Data.DataManager ) [0x00000] in <4184af8dbeb44635831353f4d349631c>:0 
  at BattleTech.Data.DataManager.Update (System.Single deltaTime) [0x00000] in <4184af8dbeb44635831353f4d349631c>:0 
  at BattleTech.GameInstance.Update (System.Single deltaTime) [0x00000] in <4184af8dbeb44635831353f4d349631c>:0 
  at BattleTech.UnityGameInstance.DMD<BattleTech.UnityGameInstance::Update> (BattleTech.UnityGameInstance ) [0x00000] in <4184af8dbeb44635831353f4d349631c>:0 
[22:28:06.425]LoadRequest.TryCreateAndAddLoadRequest failed Icon SVGAsset
 manifest entry is null
   at System.Environment.get_StackTrace () [0x00000] in <d7ac571ca2d04b2f981d0d886fa067cf>:0 
  at CustomDeploy.LoadRequest_TryCreateAndAddLoadRequest.Postfix (BattleTech.Data.LoadRequest __instance, BattleTech.BattleTechResourceType resourceType, System.String resourceId, System.Boolean __result) [0x00000] in <93f9f3a77e584b13a3903a9ebaa1754c>:0 
  at BattleTech.Data.LoadRequest.DMD<BattleTech.Data.LoadRequest::TryCreateAndAddLoadRequest> (BattleTech.Data.LoadRequest , BattleTech.Data.LoadTracker& , BattleTech.BattleTechResourceType , System.String , System.Nullable`1[T] ) [0x00000] in <4184af8dbeb44635831353f4d349631c>:0 
  at BattleTech.Data.LoadRequest.AddBlindLoadRequestInternal (BattleTech.BattleTechResourceType resourceType, System.String resourceId, System.Boolean allowDuplicateInstantiation, System.Nullable`1[T] filterByOwnerShip) [0x00000] in <4184af8dbeb44635831353f4d349631c>:0 
  at BattleTech.Data.LoadRequest.AddBlindLoadRequest (BattleTech.BattleTechResourceType resourceType, System.String resourceId, System.Nullable`1[T] filterByOwnership) [0x00000] in <4184af8dbeb44635831353f4d349631c>:0 
  at BattleTech.Data.DataManager+DependencyLoadRequest.DMD<BattleTech.Data.DataManager+DependencyLoadRequest::RequestResource> (BattleTech.Data.DataManager+DependencyLoadRequest , BattleTech.BattleTechResourceType , System.String ) [0x00000] in <4184af8dbeb44635831353f4d349631c>:0 
  at BattleTech.MechComponentDef.DMD<BattleTech.MechComponentDef::GatherDependencies> (BattleTech.MechComponentDef , BattleTech.Data.DataManager , BattleTech.Data.DataManager+DependencyLoadRequest , System.UInt32 ) [0x00000] in <4184af8dbeb44635831353f4d349631c>:0 
  at BattleTech.Data.DataManager.RequestDependencies (BattleTech.Data.DataManager+FileLoadRequest loadRequest) [0x00000] in <4184af8dbeb44635831353f4d349631c>:0 
  at BattleTech.Data.DataManager+FileLoadRequest.TryLoadDependencies (BattleTech.Data.DataManager+ILoadDependencies dependencyLoader) [0x00000] in <4184af8dbeb44635831353f4d349631c>:0 
  at BattleTech.Data.DataManager+JsonLoadRequest`1[T].OnLoadedWithJSON (System.String json) [0x00000] in <4184af8dbeb44635831353f4d349631c>:0 
  at BattleTech.Data.DataManager+StringDataLoadRequest`1[T].DMD<BattleTech.Data.DataManager+StringDataLoadRequest`1[[BattleTech.WeaponDef, Assembly-CSharp, Version=0.0.0.0, Culture=neutral, PublicKeyToken=null]]::OnLoadedWithText> (BattleTech.Data.DataManager+StringDataLoadRequest`1[T] , System.String ) [0x00000] in <4184af8dbeb44635831353f4d349631c>:0 
  at HBS.Data.DataLoader+<>c__DisplayClass12_0.<LoadResource>b__0 (System.String _path, System.IO.Stream _stream) [0x00000] in <4184af8dbeb44635831353f4d349631c>:0 
  at HBS.Data.DataLoader.DMD<HBS.Data.DataLoader::CallHandler> (HBS.Data.DataLoader , System.String , System.Action`2[T1,T2] ) [0x00000] in <4184af8dbeb44635831353f4d349631c>:0 
  at HBS.Data.DataLoader.LoadResource (System.String path, System.Action`2[T1,T2] handler, System.Boolean monitor) [0x00000] in <4184af8dbeb44635831353f4d349631c>:0 
  at HBS.Data.DataLoader.LoadResource (System.String path, System.Action`1[T] handler, System.Boolean monitor) [0x00000] in <4184af8dbeb44635831353f4d349631c>:0 
  at HBS.Data.DataLoader.LoadResource (System.String path, System.Action`1[T] handler) [0x00000] in <4184af8dbeb44635831353f4d349631c>:0 
  at BattleTech.Data.DataManager+StringDataLoadRequest`1[T].Load () [0x00000] in <4184af8dbeb44635831353f4d349631c>:0 
  at CustomDeploy.DataManager_UpdateRequests.Prefix (BattleTech.Data.DataManager __instance) [0x00000] in <93f9f3a77e584b13a3903a9ebaa1754c>:0 
  at BattleTech.Data.DataManager.DMD<BattleTech.Data.DataManager::UpdateRequests> (BattleTech.Data.DataManager ) [0x00000] in <4184af8dbeb44635831353f4d349631c>:0 
  at BattleTech.Data.DataManager.Update (System.Single deltaTime) [0x00000] in <4184af8dbeb44635831353f4d349631c>:0 
  at BattleTech.GameInstance.Update (System.Single deltaTime) [0x00000] in <4184af8dbeb44635831353f4d349631c>:0 
  at BattleTech.UnityGameInstance.DMD<BattleTech.UnityGameInstance::Update> (BattleTech.UnityGameInstance ) [0x00000] in <4184af8dbeb44635831353f4d349631c>:0 
[22:28:06.429]LoadRequest.TryCreateAndAddLoadRequest failed Icon SVGAsset
 manifest entry is null
   at System.Environment.get_StackTrace () [0x00000] in <d7ac571ca2d04b2f981d0d886fa067cf>:0 
  at CustomDeploy.LoadRequest_TryCreateAndAddLoadRequest.Postfix (BattleTech.Data.LoadRequest __instance, BattleTech.BattleTechResourceType resourceType, System.String resourceId, System.Boolean __result) [0x00000] in <93f9f3a77e584b13a3903a9ebaa1754c>:0 
  at BattleTech.Data.LoadRequest.DMD<BattleTech.Data.LoadRequest::TryCreateAndAddLoadRequest> (BattleTech.Data.LoadRequest , BattleTech.Data.LoadTracker& , BattleTech.BattleTechResourceType , System.String , System.Nullable`1[T] ) [0x00000] in <4184af8dbeb44635831353f4d349631c>:0 
  at BattleTech.Data.LoadRequest.AddBlindLoadRequestInternal (BattleTech.BattleTechResourceType resourceType, System.String resourceId, System.Boolean allowDuplicateInstantiation, System.Nullable`1[T] filterByOwnerShip) [0x00000] in <4184af8dbeb44635831353f4d349631c>:0 
  at BattleTech.Data.LoadRequest.AddBlindLoadRequest (BattleTech.BattleTechResourceType resourceType, System.String resourceId, System.Nullable`1[T] filterByOwnership) [0x00000] in <4184af8dbeb44635831353f4d349631c>:0 
  at BattleTech.Data.DataManager+DependencyLoadRequest.DMD<BattleTech.Data.DataManager+DependencyLoadRequest::RequestResource> (BattleTech.Data.DataManager+DependencyLoadRequest , BattleTech.BattleTechResourceType , System.String ) [0x00000] in <4184af8dbeb44635831353f4d349631c>:0 
  at BattleTech.MechComponentDef.DMD<BattleTech.MechComponentDef::GatherDependencies> (BattleTech.MechComponentDef , BattleTech.Data.DataManager , BattleTech.Data.DataManager+DependencyLoadRequest , System.UInt32 ) [0x00000] in <4184af8dbeb44635831353f4d349631c>:0 
  at BattleTech.Data.DataManager.RequestDependencies (BattleTech.Data.DataManager+FileLoadRequest loadRequest) [0x00000] in <4184af8dbeb44635831353f4d349631c>:0 
  at BattleTech.Data.DataManager+FileLoadRequest.TryLoadDependencies (BattleTech.Data.DataManager+ILoadDependencies dependencyLoader) [0x00000] in <4184af8dbeb44635831353f4d349631c>:0 
  at BattleTech.Data.DataManager+JsonLoadRequest`1[T].OnLoadedWithJSON (System.String json) [0x00000] in <4184af8dbeb44635831353f4d349631c>:0 
  at BattleTech.Data.DataManager+StringDataLoadRequest`1[T].DMD<BattleTech.Data.DataManager+StringDataLoadRequest`1[[BattleTech.WeaponDef, Assembly-CSharp, Version=0.0.0.0, Culture=neutral, PublicKeyToken=null]]::OnLoadedWithText> (BattleTech.Data.DataManager+StringDataLoadRequest`1[T] , System.String ) [0x00000] in <4184af8dbeb44635831353f4d349631c>:0 
  at HBS.Data.DataLoader+<>c__DisplayClass12_0.<LoadResource>b__0 (System.String _path, System.IO.Stream _stream) [0x00000] in <4184af8dbeb44635831353f4d349631c>:0 
  at HBS.Data.DataLoader.DMD<HBS.Data.DataLoader::CallHandler> (HBS.Data.DataLoader , System.String , System.Action`2[T1,T2] ) [0x00000] in <4184af8dbeb44635831353f4d349631c>:0 
  at HBS.Data.DataLoader.LoadResource (System.String path, System.Action`2[T1,T2] handler, System.Boolean monitor) [0x00000] in <4184af8dbeb44635831353f4d349631c>:0 
  at HBS.Data.DataLoader.LoadResource (System.String path, System.Action`1[T] handler, System.Boolean monitor) [0x00000] in <4184af8dbeb44635831353f4d349631c>:0 
  at HBS.Data.DataLoader.LoadResource (System.String path, System.Action`1[T] handler) [0x00000] in <4184af8dbeb44635831353f4d349631c>:0 
  at BattleTech.Data.DataManager+StringDataLoadRequest`1[T].Load () [0x00000] in <4184af8dbeb44635831353f4d349631c>:0 
  at CustomDeploy.DataManager_UpdateRequests.Prefix (BattleTech.Data.DataManager __instance) [0x00000] in <93f9f3a77e584b13a3903a9ebaa1754c>:0 
  at BattleTech.Data.DataManager.DMD<BattleTech.Data.DataManager::UpdateRequests> (BattleTech.Data.DataManager ) [0x00000] in <4184af8dbeb44635831353f4d349631c>:0 
  at BattleTech.Data.DataManager.Update (System.Single deltaTime) [0x00000] in <4184af8dbeb44635831353f4d349631c>:0 
  at BattleTech.GameInstance.Update (System.Single deltaTime) [0x00000] in <4184af8dbeb44635831353f4d349631c>:0 
  at BattleTech.UnityGameInstance.DMD<BattleTech.UnityGameInstance::Update> (BattleTech.UnityGameInstance ) [0x00000] in <4184af8dbeb44635831353f4d349631c>:0 
[22:28:06.432]LoadRequest.TryCreateAndAddLoadRequest failed Icon SVGAsset
 manifest entry is null
   at System.Environment.get_StackTrace () [0x00000] in <d7ac571ca2d04b2f981d0d886fa067cf>:0 
  at CustomDeploy.LoadRequest_TryCreateAndAddLoadRequest.Postfix (BattleTech.Data.LoadRequest __instance, BattleTech.BattleTechResourceType resourceType, System.String resourceId, System.Boolean __result) [0x00000] in <93f9f3a77e584b13a3903a9ebaa1754c>:0 
  at BattleTech.Data.LoadRequest.DMD<BattleTech.Data.LoadRequest::TryCreateAndAddLoadRequest> (BattleTech.Data.LoadRequest , BattleTech.Data.LoadTracker& , BattleTech.BattleTechResourceType , System.String , System.Nullable`1[T] ) [0x00000] in <4184af8dbeb44635831353f4d349631c>:0 
  at BattleTech.Data.LoadRequest.AddBlindLoadRequestInternal (BattleTech.BattleTechResourceType resourceType, System.String resourceId, System.Boolean allowDuplicateInstantiation, System.Nullable`1[T] filterByOwnerShip) [0x00000] in <4184af8dbeb44635831353f4d349631c>:0 
  at BattleTech.Data.LoadRequest.AddBlindLoadRequest (BattleTech.BattleTechResourceType resourceType, System.String resourceId, System.Nullable`1[T] filterByOwnership) [0x00000] in <4184af8dbeb44635831353f4d349631c>:0 
  at BattleTech.Data.DataManager+DependencyLoadRequest.DMD<BattleTech.Data.DataManager+DependencyLoadRequest::RequestResource> (BattleTech.Data.DataManager+DependencyLoadRequest , BattleTech.BattleTechResourceType , System.String ) [0x00000] in <4184af8dbeb44635831353f4d349631c>:0 
  at BattleTech.MechComponentDef.DMD<BattleTech.MechComponentDef::GatherDependencies> (BattleTech.MechComponentDef , BattleTech.Data.DataManager , BattleTech.Data.DataManager+DependencyLoadRequest , System.UInt32 ) [0x00000] in <4184af8dbeb44635831353f4d349631c>:0 
  at BattleTech.Data.DataManager.RequestDependencies (BattleTech.Data.DataManager+FileLoadRequest loadRequest) [0x00000] in <4184af8dbeb44635831353f4d349631c>:0 
  at BattleTech.Data.DataManager+FileLoadRequest.TryLoadDependencies (BattleTech.Data.DataManager+ILoadDependencies dependencyLoader) [0x00000] in <4184af8dbeb44635831353f4d349631c>:0 
  at BattleTech.Data.DataManager+JsonLoadRequest`1[T].OnLoadedWithJSON (System.String json) [0x00000] in <4184af8dbeb44635831353f4d349631c>:0 
  at BattleTech.Data.DataManager+StringDataLoadRequest`1[T].DMD<BattleTech.Data.DataManager+StringDataLoadRequest`1[[BattleTech.WeaponDef, Assembly-CSharp, Version=0.0.0.0, Culture=neutral, PublicKeyToken=null]]::OnLoadedWithText> (BattleTech.Data.DataManager+StringDataLoadRequest`1[T] , System.String ) [0x00000] in <4184af8dbeb44635831353f4d349631c>:0 
  at HBS.Data.DataLoader+<>c__DisplayClass12_0.<LoadResource>b__0 (System.String _path, System.IO.Stream _stream) [0x00000] in <4184af8dbeb44635831353f4d349631c>:0 
  at HBS.Data.DataLoader.DMD<HBS.Data.DataLoader::CallHandler> (HBS.Data.DataLoader , System.String , System.Action`2[T1,T2] ) [0x00000] in <4184af8dbeb44635831353f4d349631c>:0 
  at HBS.Data.DataLoader.LoadResource (System.String path, System.Action`2[T1,T2] handler, System.Boolean monitor) [0x00000] in <4184af8dbeb44635831353f4d349631c>:0 
  at HBS.Data.DataLoader.LoadResource (System.String path, System.Action`1[T] handler, System.Boolean monitor) [0x00000] in <4184af8dbeb44635831353f4d349631c>:0 
  at HBS.Data.DataLoader.LoadResource (System.String path, System.Action`1[T] handler) [0x00000] in <4184af8dbeb44635831353f4d349631c>:0 
  at BattleTech.Data.DataManager+StringDataLoadRequest`1[T].Load () [0x00000] in <4184af8dbeb44635831353f4d349631c>:0 
  at CustomDeploy.DataManager_UpdateRequests.Prefix (BattleTech.Data.DataManager __instance) [0x00000] in <93f9f3a77e584b13a3903a9ebaa1754c>:0 
  at BattleTech.Data.DataManager.DMD<BattleTech.Data.DataManager::UpdateRequests> (BattleTech.Data.DataManager ) [0x00000] in <4184af8dbeb44635831353f4d349631c>:0 
  at BattleTech.Data.DataManager.Update (System.Single deltaTime) [0x00000] in <4184af8dbeb44635831353f4d349631c>:0 
  at BattleTech.GameInstance.Update (System.Single deltaTime) [0x00000] in <4184af8dbeb44635831353f4d349631c>:0 
  at BattleTech.UnityGameInstance.DMD<BattleTech.UnityGameInstance::Update> (BattleTech.UnityGameInstance ) [0x00000] in <4184af8dbeb44635831353f4d349631c>:0 
[22:28:06.440]LoadRequest.TryCreateAndAddLoadRequest failed Icon SVGAsset
 manifest entry is null
   at System.Environment.get_StackTrace () [0x00000] in <d7ac571ca2d04b2f981d0d886fa067cf>:0 
  at CustomDeploy.LoadRequest_TryCreateAndAddLoadRequest.Postfix (BattleTech.Data.LoadRequest __instance, BattleTech.BattleTechResourceType resourceType, System.String resourceId, System.Boolean __result) [0x00000] in <93f9f3a77e584b13a3903a9ebaa1754c>:0 
  at BattleTech.Data.LoadRequest.DMD<BattleTech.Data.LoadRequest::TryCreateAndAddLoadRequest> (BattleTech.Data.LoadRequest , BattleTech.Data.LoadTracker& , BattleTech.BattleTechResourceType , System.String , System.Nullable`1[T] ) [0x00000] in <4184af8dbeb44635831353f4d349631c>:0 
  at BattleTech.Data.LoadRequest.AddBlindLoadRequestInternal (BattleTech.BattleTechResourceType resourceType, System.String resourceId, System.Boolean allowDuplicateInstantiation, System.Nullable`1[T] filterByOwnerShip) [0x00000] in <4184af8dbeb44635831353f4d349631c>:0 
  at BattleTech.Data.LoadRequest.AddBlindLoadRequest (BattleTech.BattleTechResourceType resourceType, System.String resourceId, System.Nullable`1[T] filterByOwnership) [0x00000] in <4184af8dbeb44635831353f4d349631c>:0 
  at BattleTech.Data.DataManager+DependencyLoadRequest.DMD<BattleTech.Data.DataManager+DependencyLoadRequest::RequestResource> (BattleTech.Data.DataManager+DependencyLoadRequest , BattleTech.BattleTechResourceType , System.String ) [0x00000] in <4184af8dbeb44635831353f4d349631c>:0 
  at BattleTech.MechComponentDef.DMD<BattleTech.MechComponentDef::GatherDependencies> (BattleTech.MechComponentDef , BattleTech.Data.DataManager , BattleTech.Data.DataManager+DependencyLoadRequest , System.UInt32 ) [0x00000] in <4184af8dbeb44635831353f4d349631c>:0 
  at BattleTech.Data.DataManager.RequestDependencies (BattleTech.Data.DataManager+FileLoadRequest loadRequest) [0x00000] in <4184af8dbeb44635831353f4d349631c>:0 
  at BattleTech.Data.DataManager+FileLoadRequest.TryLoadDependencies (BattleTech.Data.DataManager+ILoadDependencies dependencyLoader) [0x00000] in <4184af8dbeb44635831353f4d349631c>:0 
  at BattleTech.Data.DataManager+JsonLoadRequest`1[T].OnLoadedWithJSON (System.String json) [0x00000] in <4184af8dbeb44635831353f4d349631c>:0 
  at BattleTech.Data.DataManager+StringDataLoadRequest`1[T].DMD<BattleTech.Data.DataManager+StringDataLoadRequest`1[[BattleTech.WeaponDef, Assembly-CSharp, Version=0.0.0.0, Culture=neutral, PublicKeyToken=null]]::OnLoadedWithText> (BattleTech.Data.DataManager+StringDataLoadRequest`1[T] , System.String ) [0x00000] in <4184af8dbeb44635831353f4d349631c>:0 
  at HBS.Data.DataLoader+<>c__DisplayClass12_0.<LoadResource>b__0 (System.String _path, System.IO.Stream _stream) [0x00000] in <4184af8dbeb44635831353f4d349631c>:0 
  at HBS.Data.DataLoader.DMD<HBS.Data.DataLoader::CallHandler> (HBS.Data.DataLoader , System.String , System.Action`2[T1,T2] ) [0x00000] in <4184af8dbeb44635831353f4d349631c>:0 
  at HBS.Data.DataLoader.LoadResource (System.String path, System.Action`2[T1,T2] handler, System.Boolean monitor) [0x00000] in <4184af8dbeb44635831353f4d349631c>:0 
  at HBS.Data.DataLoader.LoadResource (System.String path, System.Action`1[T] handler, System.Boolean monitor) [0x00000] in <4184af8dbeb44635831353f4d349631c>:0 
  at HBS.Data.DataLoader.LoadResource (System.String path, System.Action`1[T] handler) [0x00000] in <4184af8dbeb44635831353f4d349631c>:0 
  at BattleTech.Data.DataManager+StringDataLoadRequest`1[T].Load () [0x00000] in <4184af8dbeb44635831353f4d349631c>:0 
  at CustomDeploy.DataManager_UpdateRequests.Prefix (BattleTech.Data.DataManager __instance) [0x00000] in <93f9f3a77e584b13a3903a9ebaa1754c>:0 
  at BattleTech.Data.DataManager.DMD<BattleTech.Data.DataManager::UpdateRequests> (BattleTech.Data.DataManager ) [0x00000] in <4184af8dbeb44635831353f4d349631c>:0 
  at BattleTech.Data.DataManager.Update (System.Single deltaTime) [0x00000] in <4184af8dbeb44635831353f4d349631c>:0 
  at BattleTech.GameInstance.Update (System.Single deltaTime) [0x00000] in <4184af8dbeb44635831353f4d349631c>:0 
  at BattleTech.UnityGameInstance.DMD<BattleTech.UnityGameInstance::Update> (BattleTech.UnityGameInstance ) [0x00000] in <4184af8dbeb44635831353f4d349631c>:0 
[22:28:06.443]LoadRequest.TryCreateAndAddLoadRequest failed Icon SVGAsset
 manifest entry is null
   at System.Environment.get_StackTrace () [0x00000] in <d7ac571ca2d04b2f981d0d886fa067cf>:0 
  at CustomDeploy.LoadRequest_TryCreateAndAddLoadRequest.Postfix (BattleTech.Data.LoadRequest __instance, BattleTech.BattleTechResourceType resourceType, System.String resourceId, System.Boolean __result) [0x00000] in <93f9f3a77e584b13a3903a9ebaa1754c>:0 
  at BattleTech.Data.LoadRequest.DMD<BattleTech.Data.LoadRequest::TryCreateAndAddLoadRequest> (BattleTech.Data.LoadRequest , BattleTech.Data.LoadTracker& , BattleTech.BattleTechResourceType , System.String , System.Nullable`1[T] ) [0x00000] in <4184af8dbeb44635831353f4d349631c>:0 
  at BattleTech.Data.LoadRequest.AddBlindLoadRequestInternal (BattleTech.BattleTechResourceType resourceType, System.String resourceId, System.Boolean allowDuplicateInstantiation, System.Nullable`1[T] filterByOwnerShip) [0x00000] in <4184af8dbeb44635831353f4d349631c>:0 
  at BattleTech.Data.LoadRequest.AddBlindLoadRequest (BattleTech.BattleTechResourceType resourceType, System.String resourceId, System.Nullable`1[T] filterByOwnership) [0x00000] in <4184af8dbeb44635831353f4d349631c>:0 
  at BattleTech.Data.DataManager+DependencyLoadRequest.DMD<BattleTech.Data.DataManager+DependencyLoadRequest::RequestResource> (BattleTech.Data.DataManager+DependencyLoadRequest , BattleTech.BattleTechResourceType , System.String ) [0x00000] in <4184af8dbeb44635831353f4d349631c>:0 
  at BattleTech.MechComponentDef.DMD<BattleTech.MechComponentDef::GatherDependencies> (BattleTech.MechComponentDef , BattleTech.Data.DataManager , BattleTech.Data.DataManager+DependencyLoadRequest , System.UInt32 ) [0x00000] in <4184af8dbeb44635831353f4d349631c>:0 
  at BattleTech.Data.DataManager.RequestDependencies (BattleTech.Data.DataManager+FileLoadRequest loadRequest) [0x00000] in <4184af8dbeb44635831353f4d349631c>:0 
  at BattleTech.Data.DataManager+FileLoadRequest.TryLoadDependencies (BattleTech.Data.DataManager+ILoadDependencies dependencyLoader) [0x00000] in <4184af8dbeb44635831353f4d349631c>:0 
  at BattleTech.Data.DataManager+JsonLoadRequest`1[T].OnLoadedWithJSON (System.String json) [0x00000] in <4184af8dbeb44635831353f4d349631c>:0 
  at BattleTech.Data.DataManager+StringDataLoadRequest`1[T].DMD<BattleTech.Data.DataManager+StringDataLoadRequest`1[[BattleTech.WeaponDef, Assembly-CSharp, Version=0.0.0.0, Culture=neutral, PublicKeyToken=null]]::OnLoadedWithText> (BattleTech.Data.DataManager+StringDataLoadRequest`1[T] , System.String ) [0x00000] in <4184af8dbeb44635831353f4d349631c>:0 
  at HBS.Data.DataLoader+<>c__DisplayClass12_0.<LoadResource>b__0 (System.String _path, System.IO.Stream _stream) [0x00000] in <4184af8dbeb44635831353f4d349631c>:0 
  at HBS.Data.DataLoader.DMD<HBS.Data.DataLoader::CallHandler> (HBS.Data.DataLoader , System.String , System.Action`2[T1,T2] ) [0x00000] in <4184af8dbeb44635831353f4d349631c>:0 
  at HBS.Data.DataLoader.LoadResource (System.String path, System.Action`2[T1,T2] handler, System.Boolean monitor) [0x00000] in <4184af8dbeb44635831353f4d349631c>:0 
  at HBS.Data.DataLoader.LoadResource (System.String path, System.Action`1[T] handler, System.Boolean monitor) [0x00000] in <4184af8dbeb44635831353f4d349631c>:0 
  at HBS.Data.DataLoader.LoadResource (System.String path, System.Action`1[T] handler) [0x00000] in <4184af8dbeb44635831353f4d349631c>:0 
  at BattleTech.Data.DataManager+StringDataLoadRequest`1[T].Load () [0x00000] in <4184af8dbeb44635831353f4d349631c>:0 
  at CustomDeploy.DataManager_UpdateRequests.Prefix (BattleTech.Data.DataManager __instance) [0x00000] in <93f9f3a77e584b13a3903a9ebaa1754c>:0 
  at BattleTech.Data.DataManager.DMD<BattleTech.Data.DataManager::UpdateRequests> (BattleTech.Data.DataManager ) [0x00000] in <4184af8dbeb44635831353f4d349631c>:0 
  at BattleTech.Data.DataManager.Update (System.Single deltaTime) [0x00000] in <4184af8dbeb44635831353f4d349631c>:0 
  at BattleTech.GameInstance.Update (System.Single deltaTime) [0x00000] in <4184af8dbeb44635831353f4d349631c>:0 
  at BattleTech.UnityGameInstance.DMD<BattleTech.UnityGameInstance::Update> (BattleTech.UnityGameInstance ) [0x00000] in <4184af8dbeb44635831353f4d349631c>:0 
flush
flush
