[17:10:33.493]Initing... E:\SteamLibrary\steamapps\common\BATTLETECH\Mods\CustomUnits version: 0.0.0.152
[17:10:33.494]Loading buildin shaders
 shader found Legacy Shaders/Particles/Alpha Blended Premultiply:262
 shader not found Mobile/Particles/Additive
 shader not found Particles/Alpha Blended
 shader replaced Mobile/Particles/Additive -> Legacy Shaders/Particles/Alpha Blended Premultiply:262
 look:(-1.9, 96.5, 0.0) pos:(-7.6, 96.5, 0.0) forward:(5.7, 0.0, 0.0) backrot:(0.0, 90.0, 270.0) fwdrot:(0.0, 90.0, 90.0) uprot:(0.0, 90.0, 0.0) downrot:(0.0, 90.0, 180.0)
 Core.Settings.weaponPrefabMappings
  ac2 ac2:1 lbx2:0.9 uac2:0.9 ams:0.8 flamer:0.6 laser:0.5 ac5:0.8 lbx5:0.8 uac5:0.7 rac2:0.8 ac10:0.4 lbx10:0.6 uac10:0.7 rac5:0.8
  ac ac2:1 lbx2:0.8 uac2:0.8 flamer:0.5 laser:0.4 ac5:0.9 lbx5:0.7 uac5:0.7 rac2:0.7 ac10:0.8 lbx10:0.7 uac10:0.7 rac5:0.7 ppc:0.6 ac20:0.7 lbx20:0.7 uac20:0.7 rac10:0.7 rac20:0.7 bfg:0.6 gauss:0.6 artillery:0.7
  ac5 ac2:0.9 lbx2:0.7 uac2:0.7 ac5:1 lbx5:0.9 uac5:0.9 rac2:0.8 ac10:0.9 lbx10:0.7 uac10:0.8 rac5:0.8 ac20:0.6 lbx20:0.5 uac20:0.6 rac10:0.7 rac20:0.6
  lbx2 ac2:0.9 lbx2:1 uac2:0.9 ac5:0.8 lbx5:0.8 uac5:0.7 rac2:0.8 ac10:0.4 lbx10:0.6 uac10:0.7 rac5:0.8
  uac2 ac2:0.9 lbx2:0.9 uac2:1 ac5:0.8 lbx5:0.8 uac5:0.8 rac2:0.8 ac10:0.4 lbx10:0.6 uac10:0.7 rac5:0.8
  lbx ac2:0.8 lbx2:1 uac2:0.8 flamer:0.5 laser:0.4 ac5:0.7 lbx5:0.9 uac5:0.7 rac2:0.7 ac10:0.7 lbx10:0.9 uac10:0.7 rac5:0.7 ppc:0.6 ac20:0.7 lbx20:0.8 uac20:0.7 rac10:0.7 rac20:0.7 bfg:0.6 gauss:0.6 artillery:0.7
  uac ac2:0.8 lbx2:0.8 uac2:1 rac20:0.7
  lbx5 ac2:0.8 lbx2:0.9 uac2:0.7 ac5:0.9 lbx5:1 uac5:0.9 rac2:0.8 ac10:0.7 lbx10:0.9 uac10:0.8 rac5:0.8 ac20:0.6 lbx20:0.5 uac20:0.6 rac10:0.7
  uac5 ac2:0.8 lbx2:0.7 uac2:0.9 ac5:0.9 lbx5:0.9 uac5:1 rac2:0.8 ac10:0.7 lbx10:0.7 uac10:0.8 rac5:0.8 ac20:0.6 lbx20:0.5 uac20:0.6 rac10:0.7 rac20:0.6
  mg ac2:0.5 lbx2:0.4 uac2:0.3 ams:0.8 flamer:0.8 laser:0.6 ac5:0.3 lbx5:0.3 uac5:0.3 rac2:0.5 ac10:0.3 lbx10:0.3 uac10:0.3 rac5:0.3 ppc:0.3 ac20:0.2 lbx20:0.2 uac20:0.2 rac10:0.2 rac20:0.3 bfg:0.2 gauss:0.5 artillery:0.1 lrm5:0.2 lrm10:0.1 lrm15:0.1 arrow:0.1 lrm20:0.1 machinegun:1 srm2:0.1 srm4:0.1 srm6:0.1
  ppc ac2:0.2 lbx2:0.3 uac2:0.2 ams:0.3 flamer:0.5 laser:0.5 ac5:0.5 lbx5:0.4 uac5:0.4 rac2:0.3 ac10:0.3 lbx10:0.4 uac10:0.5 rac5:0.5 ppc:1 ac20:0.2 lbx20:0.5 uac20:0.4 rac10:0.5 rac20:0.5 bfg:0.7 gauss:0.8 artillery:0.6 arrow:0.2
  laser ac2:0.2 lbx2:0.2 uac2:0.2 ams:0.8 flamer:0.9 laser:1 ac5:0.4 lbx5:0.3 uac5:0.4 rac2:0.5 ac10:0.3 lbx10:0.4 uac10:0.5 rac5:0.4 ppc:0.7 ac20:0.2 lbx20:0.3 uac20:0.3 rac10:0.3 rac20:0.4 bfg:0.3 gauss:0.7 artillery:0.1 lrm5:0.1 lrm10:0.1 lrm15:0.1 arrow:0.1 lrm20:0.1 machinegun:0.7 srm2:0.1 srm4:0.1 srm6:0.1
  flamer ac2:0.2 lbx2:0.2 uac2:0.2 ams:0.8 flamer:1 laser:0.9 ac5:0.3 lbx5:0.3 uac5:0.3 rac2:0.3 ac10:0.3 lbx10:0.3 uac10:0.3 rac5:0.3 ppc:0.7 ac20:0.1 lbx20:0.2 uac20:0.1 rac10:0.1 rac20:0.2 bfg:0.2 gauss:0.3 artillery:0.1 lrm5:0.1 lrm10:0.1 lrm15:0.1 arrow:0.1 lrm20:0.1 machinegun:0.8 srm2:0.1 srm4:0.1 srm6:0.1
  ams ac2:0.1 lbx2:0.1 uac2:0.1 ams:1 flamer:0.2 laser:0.1 ac5:0.1 lbx5:0.1 uac5:0.1 rac2:0.1 ac10:0.1 lbx10:0.1 uac10:0.1 rac5:0.1 ppc:0.1 ac20:0.1 lbx20:0.1 uac20:0.1 rac10:0.1 rac20:0.1 bfg:0.1 gauss:0.1 artillery:0.1 lrm5:0.1 lrm10:0.1 lrm15:0.1 arrow:0.1 lrm20:0.1 machinegun:0.5 srm2:0.1 srm4:0.1 srm6:0.1
  machinegun ams:0.8 flamer:0.8 laser:0.6 artillery:0.1 lrm5:0.2 lrm10:0.1 lrm15:0.1 arrow:0.1 lrm20:0.1 machinegun:1 srm2:0.1 srm4:0.1 srm6:0.1
  ac10 ac5:0.8 lbx5:0.8 uac5:0.8 rac2:0.6 ac10:1 lbx10:0.9 uac10:0.9 rac5:0.8 ppc:0.6 ac20:0.9 lbx20:0.7 uac20:0.8 rac10:0.8 rac20:0.8
  rac2 ac5:0.8 lbx5:0.8 uac5:0.7 rac2:1 ac10:0.5 lbx10:0.6 uac10:0.6 rac5:0.9 ac20:0.3 lbx20:0.4 uac20:0.3 rac10:0.6 rac20:0.5
  rac5 ac5:0.9 lbx5:0.9 uac5:0.8 rac2:0.9 ac10:0.8 lbx10:0.7 uac10:0.8 rac5:1 ac20:0.6 lbx20:0.5 uac20:0.6 rac10:0.9 rac20:0.8
  uac10 ac5:0.8 lbx5:0.8 uac5:0.8 rac2:0.6 ac10:0.9 lbx10:0.9 uac10:1 rac5:0.8 ac20:0.8 lbx20:0.7 uac20:0.9 rac10:0.8 rac20:0.8
  lbx10 ac5:0.8 lbx5:0.8 uac5:0.8 rac2:0.6 ac10:0.9 lbx10:1 uac10:0.9 rac5:0.8 ppc:0.6 ac20:0.8 lbx20:0.9 uac20:0.8 rac10:0.8 rac20:0.8
  rac10 ac5:0.8 lbx5:0.8 uac5:0.8 rac2:0.8 ac10:0.8 lbx10:0.8 uac10:0.9 rac5:0.9 ac20:0.8 lbx20:0.7 uac20:0.8 rac10:1 rac20:0.9
  ac20 ac5:0.6 lbx5:0.5 uac5:0.6 rac2:0.4 ac10:0.8 lbx10:0.8 uac10:0.8 rac5:0.6 ppc:0.8 ac20:1 lbx20:0.9 uac20:0.9 rac10:0.8 rac20:0.8 bfg:0.9 gauss:0.8 artillery:1
  lbx20 ac5:0.6 lbx5:0.5 uac5:0.6 rac2:0.4 ac10:0.8 lbx10:0.8 uac10:0.8 rac5:0.6 ac20:0.9 lbx20:1 uac20:0.9 rac10:0.8 rac20:0.8
  uac20 ac5:0.6 lbx5:0.5 uac5:0.6 rac2:0.4 ac10:0.8 lbx10:0.8 uac10:0.8 rac5:0.6 ac20:0.9 lbx20:0.9 uac20:1 rac10:0.8 rac20:0.8
  rac20 ac5:0.6 lbx5:0.5 uac5:0.6 rac2:0.6 ac10:0.8 lbx10:0.8 uac10:0.8 rac5:0.6 ac20:0.9 lbx20:0.9 uac20:0.9 rac10:0.9 rac20:1
  bfg bfg:1
  artillery bfg:1 artillery:1
  gauss bfg:0.9 gauss:1 artillery:0.8 arrow:0.1
  lrm5 lrm5:1 lrm10:0.6 lrm15:0.6 arrow:0.9 lrm20:0.4 srm2:0.6 srm4:0.8 srm6:0.8
  lrm10 lrm5:0.9 lrm10:1 lrm15:0.8 arrow:0.6 lrm20:0.8 srm2:0.5 srm4:0.7 srm6:0.7
  lrm15 lrm5:0.6 lrm10:0.9 lrm15:1 arrow:0.5 lrm20:0.9 srm2:0.3 srm4:0.5 srm6:0.5
  lrm20 lrm5:0.3 lrm10:0.8 lrm15:0.9 arrow:0.7 lrm20:1 srm2:0.3 srm4:0.3 srm6:0.3
  srm20 lrm5:0.3 lrm10:0.8 lrm15:0.9 arrow:0.7 lrm20:1 srm2:0.3 srm4:0.3 srm6:0.3
  srm6 lrm5:0.9 lrm10:0.8 lrm15:0.65 arrow:0.9 lrm20:0.45 srm2:0.6 srm4:0.9 srm6:1
  srm4 lrm5:0.9 lrm10:0.5 lrm15:0.4 arrow:0.8 lrm20:0.3 srm2:0.9 srm4:1 srm6:0.9
  srm2 lrm5:0.6 lrm10:0.2 lrm15:0.2 arrow:0.5 lrm20:0.2 srm2:1 srm4:0.6 srm6:0.6
  arrow arrow:1
[17:10:33.829]Helper assembly CustomUnitsHelper, Version=1.0.0.0, Culture=neutral, PublicKeyToken=null
[17:10:36.557]MechRepresentation.LateUpdate Transpiler
 found AudioEventManager.CreateVOQueue call 46
 found AudioEventManager.QueueVOEvent call 4C
 found AudioEventManager.StartVOQueue call 4F
[17:10:36.654]Mech.CanEngageTarget searching
 get_GameRep
 get_PilotableActorDef
 get_MechDef
 set_MechDef
 get_UnitType
 get_PathingCaps
 get_MovementCaps
 get_HardpointData
 get_UnitName
 get_VariantName
 get_Nickname
 get_MoveMultiplier
 get_MaxWalkDistance
 get_MaxSprintDistance
 get_CanSprint
 get_IsLegged
 get_MaxBackwardDistance
 get_MaxMeleeEngageRangeDistance
 get_SensorSignatureFromDef
 get_Radius
 get_pilot
 set_pilot
 get_SkillGunnery
 get_SkillGuts
 get_SkillPiloting
 get_SkillTactics
 get_CurrentTorsoRotation
 get_PreviousTorsoRotation
 get_Description
 get_tonnage
 get_weightClass
 get_BaseInitiative
 RecalcEvasivePips
 GetEvasivePipsResult
 get_HeatSinkCapacity
 get_WalkSpeed
 get_RunSpeed
 get_EngageRangeModifier
 get_StaticUnitRole
 ApplyBraced
 VentCoolant
 get_CanBeEntrenched
 get_HasBulwarkAbility
 get_JumpDistance
 get__stability
 set__stability
 get_CurrentStability
 get_MaxStability
 get_MinStability
 get_UnsteadyThreshold
 get_StabilityPercentage
 get__isProne
 set__isProne
 get_IsProne
 set_IsProne
 get_IsBecomingProne
 get_IsOrWillBeProne
 get_turnRadius
 get_HeadArmor
 get_HeadStructure
 get_HeadDamageLevel
 get_CenterTorsoFrontArmor
 get_CenterTorsoRearArmor
 get_CenterTorsoStructure
 get_CenterTorsoDamageLevel
 get_LeftTorsoFrontArmor
 get_LeftTorsoRearArmor
 get_LeftTorsoStructure
 get_LeftTorsoDamageLevel
 get_RightTorsoFrontArmor
 get_RightTorsoRearArmor
 get_RightTorsoStructure
 get_RightTorsoDamageLevel
 get_LeftArmArmor
 get_LeftArmStructure
 get_LeftArmDamageLevel
 get_RightArmArmor
 get_RightArmStructure
 get_RightArmDamageLevel
 get_LeftLegArmor
 get_LeftLegStructure
 get_LeftLegDamageLevel
 get_RightLegArmor
 get_RightLegStructure
 get_RightLegDamageLevel
 ArmorForLocation
 MaxArmorForLocation
 StructureForLocation
 MaxStructureForLocation
 GetComponentDamageLevel
 GetAbbreviatedChassisLocation
 GetLongChassisLocation
 GetLongArmorLocation
 GetStringForArmorLocation
 GetStringForStructureLocation
 GetStringForStructureDamageLevel
 GetCurrentArmor
 GetMaxArmor
 GetCurrentStructure
 GetMaxStructure
 GetLocationDamageLevel
 UpdateLocationDamageLevel
 IsLocationDestroyed
 StabilityDefense
 GetComponentsForLocation
 GetComponentInSlot
 GetStats
 StatCollectionSerializationTest
 SubscribeMessages
 OnActionButtonResult
 DebugModifyStatMessageHandler
 get__heat
 set__heat
 get_CurrentHeat
 get_MinHeatNextActivation
 set_MinHeatNextActivation
 get_OverheatLevel
 get_IsOverheated
 get_HasAppliedHeatSinks
 set_HasAppliedHeatSinks
 get_CurrentHeatAsRatio
 get_MaxHeat
 get_TempHeat
 get_IsPastMaxHeat
 get_IsOperational
 get_CanMove
 get_IsAvailableThisPhase
 Init
 get_ArmorMultiplier
 get_StructureMultiplier
 InitStats
 InitEffectStats
 InitPassiveTeamEffects
 InitGameRep
 CreateBlankPrefabs
 GetActorInfoFromVisLevel
 GetWeaponNameStrings
 GetPilot
 GetHitLocation
 GetPossibleHitLocations
 GetAdjacentHitLocation
 GetImpactPosition
 get_CurrentArmor
 get_SummaryArmorCurrent
 get_SummaryArmorMax
 get_SummaryStructureCurrent
 get_SummaryStructureMax
 get_HealthAsRatio
 get_IsAnyStructureExposed
 get_IsDead
 AddAbsoluteInstability
 AddRelativeInstability
 GetMinStability
 GetMinStability
 AddInstability
 ResetInstability
 ShowFloatie
 DamageLocation
 CheckForCrit
 ApplyArmorStatDamage
 ApplyStructureStatDamage
 ApplyHeadStructureEffects
 ApplySideTorsoStructureEffects
 ApplyCenterTorsoStructureEffects
 ApplyArmStructureEffects
 ApplyLegStructureEffects
 NukeStructureLocation
 UpdateMinStability
 OnLocationDestroyed
 EvaluateExpectedArmorFromAttackDirection
 GetAttachTransform
 IsTargetPositionInFiringArc
 HasChargeAbilityActive
 CanEngageTarget
  params:2
   BattleTech.ICombatant
   System.String&
[17:10:37.692]PlayerLanceSpawnerGameLogic.OnEnterActive.Prepare
[17:10:37.693]PlayerLanceSpawnerGameLogic.OnEnterActive.Prepare
[17:10:39.662]SGRoomController_MechBay.Prepare p_Unlocks not null
[17:10:39.662]SGRoomController_MechBay.Prepare p_Unlocks not null
ToHit.GetAllModifiers transpliter
 source method found
 target method found
 methodCallIndex found 55
  result[54].opcode = ldc.i4.0
  result[53].opcode = ldarg.s
  result[52].opcode = ldarg.0
 this opcode found changing to attacker
ToHit.GetAllModifiers transpliter
 source method found
 target method found
 methodCallIndex found 58
  result[57].opcode = ldc.i4.0
  result[56].opcode = ldarg.s
  result[55].opcode = ldarg.0
 this opcode found changing to attacker
[17:10:40.694]UnitSpawnPointGameLogic.Spawn Transpiler
[17:10:40.965]MWTrayState:MWTrayState
[17:10:40.966]MWTrayState:MWTrayState
ToHit.GetAllModifiers transpliter
 source method found
 target method found
 methodCallIndex found 55
  result[54].opcode = ldc.i4.0
  result[53].opcode = ldarg.s
  result[52].opcode = ldarg.0
 this opcode found changing to attacker
ToHit.GetAllModifiers transpliter
 source method found
 target method found
 methodCallIndex found 58
  result[57].opcode = ldc.i4.0
  result[56].opcode = ldarg.s
  result[55].opcode = ldarg.0
 this opcode found changing to attacker
flush
ToHit.GetAllModifiers transpliter
 source method found
 target method found
 methodCallIndex found 55
  result[54].opcode = ldc.i4.0
  result[53].opcode = ldarg.s
  result[52].opcode = ldarg.0
 this opcode found changing to attacker
ToHit.GetAllModifiers transpliter
