20:47:39.493 Assembly version: 1.0.0
20:47:39.493 ModDir is:C:\Program Files (x86)\Steam\steamapps\common\BATTLETECH\Mods\QoL Modlets\CleverGirl
20:47:39.493 mod.json settings are:({"Debug":true,"Trace":false,"Profile":false,"UseCBTBEMelee":true,"Weights":{"FriendlyDamageMulti":2.0,"PunchbotDamageMulti":2.0,"OneShotMinimumToHit":0.4}})
20:47:39.493 === MOD CONFIG BEGIN ===
20:47:39.493  LOGGING -- Debug:True Trace:False
20:47:39.493  CBTBEMelee: True
20:47:39.493 
20:47:39.493 --- Decision Weights ---
20:47:39.493  FriendlyDamageMulti: 2
20:47:39.493  PunchbotDamageMulti: 2
20:47:39.493 === MOD CONFIG END ===
20:47:47.102 Checking for relevant types in all assemblies
20:47:47.102 Adding position factor: CBTBehaviorsEnhanced.Patches.AI.InfluenceMap.PreferAvoidMeleeWhenOutTonned
20:47:47.102 Adding position factor: CBTBehaviorsEnhanced.Patches.AI.InfluenceMap.PreferStationaryWithMeleeWeapon
20:47:47.102  -- Done checking for influence factors
20:50:19.505 Adding 0 custom ally factors to influence map.
20:50:19.505 Adding 0 custom hostile factors to influence map.
20:50:19.505 Adding 2 custom position factors to influence map.
20:50:19.548 Adding 0 custom ally factors to influence map.
20:50:19.548 Adding 0 custom hostile factors to influence map.
20:50:19.548 Adding 2 custom position factors to influence map.
20:50:33.649 Adding 0 custom ally factors to influence map.
20:50:33.649 Adding 0 custom hostile factors to influence map.
20:50:33.649 Adding 2 custom position factors to influence map.
