INFO: 2023-10-27T02:30:37 - customResource:AffinitiesDef
INFO: 2023-10-27T02:30:37 - Path:E:\SteamLibrary\steamapps\common\BATTLETECH\Mods\GN Core\MechAffinity\AffinityDefs\AffinityDef_chassis_Agile.json
INFO: 2023-10-27T02:30:37 - Path:E:\SteamLibrary\steamapps\common\BATTLETECH\Mods\GN Core\MechAffinity\AffinityDefs\AffinityDef_chassis_Brawler.json
INFO: 2023-10-27T02:30:37 - Path:E:\SteamLibrary\steamapps\common\BATTLETECH\Mods\GN Core\MechAffinity\AffinityDefs\AffinityDef_chassis_Command_Unit.json
INFO: 2023-10-27T02:30:37 - Path:E:\SteamLibrary\steamapps\common\BATTLETECH\Mods\GN Core\MechAffinity\AffinityDefs\AffinityDef_chassis_Cool-Running.json
INFO: 2023-10-27T02:30:37 - Path:E:\SteamLibrary\steamapps\common\BATTLETECH\Mods\GN Core\MechAffinity\AffinityDefs\AffinityDef_chassis_Encouraging.json
INFO: 2023-10-27T02:30:37 - Path:E:\SteamLibrary\steamapps\common\BATTLETECH\Mods\GN Core\MechAffinity\AffinityDefs\AffinityDef_chassis_Evasive.json
INFO: 2023-10-27T02:30:37 - Path:E:\SteamLibrary\steamapps\common\BATTLETECH\Mods\GN Core\MechAffinity\AffinityDefs\AffinityDef_chassis_Ice_Cold.json
INFO: 2023-10-27T02:30:37 - Path:E:\SteamLibrary\steamapps\common\BATTLETECH\Mods\GN Core\MechAffinity\AffinityDefs\AffinityDef_chassis_Keen-Eyed.json
INFO: 2023-10-27T02:30:37 - Path:E:\SteamLibrary\steamapps\common\BATTLETECH\Mods\GN Core\MechAffinity\AffinityDefs\AffinityDef_chassis_Nimble.json
INFO: 2023-10-27T02:30:37 - Path:E:\SteamLibrary\steamapps\common\BATTLETECH\Mods\GN Core\MechAffinity\AffinityDefs\AffinityDef_chassis_Precise_Shot.json
INFO: 2023-10-27T02:30:37 - Path:E:\SteamLibrary\steamapps\common\BATTLETECH\Mods\GN Core\MechAffinity\AffinityDefs\AffinityDef_chassis_Resistant.json
INFO: 2023-10-27T02:30:37 - Path:E:\SteamLibrary\steamapps\common\BATTLETECH\Mods\GN Core\MechAffinity\AffinityDefs\AffinityDef_chassis_Sturdy.json
INFO: 2023-10-27T02:30:37 - Path:E:\SteamLibrary\steamapps\common\BATTLETECH\Mods\GN Core\MechAffinity\AffinityDefs\AffinityDef_chassis_Trash_Master.json
INFO: 2023-10-27T02:30:37 - Path:E:\SteamLibrary\steamapps\common\BATTLETECH\Mods\GN Core\MechAffinity\AffinityDefs\AffinityDef_chassis_Unlimited_Power.json
INFO: 2023-10-27T02:30:37 - Path:E:\SteamLibrary\steamapps\common\BATTLETECH\Mods\GN Core\MechAffinity\AffinityDefs\AffinityDef_chassis_Zippy.json
INFO: 2023-10-27T02:30:37 - Path:E:\SteamLibrary\steamapps\common\BATTLETECH\Mods\GN Core\MechAffinity\AffinityDefs\AffinityDef_global_Green.json
INFO: 2023-10-27T02:30:37 - Path:E:\SteamLibrary\steamapps\common\BATTLETECH\Mods\GN Core\MechAffinity\AffinityDefs\AffinityDef_global_Veteran.json
INFO: 2023-10-27T02:30:37 - customResource:QuirkDef
INFO: 2023-10-27T02:30:37 - Path:E:\SteamLibrary\steamapps\common\BATTLETECH\Mods\GN Core\MechAffinity\PilotQuirks\LegendaryPilots\PilotQuirkDef_Innovator.json
INFO: 2023-10-27T02:30:37 - Path:E:\SteamLibrary\steamapps\common\BATTLETECH\Mods\GN Core\MechAffinity\PilotQuirks\PilotQuirkDef_mspilot.json
INFO: 2023-10-27T02:30:37 - Path:E:\SteamLibrary\steamapps\common\BATTLETECH\Mods\GN Core\MechAffinity\PilotQuirks\PilotQuirkDef_Technicans.json
INFO: 2023-10-27T02:30:37 - Path:E:\SteamLibrary\steamapps\common\BATTLETECH\Mods\GN Core\PilotPerkOverhaul\PilotPerks\Vanilla\pilotQuirkDef_pilot_assassin.json
INFO: 2023-10-27T02:30:37 - Path:E:\SteamLibrary\steamapps\common\BATTLETECH\Mods\GN Core\PilotPerkOverhaul\PilotPerks\Vanilla\pilotQuirkDef_pilot_athletic.json
INFO: 2023-10-27T02:30:37 - Path:E:\SteamLibrary\steamapps\common\BATTLETECH\Mods\GN Core\PilotPerkOverhaul\PilotPerks\Vanilla\pilotQuirkDef_pilot_bookish.json
INFO: 2023-10-27T02:30:37 - Path:E:\SteamLibrary\steamapps\common\BATTLETECH\Mods\GN Core\PilotPerkOverhaul\PilotPerks\Vanilla\pilotQuirkDef_pilot_brave.json
INFO: 2023-10-27T02:30:37 - Path:E:\SteamLibrary\steamapps\common\BATTLETECH\Mods\GN Core\PilotPerkOverhaul\PilotPerks\Vanilla\pilotQuirkDef_pilot_cautious.json
INFO: 2023-10-27T02:30:37 - Path:E:\SteamLibrary\steamapps\common\BATTLETECH\Mods\GN Core\PilotPerkOverhaul\PilotPerks\Vanilla\pilotQuirkDef_pilot_command.json
INFO: 2023-10-27T02:30:37 - Path:E:\SteamLibrary\steamapps\common\BATTLETECH\Mods\GN Core\PilotPerkOverhaul\PilotPerks\Vanilla\pilotQuirkDef_pilot_comstar.json
INFO: 2023-10-27T02:30:37 - Path:E:\SteamLibrary\steamapps\common\BATTLETECH\Mods\GN Core\PilotPerkOverhaul\PilotPerks\Vanilla\pilotQuirkDef_pilot_criminal.json
INFO: 2023-10-27T02:30:37 - Path:E:\SteamLibrary\steamapps\common\BATTLETECH\Mods\GN Core\PilotPerkOverhaul\PilotPerks\Vanilla\pilotQuirkDef_pilot_dependable.json
INFO: 2023-10-27T02:30:37 - Path:E:\SteamLibrary\steamapps\common\BATTLETECH\Mods\GN Core\PilotPerkOverhaul\PilotPerks\Vanilla\pilotQuirkDef_pilot_disgraced.json
INFO: 2023-10-27T02:30:37 - Path:E:\SteamLibrary\steamapps\common\BATTLETECH\Mods\GN Core\PilotPerkOverhaul\PilotPerks\Vanilla\pilotQuirkDef_pilot_dishonest.json
INFO: 2023-10-27T02:30:37 - Path:E:\SteamLibrary\steamapps\common\BATTLETECH\Mods\GN Core\PilotPerkOverhaul\PilotPerks\Vanilla\pilotQuirkDef_pilot_drunk.json
INFO: 2023-10-27T02:30:37 - Path:E:\SteamLibrary\steamapps\common\BATTLETECH\Mods\GN Core\PilotPerkOverhaul\PilotPerks\Vanilla\pilotQuirkDef_pilot_gladiator.json
INFO: 2023-10-27T02:30:37 - Path:E:\SteamLibrary\steamapps\common\BATTLETECH\Mods\GN Core\PilotPerkOverhaul\PilotPerks\Vanilla\pilotQuirkDef_pilot_honest.json
INFO: 2023-10-27T02:30:37 - Path:E:\SteamLibrary\steamapps\common\BATTLETECH\Mods\GN Core\PilotPerkOverhaul\PilotPerks\Vanilla\pilotQuirkDef_pilot_jinxed.json
INFO: 2023-10-27T02:30:37 - Path:E:\SteamLibrary\steamapps\common\BATTLETECH\Mods\GN Core\PilotPerkOverhaul\PilotPerks\Vanilla\pilotQuirkDef_pilot_klutz.json
INFO: 2023-10-27T02:30:37 - Path:E:\SteamLibrary\steamapps\common\BATTLETECH\Mods\GN Core\PilotPerkOverhaul\PilotPerks\Vanilla\pilotQuirkDef_pilot_lostech.json
INFO: 2023-10-27T02:30:37 - Path:E:\SteamLibrary\steamapps\common\BATTLETECH\Mods\GN Core\PilotPerkOverhaul\PilotPerks\Vanilla\pilotQuirkDef_pilot_lucky.json
INFO: 2023-10-27T02:30:37 - Path:E:\SteamLibrary\steamapps\common\BATTLETECH\Mods\GN Core\PilotPerkOverhaul\PilotPerks\Vanilla\pilotQuirkDef_pilot_mechwarrior.json
INFO: 2023-10-27T02:30:37 - Path:E:\SteamLibrary\steamapps\common\BATTLETECH\Mods\GN Core\PilotPerkOverhaul\PilotPerks\Vanilla\pilotQuirkDef_pilot_merchant.json
INFO: 2023-10-27T02:30:37 - Path:E:\SteamLibrary\steamapps\common\BATTLETECH\Mods\GN Core\PilotPerkOverhaul\PilotPerks\Vanilla\pilotQuirkDef_pilot_military.json
INFO: 2023-10-27T02:30:37 - Path:E:\SteamLibrary\steamapps\common\BATTLETECH\Mods\GN Core\PilotPerkOverhaul\PilotPerks\Vanilla\pilotQuirkDef_pilot_noble.json
INFO: 2023-10-27T02:30:37 - Path:E:\SteamLibrary\steamapps\common\BATTLETECH\Mods\GN Core\PilotPerkOverhaul\PilotPerks\Vanilla\pilotQuirkDef_pilot_officer.json
INFO: 2023-10-27T02:30:37 - Path:E:\SteamLibrary\steamapps\common\BATTLETECH\Mods\GN Core\PilotPerkOverhaul\PilotPerks\Vanilla\pilotQuirkDef_pilot_reckless.json
INFO: 2023-10-27T02:30:37 - Path:E:\SteamLibrary\steamapps\common\BATTLETECH\Mods\GN Core\PilotPerkOverhaul\PilotPerks\Vanilla\pilotQuirkDef_pilot_spacer.json
INFO: 2023-10-27T02:30:37 - Path:E:\SteamLibrary\steamapps\common\BATTLETECH\Mods\GN Core\PilotPerkOverhaul\PilotPerks\Vanilla\pilotQuirkDef_pilot_tech.json
INFO: 2023-10-27T02:30:37 - Path:E:\SteamLibrary\steamapps\common\BATTLETECH\Mods\GN Core\PilotPerkOverhaul\PilotPerks\Vanilla\pilotQuirkDef_pilot_wealthy.json
INFO: 2023-10-27T02:30:37 -  id:AffinityDef_chassis_Agile
INFO: 2023-10-27T02:30:37 -   level:AffinityDef_chassis_Agile_0
INFO: 2023-10-27T02:30:37 -  id:AffinityDef_chassis_Brawler
INFO: 2023-10-27T02:30:37 -   level:AffinityDef_chassis_Brawler_0
INFO: 2023-10-27T02:30:37 -  id:AffinityDef_chassis_Command_Unit
INFO: 2023-10-27T02:30:37 -   level:AffinityDef_chassis_Command_Unit_0
INFO: 2023-10-27T02:30:37 -  id:AffinityDef_chassis_Cool-Running
INFO: 2023-10-27T02:30:37 -   level:AffinityDef_chassis_Cool-Running_0
INFO: 2023-10-27T02:30:37 -  id:AffinityDef_chassis_Encouraging
INFO: 2023-10-27T02:30:37 -   level:AffinityDef_chassis_Encouraging_0
INFO: 2023-10-27T02:30:37 -  id:AffinityDef_chassis_Evasive
INFO: 2023-10-27T02:30:37 -   level:AffinityDef_chassis_Evasive_0
INFO: 2023-10-27T02:30:37 -  id:AffinityDef_chassis_Ice_Cold
INFO: 2023-10-27T02:30:37 -   level:AffinityDef_chassis_Ice_Cold_0
INFO: 2023-10-27T02:30:37 -  id:AffinityDef_chassis_Keen-Eyed
INFO: 2023-10-27T02:30:37 -   level:AffinityDef_chassis_Keen-Eyed_0
INFO: 2023-10-27T02:30:37 -  id:AffinityDef_chassis_Nimble
INFO: 2023-10-27T02:30:37 -   level:AffinityDef_chassis_Nimble_0
INFO: 2023-10-27T02:30:37 -  id:AffinityDef_chassis_Precise_Shot
INFO: 2023-10-27T02:30:37 -   level:AffinityDef_chassis_Precise_Shot_0
INFO: 2023-10-27T02:30:37 -  id:AffinityDef_chassis_Resistant
INFO: 2023-10-27T02:30:37 -   level:AffinityDef_chassis_Resistant_0
INFO: 2023-10-27T02:30:37 -  id:AffinityDef_chassis_Sturdy
INFO: 2023-10-27T02:30:37 -   level:AffinityDef_chassis_Sturdy_0
INFO: 2023-10-27T02:30:37 -  id:AffinityDef_chassis_Trash_Master
INFO: 2023-10-27T02:30:37 -   level:AffinityDef_chassis_Trash_Master_0
INFO: 2023-10-27T02:30:37 -   level:AffinityDef_chassis_Trash_Master_1
INFO: 2023-10-27T02:30:37 -  id:AffinityDef_chassis_Unlimited_Power
INFO: 2023-10-27T02:30:37 -   level:AffinityDef_chassis_Unlimited_Power_0
INFO: 2023-10-27T02:30:37 -  id:AffinityDef_chassis_Zippy
INFO: 2023-10-27T02:30:37 -   level:AffinityDef_chassis_Zippy_0
INFO: 2023-10-27T02:30:37 - chassisAffinities:54
INFO: 2023-10-27T02:30:37 - taggedAffinities:0
INFO: 2023-10-27T02:30:37 - quirkAffinities:0
INFO: 2023-10-27T02:30:37 - globalAffinities:2
INFO: 2023-10-27T02:31:04 - Tracker Stat: PqMechSkillTracker, value: 0
INFO: 2023-10-27T02:31:04 - Tracker Stat: PqMedSkillTracker, value: 0
INFO: 2023-10-27T02:31:04 - Tracker Stat: PqMoraleTracker, value: 0
INFO: 2023-10-27T02:31:28 - processing pilot: Hound
INFO: 2023-10-27T02:31:28 - Tracker Stat: PqMechSkillTracker, value: 0
INFO: 2023-10-27T02:31:28 - Tracker Stat: PqMedSkillTracker, value: 0
INFO: 2023-10-27T02:31:28 - Tracker Stat: PqMoraleTracker, value: 0
INFO: 2023-10-27T02:31:28 - possible update to MechTechSkill, current 4, tracker: 1
INFO: 2023-10-27T02:31:28 - Updating: MechTechSkill => 5, tracker => 0
INFO: 2023-10-27T02:31:28 - processing pilot: Cerberus
INFO: 2023-10-27T02:31:28 - Tracker Stat: PqMechSkillTracker, value: 0
INFO: 2023-10-27T02:31:28 - Tracker Stat: PqMedSkillTracker, value: 0
INFO: 2023-10-27T02:31:28 - Tracker Stat: PqMoraleTracker, value: 0
INFO: 2023-10-27T02:31:28 - processing pilot: Drillbit
INFO: 2023-10-27T02:31:28 - Tracker Stat: PqMechSkillTracker, value: 0
INFO: 2023-10-27T02:31:28 - Tracker Stat: PqMedSkillTracker, value: 0
INFO: 2023-10-27T02:31:28 - Tracker Stat: PqMoraleTracker, value: 0
INFO: 2023-10-27T02:31:28 - processing pilot: Lash
INFO: 2023-10-27T02:31:28 - Tracker Stat: PqMechSkillTracker, value: 0
INFO: 2023-10-27T02:31:28 - Tracker Stat: PqMedSkillTracker, value: 0
INFO: 2023-10-27T02:31:28 - Tracker Stat: PqMoraleTracker, value: 0
INFO: 2023-10-27T02:31:28 - PS settings, RL: 7, RR: 7, PP: 0 
INFO: 2023-10-27T02:31:28 - processing pilot: Hound
INFO: 2023-10-27T02:31:28 - Tracker Stat: PqMechSkillTracker, value: 0
INFO: 2023-10-27T02:31:28 - Tracker Stat: PqMedSkillTracker, value: 0
INFO: 2023-10-27T02:31:28 - Tracker Stat: PqMoraleTracker, value: 0
INFO: 2023-10-27T02:31:28 - possible update to MechTechSkill, current 5, tracker: -1
INFO: 2023-10-27T02:31:28 - Updating: MechTechSkill => 4, tracker => 0
INFO: 2023-10-27T02:31:28 - processing pilot: Cerberus
INFO: 2023-10-27T02:31:28 - Tracker Stat: PqMechSkillTracker, value: 0
INFO: 2023-10-27T02:31:28 - Tracker Stat: PqMedSkillTracker, value: 0
INFO: 2023-10-27T02:31:28 - Tracker Stat: PqMoraleTracker, value: 0
INFO: 2023-10-27T02:31:28 - processing pilot: Drillbit
INFO: 2023-10-27T02:31:28 - Tracker Stat: PqMechSkillTracker, value: 0
INFO: 2023-10-27T02:31:28 - Tracker Stat: PqMedSkillTracker, value: 0
INFO: 2023-10-27T02:31:28 - Tracker Stat: PqMoraleTracker, value: 0
INFO: 2023-10-27T02:31:28 - processing pilot: Lash
INFO: 2023-10-27T02:31:28 - Tracker Stat: PqMechSkillTracker, value: 0
INFO: 2023-10-27T02:31:28 - Tracker Stat: PqMedSkillTracker, value: 0
INFO: 2023-10-27T02:31:28 - Tracker Stat: PqMoraleTracker, value: 0
INFO: 2023-10-27T02:31:28 - Selecting 7 list ronin
INFO: 2023-10-27T02:31:28 - Selecting 7 random ronin
INFO: 2023-10-27T02:31:28 - Adding Random Ronin pilot_backer_Bixby, to roster
INFO: 2023-10-27T02:31:28 - Adding Random Ronin pilot_backer_Keane, to roster
INFO: 2023-10-27T02:31:28 - Adding Random Ronin pilot_backer_Huxley, to roster
INFO: 2023-10-27T02:31:28 - Adding Random Ronin pilot_backer_Fielding, to roster
INFO: 2023-10-27T02:31:28 - Adding Random Ronin pilot_sim_starter_dekker, to roster
INFO: 2023-10-27T02:31:28 - Adding Random Ronin pilot_backer_Leone, to roster
INFO: 2023-10-27T02:31:28 - Adding Random Ronin pilot_backer_FalkA, to roster
INFO: 2023-10-27T02:31:28 - Pilots to add to roster: 7
INFO: 2023-10-27T02:31:28 - Adding Arbiter to pilot roster
INFO: 2023-10-27T02:31:28 - processing pilot: Arbiter
INFO: 2023-10-27T02:31:28 - Tracker Stat: PqMechSkillTracker, value: 0
INFO: 2023-10-27T02:31:28 - Tracker Stat: PqMedSkillTracker, value: 0
INFO: 2023-10-27T02:31:28 - Tracker Stat: PqMoraleTracker, value: 0
INFO: 2023-10-27T02:31:28 - Adding Munin to pilot roster
INFO: 2023-10-27T02:31:28 - processing pilot: Munin
INFO: 2023-10-27T02:31:28 - Tracker Stat: PqMechSkillTracker, value: 0
INFO: 2023-10-27T02:31:28 - Tracker Stat: PqMedSkillTracker, value: 0
INFO: 2023-10-27T02:31:28 - Tracker Stat: PqMoraleTracker, value: 0
INFO: 2023-10-27T02:31:28 - Adding Strider to pilot roster
INFO: 2023-10-27T02:31:28 - processing pilot: Strider
INFO: 2023-10-27T02:31:28 - Tracker Stat: PqMechSkillTracker, value: 0
INFO: 2023-10-27T02:31:28 - Tracker Stat: PqMedSkillTracker, value: 0
INFO: 2023-10-27T02:31:28 - Tracker Stat: PqMoraleTracker, value: 0
INFO: 2023-10-27T02:31:28 - Adding WeaselCakes to pilot roster
INFO: 2023-10-27T02:31:28 - processing pilot: WeaselCakes
INFO: 2023-10-27T02:31:28 - Tracker Stat: PqMechSkillTracker, value: 0
INFO: 2023-10-27T02:31:28 - Tracker Stat: PqMedSkillTracker, value: 0
INFO: 2023-10-27T02:31:28 - Tracker Stat: PqMoraleTracker, value: 0
INFO: 2023-10-27T02:31:28 - Adding Dekker to pilot roster
INFO: 2023-10-27T02:31:28 - processing pilot: Dekker
INFO: 2023-10-27T02:31:28 - adding health to pilot: Dekker
INFO: 2023-10-27T02:31:28 - Tracker Stat: PqMechSkillTracker, value: 0
INFO: 2023-10-27T02:31:28 - Tracker Stat: PqMedSkillTracker, value: 0
INFO: 2023-10-27T02:31:28 - Tracker Stat: PqMoraleTracker, value: 0
INFO: 2023-10-27T02:31:28 - possible update to Morale, current 0, tracker: 1
INFO: 2023-10-27T02:31:28 - Updating: Morale => 1, tracker => 0
INFO: 2023-10-27T02:31:28 - Updating: PqMoraleModifierTracker => 1
INFO: 2023-10-27T02:31:28 - Adding Succubus to pilot roster
INFO: 2023-10-27T02:31:28 - processing pilot: Succubus
INFO: 2023-10-27T02:31:28 - Tracker Stat: PqMechSkillTracker, value: 0
INFO: 2023-10-27T02:31:28 - Tracker Stat: PqMedSkillTracker, value: 0
INFO: 2023-10-27T02:31:28 - Tracker Stat: PqMoraleTracker, value: 0
INFO: 2023-10-27T02:31:28 - Adding Phantom to pilot roster
INFO: 2023-10-27T02:31:28 - processing pilot: Phantom
INFO: 2023-10-27T02:31:28 - Tracker Stat: PqMechSkillTracker, value: 0
INFO: 2023-10-27T02:31:28 - Tracker Stat: PqMedSkillTracker, value: 0
INFO: 2023-10-27T02:31:28 - Tracker Stat: PqMoraleTracker, value: 0
INFO: 2023-10-27T02:31:45 - Issuing Load requests!
INFO: 2023-10-27T02:32:29 - processing pilot: Kiwi
INFO: 2023-10-27T02:32:29 - Tracker Stat: PqMechSkillTracker, value: 0
INFO: 2023-10-27T02:32:29 - Tracker Stat: PqMedSkillTracker, value: 0
INFO: 2023-10-27T02:32:29 - Tracker Stat: PqMoraleTracker, value: 0
INFO: 2023-10-27T02:32:33 - checking tag: commander_ancestry_davion: False
INFO: 2023-10-27T02:32:33 - checking tag: pilot_vehicle_crew: False
INFO: 2023-10-27T02:32:33 - checking tag: pilot_jinxed: False
INFO: 2023-10-27T02:32:33 - checking tag: pilot_lucky: False
INFO: 2023-10-27T02:32:33 - checking tag: commander_career_gladiator: False
INFO: 2023-10-27T02:32:33 - checking tag: commander_player: True
INFO: 2023-10-27T02:32:33 - Found IconData for: commander_player!
INFO: 2023-10-27T02:32:33 - checking tag: commander_ancestry_davion: False
INFO: 2023-10-27T02:32:33 - checking tag: pilot_vehicle_crew: False
INFO: 2023-10-27T02:32:33 - checking tag: pilot_jinxed: False
INFO: 2023-10-27T02:32:33 - checking tag: pilot_lucky: False
INFO: 2023-10-27T02:32:33 - checking tag: commander_career_gladiator: False
INFO: 2023-10-27T02:32:33 - checking tag: commander_player: True
INFO: 2023-10-27T02:32:33 - Found IconData for: commander_player!
INFO: 2023-10-27T02:32:33 - checking tag: commander_ancestry_davion: False
INFO: 2023-10-27T02:32:33 - checking tag: pilot_vehicle_crew: False
INFO: 2023-10-27T02:32:33 - checking tag: pilot_jinxed: False
INFO: 2023-10-27T02:32:33 - checking tag: pilot_lucky: False
INFO: 2023-10-27T02:32:33 - checking tag: commander_career_gladiator: False
INFO: 2023-10-27T02:32:33 - checking tag: commander_player: True
INFO: 2023-10-27T02:32:33 - Found IconData for: commander_player!
INFO: 2023-10-27T02:32:33 - Setting Pilot Icon Colour!
INFO: 2023-10-27T02:32:33 - checking tag: pilot_regular: False
INFO: 2023-10-27T02:32:33 - checking tag: name_Arbiter: False
INFO: 2023-10-27T02:32:33 - checking tag: pilot_steiner: True
INFO: 2023-10-27T02:32:33 - Found IconData for: pilot_steiner!
INFO: 2023-10-27T02:32:33 - checking tag: pilot_regular: False
INFO: 2023-10-27T02:32:33 - checking tag: name_Arbiter: False
INFO: 2023-10-27T02:32:33 - checking tag: pilot_steiner: True
INFO: 2023-10-27T02:32:33 - Found IconData for: pilot_steiner!
INFO: 2023-10-27T02:32:33 - checking tag: pilot_regular: False
INFO: 2023-10-27T02:32:33 - checking tag: name_Arbiter: False
INFO: 2023-10-27T02:32:33 - checking tag: pilot_steiner: True
INFO: 2023-10-27T02:32:33 - Found IconData for: pilot_steiner!
INFO: 2023-10-27T02:32:33 - Setting Pilot Icon Colour!
INFO: 2023-10-27T02:32:33 - checking tag: name_Munin: False
INFO: 2023-10-27T02:32:33 - checking tag: pilot_kurita: True
INFO: 2023-10-27T02:32:33 - Found IconData for: pilot_kurita!
INFO: 2023-10-27T02:32:33 - checking tag: name_Munin: False
INFO: 2023-10-27T02:32:33 - checking tag: pilot_kurita: True
INFO: 2023-10-27T02:32:33 - Found IconData for: pilot_kurita!
INFO: 2023-10-27T02:32:33 - checking tag: name_Munin: False
INFO: 2023-10-27T02:32:33 - checking tag: pilot_kurita: True
INFO: 2023-10-27T02:32:33 - Found IconData for: pilot_kurita!
INFO: 2023-10-27T02:32:33 - Setting Pilot Icon Colour!
INFO: 2023-10-27T02:32:33 - checking tag: name_Strider: False
INFO: 2023-10-27T02:32:33 - checking tag: pilot_liao: True
INFO: 2023-10-27T02:32:33 - Found IconData for: pilot_liao!
INFO: 2023-10-27T02:32:33 - checking tag: name_Strider: False
INFO: 2023-10-27T02:32:33 - checking tag: pilot_liao: True
INFO: 2023-10-27T02:32:33 - Found IconData for: pilot_liao!
INFO: 2023-10-27T02:32:33 - checking tag: name_Strider: False
INFO: 2023-10-27T02:32:33 - checking tag: pilot_liao: True
INFO: 2023-10-27T02:32:33 - Found IconData for: pilot_liao!
INFO: 2023-10-27T02:32:33 - Setting Pilot Icon Colour!
INFO: 2023-10-27T02:32:33 - checking tag: name_WeaselCakes: False
INFO: 2023-10-27T02:32:33 - checking tag: pilot_marik: True
INFO: 2023-10-27T02:32:33 - Found IconData for: pilot_marik!
INFO: 2023-10-27T02:32:33 - checking tag: name_WeaselCakes: False
INFO: 2023-10-27T02:32:33 - checking tag: pilot_marik: True
INFO: 2023-10-27T02:32:33 - Found IconData for: pilot_marik!
INFO: 2023-10-27T02:32:33 - checking tag: name_WeaselCakes: False
INFO: 2023-10-27T02:32:33 - checking tag: pilot_marik: True
INFO: 2023-10-27T02:32:33 - Found IconData for: pilot_marik!
INFO: 2023-10-27T02:32:33 - Setting Pilot Icon Colour!
INFO: 2023-10-27T02:32:33 - checking tag: BLACKLISTED: False
INFO: 2023-10-27T02:32:33 - checking tag: pilot_command: False
INFO: 2023-10-27T02:32:33 - checking tag: pilot_innersphere: False
INFO: 2023-10-27T02:32:33 - checking tag: pilot_liao: True
INFO: 2023-10-27T02:32:33 - Found IconData for: pilot_liao!
INFO: 2023-10-27T02:32:33 - checking tag: BLACKLISTED: False
INFO: 2023-10-27T02:32:33 - checking tag: pilot_command: False
INFO: 2023-10-27T02:32:33 - checking tag: pilot_innersphere: False
INFO: 2023-10-27T02:32:33 - checking tag: pilot_liao: True
INFO: 2023-10-27T02:32:33 - Found IconData for: pilot_liao!
INFO: 2023-10-27T02:32:33 - checking tag: BLACKLISTED: False
INFO: 2023-10-27T02:32:33 - checking tag: pilot_command: False
INFO: 2023-10-27T02:32:33 - checking tag: pilot_innersphere: False
INFO: 2023-10-27T02:32:33 - checking tag: pilot_liao: True
INFO: 2023-10-27T02:32:33 - Found IconData for: pilot_liao!
INFO: 2023-10-27T02:32:33 - Setting Pilot Icon Colour!
INFO: 2023-10-27T02:32:33 - checking tag: name_Succubus: False
INFO: 2023-10-27T02:32:33 - checking tag: pilot_steiner: True
INFO: 2023-10-27T02:32:33 - Found IconData for: pilot_steiner!
INFO: 2023-10-27T02:32:33 - checking tag: name_Succubus: False
INFO: 2023-10-27T02:32:33 - checking tag: pilot_steiner: True
INFO: 2023-10-27T02:32:33 - Found IconData for: pilot_steiner!
INFO: 2023-10-27T02:32:33 - checking tag: name_Succubus: False
INFO: 2023-10-27T02:32:33 - checking tag: pilot_steiner: True
INFO: 2023-10-27T02:32:33 - Found IconData for: pilot_steiner!
INFO: 2023-10-27T02:32:33 - Setting Pilot Icon Colour!
INFO: 2023-10-27T02:32:33 - checking tag: name_Phantom: False
INFO: 2023-10-27T02:32:33 - checking tag: pilot_outworld: True
INFO: 2023-10-27T02:32:33 - Found IconData for: pilot_outworld!
INFO: 2023-10-27T02:32:33 - checking tag: name_Phantom: False
INFO: 2023-10-27T02:32:33 - checking tag: pilot_outworld: True
INFO: 2023-10-27T02:32:33 - Found IconData for: pilot_outworld!
INFO: 2023-10-27T02:32:33 - checking tag: name_Phantom: False
INFO: 2023-10-27T02:32:33 - checking tag: pilot_outworld: True
INFO: 2023-10-27T02:32:33 - Found IconData for: pilot_outworld!
INFO: 2023-10-27T02:32:33 - Setting Pilot Icon Colour!
INFO: 2023-10-27T02:32:33 - checking tag: commander_ancestry_davion: False
INFO: 2023-10-27T02:32:33 - checking tag: pilot_vehicle_crew: False
INFO: 2023-10-27T02:32:33 - checking tag: pilot_jinxed: False
INFO: 2023-10-27T02:32:33 - checking tag: pilot_lucky: False
INFO: 2023-10-27T02:32:33 - checking tag: commander_career_gladiator: False
INFO: 2023-10-27T02:32:33 - checking tag: commander_player: True
INFO: 2023-10-27T02:32:33 - Found IconData for: commander_player!
INFO: 2023-10-27T02:32:37 - checking tag: name_WeaselCakes: False
INFO: 2023-10-27T02:32:37 - checking tag: pilot_marik: True
INFO: 2023-10-27T02:32:37 - Found IconData for: pilot_marik!
INFO: 2023-10-27T02:32:40 - checking tag: name_Phantom: False
INFO: 2023-10-27T02:32:40 - checking tag: pilot_outworld: True
INFO: 2023-10-27T02:32:40 - Found IconData for: pilot_outworld!
INFO: 2023-10-27T02:39:34 - checking tag: pilot_periphery: True
INFO: 2023-10-27T02:39:34 - Found IconData for: pilot_periphery!
INFO: 2023-10-27T02:39:34 - checking tag: pilot_periphery: True
INFO: 2023-10-27T02:39:34 - Found IconData for: pilot_periphery!
INFO: 2023-10-27T02:39:34 - checking tag: pilot_periphery: True
INFO: 2023-10-27T02:39:34 - Found IconData for: pilot_periphery!
INFO: 2023-10-27T02:39:34 - Setting Pilot Icon Colour!
INFO: 2023-10-27T02:39:34 - checking tag: pilot_lucky: False
INFO: 2023-10-27T02:39:34 - checking tag: pilot_periphery: True
INFO: 2023-10-27T02:39:34 - Found IconData for: pilot_periphery!
INFO: 2023-10-27T02:39:34 - checking tag: pilot_lucky: False
INFO: 2023-10-27T02:39:34 - checking tag: pilot_periphery: True
INFO: 2023-10-27T02:39:34 - Found IconData for: pilot_periphery!
INFO: 2023-10-27T02:39:35 - checking tag: pilot_lucky: False
INFO: 2023-10-27T02:39:35 - checking tag: pilot_periphery: True
INFO: 2023-10-27T02:39:35 - Found IconData for: pilot_periphery!
INFO: 2023-10-27T02:39:35 - Setting Pilot Icon Colour!
INFO: 2023-10-27T02:39:35 - checking tag: pilot_innersphere: False
INFO: 2023-10-27T02:39:35 - checking tag: pilot_steiner: True
INFO: 2023-10-27T02:39:35 - Found IconData for: pilot_steiner!
INFO: 2023-10-27T02:39:35 - checking tag: pilot_innersphere: False
INFO: 2023-10-27T02:39:35 - checking tag: pilot_steiner: True
INFO: 2023-10-27T02:39:35 - Found IconData for: pilot_steiner!
INFO: 2023-10-27T02:39:35 - checking tag: pilot_innersphere: False
INFO: 2023-10-27T02:39:35 - checking tag: pilot_steiner: True
INFO: 2023-10-27T02:39:35 - Found IconData for: pilot_steiner!
INFO: 2023-10-27T02:39:35 - Setting Pilot Icon Colour!
INFO: 2023-10-27T02:39:35 - checking tag: pilot_periphery: True
INFO: 2023-10-27T02:39:35 - Found IconData for: pilot_periphery!
INFO: 2023-10-27T02:39:35 - checking tag: pilot_periphery: True
INFO: 2023-10-27T02:39:35 - Found IconData for: pilot_periphery!
INFO: 2023-10-27T02:39:35 - checking tag: pilot_periphery: True
INFO: 2023-10-27T02:39:35 - Found IconData for: pilot_periphery!
INFO: 2023-10-27T02:39:35 - Setting Pilot Icon Colour!
INFO: 2023-10-27T02:39:35 - checking tag: name_Ice_Trey: False
INFO: 2023-10-27T02:39:35 - checking tag: pilot_kurita: True
INFO: 2023-10-27T02:39:35 - Found IconData for: pilot_kurita!
INFO: 2023-10-27T02:39:35 - checking tag: name_Ice_Trey: False
INFO: 2023-10-27T02:39:35 - checking tag: pilot_kurita: True
INFO: 2023-10-27T02:39:35 - Found IconData for: pilot_kurita!
INFO: 2023-10-27T02:39:35 - checking tag: name_Ice_Trey: False
INFO: 2023-10-27T02:39:35 - checking tag: pilot_kurita: True
INFO: 2023-10-27T02:39:35 - Found IconData for: pilot_kurita!
INFO: 2023-10-27T02:39:35 - Setting Pilot Icon Colour!
INFO: 2023-10-27T02:39:35 - checking tag: name_Flatline: False
INFO: 2023-10-27T02:39:35 - checking tag: pilot_steiner: True
INFO: 2023-10-27T02:39:35 - Found IconData for: pilot_steiner!
INFO: 2023-10-27T02:39:35 - checking tag: name_Flatline: False
INFO: 2023-10-27T02:39:35 - checking tag: pilot_steiner: True
INFO: 2023-10-27T02:39:35 - Found IconData for: pilot_steiner!
INFO: 2023-10-27T02:39:35 - checking tag: name_Flatline: False
INFO: 2023-10-27T02:39:35 - checking tag: pilot_steiner: True
INFO: 2023-10-27T02:39:35 - Found IconData for: pilot_steiner!
INFO: 2023-10-27T02:39:35 - Setting Pilot Icon Colour!
INFO: 2023-10-27T02:39:35 - checking tag: name_Gridlock: False
INFO: 2023-10-27T02:39:35 - checking tag: pilot_outworld: True
INFO: 2023-10-27T02:39:35 - Found IconData for: pilot_outworld!
INFO: 2023-10-27T02:39:35 - checking tag: name_Gridlock: False
INFO: 2023-10-27T02:39:35 - checking tag: pilot_outworld: True
INFO: 2023-10-27T02:39:35 - Found IconData for: pilot_outworld!
INFO: 2023-10-27T02:39:35 - checking tag: name_Gridlock: False
INFO: 2023-10-27T02:39:35 - checking tag: pilot_outworld: True
INFO: 2023-10-27T02:39:35 - Found IconData for: pilot_outworld!
INFO: 2023-10-27T02:39:35 - Setting Pilot Icon Colour!
INFO: 2023-10-27T02:39:35 - checking tag: pilot_periphery: True
INFO: 2023-10-27T02:39:35 - Found IconData for: pilot_periphery!
INFO: 2023-10-27T02:39:35 - checking tag: pilot_periphery: True
INFO: 2023-10-27T02:39:35 - Found IconData for: pilot_periphery!
INFO: 2023-10-27T02:39:35 - checking tag: pilot_periphery: True
INFO: 2023-10-27T02:39:35 - Found IconData for: pilot_periphery!
INFO: 2023-10-27T02:39:35 - Setting Pilot Icon Colour!
INFO: 2023-10-27T02:39:35 - checking tag: pilot_lucky: False
INFO: 2023-10-27T02:39:35 - checking tag: pilot_periphery: True
INFO: 2023-10-27T02:39:35 - Found IconData for: pilot_periphery!
INFO: 2023-10-27T02:39:35 - checking tag: pilot_lucky: False
INFO: 2023-10-27T02:39:35 - checking tag: pilot_periphery: True
INFO: 2023-10-27T02:39:35 - Found IconData for: pilot_periphery!
INFO: 2023-10-27T02:39:35 - checking tag: pilot_lucky: False
INFO: 2023-10-27T02:39:35 - checking tag: pilot_periphery: True
INFO: 2023-10-27T02:39:35 - Found IconData for: pilot_periphery!
INFO: 2023-10-27T02:39:35 - Setting Pilot Icon Colour!
INFO: 2023-10-27T02:39:36 - checking tag: pilot_periphery: True
INFO: 2023-10-27T02:39:36 - Found IconData for: pilot_periphery!
INFO: 2023-10-27T02:39:36 - checking tag: pilot_periphery: True
INFO: 2023-10-27T02:39:36 - Found IconData for: pilot_periphery!
INFO: 2023-10-27T02:39:36 - checking tag: pilot_periphery: True
INFO: 2023-10-27T02:39:36 - Found IconData for: pilot_periphery!
INFO: 2023-10-27T02:39:36 - Setting Pilot Icon Colour!
INFO: 2023-10-27T02:39:41 - checking tag: pilot_lucky: False
INFO: 2023-10-27T02:39:41 - checking tag: pilot_periphery: True
INFO: 2023-10-27T02:39:41 - Found IconData for: pilot_periphery!
INFO: 2023-10-27T02:39:41 - checking tag: pilot_lucky: False
INFO: 2023-10-27T02:39:41 - checking tag: pilot_periphery: True
INFO: 2023-10-27T02:39:41 - Found IconData for: pilot_periphery!
INFO: 2023-10-27T02:39:41 - checking tag: pilot_lucky: False
INFO: 2023-10-27T02:39:41 - checking tag: pilot_periphery: True
INFO: 2023-10-27T02:39:41 - Found IconData for: pilot_periphery!
INFO: 2023-10-27T02:39:41 - Setting Pilot Icon Colour!
