05:10:36.650 === MOD CONFIG BEGIN ===
05:10:36.650   DEBUG: False Trace: False
05:10:36.650 
05:10:36.650 --- FEATURES ---
05:10:36.650   EnableMovementModifiers: True
05:10:36.650 
05:10:36.650 --- MOVEMENT ---
05:10:36.650   MinimumMove: 40  MinimumJump: 0
05:10:36.650 
05:10:36.651 --- DIALOGUE OPTIONS ---
05:10:36.651   CallsignPath: BattleTech_Data/StreamingAssets/data/nameLists/name_callsign.txt
05:10:36.651   Portraits: sprites/Portraits/guiTxrPort_DEST_utr.png,sprites/Portraits/guiTxrPort_GenericMW_01_utr.png,sprites/Portraits/guiTxrPort_GenericMW_02_utr.png,sprites/Portraits/guiTxrPort_GenericMW_03_utr.png,sprites/Portraits/guiTxrPort_GenericMW_04_utr.png,sprites/Portraits/guiTxrPort_GenericMW_05_utr.png,sprites/Portraits/guiTxrPort_GenericMW_06_utr.png,sprites/Portraits/guiTxrPort_GenericMW_07_utr.png,sprites/Portraits/guiTxrPort_GenericMW_08_utr.png,sprites/Portraits/guiTxrPort_GenericMW_09_utr.png,sprites/Portraits/guiTxrPort_GenericMW_10_utr.png,sprites/Portraits/guiTxrPort_GenericMW_11_utr.png,sprites/Portraits/guiTxrPort_GenericMW_12_utr.png,sprites/Portraits/guiTxrPort_GenericMW_davion_utr.png,sprites/Portraits/guiTxrPort_GenericMW_default_utr.png,sprites/Portraits/guiTxrPort_GenericMW_kurita_utr.png,sprites/Portraits/guiTxrPort_GenericMW_liao_utr.png,sprites/Portraits/guiTxrPort_GenericMW_marik_utr.png,sprites/Portraits/guiTxrPort_GenericMW_steiner_utr.png
05:10:36.655 
05:10:36.656 --- SKILL MODIFIERS ---
05:10:36.656 Gunnery => ratings: s1=>0,s2=>1,s3=>1,s4=>2,s5=>2,s6=>3,s7=>3,s8=>4,s9=>4,s10=>5,s11=>6,s12=>6,s13=>6,s14=>6,s15=>7,s16=>7,s17=>7,s18=>7,s19=>8,s20=>8,
05:10:36.656   bonus abilities => multiplier: 1  abilities: AbilityDefG5,AbilityDefG8
05:10:36.656 
05:10:36.656 Guts => ratings: s1=>0,s2=>1,s3=>1,s4=>2,s5=>2,s6=>3,s7=>3,s8=>4,s9=>4,s10=>5,s11=>6,s12=>6,s13=>6,s14=>6,s15=>7,s16=>7,s17=>7,s18=>7,s19=>8,s20=>8,s1=>0,s2=>1,s3=>1,s4=>2,s5=>2,s6=>3,s7=>3,s8=>4,s9=>4,s10=>5,s11=>6,s12=>6,s13=>6,s14=>6,s15=>7,s16=>7,s17=>7,s18=>7,s19=>8,s20=>8,
05:10:36.656   bonus abilities => multiplier: 1  abilities: AbilityDefGu5,AbilityDefGu8
05:10:36.656 
05:10:36.656 Piloting => ratings: s1=>0,s2=>1,s3=>1,s4=>2,s5=>2,s6=>3,s7=>3,s8=>4,s9=>4,s10=>5,s11=>6,s12=>6,s13=>6,s14=>6,s15=>7,s16=>7,s17=>7,s18=>7,s19=>8,s20=>8,s1=>0,s2=>1,s3=>1,s4=>2,s5=>2,s6=>3,s7=>3,s8=>4,s9=>4,s10=>5,s11=>6,s12=>6,s13=>6,s14=>6,s15=>7,s16=>7,s17=>7,s18=>7,s19=>8,s20=>8,s1=>0,s2=>1,s3=>1,s4=>2,s5=>2,s6=>3,s7=>3,s8=>4,s9=>4,s10=>5,s11=>6,s12=>6,s13=>6,s14=>6,s15=>7,s16=>7,s17=>7,s18=>7,s19=>8,s20=>8,
05:10:36.656   bonus abilities => multiplier: 1  abilities: AbilityDefP5,AbilityDefP8
05:10:36.656 
05:10:36.656 Tactics => ratings: s1=>0,s2=>1,s3=>1,s4=>2,s5=>2,s6=>3,s7=>3,s8=>4,s9=>4,s10=>5,s11=>6,s12=>6,s13=>6,s14=>6,s15=>7,s16=>7,s17=>7,s18=>7,s19=>8,s20=>8,s1=>0,s2=>1,s3=>1,s4=>2,s5=>2,s6=>3,s7=>3,s8=>4,s9=>4,s10=>5,s11=>6,s12=>6,s13=>6,s14=>6,s15=>7,s16=>7,s17=>7,s18=>7,s19=>8,s20=>8,s1=>0,s2=>1,s3=>1,s4=>2,s5=>2,s6=>3,s7=>3,s8=>4,s9=>4,s10=>5,s11=>6,s12=>6,s13=>6,s14=>6,s15=>7,s16=>7,s17=>7,s18=>7,s19=>8,s20=>8,s1=>0,s2=>1,s3=>1,s4=>2,s5=>2,s6=>3,s7=>3,s8=>4,s9=>4,s10=>5,s11=>6,s12=>6,s13=>6,s14=>6,s15=>7,s16=>7,s17=>7,s18=>7,s19=>8,s20=>8,
05:10:36.656   bonus abilities => multiplier: 1  abilities: AbilityDefT5A,AbilityDefT8A
05:10:36.656 
05:10:36.656 
05:10:36.656 === MOD CONFIG END ===
05:10:36.658 Assembly version: 1.30.0.0
