2023-11-09T20:13:47 - Starting Client: 4.1.2-7
2023-11-09T20:13:47 - Settings are:(ServerURL:(http://www.gnwars.net:8000/) ClientID:() Debug:(True) PriorityContractPay%:(1.5) PriorityContractsPerAlly:2 ActivePlayerMarkerSize:(3.5))
2023-11-09T20:13:47 - Fetched clientID:(a54d06a1-8ae1-4b21-88fa-00c61f714a3b).
2023-11-09T20:13:48 - Init Finished
2023-11-09T20:14:18 - Career ID Loaded: 95e64c9b-70d1-4243-aba5-8fb5a2aa44d6
2023-11-09T20:14:18 - ----Refreshing client settings from server-------
2023-11-09T20:14:18 - http://www.gnwars.net:8000/warServices/Util/ServerSettings/
2023-11-09T20:14:18 - Can Post Sold: False
2023-11-09T20:14:18 - Online BlackMarkets Available: False
2023-11-09T20:14:18 - Bypass list:
2023-11-09T20:14:18 - Capitals:
2023-11-09T20:14:55 - PopulateMap - Postfix called
2023-11-09T20:14:55 - methodSetOwner is:(Void set_OwnerValue(BattleTech.FactionValue))
2023-11-09T20:14:55 - fieldSetContractEmployers is:(System.Collections.Generic.List`1[System.String] contractEmployerIDs)
2023-11-09T20:14:55 - fieldSetContractTargets is:(System.Collections.Generic.List`1[System.String] contractTargetIDs)
2023-11-09T20:14:55 - methodSetDescription is:(Void set_Description(BattleTech.BaseDescriptionDef))
2023-11-09T20:14:55 - fieldSimGameInterruptManager is:(BattleTech.UI.SimGameInterruptManager interruptQueue)
2023-11-09T20:14:55 - ----Refreshing client settings from server-------
2023-11-09T20:14:55 - http://www.gnwars.net:8000/warServices/Util/ServerSettings/
2023-11-09T20:14:55 - Can Post Sold: False
2023-11-09T20:14:55 - Online BlackMarkets Available: False
2023-11-09T20:14:55 - Bypass list:
2023-11-09T20:14:55 - Capitals:
2023-11-09T20:14:55 - http://www.gnwars.net:8000/warServices/StarMap/
2023-11-09T20:14:55 - GetStarMap took: 293ms.
2023-11-09T20:14:55 - GetStarMap: 3266
2023-11-09T20:14:55 - Processing Starmap: 3266
2023-11-09T20:14:55 - Bryant changing new owner to ComStar
2023-11-09T20:14:55 - Keid changing new owner to ComStar
2023-11-09T20:14:55 - New Home changing new owner to ComStar
2023-11-09T20:14:55 - Outreach changing new owner to ComStar
2023-11-09T20:14:55 - Procyon changing new owner to ComStar
2023-11-09T20:14:55 - Rigil Kentarus changing new owner to ComStar
2023-11-09T20:14:56 - Sirius changing new owner to ComStar
2023-11-09T20:14:56 - Tau Ceti (New Earth 2116+) changing new owner to ComStar
2023-11-09T20:14:56 - Zaurak changing new owner to Liao
2023-11-09T20:14:56 - Zosma changing new owner to Marik
2023-11-09T20:14:56 - Zurich changing new owner to Liao
2023-11-09T20:14:56 - System.NullReferenceException: Object reference not set to an instance of an object
  at PersistentMapClient.shops.OnlineShop.get_RelatedFaction () [0x0000a] in <8984f49f487d4a829c4a7dc1b20dc38b>:0 
  at PersistentMapClient.shops.OnlineShop.RefreshShop () [0x0000a] in <8984f49f487d4a829c4a7dc1b20dc38b>:0 
  at PersistentMapClient.Starmap_PopulateMap_Patch.Postfix (BattleTech.Starmap __instance, BattleTech.SimGameState simGame) [0x00579] in <8984f49f487d4a829c4a7dc1b20dc38b>:0 
