REPORT 2023-08-17T16:37:50: Initializing PanicSystem - Version 5.0.0.0
REPORT 2023-08-17T16:41:24: Turn Damage Tracker Reset - new Mission
 ACTOR 7035caf7-81fc-434c-8690-78caa1a94681-DEPLOY-DEPLOY / pilotable / true / No pilot_cannot_eject tag / No CanEject stat
REPORT 2023-08-17T16:43:00: new Turn Activation for DEPLOY - DEPLOY - 7035caf7-81fc-434c-8690-78caa1a94681
REPORT 2023-08-17T16:43:00: new Turn Re-Activation for DEPLOY
 ACTOR ec9d2280-ca9a-4d90-8a20-963d8a4c0a39.0-0 Gundam-0 Gundam / pilotable / true / No pilot_cannot_eject tag / No CanEject stat
REPORT 2023-08-17T16:43:00: new Turn Activation for 0 Gundam - 0 Gundam - ec9d2280-ca9a-4d90-8a20-963d8a4c0a39.0
REPORT 2023-08-17T16:43:00: new Turn Re-Activation for 0 Gundam
 ACTOR ebc06b6a-c5a8-4165-95ce-480bcf335570.0-Dynames Gundam-Dynames Gundam / pilotable / true / No pilot_cannot_eject tag / No CanEject stat
REPORT 2023-08-17T16:43:00: new Turn Activation for Dynames Gundam - Dynames Gundam - ebc06b6a-c5a8-4165-95ce-480bcf335570.0
REPORT 2023-08-17T16:43:00: new Turn Re-Activation for Dynames Gundam
 ACTOR d50f1e9d-0a0b-4dc8-9a06-a33233aaa8a1.0-Wolfhound-Wolfhound / pilotable / true / No pilot_cannot_eject tag / No CanEject stat
REPORT 2023-08-17T16:43:00: new Turn Activation for Wolfhound - Wolfhound - d50f1e9d-0a0b-4dc8-9a06-a33233aaa8a1.0
REPORT 2023-08-17T16:43:00: new Turn Re-Activation for Wolfhound
 ACTOR 461141c2-f956-49a5-b2c6-6f951b957a94.0-Hermes-Hermes / pilotable / true / No pilot_cannot_eject tag / No CanEject stat
REPORT 2023-08-17T16:43:00: new Turn Activation for Hermes - Hermes - 461141c2-f956-49a5-b2c6-6f951b957a94.0
REPORT 2023-08-17T16:43:00: new Turn Re-Activation for Hermes
REPORT 2023-08-17T16:43:00: new Turn Activation for DEPLOY - DEPLOY - 7035caf7-81fc-434c-8690-78caa1a94681
REPORT 2023-08-17T16:43:00: new Turn Re-Activation for DEPLOY
REPORT 2023-08-17T16:43:00: new Turn Re-Activation for DEPLOY
REPORT 2023-08-17T16:43:00: Processing Hermes:461141c2-f956-49a5-b2c6-6f951b957a94.0
REPORT 2023-08-17T16:43:00: completed Turn Activation for Hermes - Hermes - 461141c2-f956-49a5-b2c6-6f951b957a94.0 -victims [0]
REPORT 2023-08-17T16:43:00: ActorHealth Hermes - Hermes - 461141c2-f956-49a5-b2c6-6f951b957a94.0 -100.000%
REPORT 2023-08-17T16:43:00: Checking pilot panic for Hermes:461141c2-f956-49a5-b2c6-6f951b957a94.0 recent panicFalse Confident Health:100.000% v/s 30 Alone:False
REPORT 2023-08-17T16:43:00: Processing Wolfhound:d50f1e9d-0a0b-4dc8-9a06-a33233aaa8a1.0
REPORT 2023-08-17T16:43:00: ActorHealth Wolfhound - Wolfhound - d50f1e9d-0a0b-4dc8-9a06-a33233aaa8a1.0 -100.000%
REPORT 2023-08-17T16:43:00: Checking pilot panic for Wolfhound:d50f1e9d-0a0b-4dc8-9a06-a33233aaa8a1.0 recent panicFalse Confident Health:100.000% v/s 30 Alone:False
REPORT 2023-08-17T16:43:00: Processing Dynames Gundam:ebc06b6a-c5a8-4165-95ce-480bcf335570.0
REPORT 2023-08-17T16:43:00: ActorHealth Dynames Gundam - Dynames Gundam - ebc06b6a-c5a8-4165-95ce-480bcf335570.0 -100.000%
REPORT 2023-08-17T16:43:00: Checking pilot panic for Dynames Gundam:ebc06b6a-c5a8-4165-95ce-480bcf335570.0 recent panicFalse Confident Health:100.000% v/s 30 Alone:False
REPORT 2023-08-17T16:43:01: Processing 0 Gundam:ec9d2280-ca9a-4d90-8a20-963d8a4c0a39.0
REPORT 2023-08-17T16:43:01: ActorHealth 0 Gundam - 0 Gundam - ec9d2280-ca9a-4d90-8a20-963d8a4c0a39.0 -100.000%
REPORT 2023-08-17T16:43:01: Checking pilot panic for 0 Gundam:ec9d2280-ca9a-4d90-8a20-963d8a4c0a39.0 recent panicFalse Confident Health:100.000% v/s 30 Alone:False
REPORT 2023-08-17T16:43:01: Processing DEPLOY:7035caf7-81fc-434c-8690-78caa1a94681
 ACTOR fb517114-a960-4d21-ac59-7af694107ab1.0-Crab-Crab / pilotable / true / No pilot_cannot_eject tag / No CanEject stat
REPORT 2023-08-17T16:43:01: new Turn Activation for Crab - Crab - fb517114-a960-4d21-ac59-7af694107ab1.0
REPORT 2023-08-17T16:43:03: attack was completed for Crab - Crab - fb517114-a960-4d21-ac59-7af694107ab1.0 (ActorMovementSequence:CompleteOrders) -victims [0]
REPORT 2023-08-17T16:43:03: Processing Crab:fb517114-a960-4d21-ac59-7af694107ab1.0
REPORT 2023-08-17T16:43:03: completed Turn Activation for Crab - Crab - fb517114-a960-4d21-ac59-7af694107ab1.0 -victims [0]
REPORT 2023-08-17T16:43:03: ActorHealth Crab - Crab - fb517114-a960-4d21-ac59-7af694107ab1.0 -100.000%
REPORT 2023-08-17T16:43:03: Checking pilot panic for Crab:fb517114-a960-4d21-ac59-7af694107ab1.0 recent panicFalse Confident Health:100.000% v/s 30 Alone:False
REPORT 2023-08-17T16:43:03: new Turn Activation for Crab - Crab - fb517114-a960-4d21-ac59-7af694107ab1.0
REPORT 2023-08-17T16:43:03: new Turn Re-Activation for Crab
 ACTOR 4c74c107-23a4-4648-b758-11f8a8917d64.0-Commando-Commando / pilotable / true / No pilot_cannot_eject tag / No CanEject stat
REPORT 2023-08-17T16:43:04: new Turn Activation for Commando - Commando - 4c74c107-23a4-4648-b758-11f8a8917d64.0
REPORT 2023-08-17T16:43:08: attack was completed for Commando - Commando - 4c74c107-23a4-4648-b758-11f8a8917d64.0 (ActorMovementSequence:CompleteOrders) -victims [0]
REPORT 2023-08-17T16:43:08: Processing Commando:4c74c107-23a4-4648-b758-11f8a8917d64.0
REPORT 2023-08-17T16:43:08: completed Turn Activation for Commando - Commando - 4c74c107-23a4-4648-b758-11f8a8917d64.0 -victims [0]
REPORT 2023-08-17T16:43:08: ActorHealth Commando - Commando - 4c74c107-23a4-4648-b758-11f8a8917d64.0 -100.000%
REPORT 2023-08-17T16:43:08: Checking pilot panic for Commando:4c74c107-23a4-4648-b758-11f8a8917d64.0 recent panicFalse Confident Health:100.000% v/s 30 Alone:False
REPORT 2023-08-17T16:43:08: new Turn Activation for Commando - Commando - 4c74c107-23a4-4648-b758-11f8a8917d64.0
REPORT 2023-08-17T16:43:08: new Turn Re-Activation for Commando
 ACTOR 00c4ad37-d0f5-45e4-b54e-ab29d1646935.0-Wolfhound-Wolfhound / pilotable / true / No pilot_cannot_eject tag / No CanEject stat
REPORT 2023-08-17T16:43:08: new Turn Activation for Wolfhound - Wolfhound - 00c4ad37-d0f5-45e4-b54e-ab29d1646935.0
REPORT 2023-08-17T16:43:10: attack was completed for Wolfhound - Wolfhound - 00c4ad37-d0f5-45e4-b54e-ab29d1646935.0 (ActorMovementSequence:CompleteOrders) -victims [0]
REPORT 2023-08-17T16:43:10: Processing Wolfhound:00c4ad37-d0f5-45e4-b54e-ab29d1646935.0
REPORT 2023-08-17T16:43:10: completed Turn Activation for Wolfhound - Wolfhound - 00c4ad37-d0f5-45e4-b54e-ab29d1646935.0 -victims [0]
REPORT 2023-08-17T16:43:10: ActorHealth Wolfhound - Wolfhound - 00c4ad37-d0f5-45e4-b54e-ab29d1646935.0 -100.000%
REPORT 2023-08-17T16:43:10: Checking pilot panic for Wolfhound:00c4ad37-d0f5-45e4-b54e-ab29d1646935.0 recent panicFalse Confident Health:100.000% v/s 30 Alone:False
REPORT 2023-08-17T16:43:10: new Turn Activation for Wolfhound - Wolfhound - 00c4ad37-d0f5-45e4-b54e-ab29d1646935.0
REPORT 2023-08-17T16:43:10: new Turn Re-Activation for Wolfhound
 ACTOR 666fff26-8734-4d15-858d-12ed74f036d2.0-Spider-Spider / pilotable / true / No pilot_cannot_eject tag / No CanEject stat
REPORT 2023-08-17T16:43:11: new Turn Activation for Spider - Spider - 666fff26-8734-4d15-858d-12ed74f036d2.0
REPORT 2023-08-17T16:43:12: attack was completed for Spider - Spider - 666fff26-8734-4d15-858d-12ed74f036d2.0 (ActorMovementSequence:CompleteOrders) -victims [0]
REPORT 2023-08-17T16:43:13: Processing Spider:666fff26-8734-4d15-858d-12ed74f036d2.0
REPORT 2023-08-17T16:43:13: completed Turn Activation for Spider - Spider - 666fff26-8734-4d15-858d-12ed74f036d2.0 -victims [0]
REPORT 2023-08-17T16:43:13: ActorHealth Spider - Spider - 666fff26-8734-4d15-858d-12ed74f036d2.0 -100.000%
REPORT 2023-08-17T16:43:13: Checking pilot panic for Spider:666fff26-8734-4d15-858d-12ed74f036d2.0 recent panicFalse Confident Health:100.000% v/s 30 Alone:False
REPORT 2023-08-17T16:43:13: new Turn Activation for Spider - Spider - 666fff26-8734-4d15-858d-12ed74f036d2.0
REPORT 2023-08-17T16:43:13: new Turn Re-Activation for Spider
 ACTOR 8631b020-835a-4eb6-bdd5-4f256386addd.0-Locust-Locust / pilotable / true / No pilot_cannot_eject tag / No CanEject stat
REPORT 2023-08-17T16:43:13: new Turn Activation for Locust - Locust - 8631b020-835a-4eb6-bdd5-4f256386addd.0
REPORT 2023-08-17T16:43:15: attack was completed for Locust - Locust - 8631b020-835a-4eb6-bdd5-4f256386addd.0 (ActorMovementSequence:CompleteOrders) -victims [0]
REPORT 2023-08-17T16:43:16: Processing Locust:8631b020-835a-4eb6-bdd5-4f256386addd.0
REPORT 2023-08-17T16:43:16: completed Turn Activation for Locust - Locust - 8631b020-835a-4eb6-bdd5-4f256386addd.0 -victims [0]
REPORT 2023-08-17T16:43:16: ActorHealth Locust - Locust - 8631b020-835a-4eb6-bdd5-4f256386addd.0 -100.000%
REPORT 2023-08-17T16:43:16: Checking pilot panic for Locust:8631b020-835a-4eb6-bdd5-4f256386addd.0 recent panicFalse Confident Health:100.000% v/s 30 Alone:False
REPORT 2023-08-17T16:43:16: new Turn Activation for Locust - Locust - 8631b020-835a-4eb6-bdd5-4f256386addd.0
REPORT 2023-08-17T16:43:16: new Turn Re-Activation for Locust
 ACTOR 7a892125-be02-4399-a4d5-73edd73daaa7.0-Mongoose-Mongoose / pilotable / true / No pilot_cannot_eject tag / No CanEject stat
REPORT 2023-08-17T16:43:17: new Turn Activation for Mongoose - Mongoose - 7a892125-be02-4399-a4d5-73edd73daaa7.0
REPORT 2023-08-17T16:43:19: attack was completed for Mongoose - Mongoose - 7a892125-be02-4399-a4d5-73edd73daaa7.0 (ActorMovementSequence:CompleteOrders) -victims [0]
REPORT 2023-08-17T16:43:19: Processing Mongoose:7a892125-be02-4399-a4d5-73edd73daaa7.0
REPORT 2023-08-17T16:43:19: completed Turn Activation for Mongoose - Mongoose - 7a892125-be02-4399-a4d5-73edd73daaa7.0 -victims [0]
REPORT 2023-08-17T16:43:19: ActorHealth Mongoose - Mongoose - 7a892125-be02-4399-a4d5-73edd73daaa7.0 -100.000%
REPORT 2023-08-17T16:43:19: Checking pilot panic for Mongoose:7a892125-be02-4399-a4d5-73edd73daaa7.0 recent panicFalse Confident Health:100.000% v/s 30 Alone:False
REPORT 2023-08-17T16:43:19: new Turn Activation for Mongoose - Mongoose - 7a892125-be02-4399-a4d5-73edd73daaa7.0
REPORT 2023-08-17T16:43:19: new Turn Re-Activation for Mongoose
 ACTOR aa8b1087-4ca2-491a-b3ed-addafc2410f3.0-Wyvern-Wyvern / pilotable / true / No pilot_cannot_eject tag / No CanEject stat
REPORT 2023-08-17T16:43:20: new Turn Activation for Wyvern - Wyvern - aa8b1087-4ca2-491a-b3ed-addafc2410f3.0
REPORT 2023-08-17T16:43:21: attack was completed for Wyvern - Wyvern - aa8b1087-4ca2-491a-b3ed-addafc2410f3.0 (ActorMovementSequence:CompleteOrders) -victims [0]
REPORT 2023-08-17T16:43:21: Processing Wyvern:aa8b1087-4ca2-491a-b3ed-addafc2410f3.0
REPORT 2023-08-17T16:43:21: completed Turn Activation for Wyvern - Wyvern - aa8b1087-4ca2-491a-b3ed-addafc2410f3.0 -victims [0]
REPORT 2023-08-17T16:43:21: ActorHealth Wyvern - Wyvern - aa8b1087-4ca2-491a-b3ed-addafc2410f3.0 -100.000%
REPORT 2023-08-17T16:43:21: Checking pilot panic for Wyvern:aa8b1087-4ca2-491a-b3ed-addafc2410f3.0 recent panicFalse Confident Health:100.000% v/s 30 Alone:False
REPORT 2023-08-17T16:43:21: new Turn Activation for Wyvern - Wyvern - aa8b1087-4ca2-491a-b3ed-addafc2410f3.0
REPORT 2023-08-17T16:43:21: new Turn Re-Activation for Wyvern
 ACTOR 23f34901-6a35-446d-80f6-fd482c9ea33d.0-Locust-Locust / pilotable / true / No pilot_cannot_eject tag / No CanEject stat
REPORT 2023-08-17T16:43:22: new Turn Activation for Locust - Locust - 23f34901-6a35-446d-80f6-fd482c9ea33d.0
REPORT 2023-08-17T16:43:23: attack was completed for Locust - Locust - 23f34901-6a35-446d-80f6-fd482c9ea33d.0 (ActorMovementSequence:CompleteOrders) -victims [0]
REPORT 2023-08-17T16:43:24: Processing Locust:23f34901-6a35-446d-80f6-fd482c9ea33d.0
REPORT 2023-08-17T16:43:24: completed Turn Activation for Locust - Locust - 23f34901-6a35-446d-80f6-fd482c9ea33d.0 -victims [0]
REPORT 2023-08-17T16:43:24: ActorHealth Locust - Locust - 23f34901-6a35-446d-80f6-fd482c9ea33d.0 -100.000%
REPORT 2023-08-17T16:43:24: Checking pilot panic for Locust:23f34901-6a35-446d-80f6-fd482c9ea33d.0 recent panicFalse Confident Health:100.000% v/s 30 Alone:False
REPORT 2023-08-17T16:43:24: new Turn Activation for Locust - Locust - 23f34901-6a35-446d-80f6-fd482c9ea33d.0
REPORT 2023-08-17T16:43:24: new Turn Re-Activation for Locust
REPORT 2023-08-17T16:43:32: new Turn Activation for 0 Gundam - 0 Gundam - ec9d2280-ca9a-4d90-8a20-963d8a4c0a39.0
REPORT 2023-08-17T16:43:33: Processing 0 Gundam:ec9d2280-ca9a-4d90-8a20-963d8a4c0a39.0
REPORT 2023-08-17T16:43:33: completed Turn Activation for 0 Gundam - 0 Gundam - ec9d2280-ca9a-4d90-8a20-963d8a4c0a39.0 -victims [0]
REPORT 2023-08-17T16:43:33: ActorHealth 0 Gundam - 0 Gundam - ec9d2280-ca9a-4d90-8a20-963d8a4c0a39.0 -100.000%
REPORT 2023-08-17T16:43:33: Checking pilot panic for 0 Gundam:ec9d2280-ca9a-4d90-8a20-963d8a4c0a39.0 recent panicFalse Confident Health:100.000% v/s 30 Alone:False
REPORT 2023-08-17T16:43:33: new Turn Activation for 0 Gundam - 0 Gundam - ec9d2280-ca9a-4d90-8a20-963d8a4c0a39.0
REPORT 2023-08-17T16:43:33: new Turn Re-Activation for 0 Gundam
REPORT 2023-08-17T16:43:36: new Turn Activation for Dynames Gundam - Dynames Gundam - ebc06b6a-c5a8-4165-95ce-480bcf335570.0
REPORT 2023-08-17T16:43:38: Processing Dynames Gundam:ebc06b6a-c5a8-4165-95ce-480bcf335570.0
REPORT 2023-08-17T16:43:38: completed Turn Activation for Dynames Gundam - Dynames Gundam - ebc06b6a-c5a8-4165-95ce-480bcf335570.0 -victims [0]
REPORT 2023-08-17T16:43:38: ActorHealth Dynames Gundam - Dynames Gundam - ebc06b6a-c5a8-4165-95ce-480bcf335570.0 -100.000%
REPORT 2023-08-17T16:43:38: Checking pilot panic for Dynames Gundam:ebc06b6a-c5a8-4165-95ce-480bcf335570.0 recent panicFalse Confident Health:100.000% v/s 30 Alone:False
REPORT 2023-08-17T16:43:38: new Turn Activation for Dynames Gundam - Dynames Gundam - ebc06b6a-c5a8-4165-95ce-480bcf335570.0
REPORT 2023-08-17T16:43:38: new Turn Re-Activation for Dynames Gundam
REPORT 2023-08-17T16:43:40: new Turn Activation for Wolfhound - Wolfhound - d50f1e9d-0a0b-4dc8-9a06-a33233aaa8a1.0
REPORT 2023-08-17T16:43:42: new Turn Activation for Hermes - Hermes - 461141c2-f956-49a5-b2c6-6f951b957a94.0
REPORT 2023-08-17T16:43:45: attack was completed for Hermes - Hermes - 461141c2-f956-49a5-b2c6-6f951b957a94.0 (ActorMovementSequence:CompleteOrders) -victims [0]
REPORT 2023-08-17T16:43:46: Processing Wolfhound:d50f1e9d-0a0b-4dc8-9a06-a33233aaa8a1.0
REPORT 2023-08-17T16:43:46: completed Turn Activation for Wolfhound - Wolfhound - d50f1e9d-0a0b-4dc8-9a06-a33233aaa8a1.0 -victims [0]
REPORT 2023-08-17T16:43:46: ActorHealth Wolfhound - Wolfhound - d50f1e9d-0a0b-4dc8-9a06-a33233aaa8a1.0 -100.000%
REPORT 2023-08-17T16:43:46: Checking pilot panic for Wolfhound:d50f1e9d-0a0b-4dc8-9a06-a33233aaa8a1.0 recent panicFalse Confident Health:100.000% v/s 30 Alone:False
REPORT 2023-08-17T16:43:46: new Turn Activation for Wolfhound - Wolfhound - d50f1e9d-0a0b-4dc8-9a06-a33233aaa8a1.0
REPORT 2023-08-17T16:43:46: new Turn Re-Activation for Wolfhound
REPORT 2023-08-17T16:43:46: attack was completed for Wolfhound - Wolfhound - d50f1e9d-0a0b-4dc8-9a06-a33233aaa8a1.0 (ActorMovementSequence:CompleteOrders) -victims [0]
REPORT 2023-08-17T16:43:46: Processing Hermes:461141c2-f956-49a5-b2c6-6f951b957a94.0
REPORT 2023-08-17T16:43:46: completed Turn Activation for Hermes - Hermes - 461141c2-f956-49a5-b2c6-6f951b957a94.0 -victims [0]
REPORT 2023-08-17T16:43:46: ActorHealth Hermes - Hermes - 461141c2-f956-49a5-b2c6-6f951b957a94.0 -100.000%
REPORT 2023-08-17T16:43:46: Checking pilot panic for Hermes:461141c2-f956-49a5-b2c6-6f951b957a94.0 recent panicFalse Confident Health:100.000% v/s 30 Alone:False
REPORT 2023-08-17T16:43:46: new Turn Activation for Hermes - Hermes - 461141c2-f956-49a5-b2c6-6f951b957a94.0
REPORT 2023-08-17T16:43:46: new Turn Re-Activation for Hermes
REPORT 2023-08-17T16:43:47: new Turn Activation for Crab - Crab - fb517114-a960-4d21-ac59-7af694107ab1.0
REPORT 2023-08-17T16:43:49: attack was completed for Crab - Crab - fb517114-a960-4d21-ac59-7af694107ab1.0 (ActorMovementSequence:CompleteOrders) -victims [0]
REPORT 2023-08-17T16:43:49: Processing Crab:fb517114-a960-4d21-ac59-7af694107ab1.0
REPORT 2023-08-17T16:43:49: completed Turn Activation for Crab - Crab - fb517114-a960-4d21-ac59-7af694107ab1.0 -victims [0]
REPORT 2023-08-17T16:43:49: ActorHealth Crab - Crab - fb517114-a960-4d21-ac59-7af694107ab1.0 -100.000%
REPORT 2023-08-17T16:43:49: Checking pilot panic for Crab:fb517114-a960-4d21-ac59-7af694107ab1.0 recent panicFalse Confident Health:100.000% v/s 30 Alone:False
REPORT 2023-08-17T16:43:49: new Turn Activation for Crab - Crab - fb517114-a960-4d21-ac59-7af694107ab1.0
REPORT 2023-08-17T16:43:49: new Turn Re-Activation for Crab
REPORT 2023-08-17T16:43:51: new Turn Activation for Commando - Commando - 4c74c107-23a4-4648-b758-11f8a8917d64.0
REPORT 2023-08-17T16:43:56: attack was completed for Commando - Commando - 4c74c107-23a4-4648-b758-11f8a8917d64.0 (ActorMovementSequence:CompleteOrders) -victims [0]
REPORT 2023-08-17T16:43:56: Processing Commando:4c74c107-23a4-4648-b758-11f8a8917d64.0
REPORT 2023-08-17T16:43:56: completed Turn Activation for Commando - Commando - 4c74c107-23a4-4648-b758-11f8a8917d64.0 -victims [0]
REPORT 2023-08-17T16:43:56: ActorHealth Commando - Commando - 4c74c107-23a4-4648-b758-11f8a8917d64.0 -100.000%
REPORT 2023-08-17T16:43:56: Checking pilot panic for Commando:4c74c107-23a4-4648-b758-11f8a8917d64.0 recent panicFalse Confident Health:100.000% v/s 30 Alone:False
REPORT 2023-08-17T16:43:56: new Turn Activation for Commando - Commando - 4c74c107-23a4-4648-b758-11f8a8917d64.0
REPORT 2023-08-17T16:43:56: new Turn Re-Activation for Commando
REPORT 2023-08-17T16:43:57: new Turn Activation for Wolfhound - Wolfhound - 00c4ad37-d0f5-45e4-b54e-ab29d1646935.0
REPORT 2023-08-17T16:43:58: attack was completed for Wolfhound - Wolfhound - 00c4ad37-d0f5-45e4-b54e-ab29d1646935.0 (ActorMovementSequence:CompleteOrders) -victims [0]
REPORT 2023-08-17T16:43:58: Processing Wolfhound:00c4ad37-d0f5-45e4-b54e-ab29d1646935.0
REPORT 2023-08-17T16:43:58: completed Turn Activation for Wolfhound - Wolfhound - 00c4ad37-d0f5-45e4-b54e-ab29d1646935.0 -victims [0]
REPORT 2023-08-17T16:43:58: ActorHealth Wolfhound - Wolfhound - 00c4ad37-d0f5-45e4-b54e-ab29d1646935.0 -100.000%
REPORT 2023-08-17T16:43:58: Checking pilot panic for Wolfhound:00c4ad37-d0f5-45e4-b54e-ab29d1646935.0 recent panicFalse Confident Health:100.000% v/s 30 Alone:False
REPORT 2023-08-17T16:43:58: new Turn Activation for Wolfhound - Wolfhound - 00c4ad37-d0f5-45e4-b54e-ab29d1646935.0
REPORT 2023-08-17T16:43:58: new Turn Re-Activation for Wolfhound
REPORT 2023-08-17T16:43:59: new Turn Activation for Spider - Spider - 666fff26-8734-4d15-858d-12ed74f036d2.0
REPORT 2023-08-17T16:44:00: attack was completed for Spider - Spider - 666fff26-8734-4d15-858d-12ed74f036d2.0 (ActorMovementSequence:CompleteOrders) -victims [0]
REPORT 2023-08-17T16:44:00: Processing Spider:666fff26-8734-4d15-858d-12ed74f036d2.0
REPORT 2023-08-17T16:44:00: completed Turn Activation for Spider - Spider - 666fff26-8734-4d15-858d-12ed74f036d2.0 -victims [0]
REPORT 2023-08-17T16:44:00: ActorHealth Spider - Spider - 666fff26-8734-4d15-858d-12ed74f036d2.0 -100.000%
REPORT 2023-08-17T16:44:00: Checking pilot panic for Spider:666fff26-8734-4d15-858d-12ed74f036d2.0 recent panicFalse Confident Health:100.000% v/s 30 Alone:False
REPORT 2023-08-17T16:44:00: new Turn Activation for Spider - Spider - 666fff26-8734-4d15-858d-12ed74f036d2.0
REPORT 2023-08-17T16:44:00: new Turn Re-Activation for Spider
REPORT 2023-08-17T16:44:01: new Turn Activation for Locust - Locust - 8631b020-835a-4eb6-bdd5-4f256386addd.0
REPORT 2023-08-17T16:44:02: attack was completed for Locust - Locust - 8631b020-835a-4eb6-bdd5-4f256386addd.0 (ActorMovementSequence:CompleteOrders) -victims [0]
REPORT 2023-08-17T16:44:03: Processing Locust:8631b020-835a-4eb6-bdd5-4f256386addd.0
REPORT 2023-08-17T16:44:03: completed Turn Activation for Locust - Locust - 8631b020-835a-4eb6-bdd5-4f256386addd.0 -victims [0]
REPORT 2023-08-17T16:44:03: ActorHealth Locust - Locust - 8631b020-835a-4eb6-bdd5-4f256386addd.0 -100.000%
REPORT 2023-08-17T16:44:03: Checking pilot panic for Locust:8631b020-835a-4eb6-bdd5-4f256386addd.0 recent panicFalse Confident Health:100.000% v/s 30 Alone:False
REPORT 2023-08-17T16:44:03: new Turn Activation for Locust - Locust - 8631b020-835a-4eb6-bdd5-4f256386addd.0
REPORT 2023-08-17T16:44:03: new Turn Re-Activation for Locust
REPORT 2023-08-17T16:44:05: new Turn Activation for Mongoose - Mongoose - 7a892125-be02-4399-a4d5-73edd73daaa7.0
REPORT 2023-08-17T16:44:06: attack was completed for Mongoose - Mongoose - 7a892125-be02-4399-a4d5-73edd73daaa7.0 (ActorMovementSequence:CompleteOrders) -victims [0]
REPORT 2023-08-17T16:44:07: Processing Mongoose:7a892125-be02-4399-a4d5-73edd73daaa7.0
REPORT 2023-08-17T16:44:07: completed Turn Activation for Mongoose - Mongoose - 7a892125-be02-4399-a4d5-73edd73daaa7.0 -victims [0]
REPORT 2023-08-17T16:44:07: ActorHealth Mongoose - Mongoose - 7a892125-be02-4399-a4d5-73edd73daaa7.0 -100.000%
REPORT 2023-08-17T16:44:07: Checking pilot panic for Mongoose:7a892125-be02-4399-a4d5-73edd73daaa7.0 recent panicFalse Confident Health:100.000% v/s 30 Alone:False
REPORT 2023-08-17T16:44:07: new Turn Activation for Mongoose - Mongoose - 7a892125-be02-4399-a4d5-73edd73daaa7.0
REPORT 2023-08-17T16:44:07: new Turn Re-Activation for Mongoose
REPORT 2023-08-17T16:44:10: new Turn Activation for Wyvern - Wyvern - aa8b1087-4ca2-491a-b3ed-addafc2410f3.0
REPORT 2023-08-17T16:44:13: attack was completed for Wyvern - Wyvern - aa8b1087-4ca2-491a-b3ed-addafc2410f3.0 (ActorMovementSequence:CompleteOrders) -victims [0]
REPORT 2023-08-17T16:44:16: Processing Wyvern:aa8b1087-4ca2-491a-b3ed-addafc2410f3.0
REPORT 2023-08-17T16:44:16: completed Turn Activation for Wyvern - Wyvern - aa8b1087-4ca2-491a-b3ed-addafc2410f3.0 -victims [0]
REPORT 2023-08-17T16:44:16: ActorHealth Wyvern - Wyvern - aa8b1087-4ca2-491a-b3ed-addafc2410f3.0 -100.000%
REPORT 2023-08-17T16:44:16: Checking pilot panic for Wyvern:aa8b1087-4ca2-491a-b3ed-addafc2410f3.0 recent panicFalse Confident Health:100.000% v/s 30 Alone:False
REPORT 2023-08-17T16:44:16: new Turn Activation for Wyvern - Wyvern - aa8b1087-4ca2-491a-b3ed-addafc2410f3.0
REPORT 2023-08-17T16:44:16: new Turn Re-Activation for Wyvern
REPORT 2023-08-17T16:44:19: new Turn Activation for Wolfhound - Wolfhound - 00c4ad37-d0f5-45e4-b54e-ab29d1646935.0
REPORT 2023-08-17T16:44:23: attack was completed for Wolfhound - Wolfhound - 00c4ad37-d0f5-45e4-b54e-ab29d1646935.0 (ActorMovementSequence:CompleteOrders) -victims [0]
REPORT 2023-08-17T16:44:23: new Turn Re-Activation for Wolfhound
REPORT 2023-08-17T16:44:23: new Turn Re-Activation for Wolfhound
REPORT 2023-08-17T16:44:23: Processing Wolfhound:00c4ad37-d0f5-45e4-b54e-ab29d1646935.0
REPORT 2023-08-17T16:44:23: completed Turn Activation for Wolfhound - Wolfhound - 00c4ad37-d0f5-45e4-b54e-ab29d1646935.0 -victims [0]
REPORT 2023-08-17T16:44:23: ActorHealth Wolfhound - Wolfhound - 00c4ad37-d0f5-45e4-b54e-ab29d1646935.0 -100.000%
REPORT 2023-08-17T16:44:23: Checking pilot panic for Wolfhound:00c4ad37-d0f5-45e4-b54e-ab29d1646935.0 recent panicFalse Confident Health:100.000% v/s 30 Alone:False
REPORT 2023-08-17T16:44:23: new Turn Activation for Wyvern - Wyvern - aa8b1087-4ca2-491a-b3ed-addafc2410f3.0
REPORT 2023-08-17T16:44:26: attack was completed for Wyvern - Wyvern - aa8b1087-4ca2-491a-b3ed-addafc2410f3.0 (ActorMovementSequence:CompleteOrders) -victims [0]
REPORT 2023-08-17T16:44:26: new Turn Re-Activation for Wyvern
REPORT 2023-08-17T16:44:26: new Turn Re-Activation for Wyvern
REPORT 2023-08-17T16:44:26: Processing Wyvern:aa8b1087-4ca2-491a-b3ed-addafc2410f3.0
REPORT 2023-08-17T16:44:26: completed Turn Activation for Wyvern - Wyvern - aa8b1087-4ca2-491a-b3ed-addafc2410f3.0 -victims [0]
REPORT 2023-08-17T16:44:26: ActorHealth Wyvern - Wyvern - aa8b1087-4ca2-491a-b3ed-addafc2410f3.0 -100.000%
REPORT 2023-08-17T16:44:26: Checking pilot panic for Wyvern:aa8b1087-4ca2-491a-b3ed-addafc2410f3.0 recent panicFalse Confident Health:100.000% v/s 30 Alone:False
REPORT 2023-08-17T16:44:27: new Turn Activation for Mongoose - Mongoose - 7a892125-be02-4399-a4d5-73edd73daaa7.0
REPORT 2023-08-17T16:44:34: attack was completed for Mongoose - Mongoose - 7a892125-be02-4399-a4d5-73edd73daaa7.0 (ActorMovementSequence:CompleteOrders) -victims [0]
REPORT 2023-08-17T16:44:34: new Turn Re-Activation for Mongoose
REPORT 2023-08-17T16:44:34: new Turn Re-Activation for Mongoose
REPORT 2023-08-17T16:44:35: Processing Mongoose:7a892125-be02-4399-a4d5-73edd73daaa7.0
REPORT 2023-08-17T16:44:35: completed Turn Activation for Mongoose - Mongoose - 7a892125-be02-4399-a4d5-73edd73daaa7.0 -victims [0]
REPORT 2023-08-17T16:44:35: ActorHealth Mongoose - Mongoose - 7a892125-be02-4399-a4d5-73edd73daaa7.0 -100.000%
REPORT 2023-08-17T16:44:35: Checking pilot panic for Mongoose:7a892125-be02-4399-a4d5-73edd73daaa7.0 recent panicFalse Confident Health:100.000% v/s 30 Alone:False
REPORT 2023-08-17T16:45:06: new Turn Activation for Dynames Gundam - Dynames Gundam - ebc06b6a-c5a8-4165-95ce-480bcf335570.0
REPORT 2023-08-17T16:45:12: new Turn Re-Activation for Dynames Gundam
REPORT 2023-08-17T16:45:13: 
^^^^^^^^^^^^^^^^^^^^^^^^^^^^^^^^^^^^^^^^^^^^^^
REPORT 2023-08-17T16:45:13: Wyvern :aa8b1087-4ca2-491a-b3ed-addafc2410f3.0 took Damage from GN Sniper Rifle - Weapon
REPORT 2023-08-17T16:45:13: Damage to Wyvern/Wyvern/aa8b1087-4ca2-491a-b3ed-addafc2410f3.0
REPORT 2023-08-17T16:45:13: Damage by Dynames Gundam/Dynames Gundam/ebc06b6a-c5a8-4165-95ce-480bcf335570.0
REPORT 2023-08-17T16:45:13: Damage >>> D: 90.000 DS: 0.000 H: 0
REPORT 2023-08-17T16:45:13: Wyvern|Wyvern|aa8b1087-4ca2-491a-b3ed-addafc2410f3.0 added to victims. [1]
REPORT 2023-08-17T16:45:13: first Turn for Wyvern  - Wyvern - aa8b1087-4ca2-491a-b3ed-addafc2410f3.0
REPORT 2023-08-17T16:45:16: 
^^^^^^^^^^^^^^^^^^^^^^^^^^^^^^^^^^^^^^^^^^^^^^
REPORT 2023-08-17T16:45:16: Wyvern :aa8b1087-4ca2-491a-b3ed-addafc2410f3.0 took Damage from GNM-10 - Weapon
REPORT 2023-08-17T16:45:16: Damage to Wyvern/Wyvern/aa8b1087-4ca2-491a-b3ed-addafc2410f3.0
REPORT 2023-08-17T16:45:16: Damage by Dynames Gundam/Dynames Gundam/ebc06b6a-c5a8-4165-95ce-480bcf335570.0
REPORT 2023-08-17T16:45:16: Damage >>> D: 4.800 DS: 1.200 H: 0
REPORT 2023-08-17T16:45:16: 
^^^^^^^^^^^^^^^^^^^^^^^^^^^^^^^^^^^^^^^^^^^^^^
REPORT 2023-08-17T16:45:16: Wyvern :aa8b1087-4ca2-491a-b3ed-addafc2410f3.0 took Damage from GNM-10 - Weapon
REPORT 2023-08-17T16:45:16: Damage to Wyvern/Wyvern/aa8b1087-4ca2-491a-b3ed-addafc2410f3.0
REPORT 2023-08-17T16:45:16: Damage by Dynames Gundam/Dynames Gundam/ebc06b6a-c5a8-4165-95ce-480bcf335570.0
REPORT 2023-08-17T16:45:16: Damage >>> D: 4.800 DS: 1.200 H: 0
REPORT 2023-08-17T16:45:16: 
^^^^^^^^^^^^^^^^^^^^^^^^^^^^^^^^^^^^^^^^^^^^^^
REPORT 2023-08-17T16:45:16: Wyvern :aa8b1087-4ca2-491a-b3ed-addafc2410f3.0 took Damage from GNM-10 - Weapon
REPORT 2023-08-17T16:45:16: Damage to Wyvern/Wyvern/aa8b1087-4ca2-491a-b3ed-addafc2410f3.0
REPORT 2023-08-17T16:45:16: Damage by Dynames Gundam/Dynames Gundam/ebc06b6a-c5a8-4165-95ce-480bcf335570.0
REPORT 2023-08-17T16:45:16: Damage >>> D: 4.800 DS: 1.200 H: 0
REPORT 2023-08-17T16:45:16: 
^^^^^^^^^^^^^^^^^^^^^^^^^^^^^^^^^^^^^^^^^^^^^^
REPORT 2023-08-17T16:45:16: Wyvern :aa8b1087-4ca2-491a-b3ed-addafc2410f3.0 took Damage from GNM-10 - Weapon
REPORT 2023-08-17T16:45:16: Damage to Wyvern/Wyvern/aa8b1087-4ca2-491a-b3ed-addafc2410f3.0
REPORT 2023-08-17T16:45:16: Damage by Dynames Gundam/Dynames Gundam/ebc06b6a-c5a8-4165-95ce-480bcf335570.0
REPORT 2023-08-17T16:45:16: Damage >>> D: 4.800 DS: 1.200 H: 0
REPORT 2023-08-17T16:45:16: 
^^^^^^^^^^^^^^^^^^^^^^^^^^^^^^^^^^^^^^^^^^^^^^
REPORT 2023-08-17T16:45:16: Wyvern :aa8b1087-4ca2-491a-b3ed-addafc2410f3.0 took Damage from GNM-10 - Weapon
REPORT 2023-08-17T16:45:16: Damage to Wyvern/Wyvern/aa8b1087-4ca2-491a-b3ed-addafc2410f3.0
REPORT 2023-08-17T16:45:16: Damage by Dynames Gundam/Dynames Gundam/ebc06b6a-c5a8-4165-95ce-480bcf335570.0
REPORT 2023-08-17T16:45:16: Damage >>> D: 4.800 DS: 1.200 H: 0
REPORT 2023-08-17T16:45:16: 
^^^^^^^^^^^^^^^^^^^^^^^^^^^^^^^^^^^^^^^^^^^^^^
REPORT 2023-08-17T16:45:16: Wyvern :aa8b1087-4ca2-491a-b3ed-addafc2410f3.0 took Damage from GNM-10 - Weapon
REPORT 2023-08-17T16:45:16: Damage to Wyvern/Wyvern/aa8b1087-4ca2-491a-b3ed-addafc2410f3.0
REPORT 2023-08-17T16:45:16: Damage by Dynames Gundam/Dynames Gundam/ebc06b6a-c5a8-4165-95ce-480bcf335570.0
REPORT 2023-08-17T16:45:16: Damage >>> D: 4.800 DS: 1.200 H: 0
REPORT 2023-08-17T16:45:16: 
^^^^^^^^^^^^^^^^^^^^^^^^^^^^^^^^^^^^^^^^^^^^^^
REPORT 2023-08-17T16:45:16: Wyvern :aa8b1087-4ca2-491a-b3ed-addafc2410f3.0 took Damage from GNM-10 - Weapon
REPORT 2023-08-17T16:45:16: Damage to Wyvern/Wyvern/aa8b1087-4ca2-491a-b3ed-addafc2410f3.0
REPORT 2023-08-17T16:45:16: Damage by Dynames Gundam/Dynames Gundam/ebc06b6a-c5a8-4165-95ce-480bcf335570.0
REPORT 2023-08-17T16:45:16: Damage >>> D: 4.800 DS: 1.200 H: 0
REPORT 2023-08-17T16:45:16: 
^^^^^^^^^^^^^^^^^^^^^^^^^^^^^^^^^^^^^^^^^^^^^^
REPORT 2023-08-17T16:45:16: Wyvern :aa8b1087-4ca2-491a-b3ed-addafc2410f3.0 took Damage from GNM-10 - Weapon
REPORT 2023-08-17T16:45:16: Damage to Wyvern/Wyvern/aa8b1087-4ca2-491a-b3ed-addafc2410f3.0
REPORT 2023-08-17T16:45:16: Damage by Dynames Gundam/Dynames Gundam/ebc06b6a-c5a8-4165-95ce-480bcf335570.0
REPORT 2023-08-17T16:45:16: Damage >>> D: 4.800 DS: 1.200 H: 0
REPORT 2023-08-17T16:45:17: 
^^^^^^^^^^^^^^^^^^^^^^^^^^^^^^^^^^^^^^^^^^^^^^
REPORT 2023-08-17T16:45:17: Wyvern :aa8b1087-4ca2-491a-b3ed-addafc2410f3.0 took Damage from GNM-10 - Weapon
REPORT 2023-08-17T16:45:17: Damage to Wyvern/Wyvern/aa8b1087-4ca2-491a-b3ed-addafc2410f3.0
REPORT 2023-08-17T16:45:17: Damage by Dynames Gundam/Dynames Gundam/ebc06b6a-c5a8-4165-95ce-480bcf335570.0
REPORT 2023-08-17T16:45:17: Damage >>> D: 4.800 DS: 1.200 H: 0
REPORT 2023-08-17T16:45:20: attack was completed for Dynames Gundam - Dynames Gundam - ebc06b6a-c5a8-4165-95ce-480bcf335570.0 (AttackDirector:OnAttackComplete) -victims [1]
REPORT 2023-08-17T16:45:20: 
══════════════════════════════════════════════
REPORT 2023-08-17T16:45:20: Damage to Wyvern/Wyvern/aa8b1087-4ca2-491a-b3ed-addafc2410f3.0
REPORT 2023-08-17T16:45:20: Damage by Dynames Gundam/Dynames Gundam/ebc06b6a-c5a8-4165-95ce-480bcf335570.0
REPORT 2023-08-17T16:45:20: Damage >>> A: 84.400/560.000 S: 23.600/305.000 (12.49%) H: 0
REPORT 2023-08-17T16:45:20: Structure damage requires panic save
REPORT 2023-08-17T16:45:20: ----------------------------------------------
REPORT 2023-08-17T16:45:20: Factors              |     Change |      Total
REPORT 2023-08-17T16:45:20: ----------------------------------------------
REPORT 2023-08-17T16:45:20: ActorHealth Wyvern - Wyvern - aa8b1087-4ca2-491a-b3ed-addafc2410f3.0 -87.514%
REPORT 2023-08-17T16:45:20: Unit health 87.51%   |            |
REPORT 2023-08-17T16:45:20: Head                 | A:100.000% | S:100.000%
REPORT 2023-08-17T16:45:20: CenterTorso          | A:100.000% | S:100.000%
REPORT 2023-08-17T16:45:20:                      | [100.000%] | 
REPORT 2023-08-17T16:45:20: LeftTorso            | A:  0.000% | S: 63.636%
REPORT 2023-08-17T16:45:20:                      | [100.000%] | 
REPORT 2023-08-17T16:45:20: LT                   |     14.394 |     14.394
REPORT 2023-08-17T16:45:20: RightTorso           | A: 86.286% | S: 95.636%
REPORT 2023-08-17T16:45:20:                      | [100.000%] | 
REPORT 2023-08-17T16:45:20: RT                   |      1.870 |     16.264
REPORT 2023-08-17T16:45:20: LeftLeg              | A:100.000% | S:100.000%
REPORT 2023-08-17T16:45:20: RightLeg             | A: 95.200% | S: 97.818%
REPORT 2023-08-17T16:45:20: RL                   |      0.524 |     16.788
REPORT 2023-08-17T16:45:20: Alone 0/7            |      0.000 |     16.788
REPORT 2023-08-17T16:45:20: Resolve 15           |      7.000 |     23.788
REPORT 2023-08-17T16:45:20: Guts and Tactics     |        -15 |      8.788
REPORT 2023-08-17T16:45:20: Fetched final multiplier from actor: 1
REPORT 2023-08-17T16:45:20: Panic multiplier     |          1 |      8.788
REPORT 2023-08-17T16:45:20: ----------------------------------------------
REPORT 2023-08-17T16:45:20: Saving throw         | 9        3 |       Roll
REPORT 2023-08-17T16:45:20: ----------------------------------------------
REPORT 2023-08-17T16:45:20: Failed panic save
REPORT 2023-08-17T16:45:20: Wyvern UNSETTLED
REPORT 2023-08-17T16:45:20: ActorHealth Wyvern - Wyvern - aa8b1087-4ca2-491a-b3ed-addafc2410f3.0 -87.514%
REPORT 2023-08-17T16:45:20: Damage Levels reset for Wyvern - Wyvern - aa8b1087-4ca2-491a-b3ed-addafc2410f3.0 -H:0 A:475.6 S:281.4
REPORT 2023-08-17T16:45:21: Processing Dynames Gundam:ebc06b6a-c5a8-4165-95ce-480bcf335570.0
REPORT 2023-08-17T16:45:21: completed Turn Activation for Dynames Gundam - Dynames Gundam - ebc06b6a-c5a8-4165-95ce-480bcf335570.0 -victims [0]
REPORT 2023-08-17T16:45:21: ActorHealth Dynames Gundam - Dynames Gundam - ebc06b6a-c5a8-4165-95ce-480bcf335570.0 -100.000%
REPORT 2023-08-17T16:45:21: Checking pilot panic for Dynames Gundam:ebc06b6a-c5a8-4165-95ce-480bcf335570.0 recent panicFalse Confident Health:100.000% v/s 30 Alone:False
REPORT 2023-08-17T16:45:22: new Turn Activation for Commando - Commando - 4c74c107-23a4-4648-b758-11f8a8917d64.0
REPORT 2023-08-17T16:45:25: attack was completed for Commando - Commando - 4c74c107-23a4-4648-b758-11f8a8917d64.0 (ActorMovementSequence:CompleteOrders) -victims [0]
REPORT 2023-08-17T16:45:25: new Turn Re-Activation for Commando
REPORT 2023-08-17T16:45:25: new Turn Re-Activation for Commando
REPORT 2023-08-17T16:45:26: Processing Commando:4c74c107-23a4-4648-b758-11f8a8917d64.0
REPORT 2023-08-17T16:45:26: completed Turn Activation for Commando - Commando - 4c74c107-23a4-4648-b758-11f8a8917d64.0 -victims [0]
REPORT 2023-08-17T16:45:26: ActorHealth Commando - Commando - 4c74c107-23a4-4648-b758-11f8a8917d64.0 -100.000%
REPORT 2023-08-17T16:45:26: Checking pilot panic for Commando:4c74c107-23a4-4648-b758-11f8a8917d64.0 recent panicFalse Confident Health:100.000% v/s 30 Alone:False
REPORT 2023-08-17T16:45:27: new Turn Activation for Locust - Locust - 23f34901-6a35-446d-80f6-fd482c9ea33d.0
REPORT 2023-08-17T16:45:30: attack was completed for Locust - Locust - 23f34901-6a35-446d-80f6-fd482c9ea33d.0 (ActorMovementSequence:CompleteOrders) -victims [0]
REPORT 2023-08-17T16:45:30: new Turn Re-Activation for Locust
REPORT 2023-08-17T16:45:30: new Turn Re-Activation for Locust
REPORT 2023-08-17T16:45:30: Processing Locust:23f34901-6a35-446d-80f6-fd482c9ea33d.0
REPORT 2023-08-17T16:45:30: completed Turn Activation for Locust - Locust - 23f34901-6a35-446d-80f6-fd482c9ea33d.0 -victims [0]
REPORT 2023-08-17T16:45:30: ActorHealth Locust - Locust - 23f34901-6a35-446d-80f6-fd482c9ea33d.0 -100.000%
REPORT 2023-08-17T16:45:30: Checking pilot panic for Locust:23f34901-6a35-446d-80f6-fd482c9ea33d.0 recent panicFalse Confident Health:100.000% v/s 30 Alone:False
REPORT 2023-08-17T16:45:34: new Turn Activation for 0 Gundam - 0 Gundam - ec9d2280-ca9a-4d90-8a20-963d8a4c0a39.0
REPORT 2023-08-17T16:45:38: new Turn Re-Activation for 0 Gundam
REPORT 2023-08-17T16:45:44: attack was completed for 0 Gundam - 0 Gundam - ec9d2280-ca9a-4d90-8a20-963d8a4c0a39.0 (AttackDirector:OnAttackComplete) -victims [0]
REPORT 2023-08-17T16:45:45: Processing 0 Gundam:ec9d2280-ca9a-4d90-8a20-963d8a4c0a39.0
REPORT 2023-08-17T16:45:45: completed Turn Activation for 0 Gundam - 0 Gundam - ec9d2280-ca9a-4d90-8a20-963d8a4c0a39.0 -victims [0]
REPORT 2023-08-17T16:45:45: ActorHealth 0 Gundam - 0 Gundam - ec9d2280-ca9a-4d90-8a20-963d8a4c0a39.0 -100.000%
REPORT 2023-08-17T16:45:45: Checking pilot panic for 0 Gundam:ec9d2280-ca9a-4d90-8a20-963d8a4c0a39.0 recent panicFalse Confident Health:100.000% v/s 30 Alone:False
REPORT 2023-08-17T16:45:51: new Turn Activation for Wolfhound - Wolfhound - d50f1e9d-0a0b-4dc8-9a06-a33233aaa8a1.0
REPORT 2023-08-17T16:45:53: attack was completed for Wolfhound - Wolfhound - d50f1e9d-0a0b-4dc8-9a06-a33233aaa8a1.0 (ActorMovementSequence:CompleteOrders) -victims [0]
REPORT 2023-08-17T16:45:56: new Turn Re-Activation for Wolfhound
REPORT 2023-08-17T16:45:56: 
^^^^^^^^^^^^^^^^^^^^^^^^^^^^^^^^^^^^^^^^^^^^^^
REPORT 2023-08-17T16:45:56: Wyvern :aa8b1087-4ca2-491a-b3ed-addafc2410f3.0 took Damage from Large Laser - Weapon
REPORT 2023-08-17T16:45:56: Damage to Wyvern/Wyvern/aa8b1087-4ca2-491a-b3ed-addafc2410f3.0
REPORT 2023-08-17T16:45:56: Damage by Wolfhound/Wolfhound/d50f1e9d-0a0b-4dc8-9a06-a33233aaa8a1.0
REPORT 2023-08-17T16:45:56: Damage >>> D: 24.000 DS: 0.000 H: 0
REPORT 2023-08-17T16:45:56: Wyvern|Wyvern|aa8b1087-4ca2-491a-b3ed-addafc2410f3.0 added to victims. [1]
REPORT 2023-08-17T16:45:59: 
^^^^^^^^^^^^^^^^^^^^^^^^^^^^^^^^^^^^^^^^^^^^^^
REPORT 2023-08-17T16:45:59: Wyvern :aa8b1087-4ca2-491a-b3ed-addafc2410f3.0 took 720 Heat Damage from LRM Ammo EXPLOSION HEAT
REPORT 2023-08-17T16:45:59: Damage to Wyvern/Wyvern/aa8b1087-4ca2-491a-b3ed-addafc2410f3.0
REPORT 2023-08-17T16:45:59: Damage by Wolfhound/Wolfhound/d50f1e9d-0a0b-4dc8-9a06-a33233aaa8a1.0
REPORT 2023-08-17T16:45:59: Damage >>> D: 0.000 DS: 0.000 H: 720
REPORT 2023-08-17T16:45:59: 
^^^^^^^^^^^^^^^^^^^^^^^^^^^^^^^^^^^^^^^^^^^^^^
REPORT 2023-08-17T16:45:59: Wyvern :aa8b1087-4ca2-491a-b3ed-addafc2410f3.0 took Damage from Medium Laser - Weapon
REPORT 2023-08-17T16:45:59: Damage to Wyvern/Wyvern/aa8b1087-4ca2-491a-b3ed-addafc2410f3.0
REPORT 2023-08-17T16:45:59: Damage by Wolfhound/Wolfhound/d50f1e9d-0a0b-4dc8-9a06-a33233aaa8a1.0
REPORT 2023-08-17T16:45:59: Damage >>> D: 12.000 DS: 0.000 H: 0
REPORT 2023-08-17T16:46:02: attack was completed for Wolfhound - Wolfhound - d50f1e9d-0a0b-4dc8-9a06-a33233aaa8a1.0 (AttackDirector:OnAttackComplete) -victims [1]
REPORT 2023-08-17T16:46:02: 
══════════════════════════════════════════════
REPORT 2023-08-17T16:46:02: Damage to Wyvern/Wyvern/aa8b1087-4ca2-491a-b3ed-addafc2410f3.0
REPORT 2023-08-17T16:46:02: Damage by Wolfhound/Wolfhound/d50f1e9d-0a0b-4dc8-9a06-a33233aaa8a1.0
REPORT 2023-08-17T16:46:02: Damage >>> A: 37.000/475.600 S: 35.000/281.400 (9.51%) H: 720
REPORT 2023-08-17T16:46:02: Structure damage requires panic save
REPORT 2023-08-17T16:46:02: ----------------------------------------------
REPORT 2023-08-17T16:46:02: Factors              |     Change |      Total
REPORT 2023-08-17T16:46:02: ----------------------------------------------
REPORT 2023-08-17T16:46:02: ActorHealth Wyvern - Wyvern - aa8b1087-4ca2-491a-b3ed-addafc2410f3.0 -79.191%
REPORT 2023-08-17T16:46:02: Unit health 79.19%   |            |
REPORT 2023-08-17T16:46:02: Pilot injuries       |     18.750 |     18.750
REPORT 2023-08-17T16:46:02: Head                 | A:100.000% | S:100.000%
REPORT 2023-08-17T16:46:02: CenterTorso          | A:100.000% | S:100.000%
REPORT 2023-08-17T16:46:02:                      | [100.000%] | 
REPORT 2023-08-17T16:46:02: LeftTorso            | A:  0.000% | S:  0.000%
REPORT 2023-08-17T16:46:02:                      | [  0.000%] | 
REPORT 2023-08-17T16:46:02: LT                   |     25.000 |     43.750
REPORT 2023-08-17T16:46:02: RightTorso           | A: 86.286% | S: 95.636%
REPORT 2023-08-17T16:46:02:                      | [100.000%] | 
REPORT 2023-08-17T16:46:02: RT                   |      1.870 |     45.620
REPORT 2023-08-17T16:46:02: LeftLeg              | A:100.000% | S:100.000%
REPORT 2023-08-17T16:46:02: RightLeg             | A: 83.200% | S: 97.818%
REPORT 2023-08-17T16:46:02: RL                   |      1.424 |     47.044
REPORT 2023-08-17T16:46:02: Alone 0/7            |      0.000 |     47.044
REPORT 2023-08-17T16:46:02: Resolve 15           |      7.000 |     54.044
REPORT 2023-08-17T16:46:02: Guts and Tactics     |        -15 |     39.044
REPORT 2023-08-17T16:46:02: Fetched final multiplier from actor: 1
REPORT 2023-08-17T16:46:02: Panic multiplier     |          1 |     39.044
REPORT 2023-08-17T16:46:02: ----------------------------------------------
REPORT 2023-08-17T16:46:02: Saving throw         | 39      96 |       Roll
REPORT 2023-08-17T16:46:02: ----------------------------------------------
REPORT 2023-08-17T16:46:02: Successful panic save
REPORT 2023-08-17T16:46:03: Processing Wolfhound:d50f1e9d-0a0b-4dc8-9a06-a33233aaa8a1.0
REPORT 2023-08-17T16:46:03: completed Turn Activation for Wolfhound - Wolfhound - d50f1e9d-0a0b-4dc8-9a06-a33233aaa8a1.0 -victims [0]
REPORT 2023-08-17T16:46:03: ActorHealth Wolfhound - Wolfhound - d50f1e9d-0a0b-4dc8-9a06-a33233aaa8a1.0 -100.000%
REPORT 2023-08-17T16:46:03: Checking pilot panic for Wolfhound:d50f1e9d-0a0b-4dc8-9a06-a33233aaa8a1.0 recent panicFalse Confident Health:100.000% v/s 30 Alone:False
REPORT 2023-08-17T16:46:06: new Turn Activation for Hermes - Hermes - 461141c2-f956-49a5-b2c6-6f951b957a94.0
REPORT 2023-08-17T16:46:10: attack was completed for Hermes - Hermes - 461141c2-f956-49a5-b2c6-6f951b957a94.0 (ActorMovementSequence:CompleteOrders) -victims [0]
REPORT 2023-08-17T16:46:12: new Turn Re-Activation for Hermes
REPORT 2023-08-17T16:46:18: attack was completed for Hermes - Hermes - 461141c2-f956-49a5-b2c6-6f951b957a94.0 (AttackDirector:OnAttackComplete) -victims [0]
REPORT 2023-08-17T16:46:19: Processing Hermes:461141c2-f956-49a5-b2c6-6f951b957a94.0
REPORT 2023-08-17T16:46:19: completed Turn Activation for Hermes - Hermes - 461141c2-f956-49a5-b2c6-6f951b957a94.0 -victims [0]
REPORT 2023-08-17T16:46:19: ActorHealth Hermes - Hermes - 461141c2-f956-49a5-b2c6-6f951b957a94.0 -100.000%
REPORT 2023-08-17T16:46:19: Checking pilot panic for Hermes:461141c2-f956-49a5-b2c6-6f951b957a94.0 recent panicFalse Confident Health:100.000% v/s 30 Alone:False
REPORT 2023-08-17T16:46:19: new Turn Activation for Spider - Spider - 666fff26-8734-4d15-858d-12ed74f036d2.0
REPORT 2023-08-17T16:46:22: attack was completed for Spider - Spider - 666fff26-8734-4d15-858d-12ed74f036d2.0 (ActorMovementSequence:CompleteOrders) -victims [0]
REPORT 2023-08-17T16:46:22: new Turn Re-Activation for Spider
REPORT 2023-08-17T16:46:22: new Turn Re-Activation for Spider
REPORT 2023-08-17T16:46:23: Processing Spider:666fff26-8734-4d15-858d-12ed74f036d2.0
REPORT 2023-08-17T16:46:23: completed Turn Activation for Spider - Spider - 666fff26-8734-4d15-858d-12ed74f036d2.0 -victims [0]
REPORT 2023-08-17T16:46:23: ActorHealth Spider - Spider - 666fff26-8734-4d15-858d-12ed74f036d2.0 -100.000%
REPORT 2023-08-17T16:46:23: Checking pilot panic for Spider:666fff26-8734-4d15-858d-12ed74f036d2.0 recent panicFalse Confident Health:100.000% v/s 30 Alone:False
REPORT 2023-08-17T16:46:23: new Turn Activation for Locust - Locust - 8631b020-835a-4eb6-bdd5-4f256386addd.0
REPORT 2023-08-17T16:46:26: attack was completed for Locust - Locust - 8631b020-835a-4eb6-bdd5-4f256386addd.0 (ActorMovementSequence:CompleteOrders) -victims [0]
REPORT 2023-08-17T16:46:26: new Turn Re-Activation for Locust
REPORT 2023-08-17T16:46:32: attack was completed for Locust - Locust - 8631b020-835a-4eb6-bdd5-4f256386addd.0 (AttackDirector:OnAttackComplete) -victims [0]
REPORT 2023-08-17T16:46:33: Processing Locust:8631b020-835a-4eb6-bdd5-4f256386addd.0
REPORT 2023-08-17T16:46:33: completed Turn Activation for Locust - Locust - 8631b020-835a-4eb6-bdd5-4f256386addd.0 -victims [0]
REPORT 2023-08-17T16:46:33: ActorHealth Locust - Locust - 8631b020-835a-4eb6-bdd5-4f256386addd.0 -100.000%
REPORT 2023-08-17T16:46:33: Checking pilot panic for Locust:8631b020-835a-4eb6-bdd5-4f256386addd.0 recent panicFalse Confident Health:100.000% v/s 30 Alone:False
REPORT 2023-08-17T16:46:37: new Turn Activation for Crab - Crab - fb517114-a960-4d21-ac59-7af694107ab1.0
REPORT 2023-08-17T16:46:42: attack was completed for Crab - Crab - fb517114-a960-4d21-ac59-7af694107ab1.0 (ActorMovementSequence:CompleteOrders) -victims [0]
REPORT 2023-08-17T16:46:42: new Turn Re-Activation for Crab
REPORT 2023-08-17T16:46:49: attack was completed for Crab - Crab - fb517114-a960-4d21-ac59-7af694107ab1.0 (AttackDirector:OnAttackComplete) -victims [0]
REPORT 2023-08-17T16:46:50: Processing Crab:fb517114-a960-4d21-ac59-7af694107ab1.0
REPORT 2023-08-17T16:46:50: completed Turn Activation for Crab - Crab - fb517114-a960-4d21-ac59-7af694107ab1.0 -victims [0]
REPORT 2023-08-17T16:46:50: ActorHealth Crab - Crab - fb517114-a960-4d21-ac59-7af694107ab1.0 -100.000%
REPORT 2023-08-17T16:46:50: Checking pilot panic for Crab:fb517114-a960-4d21-ac59-7af694107ab1.0 recent panicFalse Confident Health:100.000% v/s 30 Alone:False
REPORT 2023-08-17T16:46:53: new Turn Activation for Commando - Commando - 4c74c107-23a4-4648-b758-11f8a8917d64.0
REPORT 2023-08-17T16:46:59: attack was completed for Commando - Commando - 4c74c107-23a4-4648-b758-11f8a8917d64.0 (ActorMovementSequence:CompleteOrders) -victims [0]
REPORT 2023-08-17T16:46:59: new Turn Re-Activation for Commando
REPORT 2023-08-17T16:47:03: 
^^^^^^^^^^^^^^^^^^^^^^^^^^^^^^^^^^^^^^^^^^^^^^
REPORT 2023-08-17T16:47:03: 0 Gundam :ec9d2280-ca9a-4d90-8a20-963d8a4c0a39.0 took Damage from SRM2 - Weapon
REPORT 2023-08-17T16:47:03: Damage to 0 Gundam/0 Gundam/ec9d2280-ca9a-4d90-8a20-963d8a4c0a39.0
REPORT 2023-08-17T16:47:03: Damage by Commando/Commando/4c74c107-23a4-4648-b758-11f8a8917d64.0
REPORT 2023-08-17T16:47:03: Damage >>> D: 6.800 DS: 0.000 H: 0
REPORT 2023-08-17T16:47:03: 0 Gundam|0 Gundam|ec9d2280-ca9a-4d90-8a20-963d8a4c0a39.0 added to victims. [1]
REPORT 2023-08-17T16:47:03: first Turn for 0 Gundam  - 0 Gundam - ec9d2280-ca9a-4d90-8a20-963d8a4c0a39.0
REPORT 2023-08-17T16:47:06: attack was completed for Commando - Commando - 4c74c107-23a4-4648-b758-11f8a8917d64.0 (AttackDirector:OnAttackComplete) -victims [1]
REPORT 2023-08-17T16:47:06: 
══════════════════════════════════════════════
REPORT 2023-08-17T16:47:06: Damage to 0 Gundam/0 Gundam/ec9d2280-ca9a-4d90-8a20-963d8a4c0a39.0
REPORT 2023-08-17T16:47:06: Damage by Commando/Commando/4c74c107-23a4-4648-b758-11f8a8917d64.0
REPORT 2023-08-17T16:47:06: Damage >>> A: 0.000/975.000 S: 0.000/446.000 NA%) H: 0
REPORT 2023-08-17T16:47:06: No damage
REPORT 2023-08-17T16:47:07: Processing Commando:4c74c107-23a4-4648-b758-11f8a8917d64.0
REPORT 2023-08-17T16:47:07: completed Turn Activation for Commando - Commando - 4c74c107-23a4-4648-b758-11f8a8917d64.0 -victims [0]
REPORT 2023-08-17T16:47:07: ActorHealth Commando - Commando - 4c74c107-23a4-4648-b758-11f8a8917d64.0 -100.000%
REPORT 2023-08-17T16:47:07: Checking pilot panic for Commando:4c74c107-23a4-4648-b758-11f8a8917d64.0 recent panicFalse Confident Health:100.000% v/s 30 Alone:False
REPORT 2023-08-17T16:47:09: new Turn Activation for Locust - Locust - 23f34901-6a35-446d-80f6-fd482c9ea33d.0
REPORT 2023-08-17T16:47:10: attack was completed for Locust - Locust - 23f34901-6a35-446d-80f6-fd482c9ea33d.0 (ActorMovementSequence:CompleteOrders) -victims [0]
REPORT 2023-08-17T16:47:10: new Turn Re-Activation for Locust
REPORT 2023-08-17T16:47:13: 
^^^^^^^^^^^^^^^^^^^^^^^^^^^^^^^^^^^^^^^^^^^^^^
REPORT 2023-08-17T16:47:13: Wolfhound :d50f1e9d-0a0b-4dc8-9a06-a33233aaa8a1.0 took Damage from LRM5 - Weapon
REPORT 2023-08-17T16:47:13: Damage to Wolfhound/Wolfhound/d50f1e9d-0a0b-4dc8-9a06-a33233aaa8a1.0
REPORT 2023-08-17T16:47:13: Damage by Locust/Locust/23f34901-6a35-446d-80f6-fd482c9ea33d.0
REPORT 2023-08-17T16:47:13: Damage >>> D: 4.000 DS: 0.000 H: 0
REPORT 2023-08-17T16:47:13: Wolfhound|Wolfhound|d50f1e9d-0a0b-4dc8-9a06-a33233aaa8a1.0 added to victims. [1]
REPORT 2023-08-17T16:47:13: first Turn for Wolfhound  - Wolfhound - d50f1e9d-0a0b-4dc8-9a06-a33233aaa8a1.0
REPORT 2023-08-17T16:47:14: 
^^^^^^^^^^^^^^^^^^^^^^^^^^^^^^^^^^^^^^^^^^^^^^
REPORT 2023-08-17T16:47:14: Wolfhound :d50f1e9d-0a0b-4dc8-9a06-a33233aaa8a1.0 took Damage from LRM5 - Weapon
REPORT 2023-08-17T16:47:14: Damage to Wolfhound/Wolfhound/d50f1e9d-0a0b-4dc8-9a06-a33233aaa8a1.0
REPORT 2023-08-17T16:47:14: Damage by Locust/Locust/23f34901-6a35-446d-80f6-fd482c9ea33d.0
REPORT 2023-08-17T16:47:14: Damage >>> D: 4.000 DS: 0.000 H: 0
REPORT 2023-08-17T16:47:14: 
^^^^^^^^^^^^^^^^^^^^^^^^^^^^^^^^^^^^^^^^^^^^^^
REPORT 2023-08-17T16:47:14: Wolfhound :d50f1e9d-0a0b-4dc8-9a06-a33233aaa8a1.0 took Damage from LRM5 - Weapon
REPORT 2023-08-17T16:47:14: Damage to Wolfhound/Wolfhound/d50f1e9d-0a0b-4dc8-9a06-a33233aaa8a1.0
REPORT 2023-08-17T16:47:14: Damage by Locust/Locust/23f34901-6a35-446d-80f6-fd482c9ea33d.0
REPORT 2023-08-17T16:47:14: Damage >>> D: 4.000 DS: 0.000 H: 0
REPORT 2023-08-17T16:47:14: 
^^^^^^^^^^^^^^^^^^^^^^^^^^^^^^^^^^^^^^^^^^^^^^
REPORT 2023-08-17T16:47:14: Wolfhound :d50f1e9d-0a0b-4dc8-9a06-a33233aaa8a1.0 took Damage from LRM5 - Weapon
REPORT 2023-08-17T16:47:14: Damage to Wolfhound/Wolfhound/d50f1e9d-0a0b-4dc8-9a06-a33233aaa8a1.0
REPORT 2023-08-17T16:47:14: Damage by Locust/Locust/23f34901-6a35-446d-80f6-fd482c9ea33d.0
REPORT 2023-08-17T16:47:14: Damage >>> D: 4.000 DS: 0.000 H: 0
REPORT 2023-08-17T16:47:14: 
^^^^^^^^^^^^^^^^^^^^^^^^^^^^^^^^^^^^^^^^^^^^^^
REPORT 2023-08-17T16:47:14: Wolfhound :d50f1e9d-0a0b-4dc8-9a06-a33233aaa8a1.0 took Damage from LRM5 - Weapon
REPORT 2023-08-17T16:47:14: Damage to Wolfhound/Wolfhound/d50f1e9d-0a0b-4dc8-9a06-a33233aaa8a1.0
REPORT 2023-08-17T16:47:14: Damage by Locust/Locust/23f34901-6a35-446d-80f6-fd482c9ea33d.0
REPORT 2023-08-17T16:47:14: Damage >>> D: 4.000 DS: 0.000 H: 0
REPORT 2023-08-17T16:47:17: attack was completed for Locust - Locust - 23f34901-6a35-446d-80f6-fd482c9ea33d.0 (AttackDirector:OnAttackComplete) -victims [1]
REPORT 2023-08-17T16:47:17: 
══════════════════════════════════════════════
REPORT 2023-08-17T16:47:17: Damage to Wolfhound/Wolfhound/d50f1e9d-0a0b-4dc8-9a06-a33233aaa8a1.0
REPORT 2023-08-17T16:47:17: Damage by Locust/Locust/23f34901-6a35-446d-80f6-fd482c9ea33d.0
REPORT 2023-08-17T16:47:17: Damage >>> A: 16.000/445.000 S: 0.000/230.000 (2.37%) H: 0
REPORT 2023-08-17T16:47:17: Not enough damage
REPORT 2023-08-17T16:47:18: Processing Locust:23f34901-6a35-446d-80f6-fd482c9ea33d.0
REPORT 2023-08-17T16:47:18: completed Turn Activation for Locust - Locust - 23f34901-6a35-446d-80f6-fd482c9ea33d.0 -victims [0]
REPORT 2023-08-17T16:47:18: ActorHealth Locust - Locust - 23f34901-6a35-446d-80f6-fd482c9ea33d.0 -100.000%
REPORT 2023-08-17T16:47:18: Checking pilot panic for Locust:23f34901-6a35-446d-80f6-fd482c9ea33d.0 recent panicFalse Confident Health:100.000% v/s 30 Alone:False
REPORT 2023-08-17T16:47:22: new Turn Activation for Wolfhound - Wolfhound - d50f1e9d-0a0b-4dc8-9a06-a33233aaa8a1.0
REPORT 2023-08-17T16:47:24: attack was completed for Wolfhound - Wolfhound - d50f1e9d-0a0b-4dc8-9a06-a33233aaa8a1.0 (ActorMovementSequence:CompleteOrders) -victims [0]
REPORT 2023-08-17T16:47:33: new Turn Re-Activation for Wolfhound
REPORT 2023-08-17T16:47:34: 
^^^^^^^^^^^^^^^^^^^^^^^^^^^^^^^^^^^^^^^^^^^^^^
REPORT 2023-08-17T16:47:34: Wyvern :aa8b1087-4ca2-491a-b3ed-addafc2410f3.0 took Damage from Large Laser - Weapon
REPORT 2023-08-17T16:47:34: Damage to Wyvern/Wyvern/aa8b1087-4ca2-491a-b3ed-addafc2410f3.0
REPORT 2023-08-17T16:47:34: Damage by Wolfhound/Wolfhound/d50f1e9d-0a0b-4dc8-9a06-a33233aaa8a1.0
REPORT 2023-08-17T16:47:34: Damage >>> D: 40.000 DS: 0.000 H: 0
REPORT 2023-08-17T16:47:34: Wyvern|Wyvern|aa8b1087-4ca2-491a-b3ed-addafc2410f3.0 added to victims. [1]
REPORT 2023-08-17T16:47:37: 
^^^^^^^^^^^^^^^^^^^^^^^^^^^^^^^^^^^^^^^^^^^^^^
REPORT 2023-08-17T16:47:37: Wyvern :aa8b1087-4ca2-491a-b3ed-addafc2410f3.0 took Damage from Medium Laser - Weapon
REPORT 2023-08-17T16:47:37: Damage to Wyvern/Wyvern/aa8b1087-4ca2-491a-b3ed-addafc2410f3.0
REPORT 2023-08-17T16:47:37: Damage by Wolfhound/Wolfhound/d50f1e9d-0a0b-4dc8-9a06-a33233aaa8a1.0
REPORT 2023-08-17T16:47:37: Damage >>> D: 20.000 DS: 0.000 H: 0
REPORT 2023-08-17T16:47:37: attack was completed for Wolfhound - Wolfhound - d50f1e9d-0a0b-4dc8-9a06-a33233aaa8a1.0 (AttackDirector:OnAttackComplete) -victims [1]
REPORT 2023-08-17T16:47:37: 
══════════════════════════════════════════════
REPORT 2023-08-17T16:47:37: Damage to Wyvern/Wyvern/aa8b1087-4ca2-491a-b3ed-addafc2410f3.0
REPORT 2023-08-17T16:47:37: Damage by Wolfhound/Wolfhound/d50f1e9d-0a0b-4dc8-9a06-a33233aaa8a1.0
REPORT 2023-08-17T16:47:37: Damage >>> A: 77.000/475.600 S: 35.000/281.400 (14.80%) H: 720
REPORT 2023-08-17T16:47:37: Structure damage requires panic save
REPORT 2023-08-17T16:47:37: ----------------------------------------------
REPORT 2023-08-17T16:47:37: Factors              |     Change |      Total
REPORT 2023-08-17T16:47:37: ----------------------------------------------
REPORT 2023-08-17T16:47:37: ActorHealth Wyvern - Wyvern - aa8b1087-4ca2-491a-b3ed-addafc2410f3.0 -74.566%
REPORT 2023-08-17T16:47:37: Unit health 74.57%   |            |
REPORT 2023-08-17T16:47:37: Pilot injuries       |     18.750 |     18.750
REPORT 2023-08-17T16:47:37: Unsteady             |          5 |     23.750
REPORT 2023-08-17T16:47:37: Head                 | A:100.000% | S:100.000%
REPORT 2023-08-17T16:47:37: CenterTorso          | A:100.000% | S:100.000%
REPORT 2023-08-17T16:47:37:                      | [100.000%] | 
REPORT 2023-08-17T16:47:37: LeftTorso            | A:  0.000% | S:  0.000%
REPORT 2023-08-17T16:47:37:                      | [  0.000%] | 
REPORT 2023-08-17T16:47:37: LT                   |     25.000 |     48.750
REPORT 2023-08-17T16:47:37: RightTorso           | A: 29.143% | S: 95.636%
REPORT 2023-08-17T16:47:37:                      | [100.000%] | 
REPORT 2023-08-17T16:47:37: RT                   |      6.632 |     55.382
REPORT 2023-08-17T16:47:37: LeftLeg              | A:100.000% | S:100.000%
REPORT 2023-08-17T16:47:37: RightLeg             | A: 83.200% | S: 97.818%
REPORT 2023-08-17T16:47:37: RL                   |      1.424 |     56.806
REPORT 2023-08-17T16:47:37: Alone 0/7            |      0.000 |     56.806
REPORT 2023-08-17T16:47:37: Resolve 30           |      4.000 |     60.806
REPORT 2023-08-17T16:47:37: Guts and Tactics     |        -15 |     45.806
REPORT 2023-08-17T16:47:37: Fetched final multiplier from actor: 1
REPORT 2023-08-17T16:47:37: Panic multiplier     |          1 |     45.806
REPORT 2023-08-17T16:47:37: ----------------------------------------------
REPORT 2023-08-17T16:47:37: Saving throw         | 46      82 |       Roll
REPORT 2023-08-17T16:47:37: ----------------------------------------------
REPORT 2023-08-17T16:47:37: Successful panic save
REPORT 2023-08-17T16:47:38: Processing Wolfhound:d50f1e9d-0a0b-4dc8-9a06-a33233aaa8a1.0
REPORT 2023-08-17T16:47:38: completed Turn Activation for Wolfhound - Wolfhound - d50f1e9d-0a0b-4dc8-9a06-a33233aaa8a1.0 -victims [0]
REPORT 2023-08-17T16:47:38: ActorHealth Wolfhound - Wolfhound - d50f1e9d-0a0b-4dc8-9a06-a33233aaa8a1.0 -97.630%
REPORT 2023-08-17T16:47:38: Checking pilot panic for Wolfhound:d50f1e9d-0a0b-4dc8-9a06-a33233aaa8a1.0 recent panicFalse Confident Health:97.630% v/s 30 Alone:False
REPORT 2023-08-17T16:47:40: new Turn Activation for Locust - Locust - 8631b020-835a-4eb6-bdd5-4f256386addd.0
REPORT 2023-08-17T16:47:44: attack was completed for Locust - Locust - 8631b020-835a-4eb6-bdd5-4f256386addd.0 (ActorMovementSequence:CompleteOrders) -victims [0]
REPORT 2023-08-17T16:47:44: new Turn Re-Activation for Locust
REPORT 2023-08-17T16:47:45: 
^^^^^^^^^^^^^^^^^^^^^^^^^^^^^^^^^^^^^^^^^^^^^^
REPORT 2023-08-17T16:47:45: 0 Gundam :ec9d2280-ca9a-4d90-8a20-963d8a4c0a39.0 took Damage from Medium Laser - Weapon
REPORT 2023-08-17T16:47:45: Damage to 0 Gundam/0 Gundam/ec9d2280-ca9a-4d90-8a20-963d8a4c0a39.0
REPORT 2023-08-17T16:47:45: Damage by Locust/Locust/8631b020-835a-4eb6-bdd5-4f256386addd.0
REPORT 2023-08-17T16:47:45: Damage >>> D: 17.000 DS: 0.000 H: 0
REPORT 2023-08-17T16:47:45: 0 Gundam|0 Gundam|ec9d2280-ca9a-4d90-8a20-963d8a4c0a39.0 added to victims. [1]
REPORT 2023-08-17T16:47:50: attack was completed for Locust - Locust - 8631b020-835a-4eb6-bdd5-4f256386addd.0 (AttackDirector:OnAttackComplete) -victims [1]
REPORT 2023-08-17T16:47:50: 
══════════════════════════════════════════════
REPORT 2023-08-17T16:47:50: Damage to 0 Gundam/0 Gundam/ec9d2280-ca9a-4d90-8a20-963d8a4c0a39.0
REPORT 2023-08-17T16:47:50: Damage by Locust/Locust/8631b020-835a-4eb6-bdd5-4f256386addd.0
REPORT 2023-08-17T16:47:50: Damage >>> A: 17.000/975.000 S: 0.000/446.000 (1.20%) H: 0
REPORT 2023-08-17T16:47:50: Not enough damage
REPORT 2023-08-17T16:47:51: Processing Locust:8631b020-835a-4eb6-bdd5-4f256386addd.0
REPORT 2023-08-17T16:47:51: completed Turn Activation for Locust - Locust - 8631b020-835a-4eb6-bdd5-4f256386addd.0 -victims [0]
REPORT 2023-08-17T16:47:51: ActorHealth Locust - Locust - 8631b020-835a-4eb6-bdd5-4f256386addd.0 -100.000%
REPORT 2023-08-17T16:47:51: Checking pilot panic for Locust:8631b020-835a-4eb6-bdd5-4f256386addd.0 recent panicFalse Confident Health:100.000% v/s 30 Alone:False
REPORT 2023-08-17T16:47:53: new Turn Activation for Crab - Crab - fb517114-a960-4d21-ac59-7af694107ab1.0
