00:40:04.562 Assembly version: 0.9.8.3
00:40:04.563 == Mod Config Initialization Started == 
00:40:04.564 ScaleObjectiveBuildingStructure has difficulties between 1 and 12
00:40:04.564 == Mod Config Initialization Complete == 
00:40:04.568 === MOD CONFIG BEGIN ===
00:40:04.568   DEBUG: False Trace: False
00:40:04.568   -- Fixes --
00:40:04.568   AbilityResourceFix:                 True
00:40:04.568   AlternateMechNamingStyle:           False
00:40:04.568   BuildingDamageColorChange:          False
00:40:04.568   BraceOnMeleeWithJuggernaut:         True
00:40:04.568   BreachingShotIgnoresAllDR:          False
00:40:04.568   BulkPurchasing:                     False
00:40:04.568   BulkScrapping:                      False
00:40:04.573   CalledShotTweaks:                   True
00:40:04.573   CombatLog:                          True
00:40:04.573   DifficultyModsFromStats:            True
00:40:04.573   DisableCampaign:                    True
00:40:04.573   DisableDebug:                       True
00:40:04.573   DisableCombatRestarts:              True
00:40:04.573   DisableCombatSaves:                 True
00:40:04.573   DisableMPHashCalculation:           True
00:40:04.573   DisableLowFundsNotification:        True
00:40:04.573   ExplodingBuildingFix:               True
00:40:04.573   EventRequirementsScopeFix:          True
00:40:04.573   ExtendedStats:                      False
00:40:04.573   FactionReputationFixes:             True
00:40:04.573   FlexibleSensorLock:                 False
00:40:04.573   MaxArmorMaxesArmor:                 True
00:40:04.573   MechbayLayout:                      True
00:40:04.573   MechbayLayoutDisableStore:          True
00:40:04.573   OnWeaponFireFix:                    True
00:40:04.573   PainTolerance:                      True
00:40:04.573   PathfinderTeamFix:                  True
00:40:04.573   RandomStartByDifficulty:            True
00:40:04.573   ReduceSaveCompression:              True
00:40:04.573   ScaleObjectiveBuildingStructure:    True
00:40:04.573   ShowAllArgoUpgrades:                True
00:40:04.573   SkipDeleteSavePopup:                True
00:40:04.573   SkirmishAlwaysUnlimited:            True
00:40:04.573   SkirmishReset:                      False
00:40:04.573   SimGameDifficultyLabelsReplacer:    False
00:40:04.573   SpawnProtection:                    True
00:40:04.573   StreamlinedMainMenu:                True
00:40:04.573   TurnDirectorStartFirstRoundFix:     True
00:40:04.573   TgtComputerTonnageDisplay:          True
00:40:04.573   UrbanExplosionsFix:                 False
00:40:04.573   WeaponTooltips:                     True
00:40:04.573   DamageReductionInCombatHud:         False
00:40:04.573   DeathChanceStat:                    True
00:40:04.573   DisableCTMaxInjureTags:                     System.Collections.Generic.List`1[System.String]
00:40:04.573   TorsoMountStatName:                     isTorsoMount
00:40:04.573   -- Called Shot --
00:40:04.573    Disable => AllLocations: True  Headshots: True
00:40:04.573    Enable => ComplexTacticsModifier: True
00:40:04.573    BaseModifier:-1
00:40:04.573    CalledShotDefaultMod:-1
00:40:04.573   -- Spawn Protection --
00:40:04.573    ApplyGuard:True  EvasionPips:8
00:40:04.573    ApplyToEnemies:True  ApplyToAllies:True  ApplyToNeutrals:True  
00:40:04.573    ApplyToReinforcements:True
00:40:04.573   -- Cheat Detection --
00:40:04.573    CheatDetection:True
00:40:04.573    CheatDetectionNotify:True
00:40:04.573    CheatDetectionStat:CheatFoundS2
00:40:04.573   -- ObstructionTweaks --
00:40:04.574    DRMechLocs:System.Collections.Generic.List`1[BattleTech.ArmorLocation]
00:40:04.574    DRVehicleLocs:System.Collections.Generic.List`1[BattleTech.VehicleChassisLocations]
00:40:04.574    QuadTags:System.Collections.Generic.List`1[System.String]
00:40:04.574    ObstructionDRByTags:System.Collections.Generic.Dictionary`2[System.String,System.Single]
00:40:04.574   -- Store --
00:40:04.574    QuantityOnShift:5  QuantityOnControl:20
00:40:04.574   -- Flexible Sensor Lock Options --
00:40:04.574    FreeActionWithAbility:False  AbilityId:AbilityDefT5A
00:40:04.574 === MOD CONFIG END ===
00:40:04.574 INFO: No errors reading settings file.
00:40:04.579 Activating Fix: BraceOnMeleeWithJuggernaut
00:40:04.579 Activating Fix: CalledShotTweaks
00:40:04.579 Activating Fix: PainTolerance
00:40:04.579 Activating Fix: PathfinderTeamFix
00:40:04.579 Activating Fix: ScaleObjectiveBuildingStructure
00:40:04.579 Activating Fix: SpawnProtection
00:40:04.580 Activating Fix: RandomStartByDifficulty
00:40:04.580 Activating Fix: DisableCampaign
00:40:04.580 Activating Fix: DisableLowFundsNotification
00:40:04.580 Activating Fix: DisableMPHashCalculation
00:40:04.580 Activating Fix: MultiTargetStat
00:40:04.580 Activating fix: ReduceSaveCompression.
00:40:04.580 Activating fix: ShowAllArgoUpgrades.
00:40:04.580 Activating fix: SkipDeleteSavePopup.
00:40:04.581 Activating Fix: CombatLog
00:40:04.695 Activating Fix: SkirmishAlwaysUnlimited
00:40:04.695 Activating Fix: DisableCombatSaves
00:40:04.695 Activating Fix: DisableCombatRestart
00:40:04.695 Activating Fix: StreamlinedMainMenu
00:40:04.764 Activating Fix: WeaponTooltip
00:40:07.063 AA:CPSFA Found INJURY IGNORED instruction at idx: 73
00:40:07.063 AA:CPSFA Found Pilot.ClearNeedsInjury instruction at idx: 118
00:40:07.091 M:CK Found INJURY IGNORED instruction at idx: 111
00:40:07.202 [InitializeEffects] Initializing effects for Brace Effects
00:40:07.202 EffectData statname: CACAoEDamageMult
00:40:18.114 Disabling the campaign button on the main menu.
00:40:18.118 Disabling the debug buttons in the main menu.
00:40:51.558 CHEATDETECTION: Added key to SimGameFunds with Funds 600000 on rehydrate, post.
00:40:51.558 CHEATDETECTION: PilotGen_SGRef_2: Added SGRef_3  key to PilotCurrentXP with UnspentXP 0 on rehydrate, post.
00:40:51.558 CHEATDETECTION: PilotGen_SGRef_5: Added SGRef_6  key to PilotCurrentXP with UnspentXP 0 on rehydrate, post.
00:40:51.558 CHEATDETECTION: PilotGen_SGRef_7: Added SGRef_8  key to PilotCurrentXP with UnspentXP 0 on rehydrate, post.
00:40:51.558 CHEATDETECTION: PilotGen_SGRef_9: Added SGRef_10  key to PilotCurrentXP with UnspentXP 0 on rehydrate, post.
00:40:51.558 CHEATDETECTION: commander: Added commander  key to PilotCurrentXP with UnspentXP 7000 on rehydrate, post.
00:40:56.361 SGNWL:I - entered with instanceType: BattleTech.UI.SGNavigationWidgetLeft.
00:41:00.510 SGNL:Start - adding new button.
00:41:00.510  - Creating store button
00:41:00.515  - Creating staff button
00:41:00.519  - Creating memorial button
00:41:03.872 CHEATDETECTION: PilotGen_SGRef_2: Set tracker SGRef_3 PilotCurrentXP with UnspentXP 0 on SGBarracksAdvancementPanel Close, post.
00:41:03.872 CHEATDETECTION: PilotGen_SGRef_5: Set tracker SGRef_6 PilotCurrentXP with UnspentXP 0 on SGBarracksAdvancementPanel Close, post.
00:41:03.872 CHEATDETECTION: PilotGen_SGRef_7: Set tracker SGRef_8 PilotCurrentXP with UnspentXP 0 on SGBarracksAdvancementPanel Close, post.
00:41:03.872 CHEATDETECTION: PilotGen_SGRef_9: Set tracker SGRef_10 PilotCurrentXP with UnspentXP 0 on SGBarracksAdvancementPanel Close, post.
00:41:03.872 CHEATDETECTION: commander: Set tracker commander PilotCurrentXP with UnspentXP 7000 on SGBarracksAdvancementPanel Close, post.
00:41:06.042 DEBUG - calling SetSubroom for location:NAVIGATION and menuType:Navigation!
