23:28:11.711 Preparing toHit from: Demolisher_Striker_F95DEA1F to: Atlas II_Elite Vanguard_2B6D940B with range: 1548.14 for weapon: AC/20
23:28:11.712   Visual attack == eyeball: 5 mimetic: 0 zoomAtack: 5
23:28:11.712   Sensor attack penalties == narc: 0  tag: 0  ecmShield: 0  stealth: 0
23:28:11.712   Applying noVisuals penalty
23:28:11.724 Preparing toHit from: Demolisher_Striker_F95DEA1F to: Atlas II_Elite Vanguard_2B6D940B with range: 1548.14 for weapon: AC/20
23:28:11.724   Visual attack == eyeball: 5 mimetic: 0 zoomAtack: 5
23:28:11.724   Sensor attack penalties == narc: 0  tag: 0  ecmShield: 0  stealth: 0
23:28:11.724   Applying noVisuals penalty
23:28:11.732 Preparing toHit from: Demolisher_Striker_F95DEA1F to: Atlas II_Elite Vanguard_2B6D940B with range: 1548.14 for weapon: AC/20
23:28:11.737   Visual attack == eyeball: 5 mimetic: 0 zoomAtack: 5
23:28:11.737   Sensor attack penalties == narc: 0  tag: 0  ecmShield: 0  stealth: 0
23:28:11.737   Applying noVisuals penalty
23:28:11.737 Preparing toHit from: Demolisher_Striker_F95DEA1F to: Atlas II_Elite Vanguard_2B6D940B with range: 1548.14 for weapon: AC/20
23:28:11.737   Visual attack == eyeball: 5 mimetic: 0 zoomAtack: 5
23:28:11.737   Sensor attack penalties == narc: 0  tag: 0  ecmShield: 0  stealth: 0
23:28:11.737   Applying noVisuals penalty
23:28:11.739 Preparing toHit from: Demolisher_Striker_F95DEA1F to: Heavy Sniper Turret_Automatic_3D735718 with range: 1679.96 for weapon: AC/20
23:28:11.739   Visual attack == eyeball: 5 mimetic: 0 zoomAtack: 5
23:28:11.739   Sensor attack penalties == narc: 0  tag: 0  ecmShield: 0  stealth: 0
23:28:11.739   Applying noVisuals penalty
23:28:11.739 Preparing toHit from: Demolisher_Striker_F95DEA1F to: Heavy Sniper Turret_Automatic_3D735718 with range: 1679.96 for weapon: AC/20
23:28:11.739   Visual attack == eyeball: 5 mimetic: 0 zoomAtack: 5
23:28:11.739   Sensor attack penalties == narc: 0  tag: 0  ecmShield: 0  stealth: 0
23:28:11.739   Applying noVisuals penalty
23:28:11.740 Preparing toHit from: Demolisher_Striker_F95DEA1F to: Heavy LRM Turret_Automatic_935C20A9 with range: 1697.651 for weapon: AC/20
23:28:11.740   Visual attack == eyeball: 5 mimetic: 0 zoomAtack: 5
23:28:11.740   Sensor attack penalties == narc: 0  tag: 0  ecmShield: 0  stealth: 0
23:28:11.740   Applying noVisuals penalty
23:28:11.740 Preparing toHit from: Demolisher_Striker_F95DEA1F to: Heavy LRM Turret_Automatic_935C20A9 with range: 1697.651 for weapon: AC/20
23:28:11.740   Visual attack == eyeball: 5 mimetic: 0 zoomAtack: 5
23:28:11.740   Sensor attack penalties == narc: 0  tag: 0  ecmShield: 0  stealth: 0
23:28:11.740   Applying noVisuals penalty
23:28:11.741 Preparing toHit from: Demolisher_Striker_F95DEA1F to: Victor_Elite Sentinel_68F0C967 with range: 1780.465 for weapon: AC/20
23:28:11.741   Visual attack == eyeball: 5 mimetic: 0 zoomAtack: 5
23:28:11.741   Sensor attack penalties == narc: 0  tag: 0  ecmShield: 0  stealth: 0
23:28:11.741   Applying noVisuals penalty
23:28:11.744 Preparing toHit from: Demolisher_Striker_F95DEA1F to: Victor_Elite Sentinel_68F0C967 with range: 1780.465 for weapon: AC/20
23:28:11.744   Visual attack == eyeball: 5 mimetic: 0 zoomAtack: 5
23:28:11.744   Sensor attack penalties == narc: 0  tag: 0  ecmShield: 0  stealth: 0
23:28:11.744   Applying noVisuals penalty
23:28:11.749 Preparing toHit from: Demolisher_Striker_F95DEA1F to: Victor_Elite Sentinel_68F0C967 with range: 1780.465 for weapon: AC/20
23:28:11.749   Visual attack == eyeball: 5 mimetic: 0 zoomAtack: 5
23:28:11.749   Sensor attack penalties == narc: 0  tag: 0  ecmShield: 0  stealth: 0
23:28:11.749   Applying noVisuals penalty
23:28:11.749 Preparing toHit from: Demolisher_Striker_F95DEA1F to: Victor_Elite Sentinel_68F0C967 with range: 1780.465 for weapon: AC/20
23:28:11.749   Visual attack == eyeball: 5 mimetic: 0 zoomAtack: 5
23:28:11.749   Sensor attack penalties == narc: 0  tag: 0  ecmShield: 0  stealth: 0
23:28:11.749   Applying noVisuals penalty
23:28:16.226 Preparing toHit from: Banshee_Elite Vanguard_E07DCF4B to: Marauder_Lan_547D0D86 with range: 384.012 for weapon: Small Laser
23:28:16.227   Visual attack == eyeball: 5 mimetic: 0 zoomAtack: 5
23:28:16.227   Sensor attack penalties == narc: 0  tag: 0  ecmShield: 0  stealth: 0
23:28:16.227   Applying noVisuals penalty
23:28:16.229 Preparing toHit from: Banshee_Elite Vanguard_E07DCF4B to: Marauder_Lan_547D0D86 with range: 384.012 for weapon: Medium Laser
23:28:16.230   Visual attack == eyeball: 5 mimetic: 0 zoomAtack: 5
23:28:16.230   Sensor attack penalties == narc: 0  tag: 0  ecmShield: 0  stealth: 0
23:28:16.230   Applying noVisuals penalty
23:28:16.232 Preparing toHit from: Banshee_Elite Vanguard_E07DCF4B to: Marauder_Lan_547D0D86 with range: 384.012 for weapon: PPC
23:28:16.233   Visual attack == eyeball: 5 mimetic: 0 zoomAtack: 5
23:28:16.233   Sensor attack penalties == narc: 0  tag: 0  ecmShield: 0  stealth: 0
23:28:16.233   Applying noVisuals penalty
23:28:16.235 Preparing toHit from: Banshee_Elite Vanguard_E07DCF4B to: Marauder_Lan_547D0D86 with range: 384.012 for weapon: Medium Laser
23:28:16.235   Visual attack == eyeball: 5 mimetic: 0 zoomAtack: 5
23:28:16.236   Sensor attack penalties == narc: 0  tag: 0  ecmShield: 0  stealth: 0
23:28:16.236   Applying noVisuals penalty
23:28:16.238 Preparing toHit from: Banshee_Elite Vanguard_E07DCF4B to: Marauder_Lan_547D0D86 with range: 384.012 for weapon: PPC
23:28:16.238   Visual attack == eyeball: 5 mimetic: 0 zoomAtack: 5
23:28:16.238   Sensor attack penalties == narc: 0  tag: 0  ecmShield: 0  stealth: 0
23:28:16.238   Applying noVisuals penalty
23:28:16.244 Preparing toHit from: Banshee_Elite Vanguard_E07DCF4B to: Marauder_Growl_64DB4691 with range: 410.1234 for weapon: Small Laser
23:28:16.244   Visual attack == eyeball: 5 mimetic: 0 zoomAtack: 5
23:28:16.244   Sensor attack penalties == narc: 0  tag: 0  ecmShield: 0  stealth: 0
23:28:16.244   Applying noVisuals penalty
23:28:16.247 Preparing toHit from: Banshee_Elite Vanguard_E07DCF4B to: Marauder_Growl_64DB4691 with range: 410.1234 for weapon: Medium Laser
23:28:16.247   Visual attack == eyeball: 5 mimetic: 0 zoomAtack: 5
23:28:16.247   Sensor attack penalties == narc: 0  tag: 0  ecmShield: 0  stealth: 0
23:28:16.247   Applying noVisuals penalty
23:28:16.250 Preparing toHit from: Banshee_Elite Vanguard_E07DCF4B to: Marauder_Growl_64DB4691 with range: 410.1234 for weapon: PPC
23:28:16.250   Visual attack == eyeball: 5 mimetic: 0 zoomAtack: 5
23:28:16.250   Sensor attack penalties == narc: 0  tag: 0  ecmShield: 0  stealth: 0
23:28:16.250   Applying noVisuals penalty
23:28:16.252 Preparing toHit from: Banshee_Elite Vanguard_E07DCF4B to: Marauder_Growl_64DB4691 with range: 410.1234 for weapon: Medium Laser
23:28:16.253   Visual attack == eyeball: 5 mimetic: 0 zoomAtack: 5
23:28:16.253   Sensor attack penalties == narc: 0  tag: 0  ecmShield: 0  stealth: 0
23:28:16.253   Applying noVisuals penalty
23:28:16.255 Preparing toHit from: Banshee_Elite Vanguard_E07DCF4B to: Marauder_Growl_64DB4691 with range: 410.1234 for weapon: PPC
23:28:16.255   Visual attack == eyeball: 5 mimetic: 0 zoomAtack: 5
23:28:16.255   Sensor attack penalties == narc: 0  tag: 0  ecmShield: 0  stealth: 0
23:28:16.255   Applying noVisuals penalty
23:28:16.261 Preparing toHit from: Banshee_Elite Vanguard_E07DCF4B to: Marauder_Cerberus_68BECF7F with range: 434.2008 for weapon: Small Laser
23:28:16.261   Visual attack == eyeball: 5 mimetic: 0 zoomAtack: 5
23:28:16.261   Sensor attack penalties == narc: 0  tag: 0  ecmShield: 0  stealth: 0
23:28:16.261   Applying noVisuals penalty
23:28:16.264 Preparing toHit from: Banshee_Elite Vanguard_E07DCF4B to: Marauder_Cerberus_68BECF7F with range: 434.2008 for weapon: Medium Laser
23:28:16.264   Visual attack == eyeball: 5 mimetic: 0 zoomAtack: 5
23:28:16.264   Sensor attack penalties == narc: 0  tag: 0  ecmShield: 0  stealth: 0
23:28:16.264   Applying noVisuals penalty
23:28:16.266 Preparing toHit from: Banshee_Elite Vanguard_E07DCF4B to: Marauder_Cerberus_68BECF7F with range: 434.2008 for weapon: PPC
23:28:16.267   Visual attack == eyeball: 5 mimetic: 0 zoomAtack: 5
23:28:16.267   Sensor attack penalties == narc: 0  tag: 0  ecmShield: 0  stealth: 0
23:28:16.267   Applying noVisuals penalty
23:28:16.269 Preparing toHit from: Banshee_Elite Vanguard_E07DCF4B to: Marauder_Cerberus_68BECF7F with range: 434.2008 for weapon: Medium Laser
23:28:16.269   Visual attack == eyeball: 5 mimetic: 0 zoomAtack: 5
23:28:16.269   Sensor attack penalties == narc: 0  tag: 0  ecmShield: 0  stealth: 0
23:28:16.269   Applying noVisuals penalty
23:28:16.272 Preparing toHit from: Banshee_Elite Vanguard_E07DCF4B to: Marauder_Cerberus_68BECF7F with range: 434.2008 for weapon: PPC
23:28:16.272   Visual attack == eyeball: 5 mimetic: 0 zoomAtack: 5
23:28:16.272   Sensor attack penalties == narc: 0  tag: 0  ecmShield: 0  stealth: 0
23:28:16.272   Applying noVisuals penalty
23:28:16.278 Preparing toHit from: Banshee_Elite Vanguard_E07DCF4B to: Marauder_Indrahim_C76E80F0 with range: 444.6444 for weapon: Small Laser
23:28:16.278   Visual attack == eyeball: 5 mimetic: 0 zoomAtack: 5
23:28:16.278   Sensor attack penalties == narc: 0  tag: 0  ecmShield: 0  stealth: 0
23:28:16.278   Applying noVisuals penalty
23:28:16.280 Preparing toHit from: Banshee_Elite Vanguard_E07DCF4B to: Marauder_Indrahim_C76E80F0 with range: 444.6444 for weapon: Medium Laser
23:28:16.280   Visual attack == eyeball: 5 mimetic: 0 zoomAtack: 5
23:28:16.280   Sensor attack penalties == narc: 0  tag: 0  ecmShield: 0  stealth: 0
23:28:16.280   Applying noVisuals penalty
23:28:16.282 Preparing toHit from: Banshee_Elite Vanguard_E07DCF4B to: Marauder_Indrahim_C76E80F0 with range: 444.6444 for weapon: PPC
23:28:16.283   Visual attack == eyeball: 5 mimetic: 0 zoomAtack: 5
23:28:16.283   Sensor attack penalties == narc: 0  tag: 0  ecmShield: 0  stealth: 0
23:28:16.283   Applying noVisuals penalty
23:28:16.285 Preparing toHit from: Banshee_Elite Vanguard_E07DCF4B to: Marauder_Indrahim_C76E80F0 with range: 444.6444 for weapon: Medium Laser
23:28:16.285   Visual attack == eyeball: 5 mimetic: 0 zoomAtack: 5
23:28:16.285   Sensor attack penalties == narc: 0  tag: 0  ecmShield: 0  stealth: 0
23:28:16.285   Applying noVisuals penalty
23:28:16.288 Preparing toHit from: Banshee_Elite Vanguard_E07DCF4B to: Marauder_Indrahim_C76E80F0 with range: 444.6444 for weapon: PPC
23:28:16.288   Visual attack == eyeball: 5 mimetic: 0 zoomAtack: 5
23:28:16.288   Sensor attack penalties == narc: 0  tag: 0  ecmShield: 0  stealth: 0
23:28:16.288   Applying noVisuals penalty
