23:27:17.825 Actor:DEPLOY_ROT IN HELL_C1C967DF has raw EW Check: 0
23:27:17.825 Actor:Marauder_Lan_547D0D86 has raw EW Check: 8
23:27:17.825 Actor:Marauder_Cerberus_68BECF7F has raw EW Check: -9
23:27:17.825 Actor:Marauder_Indrahim_C76E80F0 has raw EW Check: 3
23:27:17.825 Actor:Marauder_Growl_64DB4691 has raw EW Check: -4
23:27:17.825 Actor:Demolisher_Striker_F95DEA1F has raw EW Check: 3
23:27:17.825 Actor:SRM Carrier_Gladiator_102B4125 has raw EW Check: -3
23:27:17.826 Actor:Schrek SPPC Carrier_Recon_5290EEED has raw EW Check: 0
23:27:17.826 Actor:Schrek PPC Carrier_Skirmisher_10312158 has raw EW Check: 1
23:27:17.826 Actor:Demolisher LB-X_Recon_3375C2A has raw EW Check: 2
23:27:17.826 Actor:Demolisher LB-X_Lancer_82997C8E has raw EW Check: -4
23:27:17.826 Actor:Banshee_Elite Vanguard_E07DCF4B has raw EW Check: 0
23:27:17.826 Actor:Atlas II_Elite Vanguard_2B6D940B has raw EW Check: -1
23:27:17.826 Actor:Victor_Elite Sentinel_68F0C967 has raw EW Check: 0
23:27:17.826 Actor:Heavy Shredder Turret_Automatic_A1F1D775 has raw EW Check: -3
23:27:17.826 Actor:Heavy Sniper Turret_Automatic_3D735718 has raw EW Check: -3
23:27:17.826 Actor:Heavy Sniper Turret_Automatic_D0587CB7 has raw EW Check: 1
23:27:17.826 Actor:Heavy LRM Turret_Automatic_935C20A9 has raw EW Check: 2
23:27:32.654 === Turn Director is beginning round: 1
23:27:32.654  -- Updating actor: DEPLOY_ROT IN HELL_C1C967DF
23:27:32.654 Actor: DEPLOY_ROT IN HELL_C1C967DF sensors are offline until: 2
23:27:32.654 Actor:DEPLOY_ROT IN HELL_C1C967DF has raw EW Check: -3
23:27:32.656 Raw check: -3  tacticsMod: 0  visionRange: 961  sensorsRange: 180  ecmShieldMod: 0  ecmJammedMod: 0  advSensors: 0  probeCarrier: 0  stealth (detailsMod:  sigMulti:  attack:  /  / )  mimetic: (visibilityMulti:   attackMod:  hexesToDecay: )  zoomVision: (attackMod:  hexesToDecay:  attackCap:  maxRange: )  heatVision: (attackMod:  heatDivisor:   maxRange: )  nightVision: False  sharesVision: False  pingedByProbe: 0  narcEffect: (detailsMod:  sigMod:  attackMod: )  tagEffect: (detailsMod:  sigMod:  attackMod: )
23:27:32.656  -- Updating actor: Marauder_Lan_547D0D86
23:27:32.656 Actor: Marauder_Lan_547D0D86 sensors are offline until: 2
23:27:32.656 Actor:Marauder_Lan_547D0D86 has raw EW Check: -2
23:27:32.656 Raw check: -2  tacticsMod: 3  visionRange: 961  sensorsRange: 180  ecmShieldMod: 0  ecmJammedMod: 0  advSensors: 0  probeCarrier: 0  stealth (detailsMod:  sigMulti:  attack:  /  / )  mimetic: (visibilityMulti:   attackMod:  hexesToDecay: )  zoomVision: (attackMod:  hexesToDecay:  attackCap:  maxRange: )  heatVision: (attackMod:  heatDivisor:   maxRange: )  nightVision: False  sharesVision: False  pingedByProbe: 0  narcEffect: (detailsMod:  sigMod:  attackMod: )  tagEffect: (detailsMod:  sigMod:  attackMod: )
23:27:32.656  -- Updating actor: Marauder_Cerberus_68BECF7F
23:27:32.656 Actor: Marauder_Cerberus_68BECF7F sensors are offline until: 2
23:27:32.656 Actor:Marauder_Cerberus_68BECF7F has raw EW Check: -1
23:27:32.656 Raw check: -1  tacticsMod: 1  visionRange: 961  sensorsRange: 180  ecmShieldMod: 0  ecmJammedMod: 0  advSensors: 0  probeCarrier: 0  stealth (detailsMod:  sigMulti:  attack:  /  / )  mimetic: (visibilityMulti:   attackMod:  hexesToDecay: )  zoomVision: (attackMod:  hexesToDecay:  attackCap:  maxRange: )  heatVision: (attackMod:  heatDivisor:   maxRange: )  nightVision: False  sharesVision: False  pingedByProbe: 0  narcEffect: (detailsMod:  sigMod:  attackMod: )  tagEffect: (detailsMod:  sigMod:  attackMod: )
23:27:32.656  -- Updating actor: Marauder_Indrahim_C76E80F0
23:27:32.656 Actor: Marauder_Indrahim_C76E80F0 sensors are offline until: 2
23:27:32.656 Actor:Marauder_Indrahim_C76E80F0 has raw EW Check: -3
23:27:32.656 Raw check: -3  tacticsMod: 4  visionRange: 961  sensorsRange: 180  ecmShieldMod: 0  ecmJammedMod: 0  advSensors: 0  probeCarrier: 0  stealth (detailsMod:  sigMulti:  attack:  /  / )  mimetic: (visibilityMulti:   attackMod:  hexesToDecay: )  zoomVision: (attackMod:  hexesToDecay:  attackCap:  maxRange: )  heatVision: (attackMod:  heatDivisor:   maxRange: )  nightVision: False  sharesVision: False  pingedByProbe: 0  narcEffect: (detailsMod:  sigMod:  attackMod: )  tagEffect: (detailsMod:  sigMod:  attackMod: )
23:27:32.656  -- Updating actor: Marauder_Growl_64DB4691
23:27:32.656 Actor: Marauder_Growl_64DB4691 sensors are offline until: 2
23:27:32.656 Actor:Marauder_Growl_64DB4691 has raw EW Check: -2
23:27:32.656 Raw check: -2  tacticsMod: 1  visionRange: 961  sensorsRange: 180  ecmShieldMod: 0  ecmJammedMod: 0  advSensors: 0  probeCarrier: 0  stealth (detailsMod:  sigMulti:  attack:  /  / )  mimetic: (visibilityMulti:   attackMod:  hexesToDecay: )  zoomVision: (attackMod:  hexesToDecay:  attackCap:  maxRange: )  heatVision: (attackMod:  heatDivisor:   maxRange: )  nightVision: False  sharesVision: False  pingedByProbe: 0  narcEffect: (detailsMod:  sigMod:  attackMod: )  tagEffect: (detailsMod:  sigMod:  attackMod: )
23:27:32.656  -- Updating actor: Demolisher_Striker_F95DEA1F
23:27:32.656 Actor: Demolisher_Striker_F95DEA1F sensors are offline until: 2
23:27:32.656 Actor:Demolisher_Striker_F95DEA1F has raw EW Check: 2
23:27:32.656 Raw check: 2  tacticsMod: 6  visionRange: 961  sensorsRange: 180  ecmShieldMod: 0  ecmJammedMod: 0  advSensors: 0  probeCarrier: 0  stealth (detailsMod:  sigMulti:  attack:  /  / )  mimetic: (visibilityMulti:   attackMod:  hexesToDecay: )  zoomVision: (attackMod:  hexesToDecay:  attackCap:  maxRange: )  heatVision: (attackMod:  heatDivisor:   maxRange: )  nightVision: False  sharesVision: False  pingedByProbe: 0  narcEffect: (detailsMod:  sigMod:  attackMod: )  tagEffect: (detailsMod:  sigMod:  attackMod: )
23:27:32.656  -- Updating actor: SRM Carrier_Gladiator_102B4125
23:27:32.656 Actor: SRM Carrier_Gladiator_102B4125 sensors are offline until: 2
23:27:32.656 Actor:SRM Carrier_Gladiator_102B4125 has raw EW Check: 0
23:27:32.656 Raw check: 0  tacticsMod: 2  visionRange: 961  sensorsRange: 180  ecmShieldMod: 0  ecmJammedMod: 0  advSensors: 0  probeCarrier: 0  stealth (detailsMod:  sigMulti:  attack:  /  / )  mimetic: (visibilityMulti:   attackMod:  hexesToDecay: )  zoomVision: (attackMod:  hexesToDecay:  attackCap:  maxRange: )  heatVision: (attackMod:  heatDivisor:   maxRange: )  nightVision: False  sharesVision: False  pingedByProbe: 0  narcEffect: (detailsMod:  sigMod:  attackMod: )  tagEffect: (detailsMod:  sigMod:  attackMod: )
23:27:32.656  -- Updating actor: Schrek SPPC Carrier_Recon_5290EEED
23:27:32.656 Actor: Schrek SPPC Carrier_Recon_5290EEED sensors are offline until: 2
23:27:32.656 Actor:Schrek SPPC Carrier_Recon_5290EEED has raw EW Check: 0
23:27:32.656 Raw check: 0  tacticsMod: 4  visionRange: 961  sensorsRange: 180  ecmShieldMod: 0  ecmJammedMod: 0  advSensors: 0  probeCarrier: 0  stealth (detailsMod:  sigMulti:  attack:  /  / )  mimetic: (visibilityMulti:   attackMod:  hexesToDecay: )  zoomVision: (attackMod:  hexesToDecay:  attackCap:  maxRange: )  heatVision: (attackMod:  heatDivisor:   maxRange: )  nightVision: False  sharesVision: False  pingedByProbe: 0  narcEffect: (detailsMod:  sigMod:  attackMod: )  tagEffect: (detailsMod:  sigMod:  attackMod: )
23:27:32.656  -- Updating actor: Schrek PPC Carrier_Skirmisher_10312158
23:27:32.656 Actor: Schrek PPC Carrier_Skirmisher_10312158 sensors are offline until: 2
23:27:32.656 Actor:Schrek PPC Carrier_Skirmisher_10312158 has raw EW Check: 6
23:27:32.656 Raw check: 6  tacticsMod: 2  visionRange: 961  sensorsRange: 180  ecmShieldMod: 0  ecmJammedMod: 0  advSensors: 0  probeCarrier: 0  stealth (detailsMod:  sigMulti:  attack:  /  / )  mimetic: (visibilityMulti:   attackMod:  hexesToDecay: )  zoomVision: (attackMod:  hexesToDecay:  attackCap:  maxRange: )  heatVision: (attackMod:  heatDivisor:   maxRange: )  nightVision: False  sharesVision: False  pingedByProbe: 0  narcEffect: (detailsMod:  sigMod:  attackMod: )  tagEffect: (detailsMod:  sigMod:  attackMod: )
23:27:32.656  -- Updating actor: Demolisher LB-X_Recon_3375C2A
23:27:32.656 Actor: Demolisher LB-X_Recon_3375C2A sensors are offline until: 2
23:27:32.656 Actor:Demolisher LB-X_Recon_3375C2A has raw EW Check: 1
23:27:32.656 Raw check: 1  tacticsMod: 4  visionRange: 961  sensorsRange: 180  ecmShieldMod: 0  ecmJammedMod: 0  advSensors: 0  probeCarrier: 0  stealth (detailsMod:  sigMulti:  attack:  /  / )  mimetic: (visibilityMulti:   attackMod:  hexesToDecay: )  zoomVision: (attackMod:  hexesToDecay:  attackCap:  maxRange: )  heatVision: (attackMod:  heatDivisor:   maxRange: )  nightVision: False  sharesVision: False  pingedByProbe: 0  narcEffect: (detailsMod:  sigMod:  attackMod: )  tagEffect: (detailsMod:  sigMod:  attackMod: )
23:27:32.656  -- Updating actor: Demolisher LB-X_Lancer_82997C8E
23:27:32.656 Actor: Demolisher LB-X_Lancer_82997C8E sensors are offline until: 2
23:27:32.656 Actor:Demolisher LB-X_Lancer_82997C8E has raw EW Check: 2
23:27:32.656 Raw check: 2  tacticsMod: 3  visionRange: 961  sensorsRange: 180  ecmShieldMod: 0  ecmJammedMod: 0  advSensors: 0  probeCarrier: 0  stealth (detailsMod:  sigMulti:  attack:  /  / )  mimetic: (visibilityMulti:   attackMod:  hexesToDecay: )  zoomVision: (attackMod:  hexesToDecay:  attackCap:  maxRange: )  heatVision: (attackMod:  heatDivisor:   maxRange: )  nightVision: False  sharesVision: False  pingedByProbe: 0  narcEffect: (detailsMod:  sigMod:  attackMod: )  tagEffect: (detailsMod:  sigMod:  attackMod: )
23:27:32.656  -- Updating actor: Banshee_Elite Vanguard_E07DCF4B
23:27:32.656 Actor: Banshee_Elite Vanguard_E07DCF4B sensors are offline until: 2
23:27:32.656 Actor:Banshee_Elite Vanguard_E07DCF4B has raw EW Check: 3
23:27:32.657 Raw check: 3  tacticsMod: 7  visionRange: 961  sensorsRange: 180  ecmShieldMod: 0  ecmJammedMod: 0  advSensors: 0  probeCarrier: 0  stealth (detailsMod:  sigMulti:  attack:  /  / )  mimetic: (visibilityMulti:   attackMod:  hexesToDecay: )  zoomVision: (attackMod:  hexesToDecay:  attackCap:  maxRange: )  heatVision: (attackMod:  heatDivisor:   maxRange: )  nightVision: False  sharesVision: False  pingedByProbe: 0  narcEffect: (detailsMod:  sigMod:  attackMod: )  tagEffect: (detailsMod:  sigMod:  attackMod: )
23:27:32.657  -- Updating actor: Atlas II_Elite Vanguard_2B6D940B
23:27:32.657 Actor: Atlas II_Elite Vanguard_2B6D940B sensors are offline until: 2
23:27:32.657 Actor:Atlas II_Elite Vanguard_2B6D940B has raw EW Check: 2
23:27:32.657 Raw check: 2  tacticsMod: 7  visionRange: 961  sensorsRange: 180  ecmShieldMod: 0  ecmJammedMod: 0  advSensors: 0  probeCarrier: 0  stealth (detailsMod:  sigMulti:  attack:  /  / )  mimetic: (visibilityMulti:   attackMod:  hexesToDecay: )  zoomVision: (attackMod:  hexesToDecay:  attackCap:  maxRange: )  heatVision: (attackMod:  heatDivisor:   maxRange: )  nightVision: False  sharesVision: False  pingedByProbe: 0  narcEffect: (detailsMod:  sigMod:  attackMod: )  tagEffect: (detailsMod:  sigMod:  attackMod: )
23:27:32.657  -- Updating actor: Victor_Elite Sentinel_68F0C967
23:27:32.657 Actor: Victor_Elite Sentinel_68F0C967 sensors are offline until: 2
23:27:32.657 Actor:Victor_Elite Sentinel_68F0C967 has raw EW Check: 3
23:27:32.657 Raw check: 3  tacticsMod: 5  visionRange: 961  sensorsRange: 180  ecmShieldMod: 0  ecmJammedMod: 0  advSensors: 0  probeCarrier: 0  stealth (detailsMod:  sigMulti:  attack:  /  / )  mimetic: (visibilityMulti:   attackMod:  hexesToDecay: )  zoomVision: (attackMod:  hexesToDecay:  attackCap:  maxRange: )  heatVision: (attackMod:  heatDivisor:   maxRange: )  nightVision: False  sharesVision: False  pingedByProbe: 0  narcEffect: (detailsMod:  sigMod:  attackMod: )  tagEffect: (detailsMod:  sigMod:  attackMod: )
23:27:32.657  -- Updating actor: Heavy Shredder Turret_Automatic_A1F1D775
23:27:32.657 Actor: Heavy Shredder Turret_Automatic_A1F1D775 sensors are offline until: 2
23:27:32.657 Actor:Heavy Shredder Turret_Automatic_A1F1D775 has raw EW Check: 1
23:27:32.657 Raw check: 1  tacticsMod: 4  visionRange: 961  sensorsRange: 180  ecmShieldMod: 0  ecmJammedMod: 0  advSensors: 0  probeCarrier: 0  stealth (detailsMod:  sigMulti:  attack:  /  / )  mimetic: (visibilityMulti:   attackMod:  hexesToDecay: )  zoomVision: (attackMod:  hexesToDecay:  attackCap:  maxRange: )  heatVision: (attackMod:  heatDivisor:   maxRange: )  nightVision: False  sharesVision: False  pingedByProbe: 0  narcEffect: (detailsMod:  sigMod:  attackMod: )  tagEffect: (detailsMod:  sigMod:  attackMod: )
23:27:32.657  -- Updating actor: Heavy Sniper Turret_Automatic_3D735718
23:27:32.657 Actor: Heavy Sniper Turret_Automatic_3D735718 sensors are offline until: 2
23:27:32.657 Actor:Heavy Sniper Turret_Automatic_3D735718 has raw EW Check: 0
23:27:32.657 Raw check: 0  tacticsMod: 4  visionRange: 961  sensorsRange: 180  ecmShieldMod: 0  ecmJammedMod: 0  advSensors: 0  probeCarrier: 0  stealth (detailsMod:  sigMulti:  attack:  /  / )  mimetic: (visibilityMulti:   attackMod:  hexesToDecay: )  zoomVision: (attackMod:  hexesToDecay:  attackCap:  maxRange: )  heatVision: (attackMod:  heatDivisor:   maxRange: )  nightVision: False  sharesVision: False  pingedByProbe: 0  narcEffect: (detailsMod:  sigMod:  attackMod: )  tagEffect: (detailsMod:  sigMod:  attackMod: )
23:27:32.657  -- Updating actor: Heavy Sniper Turret_Automatic_D0587CB7
23:27:32.657 Actor: Heavy Sniper Turret_Automatic_D0587CB7 sensors are offline until: 2
23:27:32.657 Actor:Heavy Sniper Turret_Automatic_D0587CB7 has raw EW Check: -1
23:27:32.657 Raw check: -1  tacticsMod: 4  visionRange: 961  sensorsRange: 180  ecmShieldMod: 0  ecmJammedMod: 0  advSensors: 0  probeCarrier: 0  stealth (detailsMod:  sigMulti:  attack:  /  / )  mimetic: (visibilityMulti:   attackMod:  hexesToDecay: )  zoomVision: (attackMod:  hexesToDecay:  attackCap:  maxRange: )  heatVision: (attackMod:  heatDivisor:   maxRange: )  nightVision: False  sharesVision: False  pingedByProbe: 0  narcEffect: (detailsMod:  sigMod:  attackMod: )  tagEffect: (detailsMod:  sigMod:  attackMod: )
23:27:32.657  -- Updating actor: Heavy LRM Turret_Automatic_935C20A9
23:27:32.657 Actor: Heavy LRM Turret_Automatic_935C20A9 sensors are offline until: 2
23:27:32.657 Actor:Heavy LRM Turret_Automatic_935C20A9 has raw EW Check: 1
23:27:32.657 Raw check: 1  tacticsMod: 4  visionRange: 961  sensorsRange: 180  ecmShieldMod: 0  ecmJammedMod: 0  advSensors: 0  probeCarrier: 0  stealth (detailsMod:  sigMulti:  attack:  /  / )  mimetic: (visibilityMulti:   attackMod:  hexesToDecay: )  zoomVision: (attackMod:  hexesToDecay:  attackCap:  maxRange: )  heatVision: (attackMod:  heatDivisor:   maxRange: )  nightVision: False  sharesVision: False  pingedByProbe: 0  narcEffect: (detailsMod:  sigMod:  attackMod: )  tagEffect: (detailsMod:  sigMod:  attackMod: )
23:28:07.033 === Turn Director is beginning round: 2
23:28:07.033  -- Updating actor: DEPLOY_ROT IN HELL_C1C967DF
23:28:07.033 Re-enabling sensors for DEPLOY_ROT IN HELL_C1C967DF
23:28:07.033 Actor:DEPLOY_ROT IN HELL_C1C967DF has raw EW Check: 4
23:28:07.034 Raw check: 4  tacticsMod: 0  visionRange: 961  sensorsRange: 612  ecmShieldMod: 0  ecmJammedMod: 0  advSensors: 0  probeCarrier: 0  stealth (detailsMod:  sigMulti:  attack:  /  / )  mimetic: (visibilityMulti:   attackMod:  hexesToDecay: )  zoomVision: (attackMod:  hexesToDecay:  attackCap:  maxRange: )  heatVision: (attackMod:  heatDivisor:   maxRange: )  nightVision: False  sharesVision: False  pingedByProbe: 0  narcEffect: (detailsMod:  sigMod:  attackMod: )  tagEffect: (detailsMod:  sigMod:  attackMod: )
23:28:07.034  -- Updating actor: Marauder_Lan_547D0D86
23:28:07.034 Re-enabling sensors for Marauder_Lan_547D0D86
23:28:07.034 Actor:Marauder_Lan_547D0D86 has raw EW Check: 3
23:28:07.034 Raw check: 3  tacticsMod: 3  visionRange: 961  sensorsRange: 739.5  ecmShieldMod: 0  ecmJammedMod: 0  advSensors: 0  probeCarrier: 0  stealth (detailsMod:  sigMulti:  attack:  /  / )  mimetic: (visibilityMulti:   attackMod:  hexesToDecay: )  zoomVision: (attackMod:  hexesToDecay:  attackCap:  maxRange: )  heatVision: (attackMod:  heatDivisor:   maxRange: )  nightVision: False  sharesVision: False  pingedByProbe: 0  narcEffect: (detailsMod:  sigMod:  attackMod: )  tagEffect: (detailsMod:  sigMod:  attackMod: )
23:28:07.034  -- Updating actor: Marauder_Cerberus_68BECF7F
23:28:07.034 Re-enabling sensors for Marauder_Cerberus_68BECF7F
23:28:07.034 Actor:Marauder_Cerberus_68BECF7F has raw EW Check: 1
23:28:07.035 Raw check: 1  tacticsMod: 1  visionRange: 961  sensorsRange: 586.5  ecmShieldMod: 0  ecmJammedMod: 0  advSensors: 0  probeCarrier: 0  stealth (detailsMod:  sigMulti:  attack:  /  / )  mimetic: (visibilityMulti:   attackMod:  hexesToDecay: )  zoomVision: (attackMod:  hexesToDecay:  attackCap:  maxRange: )  heatVision: (attackMod:  heatDivisor:   maxRange: )  nightVision: False  sharesVision: False  pingedByProbe: 0  narcEffect: (detailsMod:  sigMod:  attackMod: )  tagEffect: (detailsMod:  sigMod:  attackMod: )
23:28:07.035  -- Updating actor: Marauder_Indrahim_C76E80F0
23:28:07.035 Re-enabling sensors for Marauder_Indrahim_C76E80F0
23:28:07.035 Actor:Marauder_Indrahim_C76E80F0 has raw EW Check: 7
23:28:07.035 Raw check: 7  tacticsMod: 4  visionRange: 961  sensorsRange: 892.5  ecmShieldMod: 0  ecmJammedMod: 0  advSensors: 0  probeCarrier: 0  stealth (detailsMod:  sigMulti:  attack:  /  / )  mimetic: (visibilityMulti:   attackMod:  hexesToDecay: )  zoomVision: (attackMod:  hexesToDecay:  attackCap:  maxRange: )  heatVision: (attackMod:  heatDivisor:   maxRange: )  nightVision: False  sharesVision: False  pingedByProbe: 0  narcEffect: (detailsMod:  sigMod:  attackMod: )  tagEffect: (detailsMod:  sigMod:  attackMod: )
23:28:07.035  -- Updating actor: Marauder_Growl_64DB4691
23:28:07.035 Re-enabling sensors for Marauder_Growl_64DB4691
23:28:07.035 Actor:Marauder_Growl_64DB4691 has raw EW Check: -1
23:28:07.035 Raw check: -1  tacticsMod: 1  visionRange: 961  sensorsRange: 535.5  ecmShieldMod: 0  ecmJammedMod: 0  advSensors: 0  probeCarrier: 0  stealth (detailsMod:  sigMulti:  attack:  /  / )  mimetic: (visibilityMulti:   attackMod:  hexesToDecay: )  zoomVision: (attackMod:  hexesToDecay:  attackCap:  maxRange: )  heatVision: (attackMod:  heatDivisor:   maxRange: )  nightVision: False  sharesVision: False  pingedByProbe: 0  narcEffect: (detailsMod:  sigMod:  attackMod: )  tagEffect: (detailsMod:  sigMod:  attackMod: )
23:28:07.035  -- Updating actor: Demolisher_Striker_F95DEA1F
23:28:07.035 Re-enabling sensors for Demolisher_Striker_F95DEA1F
23:28:07.035 Actor:Demolisher_Striker_F95DEA1F has raw EW Check: 0
23:28:07.035 Raw check: 0  tacticsMod: 6  visionRange: 961  sensorsRange: 720  ecmShieldMod: 0  ecmJammedMod: 0  advSensors: 0  probeCarrier: 0  stealth (detailsMod:  sigMulti:  attack:  /  / )  mimetic: (visibilityMulti:   attackMod:  hexesToDecay: )  zoomVision: (attackMod:  hexesToDecay:  attackCap:  maxRange: )  heatVision: (attackMod:  heatDivisor:   maxRange: )  nightVision: False  sharesVision: False  pingedByProbe: 0  narcEffect: (detailsMod:  sigMod:  attackMod: )  tagEffect: (detailsMod:  sigMod:  attackMod: )
23:28:07.035  -- Updating actor: SRM Carrier_Gladiator_102B4125
23:28:07.035 Re-enabling sensors for SRM Carrier_Gladiator_102B4125
23:28:07.035 Actor:SRM Carrier_Gladiator_102B4125 has raw EW Check: 0
23:28:07.035 Raw check: 0  tacticsMod: 2  visionRange: 961  sensorsRange: 540  ecmShieldMod: 0  ecmJammedMod: 0  advSensors: 0  probeCarrier: 0  stealth (detailsMod:  sigMulti:  attack:  /  / )  mimetic: (visibilityMulti:   attackMod:  hexesToDecay: )  zoomVision: (attackMod:  hexesToDecay:  attackCap:  maxRange: )  heatVision: (attackMod:  heatDivisor:   maxRange: )  nightVision: False  sharesVision: False  pingedByProbe: 0  narcEffect: (detailsMod:  sigMod:  attackMod: )  tagEffect: (detailsMod:  sigMod:  attackMod: )
23:28:07.035  -- Updating actor: Schrek SPPC Carrier_Recon_5290EEED
23:28:07.035 Re-enabling sensors for Schrek SPPC Carrier_Recon_5290EEED
23:28:07.035 Actor:Schrek SPPC Carrier_Recon_5290EEED has raw EW Check: 3
23:28:07.035 Raw check: 3  tacticsMod: 4  visionRange: 961  sensorsRange: 697.5  ecmShieldMod: 0  ecmJammedMod: 0  advSensors: 0  probeCarrier: 0  stealth (detailsMod:  sigMulti:  attack:  /  / )  mimetic: (visibilityMulti:   attackMod:  hexesToDecay: )  zoomVision: (attackMod:  hexesToDecay:  attackCap:  maxRange: )  heatVision: (attackMod:  heatDivisor:   maxRange: )  nightVision: False  sharesVision: False  pingedByProbe: 0  narcEffect: (detailsMod:  sigMod:  attackMod: )  tagEffect: (detailsMod:  sigMod:  attackMod: )
23:28:07.035  -- Updating actor: Schrek PPC Carrier_Skirmisher_10312158
23:28:07.035 Re-enabling sensors for Schrek PPC Carrier_Skirmisher_10312158
23:28:07.035 Actor:Schrek PPC Carrier_Skirmisher_10312158 has raw EW Check: -1
23:28:07.035 Raw check: -1  tacticsMod: 2  visionRange: 961  sensorsRange: 517.5  ecmShieldMod: 0  ecmJammedMod: 0  advSensors: 0  probeCarrier: 0  stealth (detailsMod:  sigMulti:  attack:  /  / )  mimetic: (visibilityMulti:   attackMod:  hexesToDecay: )  zoomVision: (attackMod:  hexesToDecay:  attackCap:  maxRange: )  heatVision: (attackMod:  heatDivisor:   maxRange: )  nightVision: False  sharesVision: False  pingedByProbe: 0  narcEffect: (detailsMod:  sigMod:  attackMod: )  tagEffect: (detailsMod:  sigMod:  attackMod: )
23:28:07.035  -- Updating actor: Demolisher LB-X_Recon_3375C2A
23:28:07.035 Re-enabling sensors for Demolisher LB-X_Recon_3375C2A
23:28:07.035 Actor:Demolisher LB-X_Recon_3375C2A has raw EW Check: 0
23:28:07.035 Raw check: 0  tacticsMod: 4  visionRange: 961  sensorsRange: 630  ecmShieldMod: 0  ecmJammedMod: 0  advSensors: 0  probeCarrier: 0  stealth (detailsMod:  sigMulti:  attack:  /  / )  mimetic: (visibilityMulti:   attackMod:  hexesToDecay: )  zoomVision: (attackMod:  hexesToDecay:  attackCap:  maxRange: )  heatVision: (attackMod:  heatDivisor:   maxRange: )  nightVision: False  sharesVision: False  pingedByProbe: 0  narcEffect: (detailsMod:  sigMod:  attackMod: )  tagEffect: (detailsMod:  sigMod:  attackMod: )
23:28:07.035  -- Updating actor: Demolisher LB-X_Lancer_82997C8E
23:28:07.035 Re-enabling sensors for Demolisher LB-X_Lancer_82997C8E
23:28:07.035 Actor:Demolisher LB-X_Lancer_82997C8E has raw EW Check: -1
23:28:07.035 Raw check: -1  tacticsMod: 3  visionRange: 961  sensorsRange: 562.5  ecmShieldMod: 0  ecmJammedMod: 0  advSensors: 0  probeCarrier: 0  stealth (detailsMod:  sigMulti:  attack:  /  / )  mimetic: (visibilityMulti:   attackMod:  hexesToDecay: )  zoomVision: (attackMod:  hexesToDecay:  attackCap:  maxRange: )  heatVision: (attackMod:  heatDivisor:   maxRange: )  nightVision: False  sharesVision: False  pingedByProbe: 0  narcEffect: (detailsMod:  sigMod:  attackMod: )  tagEffect: (detailsMod:  sigMod:  attackMod: )
23:28:07.035  -- Updating actor: Banshee_Elite Vanguard_E07DCF4B
23:28:07.035 Re-enabling sensors for Banshee_Elite Vanguard_E07DCF4B
23:28:07.035 Actor:Banshee_Elite Vanguard_E07DCF4B has raw EW Check: 7
23:28:07.035 Raw check: 7  tacticsMod: 7  visionRange: 961  sensorsRange: 1045.5  ecmShieldMod: 0  ecmJammedMod: 0  advSensors: 0  probeCarrier: 0  stealth (detailsMod:  sigMulti:  attack:  /  / )  mimetic: (visibilityMulti:   attackMod:  hexesToDecay: )  zoomVision: (attackMod:  hexesToDecay:  attackCap:  maxRange: )  heatVision: (attackMod:  heatDivisor:   maxRange: )  nightVision: False  sharesVision: False  pingedByProbe: 0  narcEffect: (detailsMod:  sigMod:  attackMod: )  tagEffect: (detailsMod:  sigMod:  attackMod: )
23:28:07.035  -- Updating actor: Atlas II_Elite Vanguard_2B6D940B
23:28:07.035 Re-enabling sensors for Atlas II_Elite Vanguard_2B6D940B
23:28:07.035 Actor:Atlas II_Elite Vanguard_2B6D940B has raw EW Check: 3
23:28:07.035 Raw check: 3  tacticsMod: 7  visionRange: 961  sensorsRange: 943.5  ecmShieldMod: 0  ecmJammedMod: 0  advSensors: 0  probeCarrier: 0  stealth (detailsMod:  sigMulti:  attack:  /  / )  mimetic: (visibilityMulti:   attackMod:  hexesToDecay: )  zoomVision: (attackMod:  hexesToDecay:  attackCap:  maxRange: )  heatVision: (attackMod:  heatDivisor:   maxRange: )  nightVision: False  sharesVision: False  pingedByProbe: 0  narcEffect: (detailsMod:  sigMod:  attackMod: )  tagEffect: (detailsMod:  sigMod:  attackMod: )
23:28:07.035  -- Updating actor: Victor_Elite Sentinel_68F0C967
23:28:07.035 Re-enabling sensors for Victor_Elite Sentinel_68F0C967
23:28:07.035 Actor:Victor_Elite Sentinel_68F0C967 has raw EW Check: 4
23:28:07.035 Raw check: 4  tacticsMod: 5  visionRange: 961  sensorsRange: 867  ecmShieldMod: 0  ecmJammedMod: 0  advSensors: 0  probeCarrier: 0  stealth (detailsMod:  sigMulti:  attack:  /  / )  mimetic: (visibilityMulti:   attackMod:  hexesToDecay: )  zoomVision: (attackMod:  hexesToDecay:  attackCap:  maxRange: )  heatVision: (attackMod:  heatDivisor:   maxRange: )  nightVision: False  sharesVision: False  pingedByProbe: 0  narcEffect: (detailsMod:  sigMod:  attackMod: )  tagEffect: (detailsMod:  sigMod:  attackMod: )
23:28:07.035  -- Updating actor: Heavy Shredder Turret_Automatic_A1F1D775
23:28:07.035 Re-enabling sensors for Heavy Shredder Turret_Automatic_A1F1D775
23:28:07.035 Actor:Heavy Shredder Turret_Automatic_A1F1D775 has raw EW Check: -1
23:28:07.035 Raw check: -1  tacticsMod: 4  visionRange: 961  sensorsRange: 729  ecmShieldMod: 0  ecmJammedMod: 0  advSensors: 0  probeCarrier: 0  stealth (detailsMod:  sigMulti:  attack:  /  / )  mimetic: (visibilityMulti:   attackMod:  hexesToDecay: )  zoomVision: (attackMod:  hexesToDecay:  attackCap:  maxRange: )  heatVision: (attackMod:  heatDivisor:   maxRange: )  nightVision: False  sharesVision: False  pingedByProbe: 0  narcEffect: (detailsMod:  sigMod:  attackMod: )  tagEffect: (detailsMod:  sigMod:  attackMod: )
23:28:07.035  -- Updating actor: Heavy Sniper Turret_Automatic_3D735718
23:28:07.035 Re-enabling sensors for Heavy Sniper Turret_Automatic_3D735718
23:28:07.035 Actor:Heavy Sniper Turret_Automatic_3D735718 has raw EW Check: 0
23:28:07.035 Raw check: 0  tacticsMod: 4  visionRange: 961  sensorsRange: 756  ecmShieldMod: 0  ecmJammedMod: 0  advSensors: 0  probeCarrier: 0  stealth (detailsMod:  sigMulti:  attack:  /  / )  mimetic: (visibilityMulti:   attackMod:  hexesToDecay: )  zoomVision: (attackMod:  hexesToDecay:  attackCap:  maxRange: )  heatVision: (attackMod:  heatDivisor:   maxRange: )  nightVision: False  sharesVision: False  pingedByProbe: 0  narcEffect: (detailsMod:  sigMod:  attackMod: )  tagEffect: (detailsMod:  sigMod:  attackMod: )
23:28:07.035  -- Updating actor: Heavy Sniper Turret_Automatic_D0587CB7
23:28:07.035 Re-enabling sensors for Heavy Sniper Turret_Automatic_D0587CB7
23:28:07.035 Actor:Heavy Sniper Turret_Automatic_D0587CB7 has raw EW Check: 0
23:28:07.035 Raw check: 0  tacticsMod: 4  visionRange: 961  sensorsRange: 756  ecmShieldMod: 0  ecmJammedMod: 0  advSensors: 0  probeCarrier: 0  stealth (detailsMod:  sigMulti:  attack:  /  / )  mimetic: (visibilityMulti:   attackMod:  hexesToDecay: )  zoomVision: (attackMod:  hexesToDecay:  attackCap:  maxRange: )  heatVision: (attackMod:  heatDivisor:   maxRange: )  nightVision: False  sharesVision: False  pingedByProbe: 0  narcEffect: (detailsMod:  sigMod:  attackMod: )  tagEffect: (detailsMod:  sigMod:  attackMod: )
23:28:07.035  -- Updating actor: Heavy LRM Turret_Automatic_935C20A9
23:28:07.035 Re-enabling sensors for Heavy LRM Turret_Automatic_935C20A9
23:28:07.035 Actor:Heavy LRM Turret_Automatic_935C20A9 has raw EW Check: 0
23:28:07.036 Raw check: 0  tacticsMod: 4  visionRange: 961  sensorsRange: 756  ecmShieldMod: 0  ecmJammedMod: 0  advSensors: 0  probeCarrier: 0  stealth (detailsMod:  sigMulti:  attack:  /  / )  mimetic: (visibilityMulti:   attackMod:  hexesToDecay: )  zoomVision: (attackMod:  hexesToDecay:  attackCap:  maxRange: )  heatVision: (attackMod:  heatDivisor:   maxRange: )  nightVision: False  sharesVision: False  pingedByProbe: 0  narcEffect: (detailsMod:  sigMod:  attackMod: )  tagEffect: (detailsMod:  sigMod:  attackMod: )
