 E:\SteamLibrary\steamapps\common\BATTLETECH\GNWarsSaves\local\S0
[17:26:41.356]Initing... E:\SteamLibrary\steamapps\common\BATTLETECH\Mods\CustomBundle\CustomLocalization version: 0.0.0.44
 localizationProcType:Content
 cultureSettingsFilePath:E:\SteamLibrary\steamapps\common\BATTLETECH\GNWarsSaves\local\cultureSettings.json  exists
{
  "currentCulture": 0
}
 CurrentCulture:CULTURE_EN_US/CULTURE_EN_US
Description.UIName
Description.Name
Description.Details
Description.FirstName
Description.LastName
Description.Callsign
StockRole
YangsThoughts
Name
ShortName
Description
FlashpointShortDescription
quirkName
description
OptionName
OptionDescription
BioDescription
EffectData.Description.Name
EffectData.Description.Details
effectData.Description.Name
effectData.Description.Details
statusEffects.Description.Name
statusEffects.Description.Details
Modes.statusEffects.Description.Name
MechAffinity.pilotQuirks.effectData.Description.Name
MechAffinity.pilotQuirks.effectData.Description.Details
Modes.statusEffects.Description.Details
deferredEffect.statusEffects.Description.Name
deferredEffect.statusEffects.Description.Details
Custom.ActivatableComponent.statusEffects.Description.Name
Custom.ActivatableComponent.statusEffects.Description.Details
Custom.ActivatableComponent.offlineStatusEffects.Description.Name
Custom.ActivatableComponent.offlineStatusEffects.Description.Details
Custom.ActivatableComponent.Explosion.statusEffects.Description.Name
Custom.ActivatableComponent.Explosion.statusEffects.Description.Details
contractName
shortDescription
ShortDesc
firstName
lastName
callsign
rank
longDescription
objectiveList.title
MechAffinity.pilotQuirks.description
MechAffinity.pilotQuirks.quirkName
objectiveList.description
affinityLevels.description
affinityLevels.levelName
contents.words
dialogueList.dialogueContent.words
Options.Description.Name
Options.Description.Details
Options.ResultSets.Description.Name
Options.ResultSets.Description.Details
MechEngineer.Settings.Short
MechEngineer.Settings.Long
MechEngineer.Settings.Full
Settings.Description.Name
Settings.Description.Details
[17:26:41.378]loading assets:E:\SteamLibrary\steamapps\common\BATTLETECH\Mods\CustomBundle\CustomLocalization\assets
