[15:49:05.069]Шаблон:Show Heavy 'Mechs
 Контекст:
  DM:BattleTech.Data.DataManager
   IsLoading:Boolean
   GetHashCode:Int32
   ToString:String
  TDSF:BattleTech.TagDataStructFetcher
   GetHashCode:Int32
   ToString:String
[15:49:05.080]Шаблон:Show Heavy 'Mechs
 Контекст:
  DM:BattleTech.Data.DataManager
   IsLoading:Boolean
   GetHashCode:Int32
   ToString:String
  TDSF:BattleTech.TagDataStructFetcher
   GetHashCode:Int32
   ToString:String
[15:49:14.043]Шаблон:Show Artillery
 Контекст:
  DM:BattleTech.Data.DataManager
   IsLoading:Boolean
   GetHashCode:Int32
   ToString:String
  TDSF:BattleTech.TagDataStructFetcher
   GetHashCode:Int32
   ToString:String
[15:49:14.043]Шаблон:Show Artillery
 Контекст:
  DM:BattleTech.Data.DataManager
   IsLoading:Boolean
   GetHashCode:Int32
   ToString:String
  TDSF:BattleTech.TagDataStructFetcher
   GetHashCode:Int32
   ToString:String
[15:49:14.058]Шаблон:Show SRM, ATM, MRM weapons
 Контекст:
  DM:BattleTech.Data.DataManager
   IsLoading:Boolean
   GetHashCode:Int32
   ToString:String
  TDSF:BattleTech.TagDataStructFetcher
   GetHashCode:Int32
   ToString:String
[15:49:14.058]Шаблон:Show SRM, ATM, MRM weapons
 Контекст:
  DM:BattleTech.Data.DataManager
   IsLoading:Boolean
   GetHashCode:Int32
   ToString:String
  TDSF:BattleTech.TagDataStructFetcher
   GetHashCode:Int32
   ToString:String
[15:49:15.127]Шаблон:Show Arm Upgrades
 Контекст:
  DM:BattleTech.Data.DataManager
   IsLoading:Boolean
   GetHashCode:Int32
   ToString:String
  TDSF:BattleTech.TagDataStructFetcher
   GetHashCode:Int32
   ToString:String
[15:49:15.127]Шаблон:Show Arm Upgrades
 Контекст:
  DM:BattleTech.Data.DataManager
   IsLoading:Boolean
   GetHashCode:Int32
   ToString:String
  TDSF:BattleTech.TagDataStructFetcher
   GetHashCode:Int32
   ToString:String
[15:49:15.142]Шаблон:Show Gyro
 Контекст:
  DM:BattleTech.Data.DataManager
   IsLoading:Boolean
   GetHashCode:Int32
   ToString:String
  TDSF:BattleTech.TagDataStructFetcher
   GetHashCode:Int32
   ToString:String
[15:49:15.142]Шаблон:Show Gyro
 Контекст:
  DM:BattleTech.Data.DataManager
   IsLoading:Boolean
   GetHashCode:Int32
   ToString:String
  TDSF:BattleTech.TagDataStructFetcher
   GetHashCode:Int32
   ToString:String
[15:49:15.580]Шаблон:Show Arm Upgrades
 Контекст:
  DM:BattleTech.Data.DataManager
   IsLoading:Boolean
   GetHashCode:Int32
   ToString:String
  TDSF:BattleTech.TagDataStructFetcher
   GetHashCode:Int32
   ToString:String
[15:49:15.580]Шаблон:Show Arm Upgrades
 Контекст:
  DM:BattleTech.Data.DataManager
   IsLoading:Boolean
   GetHashCode:Int32
   ToString:String
  TDSF:BattleTech.TagDataStructFetcher
   GetHashCode:Int32
   ToString:String
[15:49:15.863]Шаблон:Show Leg Upgrades
 Контекст:
  DM:BattleTech.Data.DataManager
   IsLoading:Boolean
   GetHashCode:Int32
   ToString:String
  TDSF:BattleTech.TagDataStructFetcher
   GetHashCode:Int32
   ToString:String
[15:49:15.863]Шаблон:Show Leg Upgrades
 Контекст:
  DM:BattleTech.Data.DataManager
   IsLoading:Boolean
   GetHashCode:Int32
   ToString:String
  TDSF:BattleTech.TagDataStructFetcher
   GetHashCode:Int32
   ToString:String
[15:49:17.029]Шаблон:Show other equipment
 Контекст:
  DM:BattleTech.Data.DataManager
   IsLoading:Boolean
   GetHashCode:Int32
   ToString:String
  TDSF:BattleTech.TagDataStructFetcher
   GetHashCode:Int32
   ToString:String
[15:49:17.030]Шаблон:Show other equipment
 Контекст:
  DM:BattleTech.Data.DataManager
   IsLoading:Boolean
   GetHashCode:Int32
   ToString:String
  TDSF:BattleTech.TagDataStructFetcher
   GetHashCode:Int32
   ToString:String
[15:49:17.127]Шаблон:Mobile Suit Equipment
 Контекст:
  DM:BattleTech.Data.DataManager
   IsLoading:Boolean
   GetHashCode:Int32
   ToString:String
  TDSF:BattleTech.TagDataStructFetcher
   GetHashCode:Int32
   ToString:String
[15:49:17.127]Шаблон:Mobile Suit Equipment
 Контекст:
  DM:BattleTech.Data.DataManager
   IsLoading:Boolean
   GetHashCode:Int32
   ToString:String
  TDSF:BattleTech.TagDataStructFetcher
   GetHashCode:Int32
   ToString:String
[15:49:17.710]Шаблон:Mobile Suit Equipment
 Контекст:
  DM:BattleTech.Data.DataManager
   IsLoading:Boolean
   GetHashCode:Int32
   ToString:String
  TDSF:BattleTech.TagDataStructFetcher
   GetHashCode:Int32
   ToString:String
[15:49:17.710]Шаблон:Mobile Suit Equipment
 Контекст:
  DM:BattleTech.Data.DataManager
   IsLoading:Boolean
   GetHashCode:Int32
   ToString:String
  TDSF:BattleTech.TagDataStructFetcher
   GetHashCode:Int32
   ToString:String
[15:49:18.122]Шаблон:Show other equipment
 Контекст:
  DM:BattleTech.Data.DataManager
   IsLoading:Boolean
   GetHashCode:Int32
   ToString:String
  TDSF:BattleTech.TagDataStructFetcher
   GetHashCode:Int32
   ToString:String
[15:49:18.123]Шаблон:Show other equipment
 Контекст:
  DM:BattleTech.Data.DataManager
   IsLoading:Boolean
   GetHashCode:Int32
   ToString:String
  TDSF:BattleTech.TagDataStructFetcher
   GetHashCode:Int32
   ToString:String
[15:49:25.246]Шаблон:Show JumpJets
 Контекст:
  DM:BattleTech.Data.DataManager
   IsLoading:Boolean
   GetHashCode:Int32
   ToString:String
  TDSF:BattleTech.TagDataStructFetcher
   GetHashCode:Int32
   ToString:String
[15:49:25.246]Шаблон:Show JumpJets
 Контекст:
  DM:BattleTech.Data.DataManager
   IsLoading:Boolean
   GetHashCode:Int32
   ToString:String
  TDSF:BattleTech.TagDataStructFetcher
   GetHashCode:Int32
   ToString:String
[15:49:25.290]Шаблон:Show All Equipment
 Контекст:
  DM:BattleTech.Data.DataManager
   IsLoading:Boolean
   GetHashCode:Int32
   ToString:String
  TDSF:BattleTech.TagDataStructFetcher
   GetHashCode:Int32
   ToString:String
[15:49:25.290]Шаблон:Show All Equipment
 Контекст:
  DM:BattleTech.Data.DataManager
   IsLoading:Boolean
   GetHashCode:Int32
   ToString:String
  TDSF:BattleTech.TagDataStructFetcher
   GetHashCode:Int32
   ToString:String
[15:49:25.698]Шаблон:Show JumpJets
 Контекст:
  DM:BattleTech.Data.DataManager
   IsLoading:Boolean
   GetHashCode:Int32
   ToString:String
  TDSF:BattleTech.TagDataStructFetcher
   GetHashCode:Int32
   ToString:String
[15:49:25.698]Шаблон:Show JumpJets
 Контекст:
  DM:BattleTech.Data.DataManager
   IsLoading:Boolean
   GetHashCode:Int32
   ToString:String
  TDSF:BattleTech.TagDataStructFetcher
   GetHashCode:Int32
   ToString:String
[15:49:26.317]Шаблон:Show Autocannons
 Контекст:
  DM:BattleTech.Data.DataManager
   IsLoading:Boolean
   GetHashCode:Int32
   ToString:String
  TDSF:BattleTech.TagDataStructFetcher
   GetHashCode:Int32
   ToString:String
[15:49:26.317]Шаблон:Show Autocannons
 Контекст:
  DM:BattleTech.Data.DataManager
   IsLoading:Boolean
   GetHashCode:Int32
   ToString:String
  TDSF:BattleTech.TagDataStructFetcher
   GetHashCode:Int32
   ToString:String
[15:49:26.377]Шаблон:Show Gauss weapons
 Контекст:
  DM:BattleTech.Data.DataManager
   IsLoading:Boolean
   GetHashCode:Int32
   ToString:String
  TDSF:BattleTech.TagDataStructFetcher
   GetHashCode:Int32
   ToString:String
[15:49:26.377]Шаблон:Show Gauss weapons
 Контекст:
  DM:BattleTech.Data.DataManager
   IsLoading:Boolean
   GetHashCode:Int32
   ToString:String
  TDSF:BattleTech.TagDataStructFetcher
   GetHashCode:Int32
   ToString:String
[15:49:26.408]Шаблон:Show Artillery
 Контекст:
  DM:BattleTech.Data.DataManager
   IsLoading:Boolean
   GetHashCode:Int32
   ToString:String
  TDSF:BattleTech.TagDataStructFetcher
   GetHashCode:Int32
   ToString:String
[15:49:26.409]Шаблон:Show Artillery
 Контекст:
  DM:BattleTech.Data.DataManager
   IsLoading:Boolean
   GetHashCode:Int32
   ToString:String
  TDSF:BattleTech.TagDataStructFetcher
   GetHashCode:Int32
   ToString:String
[15:49:39.815]Шаблон:Front Armor
 Контекст:
  DM:BattleTech.Data.DataManager
   IsLoading:Boolean
   GetHashCode:Int32
   ToString:String
  TDSF:BattleTech.TagDataStructFetcher
   GetHashCode:Int32
   ToString:String
[15:49:39.815]Шаблон:Front Armor
 Контекст:
  DM:BattleTech.Data.DataManager
   IsLoading:Boolean
   GetHashCode:Int32
   ToString:String
  TDSF:BattleTech.TagDataStructFetcher
   GetHashCode:Int32
   ToString:String
[15:49:43.943]Шаблон:Show Medium 'Mechs
 Контекст:
  DM:BattleTech.Data.DataManager
   IsLoading:Boolean
   GetHashCode:Int32
   ToString:String
  TDSF:BattleTech.TagDataStructFetcher
   GetHashCode:Int32
   ToString:String
[15:49:43.943]Шаблон:Show Medium 'Mechs
 Контекст:
  DM:BattleTech.Data.DataManager
   IsLoading:Boolean
   GetHashCode:Int32
   ToString:String
  TDSF:BattleTech.TagDataStructFetcher
   GetHashCode:Int32
   ToString:String
[15:50:03.154]Шаблон:Show Assault 'Mechs
 Контекст:
  DM:BattleTech.Data.DataManager
   IsLoading:Boolean
   GetHashCode:Int32
   ToString:String
  TDSF:BattleTech.TagDataStructFetcher
   GetHashCode:Int32
   ToString:String
[15:50:03.155]Шаблон:Show Assault 'Mechs
 Контекст:
  DM:BattleTech.Data.DataManager
   IsLoading:Boolean
   GetHashCode:Int32
   ToString:String
  TDSF:BattleTech.TagDataStructFetcher
   GetHashCode:Int32
   ToString:String
[15:50:03.756]Шаблон:Show Heavy 'Mechs
 Контекст:
  DM:BattleTech.Data.DataManager
   IsLoading:Boolean
   GetHashCode:Int32
   ToString:String
  TDSF:BattleTech.TagDataStructFetcher
   GetHashCode:Int32
   ToString:String
[15:50:03.756]Шаблон:Show Heavy 'Mechs
 Контекст:
  DM:BattleTech.Data.DataManager
   IsLoading:Boolean
   GetHashCode:Int32
   ToString:String
  TDSF:BattleTech.TagDataStructFetcher
   GetHashCode:Int32
   ToString:String
[15:50:07.761]Шаблон:Front Armor
 Контекст:
  DM:BattleTech.Data.DataManager
   IsLoading:Boolean
   GetHashCode:Int32
   ToString:String
  TDSF:BattleTech.TagDataStructFetcher
   GetHashCode:Int32
   ToString:String
[15:50:07.761]Шаблон:Front Armor
 Контекст:
  DM:BattleTech.Data.DataManager
   IsLoading:Boolean
   GetHashCode:Int32
   ToString:String
  TDSF:BattleTech.TagDataStructFetcher
   GetHashCode:Int32
   ToString:String
[15:50:19.510]Шаблон:
 Контекст:
  CONTR_BASE_EMPLOYER_REP:System.Int32
   m_value:Int32
   GetHashCode:Int32
   ToString:String
  CONTR_NEG_REP_PCT:System.Single
   m_value:Single
   GetHashCode:Int32
   ToString:String
  CONTR_BASE_REWARD:System.Int32
   m_value:Int32
   GetHashCode:Int32
   ToString:String
  CONTR_NEG_REWARD_PCT:System.Single
   m_value:Single
   GetHashCode:Int32
   ToString:String
  CONTR_NEG_SALVAGE_PCT:System.Single
   m_value:Single
   GetHashCode:Int32
   ToString:String
  CONTR_BONUS_REWARD_FLAT:System.Int32
   m_value:Int32
   GetHashCode:Int32
   ToString:String
  CONTR_BONUS_REWARD_PCT:System.Single
   m_value:Single
   GetHashCode:Int32
   ToString:String
  CONTR_BONUS_EMPLOYER_REP:System.Single
   m_value:Single
   GetHashCode:Int32
   ToString:String
  CONTR_BONUS_TGT_REP:System.Single
   m_value:Single
   GetHashCode:Int32
   ToString:String
[15:50:19.511]Шаблон:
 Контекст:
  CONTR_BASE_EMPLOYER_REP:System.Int32
   m_value:Int32
   GetHashCode:Int32
   ToString:String
  CONTR_NEG_REP_PCT:System.Single
   m_value:Single
   GetHashCode:Int32
   ToString:String
  CONTR_BASE_REWARD:System.Int32
   m_value:Int32
   GetHashCode:Int32
   ToString:String
  CONTR_NEG_REWARD_PCT:System.Single
   m_value:Single
   GetHashCode:Int32
   ToString:String
  CONTR_NEG_SALVAGE_PCT:System.Single
   m_value:Single
   GetHashCode:Int32
   ToString:String
  CONTR_BONUS_REWARD_FLAT:System.Int32
   m_value:Int32
   GetHashCode:Int32
   ToString:String
  CONTR_BONUS_REWARD_PCT:System.Single
   m_value:Single
   GetHashCode:Int32
   ToString:String
  CONTR_BONUS_EMPLOYER_REP:System.Single
   m_value:Single
   GetHashCode:Int32
   ToString:String
  CONTR_BONUS_TGT_REP:System.Single
   m_value:Single
   GetHashCode:Int32
   ToString:String
[15:50:19.525]Шаблон:
 Контекст:
  CONTR_BASE_EMPLOYER_REP:System.Int32
   m_value:Int32
   GetHashCode:Int32
   ToString:String
  CONTR_NEG_REP_PCT:System.Single
   m_value:Single
   GetHashCode:Int32
   ToString:String
  CONTR_BASE_REWARD:System.Int32
   m_value:Int32
   GetHashCode:Int32
   ToString:String
  CONTR_NEG_REWARD_PCT:System.Single
   m_value:Single
   GetHashCode:Int32
   ToString:String
  CONTR_NEG_SALVAGE_PCT:System.Single
   m_value:Single
   GetHashCode:Int32
   ToString:String
  CONTR_BONUS_REWARD_FLAT:System.Int32
   m_value:Int32
   GetHashCode:Int32
   ToString:String
  CONTR_BONUS_REWARD_PCT:System.Single
   m_value:Single
   GetHashCode:Int32
   ToString:String
  CONTR_BONUS_EMPLOYER_REP:System.Single
   m_value:Single
   GetHashCode:Int32
   ToString:String
  CONTR_BONUS_TGT_REP:System.Single
   m_value:Single
   GetHashCode:Int32
   ToString:String
  TEAM_PLR1:BattleTech.Framework.TeamOverride
   teamGuid:String
   teamName:String
   faction:String
   teamLeaderCastDefId:String
   IsRequestingUnits:Boolean
   GetHashCode:Int32
   ToString:String
  TEAM_PLR2:BattleTech.Framework.TeamOverride
   teamGuid:String
   teamName:String
   faction:String
   teamLeaderCastDefId:String
   IsRequestingUnits:Boolean
   GetHashCode:Int32
   ToString:String
  TEAM_EMP:BattleTech.Framework.TeamOverride
   teamGuid:String
   teamName:String
   faction:String
   teamLeaderCastDefId:String
   IsRequestingUnits:Boolean
   GetHashCode:Int32
   ToString:String
  TEAM_EMP_ALLY:BattleTech.Framework.TeamOverride
   teamGuid:String
   teamName:String
   faction:String
   teamLeaderCastDefId:String
   IsRequestingUnits:Boolean
   GetHashCode:Int32
   ToString:String
  TEAM_TAR:BattleTech.Framework.TeamOverride
   teamGuid:String
   teamName:String
   faction:String
   teamLeaderCastDefId:String
   IsRequestingUnits:Boolean
   GetHashCode:Int32
   ToString:String
  TEAM_TAR_ALLY:BattleTech.Framework.TeamOverride
   teamGuid:String
   teamName:String
   faction:String
   teamLeaderCastDefId:String
   IsRequestingUnits:Boolean
   GetHashCode:Int32
   ToString:String
  TEAM_NEUT:BattleTech.Framework.TeamOverride
   teamGuid:String
   teamName:String
   faction:String
   teamLeaderCastDefId:String
   IsRequestingUnits:Boolean
   GetHashCode:Int32
   ToString:String
  TEAM_HOST:BattleTech.Framework.TeamOverride
   teamGuid:String
   teamName:String
   faction:String
   teamLeaderCastDefId:String
   IsRequestingUnits:Boolean
   GetHashCode:Int32
   ToString:String
  CUR_TEAM:BattleTech.Framework.TeamOverride
   teamGuid:String
   teamName:String
   faction:String
   teamLeaderCastDefId:String
   IsRequestingUnits:Boolean
   GetHashCode:Int32
   ToString:String
[15:50:19.526]Шаблон:
 Контекст:
  CONTR_BASE_EMPLOYER_REP:System.Int32
   m_value:Int32
   GetHashCode:Int32
   ToString:String
  CONTR_NEG_REP_PCT:System.Single
   m_value:Single
   GetHashCode:Int32
   ToString:String
  CONTR_BASE_REWARD:System.Int32
   m_value:Int32
   GetHashCode:Int32
   ToString:String
  CONTR_NEG_REWARD_PCT:System.Single
   m_value:Single
   GetHashCode:Int32
   ToString:String
  CONTR_NEG_SALVAGE_PCT:System.Single
   m_value:Single
   GetHashCode:Int32
   ToString:String
  CONTR_BONUS_REWARD_FLAT:System.Int32
   m_value:Int32
   GetHashCode:Int32
   ToString:String
  CONTR_BONUS_REWARD_PCT:System.Single
   m_value:Single
   GetHashCode:Int32
   ToString:String
  CONTR_BONUS_EMPLOYER_REP:System.Single
   m_value:Single
   GetHashCode:Int32
   ToString:String
  CONTR_BONUS_TGT_REP:System.Single
   m_value:Single
   GetHashCode:Int32
   ToString:String
  TEAM_PLR1:BattleTech.Framework.TeamOverride
   teamGuid:String
   teamName:String
   faction:String
   teamLeaderCastDefId:String
   IsRequestingUnits:Boolean
   GetHashCode:Int32
   ToString:String
  TEAM_PLR2:BattleTech.Framework.TeamOverride
   teamGuid:String
   teamName:String
   faction:String
   teamLeaderCastDefId:String
   IsRequestingUnits:Boolean
   GetHashCode:Int32
   ToString:String
  TEAM_EMP:BattleTech.Framework.TeamOverride
   teamGuid:String
   teamName:String
   faction:String
   teamLeaderCastDefId:String
   IsRequestingUnits:Boolean
   GetHashCode:Int32
   ToString:String
  TEAM_EMP_ALLY:BattleTech.Framework.TeamOverride
   teamGuid:String
   teamName:String
   faction:String
   teamLeaderCastDefId:String
   IsRequestingUnits:Boolean
   GetHashCode:Int32
   ToString:String
  TEAM_TAR:BattleTech.Framework.TeamOverride
   teamGuid:String
   teamName:String
   faction:String
   teamLeaderCastDefId:String
   IsRequestingUnits:Boolean
   GetHashCode:Int32
   ToString:String
  TEAM_TAR_ALLY:BattleTech.Framework.TeamOverride
   teamGuid:String
   teamName:String
   faction:String
   teamLeaderCastDefId:String
   IsRequestingUnits:Boolean
   GetHashCode:Int32
   ToString:String
  TEAM_NEUT:BattleTech.Framework.TeamOverride
   teamGuid:String
   teamName:String
   faction:String
   teamLeaderCastDefId:String
   IsRequestingUnits:Boolean
   GetHashCode:Int32
   ToString:String
  TEAM_HOST:BattleTech.Framework.TeamOverride
   teamGuid:String
   teamName:String
   faction:String
   teamLeaderCastDefId:String
   IsRequestingUnits:Boolean
   GetHashCode:Int32
   ToString:String
  CUR_TEAM:BattleTech.Framework.TeamOverride
   teamGuid:String
   teamName:String
   faction:String
   teamLeaderCastDefId:String
   IsRequestingUnits:Boolean
   GetHashCode:Int32
   ToString:String
[15:50:19.526]Шаблон:
 Контекст:
  CONTR_BASE_EMPLOYER_REP:System.Int32
   m_value:Int32
   GetHashCode:Int32
   ToString:String
  CONTR_NEG_REP_PCT:System.Single
   m_value:Single
   GetHashCode:Int32
   ToString:String
  CONTR_BASE_REWARD:System.Int32
   m_value:Int32
   GetHashCode:Int32
   ToString:String
  CONTR_NEG_REWARD_PCT:System.Single
   m_value:Single
   GetHashCode:Int32
   ToString:String
  CONTR_NEG_SALVAGE_PCT:System.Single
   m_value:Single
   GetHashCode:Int32
   ToString:String
  CONTR_BONUS_REWARD_FLAT:System.Int32
   m_value:Int32
   GetHashCode:Int32
   ToString:String
  CONTR_BONUS_REWARD_PCT:System.Single
   m_value:Single
   GetHashCode:Int32
   ToString:String
  CONTR_BONUS_EMPLOYER_REP:System.Single
   m_value:Single
   GetHashCode:Int32
   ToString:String
  CONTR_BONUS_TGT_REP:System.Single
   m_value:Single
   GetHashCode:Int32
   ToString:String
  TEAM_PLR1:BattleTech.Framework.TeamOverride
   teamGuid:String
   teamName:String
   faction:String
   teamLeaderCastDefId:String
   IsRequestingUnits:Boolean
   GetHashCode:Int32
   ToString:String
  TEAM_PLR2:BattleTech.Framework.TeamOverride
   teamGuid:String
   teamName:String
   faction:String
   teamLeaderCastDefId:String
   IsRequestingUnits:Boolean
   GetHashCode:Int32
   ToString:String
  TEAM_EMP:BattleTech.Framework.TeamOverride
   teamGuid:String
   teamName:String
   faction:String
   teamLeaderCastDefId:String
   IsRequestingUnits:Boolean
   GetHashCode:Int32
   ToString:String
  TEAM_EMP_ALLY:BattleTech.Framework.TeamOverride
   teamGuid:String
   teamName:String
   faction:String
   teamLeaderCastDefId:String
   IsRequestingUnits:Boolean
   GetHashCode:Int32
   ToString:String
  TEAM_TAR:BattleTech.Framework.TeamOverride
   teamGuid:String
   teamName:String
   faction:String
   teamLeaderCastDefId:String
   IsRequestingUnits:Boolean
   GetHashCode:Int32
   ToString:String
  TEAM_TAR_ALLY:BattleTech.Framework.TeamOverride
   teamGuid:String
   teamName:String
   faction:String
   teamLeaderCastDefId:String
   IsRequestingUnits:Boolean
   GetHashCode:Int32
   ToString:String
  TEAM_NEUT:BattleTech.Framework.TeamOverride
   teamGuid:String
   teamName:String
   faction:String
   teamLeaderCastDefId:String
   IsRequestingUnits:Boolean
   GetHashCode:Int32
   ToString:String
  TEAM_HOST:BattleTech.Framework.TeamOverride
   teamGuid:String
   teamName:String
   faction:String
   teamLeaderCastDefId:String
   IsRequestingUnits:Boolean
   GetHashCode:Int32
   ToString:String
  CUR_TEAM:BattleTech.Framework.TeamOverride
   teamGuid:String
   teamName:String
   faction:String
   teamLeaderCastDefId:String
   IsRequestingUnits:Boolean
   GetHashCode:Int32
   ToString:String
[15:50:19.527]Шаблон:
 Контекст:
  CONTR_BASE_EMPLOYER_REP:System.Int32
   m_value:Int32
   GetHashCode:Int32
   ToString:String
  CONTR_NEG_REP_PCT:System.Single
   m_value:Single
   GetHashCode:Int32
   ToString:String
  CONTR_BASE_REWARD:System.Int32
   m_value:Int32
   GetHashCode:Int32
   ToString:String
  CONTR_NEG_REWARD_PCT:System.Single
   m_value:Single
   GetHashCode:Int32
   ToString:String
  CONTR_NEG_SALVAGE_PCT:System.Single
   m_value:Single
   GetHashCode:Int32
   ToString:String
  CONTR_BONUS_REWARD_FLAT:System.Int32
   m_value:Int32
   GetHashCode:Int32
   ToString:String
  CONTR_BONUS_REWARD_PCT:System.Single
   m_value:Single
   GetHashCode:Int32
   ToString:String
  CONTR_BONUS_EMPLOYER_REP:System.Single
   m_value:Single
   GetHashCode:Int32
   ToString:String
  CONTR_BONUS_TGT_REP:System.Single
   m_value:Single
   GetHashCode:Int32
   ToString:String
  TEAM_PLR1:BattleTech.Framework.TeamOverride
   teamGuid:String
   teamName:String
   faction:String
   teamLeaderCastDefId:String
   IsRequestingUnits:Boolean
   GetHashCode:Int32
   ToString:String
  TEAM_PLR2:BattleTech.Framework.TeamOverride
   teamGuid:String
   teamName:String
   faction:String
   teamLeaderCastDefId:String
   IsRequestingUnits:Boolean
   GetHashCode:Int32
   ToString:String
  TEAM_EMP:BattleTech.Framework.TeamOverride
   teamGuid:String
   teamName:String
   faction:String
   teamLeaderCastDefId:String
   IsRequestingUnits:Boolean
   GetHashCode:Int32
   ToString:String
  TEAM_EMP_ALLY:BattleTech.Framework.TeamOverride
   teamGuid:String
   teamName:String
   faction:String
   teamLeaderCastDefId:String
   IsRequestingUnits:Boolean
   GetHashCode:Int32
   ToString:String
  TEAM_TAR:BattleTech.Framework.TeamOverride
   teamGuid:String
   teamName:String
   faction:String
   teamLeaderCastDefId:String
   IsRequestingUnits:Boolean
   GetHashCode:Int32
   ToString:String
  TEAM_TAR_ALLY:BattleTech.Framework.TeamOverride
   teamGuid:String
   teamName:String
   faction:String
   teamLeaderCastDefId:String
   IsRequestingUnits:Boolean
   GetHashCode:Int32
   ToString:String
  TEAM_NEUT:BattleTech.Framework.TeamOverride
   teamGuid:String
   teamName:String
   faction:String
   teamLeaderCastDefId:String
   IsRequestingUnits:Boolean
   GetHashCode:Int32
   ToString:String
  TEAM_HOST:BattleTech.Framework.TeamOverride
   teamGuid:String
   teamName:String
   faction:String
   teamLeaderCastDefId:String
   IsRequestingUnits:Boolean
   GetHashCode:Int32
   ToString:String
  CUR_TEAM:BattleTech.Framework.TeamOverride
   teamGuid:String
   teamName:String
   faction:String
   teamLeaderCastDefId:String
   IsRequestingUnits:Boolean
   GetHashCode:Int32
   ToString:String
[15:50:19.527]Шаблон:
 Контекст:
  CONTR_BASE_EMPLOYER_REP:System.Int32
   m_value:Int32
   GetHashCode:Int32
   ToString:String
  CONTR_NEG_REP_PCT:System.Single
   m_value:Single
   GetHashCode:Int32
   ToString:String
  CONTR_BASE_REWARD:System.Int32
   m_value:Int32
   GetHashCode:Int32
   ToString:String
  CONTR_NEG_REWARD_PCT:System.Single
   m_value:Single
   GetHashCode:Int32
   ToString:String
  CONTR_NEG_SALVAGE_PCT:System.Single
   m_value:Single
   GetHashCode:Int32
   ToString:String
  CONTR_BONUS_REWARD_FLAT:System.Int32
   m_value:Int32
   GetHashCode:Int32
   ToString:String
  CONTR_BONUS_REWARD_PCT:System.Single
   m_value:Single
   GetHashCode:Int32
   ToString:String
  CONTR_BONUS_EMPLOYER_REP:System.Single
   m_value:Single
   GetHashCode:Int32
   ToString:String
  CONTR_BONUS_TGT_REP:System.Single
   m_value:Single
   GetHashCode:Int32
   ToString:String
  TEAM_PLR1:BattleTech.Framework.TeamOverride
   teamGuid:String
   teamName:String
   faction:String
   teamLeaderCastDefId:String
   IsRequestingUnits:Boolean
   GetHashCode:Int32
   ToString:String
  TEAM_PLR2:BattleTech.Framework.TeamOverride
   teamGuid:String
   teamName:String
   faction:String
   teamLeaderCastDefId:String
   IsRequestingUnits:Boolean
   GetHashCode:Int32
   ToString:String
  TEAM_EMP:BattleTech.Framework.TeamOverride
   teamGuid:String
   teamName:String
   faction:String
   teamLeaderCastDefId:String
   IsRequestingUnits:Boolean
   GetHashCode:Int32
   ToString:String
  TEAM_EMP_ALLY:BattleTech.Framework.TeamOverride
   teamGuid:String
   teamName:String
   faction:String
   teamLeaderCastDefId:String
   IsRequestingUnits:Boolean
   GetHashCode:Int32
   ToString:String
  TEAM_TAR:BattleTech.Framework.TeamOverride
   teamGuid:String
   teamName:String
   faction:String
   teamLeaderCastDefId:String
   IsRequestingUnits:Boolean
   GetHashCode:Int32
   ToString:String
  TEAM_TAR_ALLY:BattleTech.Framework.TeamOverride
   teamGuid:String
   teamName:String
   faction:String
   teamLeaderCastDefId:String
   IsRequestingUnits:Boolean
   GetHashCode:Int32
   ToString:String
  TEAM_NEUT:BattleTech.Framework.TeamOverride
   teamGuid:String
   teamName:String
   faction:String
   teamLeaderCastDefId:String
   IsRequestingUnits:Boolean
   GetHashCode:Int32
   ToString:String
  TEAM_HOST:BattleTech.Framework.TeamOverride
   teamGuid:String
   teamName:String
   faction:String
   teamLeaderCastDefId:String
   IsRequestingUnits:Boolean
   GetHashCode:Int32
   ToString:String
  CUR_TEAM:BattleTech.Framework.TeamOverride
   teamGuid:String
   teamName:String
   faction:String
   teamLeaderCastDefId:String
   IsRequestingUnits:Boolean
   GetHashCode:Int32
   ToString:String
[15:50:19.527]Шаблон:
 Контекст:
  CONTR_BASE_EMPLOYER_REP:System.Int32
   m_value:Int32
   GetHashCode:Int32
   ToString:String
  CONTR_NEG_REP_PCT:System.Single
   m_value:Single
   GetHashCode:Int32
   ToString:String
  CONTR_BASE_REWARD:System.Int32
   m_value:Int32
   GetHashCode:Int32
   ToString:String
  CONTR_NEG_REWARD_PCT:System.Single
   m_value:Single
   GetHashCode:Int32
   ToString:String
  CONTR_NEG_SALVAGE_PCT:System.Single
   m_value:Single
   GetHashCode:Int32
   ToString:String
  CONTR_BONUS_REWARD_FLAT:System.Int32
   m_value:Int32
   GetHashCode:Int32
   ToString:String
  CONTR_BONUS_REWARD_PCT:System.Single
   m_value:Single
   GetHashCode:Int32
   ToString:String
  CONTR_BONUS_EMPLOYER_REP:System.Single
   m_value:Single
   GetHashCode:Int32
   ToString:String
  CONTR_BONUS_TGT_REP:System.Single
   m_value:Single
   GetHashCode:Int32
   ToString:String
  TEAM_PLR1:BattleTech.Framework.TeamOverride
   teamGuid:String
   teamName:String
   faction:String
   teamLeaderCastDefId:String
   IsRequestingUnits:Boolean
   GetHashCode:Int32
   ToString:String
  TEAM_PLR2:BattleTech.Framework.TeamOverride
   teamGuid:String
   teamName:String
   faction:String
   teamLeaderCastDefId:String
   IsRequestingUnits:Boolean
   GetHashCode:Int32
   ToString:String
  TEAM_EMP:BattleTech.Framework.TeamOverride
   teamGuid:String
   teamName:String
   faction:String
   teamLeaderCastDefId:String
   IsRequestingUnits:Boolean
   GetHashCode:Int32
   ToString:String
  TEAM_EMP_ALLY:BattleTech.Framework.TeamOverride
   teamGuid:String
   teamName:String
   faction:String
   teamLeaderCastDefId:String
   IsRequestingUnits:Boolean
   GetHashCode:Int32
   ToString:String
  TEAM_TAR:BattleTech.Framework.TeamOverride
   teamGuid:String
   teamName:String
   faction:String
   teamLeaderCastDefId:String
   IsRequestingUnits:Boolean
   GetHashCode:Int32
   ToString:String
  TEAM_TAR_ALLY:BattleTech.Framework.TeamOverride
   teamGuid:String
   teamName:String
   faction:String
   teamLeaderCastDefId:String
   IsRequestingUnits:Boolean
   GetHashCode:Int32
   ToString:String
  TEAM_NEUT:BattleTech.Framework.TeamOverride
   teamGuid:String
   teamName:String
   faction:String
   teamLeaderCastDefId:String
   IsRequestingUnits:Boolean
   GetHashCode:Int32
   ToString:String
  TEAM_HOST:BattleTech.Framework.TeamOverride
   teamGuid:String
   teamName:String
   faction:String
   teamLeaderCastDefId:String
   IsRequestingUnits:Boolean
   GetHashCode:Int32
   ToString:String
  CUR_TEAM:BattleTech.Framework.TeamOverride
   teamGuid:String
   teamName:String
   faction:String
   teamLeaderCastDefId:String
   IsRequestingUnits:Boolean
   GetHashCode:Int32
   ToString:String
[15:50:19.528]Шаблон:
 Контекст:
  CONTR_BASE_EMPLOYER_REP:System.Int32
   m_value:Int32
   GetHashCode:Int32
   ToString:String
  CONTR_NEG_REP_PCT:System.Single
   m_value:Single
   GetHashCode:Int32
   ToString:String
  CONTR_BASE_REWARD:System.Int32
   m_value:Int32
   GetHashCode:Int32
   ToString:String
  CONTR_NEG_REWARD_PCT:System.Single
   m_value:Single
   GetHashCode:Int32
   ToString:String
  CONTR_NEG_SALVAGE_PCT:System.Single
   m_value:Single
   GetHashCode:Int32
   ToString:String
  CONTR_BONUS_REWARD_FLAT:System.Int32
   m_value:Int32
   GetHashCode:Int32
   ToString:String
  CONTR_BONUS_REWARD_PCT:System.Single
   m_value:Single
   GetHashCode:Int32
   ToString:String
  CONTR_BONUS_EMPLOYER_REP:System.Single
   m_value:Single
   GetHashCode:Int32
   ToString:String
  CONTR_BONUS_TGT_REP:System.Single
   m_value:Single
   GetHashCode:Int32
   ToString:String
  TEAM_PLR1:BattleTech.Framework.TeamOverride
   teamGuid:String
   teamName:String
   faction:String
   teamLeaderCastDefId:String
   IsRequestingUnits:Boolean
   GetHashCode:Int32
   ToString:String
  TEAM_PLR2:BattleTech.Framework.TeamOverride
   teamGuid:String
   teamName:String
   faction:String
   teamLeaderCastDefId:String
   IsRequestingUnits:Boolean
   GetHashCode:Int32
   ToString:String
  TEAM_EMP:BattleTech.Framework.TeamOverride
   teamGuid:String
   teamName:String
   faction:String
   teamLeaderCastDefId:String
   IsRequestingUnits:Boolean
   GetHashCode:Int32
   ToString:String
  TEAM_EMP_ALLY:BattleTech.Framework.TeamOverride
   teamGuid:String
   teamName:String
   faction:String
   teamLeaderCastDefId:String
   IsRequestingUnits:Boolean
   GetHashCode:Int32
   ToString:String
  TEAM_TAR:BattleTech.Framework.TeamOverride
   teamGuid:String
   teamName:String
   faction:String
   teamLeaderCastDefId:String
   IsRequestingUnits:Boolean
   GetHashCode:Int32
   ToString:String
  TEAM_TAR_ALLY:BattleTech.Framework.TeamOverride
   teamGuid:String
   teamName:String
   faction:String
   teamLeaderCastDefId:String
   IsRequestingUnits:Boolean
   GetHashCode:Int32
   ToString:String
  TEAM_NEUT:BattleTech.Framework.TeamOverride
   teamGuid:String
   teamName:String
   faction:String
   teamLeaderCastDefId:String
   IsRequestingUnits:Boolean
   GetHashCode:Int32
   ToString:String
  TEAM_HOST:BattleTech.Framework.TeamOverride
   teamGuid:String
   teamName:String
   faction:String
   teamLeaderCastDefId:String
   IsRequestingUnits:Boolean
   GetHashCode:Int32
   ToString:String
  CUR_TEAM:BattleTech.Framework.TeamOverride
   teamGuid:String
   teamName:String
   faction:String
   teamLeaderCastDefId:String
   IsRequestingUnits:Boolean
   GetHashCode:Int32
   ToString:String
[15:50:31.637]Шаблон:
 Контекст:
  CONTR_BASE_EMPLOYER_REP:System.Int32
   m_value:Int32
   GetHashCode:Int32
   ToString:String
  CONTR_NEG_REP_PCT:System.Single
   m_value:Single
   GetHashCode:Int32
   ToString:String
  CONTR_BASE_REWARD:System.Int32
   m_value:Int32
   GetHashCode:Int32
   ToString:String
  CONTR_NEG_REWARD_PCT:System.Single
   m_value:Single
   GetHashCode:Int32
   ToString:String
  CONTR_NEG_SALVAGE_PCT:System.Single
   m_value:Single
   GetHashCode:Int32
   ToString:String
  CONTR_BONUS_REWARD_FLAT:System.Int32
   m_value:Int32
   GetHashCode:Int32
   ToString:String
  CONTR_BONUS_REWARD_PCT:System.Single
   m_value:Single
   GetHashCode:Int32
   ToString:String
  CONTR_BONUS_EMPLOYER_REP:System.Single
   m_value:Single
   GetHashCode:Int32
   ToString:String
  CONTR_BONUS_TGT_REP:System.Single
   m_value:Single
   GetHashCode:Int32
   ToString:String
  TEAM_PLR1:BattleTech.Framework.TeamOverride
   teamGuid:String
   teamName:String
   faction:String
   teamLeaderCastDefId:String
   IsRequestingUnits:Boolean
   GetHashCode:Int32
   ToString:String
  TEAM_PLR2:BattleTech.Framework.TeamOverride
   teamGuid:String
   teamName:String
   faction:String
   teamLeaderCastDefId:String
   IsRequestingUnits:Boolean
   GetHashCode:Int32
   ToString:String
  TEAM_EMP:BattleTech.Framework.TeamOverride
   teamGuid:String
   teamName:String
   faction:String
   teamLeaderCastDefId:String
   IsRequestingUnits:Boolean
   GetHashCode:Int32
   ToString:String
  TEAM_EMP_ALLY:BattleTech.Framework.TeamOverride
   teamGuid:String
   teamName:String
   faction:String
   teamLeaderCastDefId:String
   IsRequestingUnits:Boolean
   GetHashCode:Int32
   ToString:String
  TEAM_TAR:BattleTech.Framework.TeamOverride
   teamGuid:String
   teamName:String
   faction:String
   teamLeaderCastDefId:String
   IsRequestingUnits:Boolean
   GetHashCode:Int32
   ToString:String
  TEAM_TAR_ALLY:BattleTech.Framework.TeamOverride
   teamGuid:String
   teamName:String
   faction:String
   teamLeaderCastDefId:String
   IsRequestingUnits:Boolean
   GetHashCode:Int32
   ToString:String
  TEAM_NEUT:BattleTech.Framework.TeamOverride
   teamGuid:String
   teamName:String
   faction:String
   teamLeaderCastDefId:String
   IsRequestingUnits:Boolean
   GetHashCode:Int32
   ToString:String
  TEAM_HOST:BattleTech.Framework.TeamOverride
   teamGuid:String
   teamName:String
   faction:String
   teamLeaderCastDefId:String
   IsRequestingUnits:Boolean
   GetHashCode:Int32
   ToString:String
  CUR_TEAM:BattleTech.Framework.TeamOverride
   teamGuid:String
   teamName:String
   faction:String
   teamLeaderCastDefId:String
   IsRequestingUnits:Boolean
   GetHashCode:Int32
   ToString:String
[15:50:31.644]Шаблон:
 Контекст:
  CONTR_BASE_EMPLOYER_REP:System.Int32
   m_value:Int32
   GetHashCode:Int32
   ToString:String
  CONTR_NEG_REP_PCT:System.Single
   m_value:Single
   GetHashCode:Int32
   ToString:String
  CONTR_BASE_REWARD:System.Int32
   m_value:Int32
   GetHashCode:Int32
   ToString:String
  CONTR_NEG_REWARD_PCT:System.Single
   m_value:Single
   GetHashCode:Int32
   ToString:String
  CONTR_NEG_SALVAGE_PCT:System.Single
   m_value:Single
   GetHashCode:Int32
   ToString:String
  CONTR_BONUS_REWARD_FLAT:System.Int32
   m_value:Int32
   GetHashCode:Int32
   ToString:String
  CONTR_BONUS_REWARD_PCT:System.Single
   m_value:Single
   GetHashCode:Int32
   ToString:String
  CONTR_BONUS_EMPLOYER_REP:System.Single
   m_value:Single
   GetHashCode:Int32
   ToString:String
  CONTR_BONUS_TGT_REP:System.Single
   m_value:Single
   GetHashCode:Int32
   ToString:String
  TEAM_PLR1:BattleTech.Framework.TeamOverride
   teamGuid:String
   teamName:String
   faction:String
   teamLeaderCastDefId:String
   IsRequestingUnits:Boolean
   GetHashCode:Int32
   ToString:String
  TEAM_PLR2:BattleTech.Framework.TeamOverride
   teamGuid:String
   teamName:String
   faction:String
   teamLeaderCastDefId:String
   IsRequestingUnits:Boolean
   GetHashCode:Int32
   ToString:String
  TEAM_EMP:BattleTech.Framework.TeamOverride
   teamGuid:String
   teamName:String
   faction:String
   teamLeaderCastDefId:String
   IsRequestingUnits:Boolean
   GetHashCode:Int32
   ToString:String
  TEAM_EMP_ALLY:BattleTech.Framework.TeamOverride
   teamGuid:String
   teamName:String
   faction:String
   teamLeaderCastDefId:String
   IsRequestingUnits:Boolean
   GetHashCode:Int32
   ToString:String
  TEAM_TAR:BattleTech.Framework.TeamOverride
   teamGuid:String
   teamName:String
   faction:String
   teamLeaderCastDefId:String
   IsRequestingUnits:Boolean
   GetHashCode:Int32
   ToString:String
  TEAM_TAR_ALLY:BattleTech.Framework.TeamOverride
   teamGuid:String
   teamName:String
   faction:String
   teamLeaderCastDefId:String
   IsRequestingUnits:Boolean
   GetHashCode:Int32
   ToString:String
  TEAM_NEUT:BattleTech.Framework.TeamOverride
   teamGuid:String
   teamName:String
   faction:String
   teamLeaderCastDefId:String
   IsRequestingUnits:Boolean
   GetHashCode:Int32
   ToString:String
  TEAM_HOST:BattleTech.Framework.TeamOverride
   teamGuid:String
   teamName:String
   faction:String
   teamLeaderCastDefId:String
   IsRequestingUnits:Boolean
   GetHashCode:Int32
   ToString:String
  CUR_TEAM:BattleTech.Framework.TeamOverride
   teamGuid:String
   teamName:String
   faction:String
   teamLeaderCastDefId:String
   IsRequestingUnits:Boolean
   GetHashCode:Int32
   ToString:String
[15:50:31.645]Шаблон:
 Контекст:
  CONTR_BASE_EMPLOYER_REP:System.Int32
   m_value:Int32
   GetHashCode:Int32
   ToString:String
  CONTR_NEG_REP_PCT:System.Single
   m_value:Single
   GetHashCode:Int32
   ToString:String
  CONTR_BASE_REWARD:System.Int32
   m_value:Int32
   GetHashCode:Int32
   ToString:String
  CONTR_NEG_REWARD_PCT:System.Single
   m_value:Single
   GetHashCode:Int32
   ToString:String
  CONTR_NEG_SALVAGE_PCT:System.Single
   m_value:Single
   GetHashCode:Int32
   ToString:String
  CONTR_BONUS_REWARD_FLAT:System.Int32
   m_value:Int32
   GetHashCode:Int32
   ToString:String
  CONTR_BONUS_REWARD_PCT:System.Single
   m_value:Single
   GetHashCode:Int32
   ToString:String
  CONTR_BONUS_EMPLOYER_REP:System.Single
   m_value:Single
   GetHashCode:Int32
   ToString:String
  CONTR_BONUS_TGT_REP:System.Single
   m_value:Single
   GetHashCode:Int32
   ToString:String
  TEAM_PLR1:BattleTech.Framework.TeamOverride
   teamGuid:String
   teamName:String
   faction:String
   teamLeaderCastDefId:String
   IsRequestingUnits:Boolean
   GetHashCode:Int32
   ToString:String
  TEAM_PLR2:BattleTech.Framework.TeamOverride
   teamGuid:String
   teamName:String
   faction:String
   teamLeaderCastDefId:String
   IsRequestingUnits:Boolean
   GetHashCode:Int32
   ToString:String
  TEAM_EMP:BattleTech.Framework.TeamOverride
   teamGuid:String
   teamName:String
   faction:String
   teamLeaderCastDefId:String
   IsRequestingUnits:Boolean
   GetHashCode:Int32
   ToString:String
  TEAM_EMP_ALLY:BattleTech.Framework.TeamOverride
   teamGuid:String
   teamName:String
   faction:String
   teamLeaderCastDefId:String
   IsRequestingUnits:Boolean
   GetHashCode:Int32
   ToString:String
  TEAM_TAR:BattleTech.Framework.TeamOverride
   teamGuid:String
   teamName:String
   faction:String
   teamLeaderCastDefId:String
   IsRequestingUnits:Boolean
   GetHashCode:Int32
   ToString:String
  TEAM_TAR_ALLY:BattleTech.Framework.TeamOverride
   teamGuid:String
   teamName:String
   faction:String
   teamLeaderCastDefId:String
   IsRequestingUnits:Boolean
   GetHashCode:Int32
   ToString:String
  TEAM_NEUT:BattleTech.Framework.TeamOverride
   teamGuid:String
   teamName:String
   faction:String
   teamLeaderCastDefId:String
   IsRequestingUnits:Boolean
   GetHashCode:Int32
   ToString:String
  TEAM_HOST:BattleTech.Framework.TeamOverride
   teamGuid:String
   teamName:String
   faction:String
   teamLeaderCastDefId:String
   IsRequestingUnits:Boolean
   GetHashCode:Int32
   ToString:String
  CUR_TEAM:BattleTech.Framework.TeamOverride
   teamGuid:String
   teamName:String
   faction:String
   teamLeaderCastDefId:String
   IsRequestingUnits:Boolean
   GetHashCode:Int32
   ToString:String
[15:50:31.646]Шаблон:
 Контекст:
  CONTR_BASE_EMPLOYER_REP:System.Int32
   m_value:Int32
   GetHashCode:Int32
   ToString:String
  CONTR_NEG_REP_PCT:System.Single
   m_value:Single
   GetHashCode:Int32
   ToString:String
  CONTR_BASE_REWARD:System.Int32
   m_value:Int32
   GetHashCode:Int32
   ToString:String
  CONTR_NEG_REWARD_PCT:System.Single
   m_value:Single
   GetHashCode:Int32
   ToString:String
  CONTR_NEG_SALVAGE_PCT:System.Single
   m_value:Single
   GetHashCode:Int32
   ToString:String
  CONTR_BONUS_REWARD_FLAT:System.Int32
   m_value:Int32
   GetHashCode:Int32
   ToString:String
  CONTR_BONUS_REWARD_PCT:System.Single
   m_value:Single
   GetHashCode:Int32
   ToString:String
  CONTR_BONUS_EMPLOYER_REP:System.Single
   m_value:Single
   GetHashCode:Int32
   ToString:String
  CONTR_BONUS_TGT_REP:System.Single
   m_value:Single
   GetHashCode:Int32
   ToString:String
  TEAM_PLR1:BattleTech.Framework.TeamOverride
   teamGuid:String
   teamName:String
   faction:String
   teamLeaderCastDefId:String
   IsRequestingUnits:Boolean
   GetHashCode:Int32
   ToString:String
  TEAM_PLR2:BattleTech.Framework.TeamOverride
   teamGuid:String
   teamName:String
   faction:String
   teamLeaderCastDefId:String
   IsRequestingUnits:Boolean
   GetHashCode:Int32
   ToString:String
  TEAM_EMP:BattleTech.Framework.TeamOverride
   teamGuid:String
   teamName:String
   faction:String
   teamLeaderCastDefId:String
   IsRequestingUnits:Boolean
   GetHashCode:Int32
   ToString:String
  TEAM_EMP_ALLY:BattleTech.Framework.TeamOverride
   teamGuid:String
   teamName:String
   faction:String
   teamLeaderCastDefId:String
   IsRequestingUnits:Boolean
   GetHashCode:Int32
   ToString:String
  TEAM_TAR:BattleTech.Framework.TeamOverride
   teamGuid:String
   teamName:String
   faction:String
   teamLeaderCastDefId:String
   IsRequestingUnits:Boolean
   GetHashCode:Int32
   ToString:String
  TEAM_TAR_ALLY:BattleTech.Framework.TeamOverride
   teamGuid:String
   teamName:String
   faction:String
   teamLeaderCastDefId:String
   IsRequestingUnits:Boolean
   GetHashCode:Int32
   ToString:String
  TEAM_NEUT:BattleTech.Framework.TeamOverride
   teamGuid:String
   teamName:String
   faction:String
   teamLeaderCastDefId:String
   IsRequestingUnits:Boolean
   GetHashCode:Int32
   ToString:String
  TEAM_HOST:BattleTech.Framework.TeamOverride
   teamGuid:String
   teamName:String
   faction:String
   teamLeaderCastDefId:String
   IsRequestingUnits:Boolean
   GetHashCode:Int32
   ToString:String
  CUR_TEAM:BattleTech.Framework.TeamOverride
   teamGuid:String
   teamName:String
   faction:String
   teamLeaderCastDefId:String
   IsRequestingUnits:Boolean
   GetHashCode:Int32
   ToString:String
[15:50:31.646]Шаблон:
 Контекст:
  CONTR_BASE_EMPLOYER_REP:System.Int32
   m_value:Int32
   GetHashCode:Int32
   ToString:String
  CONTR_NEG_REP_PCT:System.Single
   m_value:Single
   GetHashCode:Int32
   ToString:String
  CONTR_BASE_REWARD:System.Int32
   m_value:Int32
   GetHashCode:Int32
   ToString:String
  CONTR_NEG_REWARD_PCT:System.Single
   m_value:Single
   GetHashCode:Int32
   ToString:String
  CONTR_NEG_SALVAGE_PCT:System.Single
   m_value:Single
   GetHashCode:Int32
   ToString:String
  CONTR_BONUS_REWARD_FLAT:System.Int32
   m_value:Int32
   GetHashCode:Int32
   ToString:String
  CONTR_BONUS_REWARD_PCT:System.Single
   m_value:Single
   GetHashCode:Int32
   ToString:String
  CONTR_BONUS_EMPLOYER_REP:System.Single
   m_value:Single
   GetHashCode:Int32
   ToString:String
  CONTR_BONUS_TGT_REP:System.Single
   m_value:Single
   GetHashCode:Int32
   ToString:String
  TEAM_PLR1:BattleTech.Framework.TeamOverride
   teamGuid:String
   teamName:String
   faction:String
   teamLeaderCastDefId:String
   IsRequestingUnits:Boolean
   GetHashCode:Int32
   ToString:String
  TEAM_PLR2:BattleTech.Framework.TeamOverride
   teamGuid:String
   teamName:String
   faction:String
   teamLeaderCastDefId:String
   IsRequestingUnits:Boolean
   GetHashCode:Int32
   ToString:String
  TEAM_EMP:BattleTech.Framework.TeamOverride
   teamGuid:String
   teamName:String
   faction:String
   teamLeaderCastDefId:String
   IsRequestingUnits:Boolean
   GetHashCode:Int32
   ToString:String
  TEAM_EMP_ALLY:BattleTech.Framework.TeamOverride
   teamGuid:String
   teamName:String
   faction:String
   teamLeaderCastDefId:String
   IsRequestingUnits:Boolean
   GetHashCode:Int32
   ToString:String
  TEAM_TAR:BattleTech.Framework.TeamOverride
   teamGuid:String
   teamName:String
   faction:String
   teamLeaderCastDefId:String
   IsRequestingUnits:Boolean
   GetHashCode:Int32
   ToString:String
  TEAM_TAR_ALLY:BattleTech.Framework.TeamOverride
   teamGuid:String
   teamName:String
   faction:String
   teamLeaderCastDefId:String
   IsRequestingUnits:Boolean
   GetHashCode:Int32
   ToString:String
  TEAM_NEUT:BattleTech.Framework.TeamOverride
   teamGuid:String
   teamName:String
   faction:String
   teamLeaderCastDefId:String
   IsRequestingUnits:Boolean
   GetHashCode:Int32
   ToString:String
  TEAM_HOST:BattleTech.Framework.TeamOverride
   teamGuid:String
   teamName:String
   faction:String
   teamLeaderCastDefId:String
   IsRequestingUnits:Boolean
   GetHashCode:Int32
   ToString:String
  CUR_TEAM:BattleTech.Framework.TeamOverride
   teamGuid:String
   teamName:String
   faction:String
   teamLeaderCastDefId:String
   IsRequestingUnits:Boolean
   GetHashCode:Int32
   ToString:String
[15:50:31.646]Шаблон:
 Контекст:
  CONTR_BASE_EMPLOYER_REP:System.Int32
   m_value:Int32
   GetHashCode:Int32
   ToString:String
  CONTR_NEG_REP_PCT:System.Single
   m_value:Single
   GetHashCode:Int32
   ToString:String
  CONTR_BASE_REWARD:System.Int32
   m_value:Int32
   GetHashCode:Int32
   ToString:String
  CONTR_NEG_REWARD_PCT:System.Single
   m_value:Single
   GetHashCode:Int32
   ToString:String
  CONTR_NEG_SALVAGE_PCT:System.Single
   m_value:Single
   GetHashCode:Int32
   ToString:String
  CONTR_BONUS_REWARD_FLAT:System.Int32
   m_value:Int32
   GetHashCode:Int32
   ToString:String
  CONTR_BONUS_REWARD_PCT:System.Single
   m_value:Single
   GetHashCode:Int32
   ToString:String
  CONTR_BONUS_EMPLOYER_REP:System.Single
   m_value:Single
   GetHashCode:Int32
   ToString:String
  CONTR_BONUS_TGT_REP:System.Single
   m_value:Single
   GetHashCode:Int32
   ToString:String
  TEAM_PLR1:BattleTech.Framework.TeamOverride
   teamGuid:String
   teamName:String
   faction:String
   teamLeaderCastDefId:String
   IsRequestingUnits:Boolean
   GetHashCode:Int32
   ToString:String
  TEAM_PLR2:BattleTech.Framework.TeamOverride
   teamGuid:String
   teamName:String
   faction:String
   teamLeaderCastDefId:String
   IsRequestingUnits:Boolean
   GetHashCode:Int32
   ToString:String
  TEAM_EMP:BattleTech.Framework.TeamOverride
   teamGuid:String
   teamName:String
   faction:String
   teamLeaderCastDefId:String
   IsRequestingUnits:Boolean
   GetHashCode:Int32
   ToString:String
  TEAM_EMP_ALLY:BattleTech.Framework.TeamOverride
   teamGuid:String
   teamName:String
   faction:String
   teamLeaderCastDefId:String
   IsRequestingUnits:Boolean
   GetHashCode:Int32
   ToString:String
  TEAM_TAR:BattleTech.Framework.TeamOverride
   teamGuid:String
   teamName:String
   faction:String
   teamLeaderCastDefId:String
   IsRequestingUnits:Boolean
   GetHashCode:Int32
   ToString:String
  TEAM_TAR_ALLY:BattleTech.Framework.TeamOverride
   teamGuid:String
   teamName:String
   faction:String
   teamLeaderCastDefId:String
   IsRequestingUnits:Boolean
   GetHashCode:Int32
   ToString:String
  TEAM_NEUT:BattleTech.Framework.TeamOverride
   teamGuid:String
   teamName:String
   faction:String
   teamLeaderCastDefId:String
   IsRequestingUnits:Boolean
   GetHashCode:Int32
   ToString:String
  TEAM_HOST:BattleTech.Framework.TeamOverride
   teamGuid:String
   teamName:String
   faction:String
   teamLeaderCastDefId:String
   IsRequestingUnits:Boolean
   GetHashCode:Int32
   ToString:String
  CUR_TEAM:BattleTech.Framework.TeamOverride
   teamGuid:String
   teamName:String
   faction:String
   teamLeaderCastDefId:String
   IsRequestingUnits:Boolean
   GetHashCode:Int32
   ToString:String
