Assemblies loaded:
 - Anonymously Hosted DynamicMethods Assembly
 - BATTLETECH/BattleTech_Data/Managed/Assembly-CSharp-firstpass.dll
 - BATTLETECH/BattleTech_Data/Managed/AWSSDK.CognitoIdentity.dll
 - BATTLETECH/BattleTech_Data/Managed/AWSSDK.Core.dll
 - BATTLETECH/BattleTech_Data/Managed/AWSSDK.S3.dll
 - BATTLETECH/BattleTech_Data/Managed/AWSSDK.SecurityToken.dll
 - BATTLETECH/BattleTech_Data/Managed/BattleTech.Common.dll
 - BATTLETECH/BattleTech_Data/Managed/DemiLib.dll
 - BATTLETECH/BattleTech_Data/Managed/DOTween43.dll
 - BATTLETECH/BattleTech_Data/Managed/DOTween46.dll
 - BATTLETECH/BattleTech_Data/Managed/DOTween50.dll
 - BATTLETECH/BattleTech_Data/Managed/DOTweenPro.dll
 - BATTLETECH/BattleTech_Data/Managed/Google.GData.AccessControl.DLL
 - BATTLETECH/BattleTech_Data/Managed/Google.GData.Client.dll
 - BATTLETECH/BattleTech_Data/Managed/Google.GData.Extensions.dll
 - BATTLETECH/BattleTech_Data/Managed/Google.GData.Spreadsheets.dll
 - BATTLETECH/BattleTech_Data/Managed/Google.Protobuf.Unity.dll
 - BATTLETECH/BattleTech_Data/Managed/HBSNet.dll
 - BATTLETECH/BattleTech_Data/Managed/HBSNetUdp.dll
 - BATTLETECH/BattleTech_Data/Managed/I18N.CJK.dll
 - BATTLETECH/BattleTech_Data/Managed/I18N.dll
 - BATTLETECH/BattleTech_Data/Managed/I18N.MidEast.dll
 - BATTLETECH/BattleTech_Data/Managed/I18N.Other.dll
 - BATTLETECH/BattleTech_Data/Managed/I18N.Rare.dll
 - BATTLETECH/BattleTech_Data/Managed/I18N.West.dll
 - BATTLETECH/BattleTech_Data/Managed/InControl.dll
 - BATTLETECH/BattleTech_Data/Managed/InControl.Examples.dll
 - BATTLETECH/BattleTech_Data/Managed/Ionic.Zip.dll
 - BATTLETECH/BattleTech_Data/Managed/LibTessDotNet.dll
 - BATTLETECH/BattleTech_Data/Managed/Lidgren.Network.dll
 - BATTLETECH/BattleTech_Data/Managed/Magick.NET-Q16-x64.dll
 - BATTLETECH/BattleTech_Data/Managed/Mono.Data.Sqlite.dll
 - BATTLETECH/BattleTech_Data/Managed/Mono.Security.dll
 - BATTLETECH/BattleTech_Data/Managed/mscorlib.dll
 - BATTLETECH/BattleTech_Data/Managed/NGettext.dll
 - BATTLETECH/BattleTech_Data/Managed/Open.Nat.dll
 - BATTLETECH/BattleTech_Data/Managed/protobuf-net.dll
 - BATTLETECH/BattleTech_Data/Managed/ServiceStack.Interfaces.dll
 - BATTLETECH/BattleTech_Data/Managed/ShadowrunDTO.dll
 - BATTLETECH/BattleTech_Data/Managed/ShadowrunSerializer.dll
 - BATTLETECH/BattleTech_Data/Managed/Sigil.dll
 - BATTLETECH/BattleTech_Data/Managed/StringObfuscator.dll
 - BATTLETECH/BattleTech_Data/Managed/System.Configuration.dll
 - BATTLETECH/BattleTech_Data/Managed/System.Core.dll
 - BATTLETECH/BattleTech_Data/Managed/System.Data.dll
 - BATTLETECH/BattleTech_Data/Managed/System.dll
 - BATTLETECH/BattleTech_Data/Managed/System.Drawing.dll
 - BATTLETECH/BattleTech_Data/Managed/System.EnterpriseServices.dll
 - BATTLETECH/BattleTech_Data/Managed/System.Numerics.dll
 - BATTLETECH/BattleTech_Data/Managed/System.Security.dll
 - BATTLETECH/BattleTech_Data/Managed/System.ServiceModel.Internals.dll
 - BATTLETECH/BattleTech_Data/Managed/System.Transactions.dll
 - BATTLETECH/BattleTech_Data/Managed/System.Xml.dll
 - BATTLETECH/BattleTech_Data/Managed/System.Xml.Linq.dll
 - BATTLETECH/BattleTech_Data/Managed/Unity.Analytics.DataPrivacy.dll
 - BATTLETECH/BattleTech_Data/Managed/Unity.TextMeshPro.dll
 - BATTLETECH/BattleTech_Data/Managed/UnityEngine.AccessibilityModule.dll
 - BATTLETECH/BattleTech_Data/Managed/UnityEngine.AIModule.dll
 - BATTLETECH/BattleTech_Data/Managed/UnityEngine.AnimationModule.dll
 - BATTLETECH/BattleTech_Data/Managed/UnityEngine.ARModule.dll
 - BATTLETECH/BattleTech_Data/Managed/UnityEngine.AssetBundleModule.dll
 - BATTLETECH/BattleTech_Data/Managed/UnityEngine.AudioModule.dll
 - BATTLETECH/BattleTech_Data/Managed/UnityEngine.BaselibModule.dll
 - BATTLETECH/BattleTech_Data/Managed/UnityEngine.ClothModule.dll
 - BATTLETECH/BattleTech_Data/Managed/UnityEngine.ClusterInputModule.dll
 - BATTLETECH/BattleTech_Data/Managed/UnityEngine.ClusterRendererModule.dll
 - BATTLETECH/BattleTech_Data/Managed/UnityEngine.CoreModule.dll
 - BATTLETECH/BattleTech_Data/Managed/UnityEngine.CrashReportingModule.dll
 - BATTLETECH/BattleTech_Data/Managed/UnityEngine.DirectorModule.dll
 - BATTLETECH/BattleTech_Data/Managed/UnityEngine.dll
 - BATTLETECH/BattleTech_Data/Managed/UnityEngine.FileSystemHttpModule.dll
 - BATTLETECH/BattleTech_Data/Managed/UnityEngine.GameCenterModule.dll
 - BATTLETECH/BattleTech_Data/Managed/UnityEngine.GridModule.dll
 - BATTLETECH/BattleTech_Data/Managed/UnityEngine.HotReloadModule.dll
 - BATTLETECH/BattleTech_Data/Managed/UnityEngine.ImageConversionModule.dll
 - BATTLETECH/BattleTech_Data/Managed/UnityEngine.IMGUIModule.dll
 - BATTLETECH/BattleTech_Data/Managed/UnityEngine.InputModule.dll
 - BATTLETECH/BattleTech_Data/Managed/UnityEngine.JSONSerializeModule.dll
 - BATTLETECH/BattleTech_Data/Managed/UnityEngine.LocalizationModule.dll
 - BATTLETECH/BattleTech_Data/Managed/UnityEngine.Networking.dll
 - BATTLETECH/BattleTech_Data/Managed/UnityEngine.ParticleSystemModule.dll
 - BATTLETECH/BattleTech_Data/Managed/UnityEngine.PerformanceReportingModule.dll
 - BATTLETECH/BattleTech_Data/Managed/UnityEngine.Physics2DModule.dll
 - BATTLETECH/BattleTech_Data/Managed/UnityEngine.PhysicsModule.dll
 - BATTLETECH/BattleTech_Data/Managed/UnityEngine.ProfilerModule.dll
 - BATTLETECH/BattleTech_Data/Managed/UnityEngine.ScreenCaptureModule.dll
 - BATTLETECH/BattleTech_Data/Managed/UnityEngine.SharedInternalsModule.dll
 - BATTLETECH/BattleTech_Data/Managed/UnityEngine.SpatialTracking.dll
 - BATTLETECH/BattleTech_Data/Managed/UnityEngine.SpriteMaskModule.dll
 - BATTLETECH/BattleTech_Data/Managed/UnityEngine.SpriteShapeModule.dll
 - BATTLETECH/BattleTech_Data/Managed/UnityEngine.StreamingModule.dll
 - BATTLETECH/BattleTech_Data/Managed/UnityEngine.StyleSheetsModule.dll
 - BATTLETECH/BattleTech_Data/Managed/UnityEngine.SubstanceModule.dll
 - BATTLETECH/BattleTech_Data/Managed/UnityEngine.TerrainModule.dll
 - BATTLETECH/BattleTech_Data/Managed/UnityEngine.TerrainPhysicsModule.dll
 - BATTLETECH/BattleTech_Data/Managed/UnityEngine.TextCoreModule.dll
 - BATTLETECH/BattleTech_Data/Managed/UnityEngine.TextRenderingModule.dll
 - BATTLETECH/BattleTech_Data/Managed/UnityEngine.TilemapModule.dll
 - BATTLETECH/BattleTech_Data/Managed/UnityEngine.Timeline.dll
 - BATTLETECH/BattleTech_Data/Managed/UnityEngine.TimelineModule.dll
 - BATTLETECH/BattleTech_Data/Managed/UnityEngine.TLSModule.dll
 - BATTLETECH/BattleTech_Data/Managed/UnityEngine.UI.dll
 - BATTLETECH/BattleTech_Data/Managed/UnityEngine.UIElementsModule.dll
 - BATTLETECH/BattleTech_Data/Managed/UnityEngine.UIModule.dll
 - BATTLETECH/BattleTech_Data/Managed/UnityEngine.UmbraModule.dll
 - BATTLETECH/BattleTech_Data/Managed/UnityEngine.UNETModule.dll
 - BATTLETECH/BattleTech_Data/Managed/UnityEngine.UnityAnalyticsModule.dll
 - BATTLETECH/BattleTech_Data/Managed/UnityEngine.UnityConnectModule.dll
 - BATTLETECH/BattleTech_Data/Managed/UnityEngine.UnityTestProtocolModule.dll
 - BATTLETECH/BattleTech_Data/Managed/UnityEngine.UnityWebRequestAssetBundleModule.dll
 - BATTLETECH/BattleTech_Data/Managed/UnityEngine.UnityWebRequestAudioModule.dll
 - BATTLETECH/BattleTech_Data/Managed/UnityEngine.UnityWebRequestModule.dll
 - BATTLETECH/BattleTech_Data/Managed/UnityEngine.UnityWebRequestTextureModule.dll
 - BATTLETECH/BattleTech_Data/Managed/UnityEngine.UnityWebRequestWWWModule.dll
 - BATTLETECH/BattleTech_Data/Managed/UnityEngine.VehiclesModule.dll
 - BATTLETECH/BattleTech_Data/Managed/UnityEngine.VFXModule.dll
 - BATTLETECH/BattleTech_Data/Managed/UnityEngine.VideoModule.dll
 - BATTLETECH/BattleTech_Data/Managed/UnityEngine.VRModule.dll
 - BATTLETECH/BattleTech_Data/Managed/UnityEngine.WindModule.dll
 - BATTLETECH/BattleTech_Data/Managed/UnityEngine.XRModule.dll
 - BATTLETECH/Mods/.modtek/AssembliesInjected/Assembly-CSharp.dll (BATTLETECH/Mods/.modtek/AssembliesShimmed/Assembly-CSharp.dll)
 - BATTLETECH/Mods/BattletechPerformanceFix/BattletechPerformanceFix.dll (BATTLETECH/Mods/.modtek/AssembliesShimmed/BattletechPerformanceFix.dll)
 - BATTLETECH/Mods/BattletechPerformanceFix/RSG.Promise.dll
 - BATTLETECH/Mods/BiggerDrops/BiggerDrops.dll (BATTLETECH/Mods/.modtek/AssembliesShimmed/BiggerDrops.dll)
 - BATTLETECH/Mods/BTDebug/BTDebug.dll (BATTLETECH/Mods/.modtek/AssembliesShimmed/BTDebug.dll)
 - BATTLETECH/Mods/BTDebug/bundles/BTDebug-Library.dll
 - BATTLETECH/Mods/CBTBehaviorsEnhanced/CBTBehaviorsEnhanced.dll
 - BATTLETECH/Mods/ColourfulFlashpoints/ColourfulFlashPoints.dll (BATTLETECH/Mods/.modtek/AssembliesShimmed/ColourfulFlashPoints.dll)
 - BATTLETECH/Mods/CommanderPortraitLoader/CommanderPortraitLoader.dll (BATTLETECH/Mods/.modtek/AssembliesShimmed/CommanderPortraitLoader.dll)
 - BATTLETECH/Mods/CustomActivatableEquipment/CustomActivatableEquipment.dll
 - BATTLETECH/Mods/CustomAmmoCategories/AttackImprovementMod.dll
 - BATTLETECH/Mods/CustomAmmoCategories/CustomAmmoCategories.dll
 - BATTLETECH/Mods/CustomAmmoCategories/CustomAmmoCategoriesPrivate.dll
 - BATTLETECH/Mods/CustomComponents/CustomComponents.dll
 - BATTLETECH/Mods/CustomFilters/CustomFilters.dll
 - BATTLETECH/Mods/CustomLocalization/CustomLocalization.dll
 - BATTLETECH/Mods/CustomLocalization/EPPlus.dll
 - BATTLETECH/Mods/CustomLocalSettings/CustomLocalSettings.dll
 - BATTLETECH/Mods/CustomMaps/CustomMaps.dll
 - BATTLETECH/Mods/CustomPilotDecorator/CustomPilotDecorator.dll
 - BATTLETECH/Mods/CustomPrewarm/CustomPrewarm.dll
 - BATTLETECH/Mods/CustomPrewarm/MessagePack.dll
 - BATTLETECH/Mods/CustomPrewarm/System.Runtime.dll
 - BATTLETECH/Mods/CustomPrewarm/System.Runtime.InteropServices.dll
 - BATTLETECH/Mods/CustomPrewarm/System.Runtime.Serialization.dll (BATTLETECH/BattleTech_Data/Managed/System.Runtime.Serialization.dll)
 - BATTLETECH/Mods/CustomPrewarm/System.Threading.Tasks.Extensions.dll
 - BATTLETECH/Mods/CustomPrewarm/System.ValueTuple.dll
 - BATTLETECH/Mods/CustomSalvage/CustomSalvage.dll
 - BATTLETECH/Mods/CustomShops/CustomShops.dll (BATTLETECH/Mods/.modtek/AssembliesShimmed/CustomShops.dll)
 - BATTLETECH/Mods/CustomUnitDecorator/CustomUnitDecorator.dll
 - BATTLETECH/Mods/CustomUnits/CustomDeploy.dll
 - BATTLETECH/Mods/CustomUnits/CustomUnits.dll
 - BATTLETECH/Mods/CustomUnits/CustomUnitsHelper.dll
 - BATTLETECH/Mods/CustomUnitSpawn/CustomUnitSpawn.dll
 - BATTLETECH/Mods/CustomVoices/CustomVoices.dll
 - BATTLETECH/Mods/CustomVoices/ManagedBass.dll
 - BATTLETECH/Mods/CustomVoices/Newtonsoft.Json.dll (BATTLETECH/BattleTech_Data/Managed/Newtonsoft.Json.dll)
 - BATTLETECH/Mods/GN%20Backgrounds/CommanderBackgrounds.dll (BATTLETECH/Mods/.modtek/AssembliesShimmed/CommanderBackgrounds.dll)
 - BATTLETECH/Mods/HideCareerModeDays/HideCareerModeDays.dll (BATTLETECH/Mods/.modtek/AssembliesShimmed/HideCareerModeDays.dll)
 - BATTLETECH/Mods/InnerSphereMap/InnerSphereMap.dll (BATTLETECH/Mods/.modtek/AssembliesShimmed/InnerSphereMap.dll)
 - BATTLETECH/Mods/IRBTModUtils/IRBTModUtils.dll
 - BATTLETECH/Mods/IRTweaks/IRTweaks.dll (BATTLETECH/Mods/.modtek/AssembliesShimmed/IRTweaks.dll)
 - BATTLETECH/Mods/LewdableTanks/LewdableTanks.dll
 - BATTLETECH/Mods/LogoReplacement/LogoReplacement.dll (BATTLETECH/Mods/.modtek/AssembliesShimmed/LogoReplacement.dll)
 - BATTLETECH/Mods/LootMagnet/LootMagnet.dll (BATTLETECH/Mods/.modtek/AssembliesShimmed/LootMagnet.dll)
 - BATTLETECH/Mods/MechAffinity/MechAffinity.dll (BATTLETECH/Mods/.modtek/AssembliesShimmed/MechAffinity.dll)
 - BATTLETECH/Mods/MechEngineer/MechEngineer.dll
 - BATTLETECH/Mods/MissionControl/MissionControl.dll (BATTLETECH/Mods/.modtek/AssembliesShimmed/MissionControl.dll)
 - BATTLETECH/Mods/ModTek/AssembliesOverride/DOTween.dll
 - BATTLETECH/Mods/ModTek/Harmony12X/0Harmony.dll
 - BATTLETECH/Mods/ModTek/Harmony12X/0Harmony109.dll
 - BATTLETECH/Mods/ModTek/Harmony12X/0Harmony12.dll
 - BATTLETECH/Mods/ModTek/Harmony12X/HarmonyXInterop.dll
 - BATTLETECH/Mods/ModTek/Harmony12X/MonoMod.RuntimeDetour.dll
 - BATTLETECH/Mods/ModTek/Harmony12X/MonoMod.Utils.dll
 - BATTLETECH/Mods/ModTek/ModTek.dll (BATTLETECH/Mods/.modtek/AssembliesShimmed/ModTek.dll)
 - BATTLETECH/Mods/ModTek/ModTekPreloader.dll
 - BATTLETECH/Mods/ModTek/Mono.Cecil.dll
 - BATTLETECH/Mods/NavigationComputer/NavigationComputer.dll
 - BATTLETECH/Mods/NewSaveLocation/NewSaveFolder.dll (BATTLETECH/Mods/.modtek/AssembliesShimmed/NewSaveFolder.dll)
 - BATTLETECH/Mods/PanicSystem/PanicSystem.dll
 - BATTLETECH/Mods/PersistentMapClient/PersistentMapAPI.dll
 - BATTLETECH/Mods/PersistentMapClient/PersistentMapClient.dll (BATTLETECH/Mods/.modtek/AssembliesShimmed/PersistentMapClient.dll)
 - BATTLETECH/Mods/PilotHealthPopup/PilotHealthPopup.dll (BATTLETECH/Mods/.modtek/AssembliesShimmed/PilotHealthPopup.dll)
 - BATTLETECH/Mods/SkipIntro/SkipIntro.dll (BATTLETECH/Mods/.modtek/AssembliesShimmed/SkipIntro.dll)
 - BATTLETECH/Mods/TravelInfoTooltips/TravelInfoTooltips.dll
 - Dapper at BATTLETECH/BattleTech_Data/Managed/Dapper.Unity.dll
 - HarmonyDTFAssembly1 (data-000001A8A8CB4380)
 - HarmonyDTFAssembly2 (data-000001A8A8B5C740)
 - HarmonyDTFAssembly3 (data-000001A8A8D1B060)
 - MonoMod.Utils.GetManagedSizeHelper (data-000001A8CEC62540)