03:57:30.344 Preloader v3.1.15+1.Branch.master.Sha.09a4ab12986912f8a92f5b49565cd178890250cc (2023-01-23)
03:57:30.361 GameMainAssemblyFile: D:\SteamLibrary\steamapps\common\BATTLETECH\BattleTech_Data\Managed\Assembly-CSharp.dll
03:57:30.361 ModTekDirectory: D:\SteamLibrary\steamapps\common\BATTLETECH\Mods\ModTek
03:57:30.367 SingleInstanceEnforcer [pid=17768]: Locking
03:57:30.368 SingleInstanceEnforcer [pid=17768]: Can't open or create, retrying
03:57:31.382 SingleInstanceEnforcer [pid=17768]: Can't open or create, retrying
03:57:32.393 SingleInstanceEnforcer [pid=17768]: Can't open or create, retrying
03:57:33.087 SingleInstanceEnforcer [pid=20984]: Unlocking
03:57:33.087 SingleInstanceEnforcer [pid=20984]: Unlocked
03:57:33.405 SingleInstanceEnforcer [pid=17768]: Locked
03:57:33.406 Find backups, restore assemblies and remove backups.
03:57:33.473 Assembly `BATTLETECH/BattleTech_Data/Managed/Assembly-CSharp.dll` contains no known injections.
03:57:33.473 Cleaning up obsolete files.
03:57:33.671 [Injectors] Injection cache manifest at `BATTLETECH/Mods/.modtek/AssembliesInjected/_Manifest.csv` is up to date.
03:57:33.678 Note that when preloading assemblies of the same name, the first one loaded wins.
03:57:33.679 Setting up HarmonyX interoperability
03:57:33.679 Preloading supported Harmony12X assemblies from `BATTLETECH/Mods/ModTek/Harmony12X`.
03:57:33.679 	0Harmony109.dll
03:57:33.681 	0Harmony12.dll
03:57:33.681 	0Harmony.dll
03:57:33.698 Shimmed cache manifest is up to date.
03:57:33.700 HarmonyX channel filter(s): None
03:57:33.889 Preloading injected assemblies from `BATTLETECH/Mods/.modtek/AssembliesInjected`:
03:57:33.889 	Assembly-CSharp.dll
03:57:33.891 Loading shimmed assembly from `BATTLETECH/Mods/.modtek/AssembliesShimmed/Assembly-CSharp.dll` instead of `BATTLETECH/Mods/.modtek/AssembliesInjected/Assembly-CSharp.dll`.
03:57:33.893 Preloading override assemblies from `BATTLETECH/Mods/ModTek/AssembliesOverride`:
03:57:33.893 	DOTween.dll
03:57:33.894 Preloading ModTek from `BATTLETECH/Mods/ModTek/ModTek.dll`:
03:57:33.895 Loading shimmed assembly from `BATTLETECH/Mods/.modtek/AssembliesShimmed/ModTek.dll` instead of `BATTLETECH/Mods/ModTek/ModTek.dll`.
03:57:33.898 Assemblies loaded:
 - BATTLETECH/BattleTech_Data/Managed/Mono.Security.dll
 - BATTLETECH/BattleTech_Data/Managed/mscorlib.dll
 - BATTLETECH/BattleTech_Data/Managed/Newtonsoft.Json.dll
 - BATTLETECH/BattleTech_Data/Managed/System.Configuration.dll
 - BATTLETECH/BattleTech_Data/Managed/System.Core.dll
 - BATTLETECH/BattleTech_Data/Managed/System.Data.dll
 - BATTLETECH/BattleTech_Data/Managed/System.dll
 - BATTLETECH/BattleTech_Data/Managed/System.Runtime.Serialization.dll
 - BATTLETECH/BattleTech_Data/Managed/System.Xml.dll
 - BATTLETECH/Mods/.modtek/AssembliesShimmed/Assembly-CSharp.dll
 - BATTLETECH/Mods/.modtek/AssembliesShimmed/ModTek.dll
 - BATTLETECH/Mods/ModTek/AssembliesOverride/DOTween.dll
 - BATTLETECH/Mods/ModTek/Harmony12X/0Harmony.dll
 - BATTLETECH/Mods/ModTek/Harmony12X/0Harmony109.dll
 - BATTLETECH/Mods/ModTek/Harmony12X/0Harmony12.dll
 - BATTLETECH/Mods/ModTek/Harmony12X/MonoMod.RuntimeDetour.dll
 - BATTLETECH/Mods/ModTek/Harmony12X/MonoMod.Utils.dll
 - BATTLETECH/Mods/ModTek/ModTekPreloader.dll
 - BATTLETECH/Mods/ModTek/Mono.Cecil.dll
 - data-000002A261341040
 - data-000002A26145F150
 - data-000002A26184D050
03:57:43.543 Loading shimmed assembly from `BATTLETECH/Mods/.modtek/AssembliesShimmed/BattletechPerformanceFix.dll` instead of `BATTLETECH/Mods/BattletechPerformanceFix/BattletechPerformanceFix.dll`.
03:57:44.185 Loading shimmed assembly from `BATTLETECH/Mods/.modtek/AssembliesShimmed/BTDebug.dll` instead of `BATTLETECH/Mods/BTDebug/BTDebug.dll`.
03:57:44.275 Loading shimmed assembly from `BATTLETECH/Mods/.modtek/AssembliesShimmed/ColourfulFlashPoints.dll` instead of `BATTLETECH/Mods/ColourfulFlashpoints/ColourfulFlashPoints.dll`.
03:57:44.308 Loading shimmed assembly from `BATTLETECH/Mods/.modtek/AssembliesShimmed/CommanderPortraitLoader.dll` instead of `BATTLETECH/Mods/CommanderPortraitLoader/CommanderPortraitLoader.dll`.
03:57:45.810 Loading shimmed assembly from `BATTLETECH/Mods/.modtek/AssembliesShimmed/FellOffACargoShip.dll` instead of `BATTLETECH/Mods/FellOffACargoShip/FellOffACargoShip.dll`.
03:57:45.828 Loading shimmed assembly from `BATTLETECH/Mods/.modtek/AssembliesShimmed/CommanderBackgrounds.dll` instead of `BATTLETECH/Mods/GN%20Backgrounds/CommanderBackgrounds.dll`.
03:57:45.849 Loading shimmed assembly from `BATTLETECH/Mods/.modtek/AssembliesShimmed/HideCareerModeDays.dll` instead of `BATTLETECH/Mods/HideCareerModeDays/HideCareerModeDays.dll`.
03:57:45.858 Loading shimmed assembly from `BATTLETECH/Mods/.modtek/AssembliesShimmed/InnerSphereMap.dll` instead of `BATTLETECH/Mods/InnerSphereMap/InnerSphereMap.dll`.
03:57:46.195 Loading shimmed assembly from `BATTLETECH/Mods/.modtek/AssembliesShimmed/LogoReplacement.dll` instead of `BATTLETECH/Mods/LogoReplacement/LogoReplacement.dll`.
03:57:46.202 Loading shimmed assembly from `BATTLETECH/Mods/.modtek/AssembliesShimmed/LootMagnet.dll` instead of `BATTLETECH/Mods/LootMagnet/LootMagnet.dll`.
03:57:46.334 Loading shimmed assembly from `BATTLETECH/Mods/.modtek/AssembliesShimmed/MechAffinity.dll` instead of `BATTLETECH/Mods/MechAffinity/MechAffinity.dll`.
03:57:47.681 Loading shimmed assembly from `BATTLETECH/Mods/.modtek/AssembliesShimmed/MissionControl.dll` instead of `BATTLETECH/Mods/MissionControl/MissionControl.dll`.
03:57:48.678 Loading shimmed assembly from `BATTLETECH/Mods/.modtek/AssembliesShimmed/NewSaveFolder.dll` instead of `BATTLETECH/Mods/NewSaveLocation/NewSaveFolder.dll`.
03:57:48.714 Loading shimmed assembly from `BATTLETECH/Mods/.modtek/AssembliesShimmed/PilotHealthPopup.dll` instead of `BATTLETECH/Mods/PilotHealthPopup/PilotHealthPopup.dll`.
03:57:48.725 Loading shimmed assembly from `BATTLETECH/Mods/.modtek/AssembliesShimmed/SkipIntro.dll` instead of `BATTLETECH/Mods/SkipIntro/SkipIntro.dll`.
03:57:49.341 Error when getting assembly name from D:\SteamLibrary\steamapps\common\BATTLETECH\Mods\CustomVoices\bass.dll: System.BadImageFormatException: 
File name: 'D:\SteamLibrary\steamapps\common\BATTLETECH\Mods\CustomVoices\bass.dll'
  at (wrapper managed-to-native) System.Reflection.Assembly.InternalGetAssemblyName(string,Mono.MonoAssemblyName&,string&)
  at System.Reflection.AssemblyName.GetAssemblyName (System.String assemblyFile) [0x0001a] in <d7ac571ca2d04b2f981d0d886fa067cf>:0 
  at ModTekPreloader.Harmony12X.AssemblyOriginalPathTracker.AddAssemblyPathsInSameDirectory (System.String assemblyFile) [0x00035] in <a5191aedbde9478fbbae7a85f094db13>:0 
03:57:49.342 Warning: Assembly TravelInfoTooltips found at D:\SteamLibrary\steamapps\common\BATTLETECH\Mods\TravelInfoTooltips\TravelInfoTooltips.dll and at D:\SteamLibrary\steamapps\common\BATTLETECH\Mods\CustomVoices\TravelInfoTooltips.dll.
03:57:49.536 Found assembly ManagedBass at D:\SteamLibrary\steamapps\common\BATTLETECH\Mods\CustomVoices\ManagedBass.dll.
03:57:49.537 Found assembly System.Runtime at D:\SteamLibrary\steamapps\common\BATTLETECH\Mods\CustomPrewarm\System.Runtime.dll.
03:57:49.564 Warning: Assembly EPPlus found at D:\SteamLibrary\steamapps\common\BATTLETECH\Mods\CustomLocalization\EPPlus.dll and at D:\SteamLibrary\steamapps\common\BATTLETECH\Mods\CustomAmmoCategories\EPPlus.dll.
03:57:49.608 Found assembly MessagePack at D:\SteamLibrary\steamapps\common\BATTLETECH\Mods\CustomPrewarm\MessagePack.dll.
03:57:53.950 Found assembly CustomDeploy at D:\SteamLibrary\steamapps\common\BATTLETECH\Mods\CustomUnits\CustomDeploy.dll.
03:57:57.735 Warning: Assembly Newtonsoft.Json found at D:\SteamLibrary\steamapps\common\BATTLETECH\Mods\CustomVoices\Newtonsoft.Json.dll and at D:\SteamLibrary\steamapps\common\BATTLETECH\Mods\PanicSystem\Newtonsoft.Json.dll.
03:57:57.979 Loading shimmed assembly from `BATTLETECH/Mods/.modtek/AssembliesShimmed/BiggerDrops.dll` instead of `BATTLETECH/Mods/BiggerDrops/BiggerDrops.dll`.
03:57:59.071 Loading shimmed assembly from `BATTLETECH/Mods/.modtek/AssembliesShimmed/IRTweaks.dll` instead of `BATTLETECH/Mods/IRTweaks/IRTweaks.dll`.
03:58:00.538 Loading shimmed assembly from `BATTLETECH/Mods/.modtek/AssembliesShimmed/CustomShops.dll` instead of `BATTLETECH/Mods/CustomShops/CustomShops.dll`.
03:58:01.028 Loading shimmed assembly from `BATTLETECH/Mods/.modtek/AssembliesShimmed/DynamicShops.dll` instead of `BATTLETECH/Mods/DynamicShops/DynamicShops.dll`.
03:58:01.358 Loading shimmed assembly from `BATTLETECH/Mods/.modtek/AssembliesShimmed/PersistentMapClient.dll` instead of `BATTLETECH/Mods/PersistentMapClient/PersistentMapClient.dll`.
03:58:01.409 Found assembly PersistentMapAPI at D:\SteamLibrary\steamapps\common\BATTLETECH\Mods\PersistentMapClient\PersistentMapAPI.dll.
03:58:08.695 Found assembly RSG.Promise at D:\SteamLibrary\steamapps\common\BATTLETECH\Mods\BattletechPerformanceFix\RSG.Promise.dll.
03:58:08.711 Found assembly System.Runtime.InteropServices at D:\SteamLibrary\steamapps\common\BATTLETECH\Mods\CustomPrewarm\System.Runtime.InteropServices.dll.
03:58:08.716 Found assembly EPPlus at D:\SteamLibrary\steamapps\common\BATTLETECH\Mods\CustomLocalization\EPPlus.dll.
03:58:08.720 Found assembly System.Threading.Tasks.Extensions at D:\SteamLibrary\steamapps\common\BATTLETECH\Mods\CustomPrewarm\System.Threading.Tasks.Extensions.dll.
03:58:08.722 Found assembly System.Runtime at D:\SteamLibrary\steamapps\common\BATTLETECH\Mods\CustomPrewarm\System.Runtime.dll.
03:58:08.723 Found assembly System.ValueTuple at D:\SteamLibrary\steamapps\common\BATTLETECH\Mods\CustomPrewarm\System.ValueTuple.dll.
03:58:08.725 Found assembly System.Runtime at D:\SteamLibrary\steamapps\common\BATTLETECH\Mods\CustomPrewarm\System.Runtime.dll.
04:05:55.712 SingleInstanceEnforcer [pid=17768]: Unlocking
04:05:55.712 SingleInstanceEnforcer [pid=17768]: Unlocked
