REPORT 2023-07-11T14:38:34: Initializing PanicSystem - Version 5.0.0.0
REPORT 2023-07-11T14:42:29: Turn Damage Tracker Reset - new Mission
 ACTOR 54249e5e-9705-4c4e-9385-0e3126ca32f5-DEPLOY-DEPLOY / pilotable / true / No pilot_cannot_eject tag / No CanEject stat
REPORT 2023-07-11T14:43:26: new Turn Activation for DEPLOY - DEPLOY - 54249e5e-9705-4c4e-9385-0e3126ca32f5
REPORT 2023-07-11T14:43:26: new Turn Re-Activation for DEPLOY
 ACTOR d7b3b2a0-a5ea-449b-8f20-e75ec9593a8b.0-0 Gundam Full Armor-0 Gundam Full Armor / pilotable / true / No pilot_cannot_eject tag / No CanEject stat
REPORT 2023-07-11T14:43:27: new Turn Activation for 0 Gundam Full Armor - 0 Gundam Full Armor - d7b3b2a0-a5ea-449b-8f20-e75ec9593a8b.0
REPORT 2023-07-11T14:43:27: new Turn Re-Activation for 0 Gundam Full Armor
 ACTOR 9c2cae94-8f3a-46ab-ad5b-574051e6ad07.0-0 Gundam-0 Gundam / pilotable / true / No pilot_cannot_eject tag / No CanEject stat
REPORT 2023-07-11T14:43:27: new Turn Activation for 0 Gundam - 0 Gundam - 9c2cae94-8f3a-46ab-ad5b-574051e6ad07.0
REPORT 2023-07-11T14:43:27: new Turn Re-Activation for 0 Gundam
 ACTOR f2e3b2cf-b22e-4355-b990-fbcee4021c8d.0-GM-GM / pilotable / true / No pilot_cannot_eject tag / No CanEject stat
REPORT 2023-07-11T14:43:27: new Turn Activation for GM - GM - f2e3b2cf-b22e-4355-b990-fbcee4021c8d.0
REPORT 2023-07-11T14:43:27: new Turn Re-Activation for GM
 ACTOR ba11e63f-b04a-475c-a01d-915686e3669a.0-GM-GM / pilotable / true / No pilot_cannot_eject tag / No CanEject stat
REPORT 2023-07-11T14:43:27: new Turn Activation for GM - GM - ba11e63f-b04a-475c-a01d-915686e3669a.0
REPORT 2023-07-11T14:43:27: new Turn Re-Activation for GM
REPORT 2023-07-11T14:43:27: new Turn Activation for DEPLOY - DEPLOY - 54249e5e-9705-4c4e-9385-0e3126ca32f5
REPORT 2023-07-11T14:43:27: new Turn Re-Activation for DEPLOY
REPORT 2023-07-11T14:43:27: new Turn Re-Activation for DEPLOY
REPORT 2023-07-11T14:43:27: Processing GM:ba11e63f-b04a-475c-a01d-915686e3669a.0
REPORT 2023-07-11T14:43:27: completed Turn Activation for GM - GM - ba11e63f-b04a-475c-a01d-915686e3669a.0 -victims [0]
REPORT 2023-07-11T14:43:27: ActorHealth GM - GM - ba11e63f-b04a-475c-a01d-915686e3669a.0 -100.000%
REPORT 2023-07-11T14:43:27: Checking pilot panic for GM:ba11e63f-b04a-475c-a01d-915686e3669a.0 recent panicFalse Confident Health:100.000% v/s 30 Alone:False
REPORT 2023-07-11T14:43:27: Processing GM:f2e3b2cf-b22e-4355-b990-fbcee4021c8d.0
REPORT 2023-07-11T14:43:27: ActorHealth GM - GM - f2e3b2cf-b22e-4355-b990-fbcee4021c8d.0 -100.000%
REPORT 2023-07-11T14:43:27: Checking pilot panic for GM:f2e3b2cf-b22e-4355-b990-fbcee4021c8d.0 recent panicFalse Confident Health:100.000% v/s 30 Alone:False
REPORT 2023-07-11T14:43:27: Processing 0 Gundam:9c2cae94-8f3a-46ab-ad5b-574051e6ad07.0
REPORT 2023-07-11T14:43:27: ActorHealth 0 Gundam - 0 Gundam - 9c2cae94-8f3a-46ab-ad5b-574051e6ad07.0 -100.000%
REPORT 2023-07-11T14:43:27: Checking pilot panic for 0 Gundam:9c2cae94-8f3a-46ab-ad5b-574051e6ad07.0 recent panicFalse Confident Health:100.000% v/s 30 Alone:False
REPORT 2023-07-11T14:43:27: Processing 0 Gundam Full Armor:d7b3b2a0-a5ea-449b-8f20-e75ec9593a8b.0
REPORT 2023-07-11T14:43:27: ActorHealth 0 Gundam Full Armor - 0 Gundam Full Armor - d7b3b2a0-a5ea-449b-8f20-e75ec9593a8b.0 -100.000%
REPORT 2023-07-11T14:43:27: Checking pilot panic for 0 Gundam Full Armor:d7b3b2a0-a5ea-449b-8f20-e75ec9593a8b.0 recent panicFalse Confident Health:100.000% v/s 30 Alone:False
REPORT 2023-07-11T14:43:27: Processing DEPLOY:54249e5e-9705-4c4e-9385-0e3126ca32f5
 ACTOR 8e0a56bb-8b5a-49e7-98da-5abbb2c36f8f.0-Trebuchet-Trebuchet / pilotable / true / No pilot_cannot_eject tag / No CanEject stat
REPORT 2023-07-11T14:43:28: new Turn Activation for Trebuchet - Trebuchet - 8e0a56bb-8b5a-49e7-98da-5abbb2c36f8f.0
REPORT 2023-07-11T14:43:30: attack was completed for Trebuchet - Trebuchet - 8e0a56bb-8b5a-49e7-98da-5abbb2c36f8f.0 (ActorMovementSequence:CompleteOrders) -victims [0]
REPORT 2023-07-11T14:43:30: Processing Trebuchet:8e0a56bb-8b5a-49e7-98da-5abbb2c36f8f.0
REPORT 2023-07-11T14:43:30: completed Turn Activation for Trebuchet - Trebuchet - 8e0a56bb-8b5a-49e7-98da-5abbb2c36f8f.0 -victims [0]
REPORT 2023-07-11T14:43:30: ActorHealth Trebuchet - Trebuchet - 8e0a56bb-8b5a-49e7-98da-5abbb2c36f8f.0 -100.000%
REPORT 2023-07-11T14:43:30: Checking pilot panic for Trebuchet:8e0a56bb-8b5a-49e7-98da-5abbb2c36f8f.0 recent panicFalse Confident Health:100.000% v/s 30 Alone:False
REPORT 2023-07-11T14:43:30: new Turn Activation for Trebuchet - Trebuchet - 8e0a56bb-8b5a-49e7-98da-5abbb2c36f8f.0
REPORT 2023-07-11T14:43:30: new Turn Re-Activation for Trebuchet
 ACTOR 121ef017-a2af-41f2-b135-7c17bea334c7.0-Trebuchet-Trebuchet / pilotable / true / No pilot_cannot_eject tag / No CanEject stat
REPORT 2023-07-11T14:43:31: new Turn Activation for Trebuchet - Trebuchet - 121ef017-a2af-41f2-b135-7c17bea334c7.0
REPORT 2023-07-11T14:43:33: attack was completed for Trebuchet - Trebuchet - 121ef017-a2af-41f2-b135-7c17bea334c7.0 (ActorMovementSequence:CompleteOrders) -victims [0]
REPORT 2023-07-11T14:43:33: Processing Trebuchet:121ef017-a2af-41f2-b135-7c17bea334c7.0
REPORT 2023-07-11T14:43:33: completed Turn Activation for Trebuchet - Trebuchet - 121ef017-a2af-41f2-b135-7c17bea334c7.0 -victims [0]
REPORT 2023-07-11T14:43:33: ActorHealth Trebuchet - Trebuchet - 121ef017-a2af-41f2-b135-7c17bea334c7.0 -100.000%
REPORT 2023-07-11T14:43:33: Checking pilot panic for Trebuchet:121ef017-a2af-41f2-b135-7c17bea334c7.0 recent panicFalse Confident Health:100.000% v/s 30 Alone:False
REPORT 2023-07-11T14:43:33: new Turn Activation for Trebuchet - Trebuchet - 121ef017-a2af-41f2-b135-7c17bea334c7.0
REPORT 2023-07-11T14:43:33: new Turn Re-Activation for Trebuchet
 ACTOR c47cb632-8b27-46b7-a53a-4320736216ae.0-Trebuchet-Trebuchet / pilotable / true / No pilot_cannot_eject tag / No CanEject stat
REPORT 2023-07-11T14:43:34: new Turn Activation for Trebuchet - Trebuchet - c47cb632-8b27-46b7-a53a-4320736216ae.0
REPORT 2023-07-11T14:43:35: attack was completed for Trebuchet - Trebuchet - c47cb632-8b27-46b7-a53a-4320736216ae.0 (ActorMovementSequence:CompleteOrders) -victims [0]
REPORT 2023-07-11T14:43:36: Processing Trebuchet:c47cb632-8b27-46b7-a53a-4320736216ae.0
REPORT 2023-07-11T14:43:36: completed Turn Activation for Trebuchet - Trebuchet - c47cb632-8b27-46b7-a53a-4320736216ae.0 -victims [0]
REPORT 2023-07-11T14:43:36: ActorHealth Trebuchet - Trebuchet - c47cb632-8b27-46b7-a53a-4320736216ae.0 -100.000%
REPORT 2023-07-11T14:43:36: Checking pilot panic for Trebuchet:c47cb632-8b27-46b7-a53a-4320736216ae.0 recent panicFalse Confident Health:100.000% v/s 30 Alone:False
REPORT 2023-07-11T14:43:36: new Turn Activation for Trebuchet - Trebuchet - c47cb632-8b27-46b7-a53a-4320736216ae.0
REPORT 2023-07-11T14:43:36: new Turn Re-Activation for Trebuchet
 ACTOR 32f2da7d-0c4d-474d-9917-6963eca1b3d9.0-Trebuchet-Trebuchet / pilotable / true / No pilot_cannot_eject tag / No CanEject stat
REPORT 2023-07-11T14:43:36: new Turn Activation for Trebuchet - Trebuchet - 32f2da7d-0c4d-474d-9917-6963eca1b3d9.0
REPORT 2023-07-11T14:43:36: attack was completed for Trebuchet - Trebuchet - 32f2da7d-0c4d-474d-9917-6963eca1b3d9.0 (ActorMovementSequence:CompleteOrders) -victims [0]
REPORT 2023-07-11T14:43:37: Processing Trebuchet:32f2da7d-0c4d-474d-9917-6963eca1b3d9.0
REPORT 2023-07-11T14:43:37: completed Turn Activation for Trebuchet - Trebuchet - 32f2da7d-0c4d-474d-9917-6963eca1b3d9.0 -victims [0]
REPORT 2023-07-11T14:43:37: ActorHealth Trebuchet - Trebuchet - 32f2da7d-0c4d-474d-9917-6963eca1b3d9.0 -100.000%
REPORT 2023-07-11T14:43:37: Checking pilot panic for Trebuchet:32f2da7d-0c4d-474d-9917-6963eca1b3d9.0 recent panicFalse Confident Health:100.000% v/s 30 Alone:False
REPORT 2023-07-11T14:43:37: new Turn Activation for Trebuchet - Trebuchet - 32f2da7d-0c4d-474d-9917-6963eca1b3d9.0
REPORT 2023-07-11T14:43:37: new Turn Re-Activation for Trebuchet
 ACTOR 16d4b3f5-6d90-40c5-8b5b-6d0e2f69a229.0-Centurion-Centurion / pilotable / true / No pilot_cannot_eject tag / No CanEject stat
REPORT 2023-07-11T14:43:37: new Turn Activation for Centurion - Centurion - 16d4b3f5-6d90-40c5-8b5b-6d0e2f69a229.0
REPORT 2023-07-11T14:43:37: new Turn Re-Activation for Centurion
REPORT 2023-07-11T14:43:37: Processing Centurion:16d4b3f5-6d90-40c5-8b5b-6d0e2f69a229.0
REPORT 2023-07-11T14:43:37: completed Turn Activation for Centurion - Centurion - 16d4b3f5-6d90-40c5-8b5b-6d0e2f69a229.0 -victims [0]
REPORT 2023-07-11T14:43:37: ActorHealth Centurion - Centurion - 16d4b3f5-6d90-40c5-8b5b-6d0e2f69a229.0 -100.000%
REPORT 2023-07-11T14:43:37: Checking pilot panic for Centurion:16d4b3f5-6d90-40c5-8b5b-6d0e2f69a229.0 recent panicFalse Confident Health:100.000% v/s 30 Alone:False
 ACTOR a2920539-8765-4260-ba55-1f155ae0bda8.0-Locust-Locust / pilotable / true / No pilot_cannot_eject tag / No CanEject stat
REPORT 2023-07-11T14:43:38: new Turn Activation for Locust - Locust - a2920539-8765-4260-ba55-1f155ae0bda8.0
REPORT 2023-07-11T14:43:38: new Turn Re-Activation for Locust
REPORT 2023-07-11T14:43:38: Processing Locust:a2920539-8765-4260-ba55-1f155ae0bda8.0
REPORT 2023-07-11T14:43:38: completed Turn Activation for Locust - Locust - a2920539-8765-4260-ba55-1f155ae0bda8.0 -victims [0]
REPORT 2023-07-11T14:43:38: ActorHealth Locust - Locust - a2920539-8765-4260-ba55-1f155ae0bda8.0 -100.000%
REPORT 2023-07-11T14:43:38: Checking pilot panic for Locust:a2920539-8765-4260-ba55-1f155ae0bda8.0 recent panicFalse Confident Health:100.000% v/s 30 Alone:False
 ACTOR dd1b3129-0f5d-4e93-b87d-42ab13c68e7d.0-Titan-Titan / pilotable / true / No pilot_cannot_eject tag / No CanEject stat
REPORT 2023-07-11T14:43:38: new Turn Activation for Titan - Titan - dd1b3129-0f5d-4e93-b87d-42ab13c68e7d.0
REPORT 2023-07-11T14:43:38: new Turn Re-Activation for Titan
REPORT 2023-07-11T14:43:38: Processing Titan:dd1b3129-0f5d-4e93-b87d-42ab13c68e7d.0
REPORT 2023-07-11T14:43:38: completed Turn Activation for Titan - Titan - dd1b3129-0f5d-4e93-b87d-42ab13c68e7d.0 -victims [0]
REPORT 2023-07-11T14:43:38: ActorHealth Titan - Titan - dd1b3129-0f5d-4e93-b87d-42ab13c68e7d.0 -100.000%
REPORT 2023-07-11T14:43:38: Checking pilot panic for Titan:dd1b3129-0f5d-4e93-b87d-42ab13c68e7d.0 recent panicFalse Confident Health:100.000% v/s 30 Alone:False
 ACTOR 6cd3107e-0f9d-4809-ab8c-fb30faf4cd80.0-Cicada-Cicada / pilotable / true / No pilot_cannot_eject tag / No CanEject stat
REPORT 2023-07-11T14:43:38: new Turn Activation for Cicada - Cicada - 6cd3107e-0f9d-4809-ab8c-fb30faf4cd80.0
REPORT 2023-07-11T14:43:38: new Turn Re-Activation for Cicada
REPORT 2023-07-11T14:43:39: Processing Cicada:6cd3107e-0f9d-4809-ab8c-fb30faf4cd80.0
REPORT 2023-07-11T14:43:39: completed Turn Activation for Cicada - Cicada - 6cd3107e-0f9d-4809-ab8c-fb30faf4cd80.0 -victims [0]
REPORT 2023-07-11T14:43:39: ActorHealth Cicada - Cicada - 6cd3107e-0f9d-4809-ab8c-fb30faf4cd80.0 -100.000%
REPORT 2023-07-11T14:43:39: Checking pilot panic for Cicada:6cd3107e-0f9d-4809-ab8c-fb30faf4cd80.0 recent panicFalse Confident Health:100.000% v/s 30 Alone:False
 ACTOR 2d62bfad-c89a-488e-94a4-25cb748f0423.0-Thunderbolt-Thunderbolt / pilotable / true / No pilot_cannot_eject tag / No CanEject stat
REPORT 2023-07-11T14:43:39: new Turn Activation for Thunderbolt - Thunderbolt - 2d62bfad-c89a-488e-94a4-25cb748f0423.0
REPORT 2023-07-11T14:43:39: new Turn Re-Activation for Thunderbolt
REPORT 2023-07-11T14:43:39: Processing Thunderbolt:2d62bfad-c89a-488e-94a4-25cb748f0423.0
REPORT 2023-07-11T14:43:39: completed Turn Activation for Thunderbolt - Thunderbolt - 2d62bfad-c89a-488e-94a4-25cb748f0423.0 -victims [0]
REPORT 2023-07-11T14:43:39: ActorHealth Thunderbolt - Thunderbolt - 2d62bfad-c89a-488e-94a4-25cb748f0423.0 -100.000%
REPORT 2023-07-11T14:43:39: Checking pilot panic for Thunderbolt:2d62bfad-c89a-488e-94a4-25cb748f0423.0 recent panicFalse Confident Health:100.000% v/s 30 Alone:False
REPORT 2023-07-11T14:43:52: new Turn Activation for 0 Gundam - 0 Gundam - 9c2cae94-8f3a-46ab-ad5b-574051e6ad07.0
REPORT 2023-07-11T14:43:54: Processing 0 Gundam:9c2cae94-8f3a-46ab-ad5b-574051e6ad07.0
REPORT 2023-07-11T14:43:54: completed Turn Activation for 0 Gundam - 0 Gundam - 9c2cae94-8f3a-46ab-ad5b-574051e6ad07.0 -victims [0]
REPORT 2023-07-11T14:43:54: ActorHealth 0 Gundam - 0 Gundam - 9c2cae94-8f3a-46ab-ad5b-574051e6ad07.0 -100.000%
REPORT 2023-07-11T14:43:54: Checking pilot panic for 0 Gundam:9c2cae94-8f3a-46ab-ad5b-574051e6ad07.0 recent panicFalse Confident Health:100.000% v/s 30 Alone:False
REPORT 2023-07-11T14:43:54: new Turn Activation for 0 Gundam - 0 Gundam - 9c2cae94-8f3a-46ab-ad5b-574051e6ad07.0
REPORT 2023-07-11T14:43:54: new Turn Re-Activation for 0 Gundam
REPORT 2023-07-11T14:43:57: new Turn Activation for 0 Gundam Full Armor - 0 Gundam Full Armor - d7b3b2a0-a5ea-449b-8f20-e75ec9593a8b.0
REPORT 2023-07-11T14:43:58: Processing 0 Gundam Full Armor:d7b3b2a0-a5ea-449b-8f20-e75ec9593a8b.0
REPORT 2023-07-11T14:43:58: completed Turn Activation for 0 Gundam Full Armor - 0 Gundam Full Armor - d7b3b2a0-a5ea-449b-8f20-e75ec9593a8b.0 -victims [0]
REPORT 2023-07-11T14:43:58: ActorHealth 0 Gundam Full Armor - 0 Gundam Full Armor - d7b3b2a0-a5ea-449b-8f20-e75ec9593a8b.0 -100.000%
REPORT 2023-07-11T14:43:58: Checking pilot panic for 0 Gundam Full Armor:d7b3b2a0-a5ea-449b-8f20-e75ec9593a8b.0 recent panicFalse Confident Health:100.000% v/s 30 Alone:False
REPORT 2023-07-11T14:43:58: new Turn Activation for 0 Gundam Full Armor - 0 Gundam Full Armor - d7b3b2a0-a5ea-449b-8f20-e75ec9593a8b.0
REPORT 2023-07-11T14:43:58: new Turn Re-Activation for 0 Gundam Full Armor
REPORT 2023-07-11T14:44:01: new Turn Activation for GM - GM - f2e3b2cf-b22e-4355-b990-fbcee4021c8d.0
REPORT 2023-07-11T14:44:02: Processing GM:f2e3b2cf-b22e-4355-b990-fbcee4021c8d.0
REPORT 2023-07-11T14:44:02: completed Turn Activation for GM - GM - f2e3b2cf-b22e-4355-b990-fbcee4021c8d.0 -victims [0]
REPORT 2023-07-11T14:44:02: ActorHealth GM - GM - f2e3b2cf-b22e-4355-b990-fbcee4021c8d.0 -100.000%
REPORT 2023-07-11T14:44:02: Checking pilot panic for GM:f2e3b2cf-b22e-4355-b990-fbcee4021c8d.0 recent panicFalse Confident Health:100.000% v/s 30 Alone:False
REPORT 2023-07-11T14:44:02: new Turn Activation for GM - GM - f2e3b2cf-b22e-4355-b990-fbcee4021c8d.0
REPORT 2023-07-11T14:44:02: new Turn Re-Activation for GM
REPORT 2023-07-11T14:44:04: new Turn Activation for GM - GM - ba11e63f-b04a-475c-a01d-915686e3669a.0
REPORT 2023-07-11T14:44:05: Processing GM:ba11e63f-b04a-475c-a01d-915686e3669a.0
REPORT 2023-07-11T14:44:05: completed Turn Activation for GM - GM - ba11e63f-b04a-475c-a01d-915686e3669a.0 -victims [0]
REPORT 2023-07-11T14:44:05: ActorHealth GM - GM - ba11e63f-b04a-475c-a01d-915686e3669a.0 -100.000%
REPORT 2023-07-11T14:44:05: Checking pilot panic for GM:ba11e63f-b04a-475c-a01d-915686e3669a.0 recent panicFalse Confident Health:100.000% v/s 30 Alone:False
REPORT 2023-07-11T14:44:05: new Turn Activation for GM - GM - ba11e63f-b04a-475c-a01d-915686e3669a.0
REPORT 2023-07-11T14:44:05: new Turn Re-Activation for GM
REPORT 2023-07-11T14:44:09: new Turn Activation for Locust - Locust - a2920539-8765-4260-ba55-1f155ae0bda8.0
REPORT 2023-07-11T14:44:09: attack was completed for Locust - Locust - a2920539-8765-4260-ba55-1f155ae0bda8.0 (ActorMovementSequence:CompleteOrders) -victims [0]
REPORT 2023-07-11T14:44:09: new Turn Re-Activation for Locust
REPORT 2023-07-11T14:44:09: new Turn Re-Activation for Locust
REPORT 2023-07-11T14:44:10: Processing Locust:a2920539-8765-4260-ba55-1f155ae0bda8.0
REPORT 2023-07-11T14:44:10: completed Turn Activation for Locust - Locust - a2920539-8765-4260-ba55-1f155ae0bda8.0 -victims [0]
REPORT 2023-07-11T14:44:10: ActorHealth Locust - Locust - a2920539-8765-4260-ba55-1f155ae0bda8.0 -100.000%
REPORT 2023-07-11T14:44:10: Checking pilot panic for Locust:a2920539-8765-4260-ba55-1f155ae0bda8.0 recent panicFalse Confident Health:100.000% v/s 30 Alone:False
REPORT 2023-07-11T14:44:14: new Turn Activation for GM - GM - f2e3b2cf-b22e-4355-b990-fbcee4021c8d.0
REPORT 2023-07-11T14:44:18: new Turn Re-Activation for GM
REPORT 2023-07-11T14:44:18: new Turn Re-Activation for GM
REPORT 2023-07-11T14:44:18: Processing GM:f2e3b2cf-b22e-4355-b990-fbcee4021c8d.0
REPORT 2023-07-11T14:44:18: completed Turn Activation for GM - GM - f2e3b2cf-b22e-4355-b990-fbcee4021c8d.0 -victims [0]
REPORT 2023-07-11T14:44:18: ActorHealth GM - GM - f2e3b2cf-b22e-4355-b990-fbcee4021c8d.0 -100.000%
REPORT 2023-07-11T14:44:18: Checking pilot panic for GM:f2e3b2cf-b22e-4355-b990-fbcee4021c8d.0 recent panicFalse Confident Health:100.000% v/s 30 Alone:False
REPORT 2023-07-11T14:44:18: new Turn Activation for Trebuchet - Trebuchet - 8e0a56bb-8b5a-49e7-98da-5abbb2c36f8f.0
REPORT 2023-07-11T14:44:20: attack was completed for Trebuchet - Trebuchet - 8e0a56bb-8b5a-49e7-98da-5abbb2c36f8f.0 (ActorMovementSequence:CompleteOrders) -victims [0]
REPORT 2023-07-11T14:44:20: new Turn Re-Activation for Trebuchet
REPORT 2023-07-11T14:44:20: new Turn Re-Activation for Trebuchet
REPORT 2023-07-11T14:44:21: Processing Trebuchet:8e0a56bb-8b5a-49e7-98da-5abbb2c36f8f.0
REPORT 2023-07-11T14:44:21: completed Turn Activation for Trebuchet - Trebuchet - 8e0a56bb-8b5a-49e7-98da-5abbb2c36f8f.0 -victims [0]
REPORT 2023-07-11T14:44:21: ActorHealth Trebuchet - Trebuchet - 8e0a56bb-8b5a-49e7-98da-5abbb2c36f8f.0 -100.000%
REPORT 2023-07-11T14:44:21: Checking pilot panic for Trebuchet:8e0a56bb-8b5a-49e7-98da-5abbb2c36f8f.0 recent panicFalse Confident Health:100.000% v/s 30 Alone:False
REPORT 2023-07-11T14:44:25: new Turn Activation for GM - GM - ba11e63f-b04a-475c-a01d-915686e3669a.0
REPORT 2023-07-11T14:44:28: new Turn Re-Activation for GM
REPORT 2023-07-11T14:44:28: new Turn Re-Activation for GM
REPORT 2023-07-11T14:44:28: Processing GM:ba11e63f-b04a-475c-a01d-915686e3669a.0
REPORT 2023-07-11T14:44:28: completed Turn Activation for GM - GM - ba11e63f-b04a-475c-a01d-915686e3669a.0 -victims [0]
REPORT 2023-07-11T14:44:28: ActorHealth GM - GM - ba11e63f-b04a-475c-a01d-915686e3669a.0 -100.000%
REPORT 2023-07-11T14:44:28: Checking pilot panic for GM:ba11e63f-b04a-475c-a01d-915686e3669a.0 recent panicFalse Confident Health:100.000% v/s 30 Alone:False
REPORT 2023-07-11T14:44:29: new Turn Activation for Trebuchet - Trebuchet - 121ef017-a2af-41f2-b135-7c17bea334c7.0
REPORT 2023-07-11T14:44:29: attack was completed for Trebuchet - Trebuchet - 121ef017-a2af-41f2-b135-7c17bea334c7.0 (ActorMovementSequence:CompleteOrders) -victims [0]
REPORT 2023-07-11T14:44:29: new Turn Re-Activation for Trebuchet
REPORT 2023-07-11T14:44:29: new Turn Re-Activation for Trebuchet
REPORT 2023-07-11T14:44:30: Processing Trebuchet:121ef017-a2af-41f2-b135-7c17bea334c7.0
REPORT 2023-07-11T14:44:30: completed Turn Activation for Trebuchet - Trebuchet - 121ef017-a2af-41f2-b135-7c17bea334c7.0 -victims [0]
REPORT 2023-07-11T14:44:30: ActorHealth Trebuchet - Trebuchet - 121ef017-a2af-41f2-b135-7c17bea334c7.0 -100.000%
REPORT 2023-07-11T14:44:30: Checking pilot panic for Trebuchet:121ef017-a2af-41f2-b135-7c17bea334c7.0 recent panicFalse Confident Health:100.000% v/s 30 Alone:False
REPORT 2023-07-11T14:44:30: new Turn Activation for Trebuchet - Trebuchet - 32f2da7d-0c4d-474d-9917-6963eca1b3d9.0
REPORT 2023-07-11T14:44:33: attack was completed for Trebuchet - Trebuchet - 32f2da7d-0c4d-474d-9917-6963eca1b3d9.0 (ActorMovementSequence:CompleteOrders) -victims [0]
REPORT 2023-07-11T14:44:34: new Turn Re-Activation for Trebuchet
REPORT 2023-07-11T14:44:34: new Turn Re-Activation for Trebuchet
REPORT 2023-07-11T14:44:34: Processing Trebuchet:32f2da7d-0c4d-474d-9917-6963eca1b3d9.0
REPORT 2023-07-11T14:44:34: completed Turn Activation for Trebuchet - Trebuchet - 32f2da7d-0c4d-474d-9917-6963eca1b3d9.0 -victims [0]
REPORT 2023-07-11T14:44:34: ActorHealth Trebuchet - Trebuchet - 32f2da7d-0c4d-474d-9917-6963eca1b3d9.0 -100.000%
REPORT 2023-07-11T14:44:34: Checking pilot panic for Trebuchet:32f2da7d-0c4d-474d-9917-6963eca1b3d9.0 recent panicFalse Confident Health:100.000% v/s 30 Alone:False
REPORT 2023-07-11T14:44:34: new Turn Activation for Trebuchet - Trebuchet - c47cb632-8b27-46b7-a53a-4320736216ae.0
REPORT 2023-07-11T14:44:35: attack was completed for Trebuchet - Trebuchet - c47cb632-8b27-46b7-a53a-4320736216ae.0 (ActorMovementSequence:CompleteOrders) -victims [0]
REPORT 2023-07-11T14:44:35: new Turn Re-Activation for Trebuchet
REPORT 2023-07-11T14:44:35: new Turn Re-Activation for Trebuchet
REPORT 2023-07-11T14:44:35: Processing Trebuchet:c47cb632-8b27-46b7-a53a-4320736216ae.0
REPORT 2023-07-11T14:44:35: completed Turn Activation for Trebuchet - Trebuchet - c47cb632-8b27-46b7-a53a-4320736216ae.0 -victims [0]
REPORT 2023-07-11T14:44:35: ActorHealth Trebuchet - Trebuchet - c47cb632-8b27-46b7-a53a-4320736216ae.0 -100.000%
REPORT 2023-07-11T14:44:35: Checking pilot panic for Trebuchet:c47cb632-8b27-46b7-a53a-4320736216ae.0 recent panicFalse Confident Health:100.000% v/s 30 Alone:False
REPORT 2023-07-11T14:44:35: new Turn Activation for Centurion - Centurion - 16d4b3f5-6d90-40c5-8b5b-6d0e2f69a229.0
REPORT 2023-07-11T14:44:37: attack was completed for Centurion - Centurion - 16d4b3f5-6d90-40c5-8b5b-6d0e2f69a229.0 (ActorMovementSequence:CompleteOrders) -victims [0]
REPORT 2023-07-11T14:44:37: new Turn Re-Activation for Centurion
REPORT 2023-07-11T14:44:37: new Turn Re-Activation for Centurion
REPORT 2023-07-11T14:44:37: Processing Centurion:16d4b3f5-6d90-40c5-8b5b-6d0e2f69a229.0
REPORT 2023-07-11T14:44:37: completed Turn Activation for Centurion - Centurion - 16d4b3f5-6d90-40c5-8b5b-6d0e2f69a229.0 -victims [0]
REPORT 2023-07-11T14:44:37: ActorHealth Centurion - Centurion - 16d4b3f5-6d90-40c5-8b5b-6d0e2f69a229.0 -100.000%
REPORT 2023-07-11T14:44:37: Checking pilot panic for Centurion:16d4b3f5-6d90-40c5-8b5b-6d0e2f69a229.0 recent panicFalse Confident Health:100.000% v/s 30 Alone:False
REPORT 2023-07-11T14:44:38: new Turn Activation for Cicada - Cicada - 6cd3107e-0f9d-4809-ab8c-fb30faf4cd80.0
REPORT 2023-07-11T14:44:39: attack was completed for Cicada - Cicada - 6cd3107e-0f9d-4809-ab8c-fb30faf4cd80.0 (ActorMovementSequence:CompleteOrders) -victims [0]
REPORT 2023-07-11T14:44:39: new Turn Re-Activation for Cicada
REPORT 2023-07-11T14:44:39: new Turn Re-Activation for Cicada
REPORT 2023-07-11T14:44:39: Processing Cicada:6cd3107e-0f9d-4809-ab8c-fb30faf4cd80.0
REPORT 2023-07-11T14:44:39: completed Turn Activation for Cicada - Cicada - 6cd3107e-0f9d-4809-ab8c-fb30faf4cd80.0 -victims [0]
REPORT 2023-07-11T14:44:39: ActorHealth Cicada - Cicada - 6cd3107e-0f9d-4809-ab8c-fb30faf4cd80.0 -100.000%
REPORT 2023-07-11T14:44:39: Checking pilot panic for Cicada:6cd3107e-0f9d-4809-ab8c-fb30faf4cd80.0 recent panicFalse Confident Health:100.000% v/s 30 Alone:False
REPORT 2023-07-11T14:44:42: new Turn Activation for 0 Gundam Full Armor - 0 Gundam Full Armor - d7b3b2a0-a5ea-449b-8f20-e75ec9593a8b.0
