2023-04-03T02:04:04 - Starting Client: 4.1.2-7
2023-04-03T02:04:04 - Settings are:(ServerURL:(http://mc.subtletechnology.com:8000/) ClientID:() Debug:(True) PriorityContractPay%:(1.5) PriorityContractsPerAlly:2 ActivePlayerMarkerSize:(3.5))
2023-04-03T02:04:04 - Fetched clientID:(a78335a2-2610-4cb5-9451-11075bb9cd50).
2023-04-03T02:04:42 - Career ID Loaded: cd484a4a-afc3-417d-b419-83bd007fc320
2023-04-03T02:04:42 - Client issue Token: 
2023-04-03T02:04:42 - Client Salt: 
2023-04-03T02:04:42 - ----Refreshing client settings from server-------
2023-04-03T02:04:42 - http://mc.subtletechnology.com:8000/warServices/Util/ServerSettings/
2023-04-03T02:04:43 - Can Post Sold: False
2023-04-03T02:04:43 - Online BlackMarkets Available: False
2023-04-03T02:04:43 - Bypass list:
2023-04-03T02:04:43 - Capitals:
2023-04-03T02:05:10 - PopulateMap - Postfix called
2023-04-03T02:05:10 - methodSetOwner is:(Void set_OwnerValue(BattleTech.FactionValue))
2023-04-03T02:05:10 - fieldSetContractEmployers is:(System.Collections.Generic.List`1[System.String] contractEmployerIDs)
2023-04-03T02:05:10 - fieldSetContractTargets is:(System.Collections.Generic.List`1[System.String] contractTargetIDs)
2023-04-03T02:05:10 - methodSetDescription is:(Void set_Description(BattleTech.BaseDescriptionDef))
2023-04-03T02:05:10 - fieldSimGameInterruptManager is:(BattleTech.UI.SimGameInterruptManager interruptQueue)
2023-04-03T02:05:10 - ----Refreshing client settings from server-------
2023-04-03T02:05:10 - http://mc.subtletechnology.com:8000/warServices/Util/ServerSettings/
2023-04-03T02:05:10 - Can Post Sold: False
2023-04-03T02:05:10 - Online BlackMarkets Available: False
2023-04-03T02:05:10 - Bypass list:
2023-04-03T02:05:10 - Capitals:
2023-04-03T02:05:10 - http://mc.subtletechnology.com:8000/warServices/StarMap/
2023-04-03T02:05:11 - GetStarMap took: 197ms.
2023-04-03T02:05:12 - GetStarMap: 3265
2023-04-03T02:05:12 - Processing Starmap: 3265
2023-04-03T02:05:12 - Altair changing new owner to ComStar
2023-04-03T02:05:12 - Keid changing new owner to ComStar
2023-04-03T02:05:12 - Zaurak changing new owner to Liao
2023-04-03T02:05:12 - Zosma changing new owner to Marik
2023-04-03T02:05:12 - Zurich changing new owner to Liao
2023-04-03T02:05:12 - System.NullReferenceException: Object reference not set to an instance of an object
  at PersistentMapClient.shops.OnlineShop.get_RelatedFaction () [0x0000a] in <c5750d4409ca458e85a1baeeff101f6b>:0 
  at PersistentMapClient.shops.OnlineShop.RefreshShop () [0x0000b] in <c5750d4409ca458e85a1baeeff101f6b>:0 
  at PersistentMapClient.Starmap_PopulateMap_Patch.Postfix (BattleTech.Starmap __instance, BattleTech.SimGameState simGame) [0x00636] in <c5750d4409ca458e85a1baeeff101f6b>:0 
2023-04-03T02:05:26 - SystemOverride is null, falling back to vanilla generator: Terra
2023-04-03T02:05:27 - Using RTC generator: Vikindu
