Levels :Spam True :Debug True :Info True :Warn True
[Info] Harmony? 1.2.0.0
[Info] Unity? 2018.4.2f1
[Info] Product? BATTLETECH-1.9.1-686R
[Info] ModTek? 3.1.15.0
[Info] Initialized com.github.m22spencer.BattletechPerformanceFix 2.13.0.18294
[Info] Mod-Dir? C:\Program Files (x86)\Steam\steamapps\common\BATTLETECH\Mods\BattletechPerformanceFix
[Info] BattletechPerformanceFix found BattleTech 1.9.1 and will now load
[Info] Features ----------
[Info] Feature HarmonyPatches is OFF
[Info] Feature LocalizationPatches is ON
[Info] Feature MechlabFix is OFF
[Info] Feature LoadFixes is ON
[Info] Feature NoSalvageSoftlock is ON
[Info] Feature DataLoaderGetEntryCheck is ON
[Info] Feature ShopTabLagFix is ON
[Info] Feature ContractLagFix is ON
[Info] Feature EnableLoggingDuringLoads is ON
[Info] Feature ExtraLogging is ON
[Info] Feature ShaderDependencyOverride is ON
[Info] Feature DisableDeployAudio is OFF
[Info] Feature RemovedFlashpointFix is ON
[Info] Feature DisableSimAnimations is ON
[Info] Feature RemovedContractsFix is ON
[Info] Feature VersionManifestPatches is ON
[Info] Feature MemoryLeakFix is OFF
[Info] Feature EnableConsole is OFF
[Info] Patches ----------
[Info] Feature LocalizationPatches:
[Info] Patch: StringsProviderBase`1.StringForKeyFormat -> LocalizationPatches.StringForKeyFormat_Pre
[Info] Patch: StringsProviderBase`1.StringForKeyFormat -> LocalizationPatches.StringForKeyFormat_Post
[Info] Feature LoadFixes:
[Spam] CheckPatch is NYI
[Info] Feature NoSalvageSoftlock:
[Spam] CheckPatch is NYI
[Info] Feature DataLoaderGetEntryCheck:
[Spam] CheckPatch is NYI
[Info] Feature ShopTabLagFix:
[Spam] CheckPatch is NYI
[Spam] CheckPatch is NYI
[Info] Feature ContractLagFix:
[Debug] EncounterLayerData ctors 1
[Info] Feature EnableLoggingDuringLoads:
[Info] Feature ExtraLogging:
[Info] Patch: LanceOverride.RequestLance -> ExtraLogging.RequestLance_Pre
[Info] Patch: SimGameState.PrepContract -> ExtraLogging.PrepContract_Pre
[Info] Patch: SimGameState.PrepContract -> ExtraLogging.PrepContract_Post
[Info] Patch: LanceSpawnerGameLogic.InitializeTaggedLance -> ExtraLogging.InitializeTaggedLance_Pre
[Info] Feature ShaderDependencyOverride:
[Info] Patch: AssetBundleManager.IsBundleLoaded -> ShaderDependencyOverride.GetManager
[Info] Patch: AssetBundleManager.GenerateWebRequest -> ShaderDependencyOverride.GetManager
[Info] Patch: AssetBundleManager.IsBundleLoaded -> ShaderDependencyOverride.WithShaderDeps
[Info] Patch: AssetBundleManager.GenerateWebRequest -> ShaderDependencyOverride.WithShaderDeps
[Info] Feature RemovedFlashpointFix:
[Info] Patch: SimGameState.Rehydrate -> RemovedFlashpointFix.Rehydrate_Pre
[Info] Feature DisableSimAnimations:
[Info] Patch: SimGameCameraController.Init -> DisableSimAnimations.Init_Pre
[Info] Patch: SGRoomController_MechBay.TransitionMech -> DisableSimAnimations.TransitionMech_Pre
[Info] Feature RemovedContractsFix:
[Info] Patch: SimGameState.Rehydrate -> RemovedContractsFix.Rehydrate_Pre
[Info] Feature VersionManifestPatches:
[Info] Patch: VersionManifestBase.Contains -> VersionManifestPatches.Contains_Pre
[Info] Runtime ----------
[Info] Patch out sensitive data log dumps
[Info] LogLevel info
Levels :Spam False :Debug False :Info True :Warn True
[Info] (CL) SimGameState::PrepContract(pre) :contract.Name Heavy Static :contract.Difficulty 10 :GetDifficulty 10 :GlobalDifficulty 0 :ContractDifficultyVariance 1
[Info] (CL) SimGameState::PrepContract(post) :contract.Name Heavy Static :contract.Difficulty 10 :contract.Override.finalDifficulty 10 :UIDifficulty 10
[Info] (CL) SimGameState::PrepContract(pre) :contract.Name Hard Contact :contract.Difficulty 10 :GetDifficulty 10 :GlobalDifficulty 0 :ContractDifficultyVariance 1
[Info] (CL) SimGameState::PrepContract(post) :contract.Name Hard Contact :contract.Difficulty 10 :contract.Override.finalDifficulty 10 :UIDifficulty 10
[Info] (CL) SimGameState::PrepContract(pre) :contract.Name A Minor Royal Pain :contract.Difficulty 11 :GetDifficulty 10 :GlobalDifficulty 0 :ContractDifficultyVariance 1
[Info] (CL) SimGameState::PrepContract(post) :contract.Name A Minor Royal Pain :contract.Difficulty 11 :contract.Override.finalDifficulty 11 :UIDifficulty 10
[Info] (CL) SimGameState::PrepContract(pre) :contract.Name A Favor to Regret :contract.Difficulty 9 :GetDifficulty 10 :GlobalDifficulty 0 :ContractDifficultyVariance 1
[Info] (CL) SimGameState::PrepContract(post) :contract.Name A Favor to Regret :contract.Difficulty 9 :contract.Override.finalDifficulty 9 :UIDifficulty 9
[Info] (CL) SimGameState::PrepContract(pre) :contract.Name Scientific Emergency :contract.Difficulty 9 :GetDifficulty 10 :GlobalDifficulty 0 :ContractDifficultyVariance 1
[Info] (CL) SimGameState::PrepContract(post) :contract.Name Scientific Emergency :contract.Difficulty 9 :contract.Override.finalDifficulty 9 :UIDifficulty 10
[Info] (CL) SimGameState::PrepContract(pre) :contract.Name Training Day :contract.Difficulty 2 :GetDifficulty 1 :GlobalDifficulty 0 :ContractDifficultyVariance 1
[Info] (CL) SimGameState::PrepContract(post) :contract.Name Training Day :contract.Difficulty 2 :contract.Override.finalDifficulty 2 :UIDifficulty 2
[Info] (CL) SimGameState::PrepContract(pre) :contract.Name Dug in Deep :contract.Difficulty 1 :GetDifficulty 1 :GlobalDifficulty 0 :ContractDifficultyVariance 1
[Info] (CL) SimGameState::PrepContract(post) :contract.Name Dug in Deep :contract.Difficulty 1 :contract.Override.finalDifficulty 1 :UIDifficulty 1
[Info] (CL) SimGameState::PrepContract(pre) :contract.Name Cease and Desist :contract.Difficulty 1 :GetDifficulty 1 :GlobalDifficulty 0 :ContractDifficultyVariance 1
[Info] (CL) SimGameState::PrepContract(post) :contract.Name Cease and Desist :contract.Difficulty 1 :contract.Override.finalDifficulty 1 :UIDifficulty 1
[Info] (CL) SimGameState::PrepContract(pre) :contract.Name Absent Witness :contract.Difficulty 2 :GetDifficulty 1 :GlobalDifficulty 0 :ContractDifficultyVariance 1
[Info] (CL) SimGameState::PrepContract(post) :contract.Name Absent Witness :contract.Difficulty 2 :contract.Override.finalDifficulty 2 :UIDifficulty 2
[Info] (CL) SimGameState::PrepContract(pre) :contract.Name Letter of Marque :contract.Difficulty 2 :GetDifficulty 1 :GlobalDifficulty 0 :ContractDifficultyVariance 1
[Info] (CL) SimGameState::PrepContract(post) :contract.Name Letter of Marque :contract.Difficulty 2 :contract.Override.finalDifficulty 2 :UIDifficulty 2
[Info] (CL) LanceOverride::RequestLance :contract.Name Letter of Marque :requestedDifficulty 2 :lanceDifficultyAdjustment 0 :contract.Difficulty 2
[Info] (CL) LanceOverride::RequestLance :contract.Name Letter of Marque :requestedDifficulty 2 :lanceDifficultyAdjustment 0 :contract.Difficulty 2
[Info] (CL) LanceOverride::RequestLance :contract.Name Letter of Marque :requestedDifficulty 2 :lanceDifficultyAdjustment 0 :contract.Difficulty 2
