23:39:18.579 AD:OASB - entered.
23:39:18.579 Recording attackSequence: 47555569 for possible hull breaches.
23:39:25.706 AD:OASE - entered.
23:39:25.706 Could not find attack sequence with id: 47555569. CAC may have killed it, or there's an error in processing. Skipping hull breach checks.
23:39:32.022 AD:OASB - entered.
23:39:32.022 Recording attackSequence: 23605240 for possible hull breaches.
23:39:35.966 AD:OASE - entered.
23:39:35.966 Attack sequence 23605240 did 0 structure damage to target: ec9d2280-ca9a-4d90-8a20-963d8a4c0a39.0
23:39:35.967 Attack did no structure damage, skipping.
23:39:48.770 AD:OASB - entered.
23:39:48.770 Recording attackSequence: 69655951 for possible hull breaches.
23:39:54.212 AD:OASE - entered.
23:39:54.212 Attack sequence 69655951 did 0 structure damage to target: ec9d2280-ca9a-4d90-8a20-963d8a4c0a39.0
23:39:54.212 Attack did no structure damage, skipping.
23:40:04.717 AD:OASB - entered.
23:40:04.717 Recording attackSequence: 2798081 for possible hull breaches.
23:40:08.399 AD:OASE - entered.
23:40:08.399 Attack sequence 2798081 did 0 structure damage to target: d50f1e9d-0a0b-4dc8-9a06-a33233aaa8a1.0
23:40:08.399 Attack did no structure damage, skipping.
23:40:40.673 AD:OASB - entered.
23:40:40.673 Recording attackSequence: 48223779 for possible hull breaches.
23:40:41.422 M:ASSD - entered.
23:40:41.422 M:ASSD - entered.
23:40:43.361 M:ASSD - entered.
23:40:43.361 M:ASSD - entered.
23:40:43.363 M:ASSD - entered.
23:40:43.385 M:ASSD - entered.
23:40:43.397 M:ASSD - entered.
23:40:43.397 M:ASSD - entered.
23:40:43.397 M:ASSD - entered.
23:40:43.469 M:ASSD - entered.
23:40:45.429 M:ASSD - entered.
23:40:45.429 M:ASSD - entered.
23:40:46.445 M:ASSD - entered.
23:40:46.446 M:ASSD - entered.
23:40:46.652 M:ASSD - entered.
23:40:46.652 M:ASSD - entered.
23:40:47.142 M:ASSD - entered.
23:40:47.142 M:ASSD - entered.
23:40:47.214 M:ASSD - entered.
23:40:47.214 M:ASSD - entered.
23:40:47.766 M:ASSD - entered.
23:40:47.766 M:ASSD - entered.
23:40:48.062 M:ASSD - entered.
23:40:48.062 M:ASSD - entered.
23:40:48.159 M:ASSD - entered.
23:40:48.159 M:ASSD - entered.
23:40:48.165 AD:OASE - entered.
23:40:48.165 Attack sequence 48223779 did 117.154 structure damage to target: e3e34fc2-c664-42ab-920b-6002c058ac55.0
23:40:48.165 Checking hull breaches for targetMech: Wolverine_Tactician_124FB4F4
23:40:48.166 AD:OASE - exiting.
23:40:51.675 M:ASSD - entered.
23:40:51.675 M:ASSD - entered.
23:41:06.075 AD:OASB - entered.
23:41:06.076 Recording attackSequence: 5604909 for possible hull breaches.
23:41:08.444 AD:OASE - entered.
23:41:08.444 Attack sequence 5604909 did 0 structure damage to target: ab9e2bfb-f6c4-4b4b-b540-957dcfc48a27.0
23:41:08.444 Attack did no structure damage, skipping.
23:41:16.462 AD:OASB - entered.
23:41:16.462 Recording attackSequence: 14823068 for possible hull breaches.
23:41:20.086 AD:OASE - entered.
23:41:20.087 Attack sequence 14823068 did 0 structure damage to target: ab9e2bfb-f6c4-4b4b-b540-957dcfc48a27.0
23:41:20.087 Attack did no structure damage, skipping.
23:42:02.156 AD:OASB - entered.
23:42:02.156 Recording attackSequence: 87762581 for possible hull breaches.
23:42:05.213 AD:OASE - entered.
23:42:05.213 Could not find attack sequence with id: 87762581. CAC may have killed it, or there's an error in processing. Skipping hull breach checks.
23:42:10.667 AD:OASB - entered.
23:42:10.667 Recording attackSequence: 27676173 for possible hull breaches.
23:42:14.785 AD:OASE - entered.
23:42:14.785 Attack sequence 27676173 did 0 structure damage to target: ec9d2280-ca9a-4d90-8a20-963d8a4c0a39.0
23:42:14.785 Attack did no structure damage, skipping.
23:42:22.671 AD:OASB - entered.
23:42:22.671 Recording attackSequence: 52955931 for possible hull breaches.
23:42:25.308 AD:OASE - entered.
23:42:25.308 Attack sequence 52955931 did 0 structure damage to target: ec9d2280-ca9a-4d90-8a20-963d8a4c0a39.0
23:42:25.308 Attack did no structure damage, skipping.
23:42:44.416 AD:OASB - entered.
23:42:44.416 Recording attackSequence: 83643955 for possible hull breaches.
23:42:47.707 AD:OASE - entered.
23:42:47.707 Attack sequence 83643955 did 0 structure damage to target: f46b3021-803a-41ed-87e0-1b8cb86663b8.0
23:42:47.707 Attack did no structure damage, skipping.
23:43:07.489 AD:OASB - entered.
23:43:07.489 Recording attackSequence: 86626813 for possible hull breaches.
23:43:10.186 M:ASSD - entered.
23:43:10.186 M:ASSD - entered.
23:43:10.186 M:ASSD - entered.
23:43:10.190 M:ASSD - entered.
23:43:11.700 M:ASSD - entered.
23:43:11.700 M:ASSD - entered.
23:43:12.027 M:ASSD - entered.
23:43:12.027 M:ASSD - entered.
23:43:12.337 M:ASSD - entered.
23:43:12.337 M:ASSD - entered.
23:43:13.193 M:ASSD - entered.
23:43:13.193 M:ASSD - entered.
23:43:13.326 M:ASSD - entered.
23:43:13.326 M:ASSD - entered.
23:43:13.369 M:ASSD - entered.
23:43:13.370 M:ASSD - entered.
23:43:13.622 M:ASSD - entered.
23:43:13.622 M:ASSD - entered.
23:43:13.909 M:ASSD - entered.
23:43:13.909 M:ASSD - entered.
23:43:14.754 M:ASSD - entered.
23:43:14.754 M:ASSD - entered.
23:43:15.090 AD:OASE - entered.
23:43:15.090 Attack sequence 86626813 did 56.24999 structure damage to target: ab9e2bfb-f6c4-4b4b-b540-957dcfc48a27.0
23:43:15.090 Checking hull breaches for targetMech: Hermes_Gunner_5E693AE8
23:43:15.090 AD:OASE - exiting.
23:43:41.254 AD:OASB - entered.
23:43:41.254 Recording attackSequence: 28388469 for possible hull breaches.
23:43:42.215 M:ASSD - entered.
23:43:42.215 M:ASSD - entered.
23:43:44.582 AD:OASE - entered.
23:43:44.582 Could not find attack sequence with id: 28388469. CAC may have killed it, or there's an error in processing. Skipping hull breach checks.
23:43:56.331 AD:OASB - entered.
23:43:56.331 Recording attackSequence: 36173708 for possible hull breaches.
23:43:57.152 M:ASSD - entered.
23:43:57.152 M:ASSD - entered.
23:44:01.171 M:ASSD - entered.
23:44:01.171 M:ASSD - entered.
23:44:03.449 M:ASSD - entered.
23:44:03.449 M:ASSD - entered.
23:44:03.449 M:ASSD - entered.
23:44:03.452 M:ASSD - entered.
23:44:03.455 M:ASSD - entered.
23:44:03.459 M:ASSD - entered.
23:44:03.504 AD:OASE - entered.
23:44:03.504 Could not find attack sequence with id: 36173708. CAC may have killed it, or there's an error in processing. Skipping hull breach checks.
23:44:13.514 AD:OASB - entered.
23:44:13.514 Recording attackSequence: 65750201 for possible hull breaches.
23:44:17.729 M:ASSD - entered.
23:44:17.729 M:ASSD - entered.
23:44:17.862 M:ASSD - entered.
23:44:17.862 M:ASSD - entered.
23:44:18.263 M:ASSD - entered.
23:44:18.263 M:ASSD - entered.
23:44:18.372 M:ASSD - entered.
23:44:18.372 M:ASSD - entered.
23:44:18.448 M:ASSD - entered.
23:44:18.448 M:ASSD - entered.
23:44:18.560 M:ASSD - entered.
23:44:18.561 M:ASSD - entered.
23:44:18.672 M:ASSD - entered.
23:44:18.672 M:ASSD - entered.
23:44:18.790 M:ASSD - entered.
23:44:18.790 M:ASSD - entered.
23:44:19.350 M:ASSD - entered.
23:44:19.350 M:ASSD - entered.
23:44:19.639 M:ASSD - entered.
23:44:19.639 M:ASSD - entered.
23:44:20.128 M:ASSD - entered.
23:44:20.128 M:ASSD - entered.
23:44:20.392 M:ASSD - entered.
23:44:20.392 M:ASSD - entered.
23:44:20.702 M:ASSD - entered.
23:44:20.702 M:ASSD - entered.
23:44:20.805 M:ASSD - entered.
23:44:20.805 M:ASSD - entered.
23:44:21.449 M:ASSD - entered.
23:44:21.449 M:ASSD - entered.
23:44:21.523 AD:OASE - entered.
23:44:21.523 Could not find attack sequence with id: 65750201. CAC may have killed it, or there's an error in processing. Skipping hull breach checks.
23:44:30.288 AD:OASB - entered.
23:44:30.288 Recording attackSequence: 14826677 for possible hull breaches.
23:44:33.902 AD:OASE - entered.
23:44:33.902 Could not find attack sequence with id: 14826677. CAC may have killed it, or there's an error in processing. Skipping hull breach checks.
23:44:45.800 AD:OASB - entered.
23:44:45.800 Recording attackSequence: 67304125 for possible hull breaches.
23:44:47.024 M:ASSD - entered.
23:44:47.024 M:ASSD - entered.
23:44:49.876 AD:OASE - entered.
23:44:49.876 Could not find attack sequence with id: 67304125. CAC may have killed it, or there's an error in processing. Skipping hull breach checks.
23:44:54.804 AD:OASB - entered.
23:44:54.804 Recording attackSequence: 98804242 for possible hull breaches.
23:45:01.283 AD:OASE - entered.
23:45:01.283 Attack sequence 98804242 did 0 structure damage to target: d50f1e9d-0a0b-4dc8-9a06-a33233aaa8a1.0
23:45:01.283 Attack did no structure damage, skipping.
23:45:04.871 AD:OASB - entered.
23:45:04.871 Recording attackSequence: 16100491 for possible hull breaches.
23:45:06.610 AD:OASE - entered.
23:45:06.610 Could not find attack sequence with id: 16100491. CAC may have killed it, or there's an error in processing. Skipping hull breach checks.
23:45:16.669 AD:OASB - entered.
23:45:16.669 Recording attackSequence: 884317 for possible hull breaches.
23:45:20.342 AD:OASE - entered.
23:45:20.342 Attack sequence 884317 did 0 structure damage to target: ec9d2280-ca9a-4d90-8a20-963d8a4c0a39.0
23:45:20.342 Attack did no structure damage, skipping.
23:45:33.400 AD:OASB - entered.
23:45:33.400 Recording attackSequence: 79378741 for possible hull breaches.
23:45:40.566 M:ASSD - entered.
23:45:40.566 M:ASSD - entered.
23:45:40.572 M:ASSD - entered.
23:45:40.572 M:ASSD - entered.
23:45:40.766 AD:OASE - entered.
23:45:40.766 Could not find attack sequence with id: 79378741. CAC may have killed it, or there's an error in processing. Skipping hull breach checks.
23:45:49.284 AD:OASB - entered.
23:45:49.284 Recording attackSequence: 65393957 for possible hull breaches.
23:45:53.290 AD:OASE - entered.
23:45:53.290 Could not find attack sequence with id: 65393957. CAC may have killed it, or there's an error in processing. Skipping hull breach checks.
23:45:55.566 AD:OASB - entered.
23:45:55.566 Recording attackSequence: 55299504 for possible hull breaches.
23:46:03.323 M:ASSD - entered.
23:46:03.323 M:ASSD - entered.
23:46:05.248 AD:OASE - entered.
23:46:05.248 Attack sequence 55299504 did 15 structure damage to target: d50f1e9d-0a0b-4dc8-9a06-a33233aaa8a1.0
23:46:05.248 Checking hull breaches for targetMech: Spider_K-9_57245CBC
23:46:05.248 AD:OASE - exiting.
23:46:08.837 AD:OASB - entered.
23:46:08.837 Recording attackSequence: 5965642 for possible hull breaches.
23:46:12.248 M:ASSD - entered.
23:46:12.248 M:ASSD - entered.
23:46:12.312 AD:OASE - entered.
23:46:12.312 Attack sequence 5965642 did 15 structure damage to target: d50f1e9d-0a0b-4dc8-9a06-a33233aaa8a1.0
23:46:12.312 Checking hull breaches for targetMech: Spider_K-9_57245CBC
23:46:12.312 AD:OASE - exiting.
23:46:29.515 AD:OASB - entered.
23:46:29.515 Recording attackSequence: 89739581 for possible hull breaches.
23:46:30.345 M:ASSD - entered.
23:46:30.345 M:ASSD - entered.
23:46:30.346 M:ASSD - entered.
23:46:30.436 M:ASSD - entered.
23:46:32.106 M:ASSD - entered.
23:46:32.106 M:ASSD - entered.
23:46:32.106 M:ASSD - entered.
23:46:32.107 M:ASSD - entered.
23:46:32.110 M:ASSD - entered.
23:46:32.112 M:ASSD - entered.
23:46:33.661 M:ASSD - entered.
23:46:33.661 M:ASSD - entered.
23:46:33.764 M:ASSD - entered.
23:46:33.764 M:ASSD - entered.
23:46:34.820 M:ASSD - entered.
23:46:34.820 M:ASSD - entered.
23:46:35.009 M:ASSD - entered.
23:46:35.009 M:ASSD - entered.
23:46:35.009 M:ASSD - entered.
23:46:35.010 M:ASSD - entered.
23:46:35.012 M:ASSD - entered.
23:46:35.015 M:ASSD - entered.
23:46:37.827 AD:OASE - entered.
23:46:37.827 Could not find attack sequence with id: 89739581. CAC may have killed it, or there's an error in processing. Skipping hull breach checks.
23:46:58.687 AD:OASB - entered.
23:46:58.687 Recording attackSequence: 42846013 for possible hull breaches.
23:47:05.818 AD:OASE - entered.
23:47:05.818 Could not find attack sequence with id: 42846013. CAC may have killed it, or there's an error in processing. Skipping hull breach checks.
23:47:10.622 AD:OASB - entered.
23:47:10.622 Recording attackSequence: 35101595 for possible hull breaches.
23:47:15.134 AD:OASE - entered.
23:47:15.134 Attack sequence 35101595 did 0 structure damage to target: ebc06b6a-c5a8-4165-95ce-480bcf335570.0
23:47:15.134 Attack did no structure damage, skipping.
23:47:18.712 AD:OASB - entered.
23:47:18.712 Recording attackSequence: 52352523 for possible hull breaches.
23:47:22.088 AD:OASE - entered.
23:47:22.088 Attack sequence 52352523 did 0 structure damage to target: ebc06b6a-c5a8-4165-95ce-480bcf335570.0
23:47:22.088 Attack did no structure damage, skipping.
23:47:40.295 AD:OASB - entered.
23:47:40.295 Recording attackSequence: 15859672 for possible hull breaches.
23:47:46.025 AD:OASE - entered.
23:47:46.025 Could not find attack sequence with id: 15859672. CAC may have killed it, or there's an error in processing. Skipping hull breach checks.
23:48:25.246 AD:OASB - entered.
23:48:25.246 Recording attackSequence: 47124111 for possible hull breaches.
23:48:26.084 M:ASSD - entered.
23:48:26.084 M:ASSD - entered.
23:48:26.084 M:ASSD - entered.
23:48:26.177 M:ASSD - entered.
23:48:28.015 AD:OASE - entered.
23:48:28.015 Could not find attack sequence with id: 47124111. CAC may have killed it, or there's an error in processing. Skipping hull breach checks.
