20:50:32.165 Resetting pathing for actor: Spider__D5A5F442
20:50:32.165 Resetting path grid for actor: Spider__D5A5F442 for origin: (-504.0, 165.2, -374.1) and beginAngle: 0
20:50:32.171 run mod => 1.5 from CBTBE_RunMultiMod: 0 + modConfig: 1.5
20:50:32.171 Resetting runSpeed to 324 for actor: Spider__D5A5F442 from walkSpeed: 216 x 1.5
20:50:32.172  -- after p:rpg reset, actor: Spider__D5A5F442 has costLeft: 0  maxDistance => walk: 216  sprint: 324  backwards: 216
20:50:32.172  -- after aa:rp reset, actor: Spider__D5A5F442 has costLeft: 0  maxDistance => walk: 216  sprint: 324  backwards: 216
20:50:32.245 Resetting pathing for actor: Spider__D5A5F442
20:50:32.245 Resetting path grid for actor: Spider__D5A5F442 for origin: (-504.0, 165.2, -374.1) and beginAngle: 0
20:50:32.246 run mod => 1.5 from CBTBE_RunMultiMod: 0 + modConfig: 1.5
20:50:32.246 Resetting runSpeed to 324 for actor: Spider__D5A5F442 from walkSpeed: 216 x 1.5
20:50:32.246  -- after p:rpg reset, actor: Spider__D5A5F442 has costLeft: 0  maxDistance => walk: 216  sprint: 324  backwards: 216
20:50:32.246  -- after aa:rp reset, actor: Spider__D5A5F442 has costLeft: 0  maxDistance => walk: 216  sprint: 324  backwards: 216
20:50:32.247 Resetting pathing for actor: Spider__D5A5F442
20:50:32.247 Resetting path grid for actor: Spider__D5A5F442 for origin: (-504.0, 165.2, -374.1) and beginAngle: 0
20:50:32.247 run mod => 1.5 from CBTBE_RunMultiMod: 0 + modConfig: 1.5
20:50:32.247 Resetting runSpeed to 324 for actor: Spider__D5A5F442 from walkSpeed: 216 x 1.5
20:50:32.247  -- after p:rpg reset, actor: Spider__D5A5F442 has costLeft: 0  maxDistance => walk: 216  sprint: 324  backwards: 216
20:50:32.247  -- after aa:rp reset, actor: Spider__D5A5F442 has costLeft: 0  maxDistance => walk: 216  sprint: 324  backwards: 216
20:50:32.291 Resetting pathing for actor: Spider__D5A5F442
20:50:32.291 Resetting path grid for actor: Spider__D5A5F442 for origin: (-144.0, 181.9, 582.0) and beginAngle: 0
20:50:32.291 run mod => 1.5 from CBTBE_RunMultiMod: 0 + modConfig: 1.5
20:50:32.291 Resetting runSpeed to 324 for actor: Spider__D5A5F442 from walkSpeed: 216 x 1.5
20:50:32.291  -- after p:rpg reset, actor: Spider__D5A5F442 has costLeft: 161.3729  maxDistance => walk: 216  sprint: 324  backwards: 216
20:50:32.291  -- after aa:rp reset, actor: Spider__D5A5F442 has costLeft: 161.3729  maxDistance => walk: 216  sprint: 324  backwards: 216
20:50:32.335 Resetting pathing for actor: Spider__D5A5F442
20:50:32.335 Resetting path grid for actor: Spider__D5A5F442 for origin: (-144.0, 181.5, 582.0) and beginAngle: 0
20:50:32.335 run mod => 1.5 from CBTBE_RunMultiMod: 0 + modConfig: 1.5
20:50:32.335 Resetting runSpeed to 324 for actor: Spider__D5A5F442 from walkSpeed: 216 x 1.5
20:50:32.335  -- after p:rpg reset, actor: Spider__D5A5F442 has costLeft: 161.3729  maxDistance => walk: 216  sprint: 324  backwards: 216
20:50:32.335  -- after aa:rp reset, actor: Spider__D5A5F442 has costLeft: 161.3729  maxDistance => walk: 216  sprint: 324  backwards: 216
20:50:32.335 Resetting pathing for actor: Spider__D5A5F442
20:50:32.335 Resetting path grid for actor: Spider__D5A5F442 for origin: (-144.0, 181.5, 582.0) and beginAngle: 0
20:50:32.335 run mod => 1.5 from CBTBE_RunMultiMod: 0 + modConfig: 1.5
20:50:32.335 Resetting runSpeed to 324 for actor: Spider__D5A5F442 from walkSpeed: 216 x 1.5
20:50:32.335  -- after p:rpg reset, actor: Spider__D5A5F442 has costLeft: 161.3729  maxDistance => walk: 216  sprint: 324  backwards: 216
20:50:32.335  -- after aa:rp reset, actor: Spider__D5A5F442 has costLeft: 161.3729  maxDistance => walk: 216  sprint: 324  backwards: 216
20:50:32.388 Resetting pathing for actor: Spider__D5A5F442
20:50:32.388 Resetting path grid for actor: Spider__D5A5F442 for origin: (-120.0, 192.8, 582.0) and beginAngle: 0
20:50:32.389 run mod => 1.5 from CBTBE_RunMultiMod: 0 + modConfig: 1.5
20:50:32.389 Resetting runSpeed to 324 for actor: Spider__D5A5F442 from walkSpeed: 216 x 1.5
20:50:32.389  -- after p:rpg reset, actor: Spider__D5A5F442 has costLeft: 7.991714  maxDistance => walk: 216  sprint: 324  backwards: 216
20:50:32.389  -- after aa:rp reset, actor: Spider__D5A5F442 has costLeft: 7.991714  maxDistance => walk: 216  sprint: 324  backwards: 216
20:50:32.432 Resetting pathing for actor: Spider__D5A5F442
20:50:32.432 Resetting path grid for actor: Spider__D5A5F442 for origin: (-120.0, 192.4, 582.0) and beginAngle: 0
20:50:32.432 run mod => 1.5 from CBTBE_RunMultiMod: 0 + modConfig: 1.5
20:50:32.432 Resetting runSpeed to 324 for actor: Spider__D5A5F442 from walkSpeed: 216 x 1.5
20:50:32.432  -- after p:rpg reset, actor: Spider__D5A5F442 has costLeft: 7.991714  maxDistance => walk: 216  sprint: 324  backwards: 216
20:50:32.432  -- after aa:rp reset, actor: Spider__D5A5F442 has costLeft: 7.991714  maxDistance => walk: 216  sprint: 324  backwards: 216
20:50:32.432 Resetting pathing for actor: Spider__D5A5F442
20:50:32.432 Resetting path grid for actor: Spider__D5A5F442 for origin: (-120.0, 192.4, 582.0) and beginAngle: 0
20:50:32.432 run mod => 1.5 from CBTBE_RunMultiMod: 0 + modConfig: 1.5
20:50:32.432 Resetting runSpeed to 324 for actor: Spider__D5A5F442 from walkSpeed: 216 x 1.5
20:50:32.432  -- after p:rpg reset, actor: Spider__D5A5F442 has costLeft: 7.991714  maxDistance => walk: 216  sprint: 324  backwards: 216
20:50:32.432  -- after aa:rp reset, actor: Spider__D5A5F442 has costLeft: 7.991714  maxDistance => walk: 216  sprint: 324  backwards: 216
20:50:32.488 Resetting pathing for actor: Spider__D5A5F442
20:50:32.488 Resetting path grid for actor: Spider__D5A5F442 for origin: (-120.0, 192.8, 582.0) and beginAngle: 0
20:50:32.488 run mod => 1.5 from CBTBE_RunMultiMod: 0 + modConfig: 1.5
20:50:32.488 Resetting runSpeed to 324 for actor: Spider__D5A5F442 from walkSpeed: 216 x 1.5
20:50:32.488  -- after p:rpg reset, actor: Spider__D5A5F442 has costLeft: 12.03423  maxDistance => walk: 216  sprint: 324  backwards: 216
20:50:32.488  -- after aa:rp reset, actor: Spider__D5A5F442 has costLeft: 12.03423  maxDistance => walk: 216  sprint: 324  backwards: 216
20:50:32.531 Resetting pathing for actor: Spider__D5A5F442
20:50:32.531 Resetting path grid for actor: Spider__D5A5F442 for origin: (-120.0, 192.4, 582.0) and beginAngle: 0
20:50:32.531 run mod => 1.5 from CBTBE_RunMultiMod: 0 + modConfig: 1.5
20:50:32.531 Resetting runSpeed to 324 for actor: Spider__D5A5F442 from walkSpeed: 216 x 1.5
20:50:32.531  -- after p:rpg reset, actor: Spider__D5A5F442 has costLeft: 12.03423  maxDistance => walk: 216  sprint: 324  backwards: 216
20:50:32.531  -- after aa:rp reset, actor: Spider__D5A5F442 has costLeft: 12.03423  maxDistance => walk: 216  sprint: 324  backwards: 216
20:50:32.531 Resetting pathing for actor: Spider__D5A5F442
20:50:32.531 Resetting path grid for actor: Spider__D5A5F442 for origin: (-120.0, 192.4, 582.0) and beginAngle: 0
20:50:32.531 run mod => 1.5 from CBTBE_RunMultiMod: 0 + modConfig: 1.5
20:50:32.531 Resetting runSpeed to 324 for actor: Spider__D5A5F442 from walkSpeed: 216 x 1.5
20:50:32.531  -- after p:rpg reset, actor: Spider__D5A5F442 has costLeft: 12.03423  maxDistance => walk: 216  sprint: 324  backwards: 216
20:50:32.531  -- after aa:rp reset, actor: Spider__D5A5F442 has costLeft: 12.03423  maxDistance => walk: 216  sprint: 324  backwards: 216
20:50:32.585 Resetting pathing for actor: Spider__D5A5F442
20:50:32.585 Resetting path grid for actor: Spider__D5A5F442 for origin: (-132.0, 194.5, 602.8) and beginAngle: 0
20:50:32.585 run mod => 1.5 from CBTBE_RunMultiMod: 0 + modConfig: 1.5
20:50:32.585 Resetting runSpeed to 324 for actor: Spider__D5A5F442 from walkSpeed: 216 x 1.5
20:50:32.585  -- after p:rpg reset, actor: Spider__D5A5F442 has costLeft: 12.03423  maxDistance => walk: 216  sprint: 324  backwards: 216
20:50:32.585  -- after aa:rp reset, actor: Spider__D5A5F442 has costLeft: 12.03423  maxDistance => walk: 216  sprint: 324  backwards: 216
20:50:32.628 Resetting pathing for actor: Spider__D5A5F442
20:50:32.628 Resetting path grid for actor: Spider__D5A5F442 for origin: (-132.0, 194.8, 602.8) and beginAngle: 0
20:50:32.628 run mod => 1.5 from CBTBE_RunMultiMod: 0 + modConfig: 1.5
20:50:32.628 Resetting runSpeed to 324 for actor: Spider__D5A5F442 from walkSpeed: 216 x 1.5
20:50:32.628  -- after p:rpg reset, actor: Spider__D5A5F442 has costLeft: 12.03423  maxDistance => walk: 216  sprint: 324  backwards: 216
20:50:32.628  -- after aa:rp reset, actor: Spider__D5A5F442 has costLeft: 12.03423  maxDistance => walk: 216  sprint: 324  backwards: 216
20:50:32.628 Resetting pathing for actor: Spider__D5A5F442
20:50:32.628 Resetting path grid for actor: Spider__D5A5F442 for origin: (-132.0, 194.8, 602.8) and beginAngle: 0
20:50:32.628 run mod => 1.5 from CBTBE_RunMultiMod: 0 + modConfig: 1.5
20:50:32.628 Resetting runSpeed to 324 for actor: Spider__D5A5F442 from walkSpeed: 216 x 1.5
20:50:32.628  -- after p:rpg reset, actor: Spider__D5A5F442 has costLeft: 12.03423  maxDistance => walk: 216  sprint: 324  backwards: 216
20:50:32.628  -- after aa:rp reset, actor: Spider__D5A5F442 has costLeft: 12.03423  maxDistance => walk: 216  sprint: 324  backwards: 216
20:50:32.681 Resetting pathing for actor: Spider__D5A5F442
20:50:32.681 Resetting path grid for actor: Spider__D5A5F442 for origin: (-132.0, 194.5, 602.8) and beginAngle: 0
20:50:32.681 run mod => 1.5 from CBTBE_RunMultiMod: 0 + modConfig: 1.5
20:50:32.681 Resetting runSpeed to 324 for actor: Spider__D5A5F442 from walkSpeed: 216 x 1.5
20:50:32.681  -- after p:rpg reset, actor: Spider__D5A5F442 has costLeft: 12.14865  maxDistance => walk: 216  sprint: 324  backwards: 216
20:50:32.681  -- after aa:rp reset, actor: Spider__D5A5F442 has costLeft: 12.14865  maxDistance => walk: 216  sprint: 324  backwards: 216
20:50:32.725 Resetting pathing for actor: Spider__D5A5F442
20:50:32.725 Resetting path grid for actor: Spider__D5A5F442 for origin: (-132.0, 194.8, 602.8) and beginAngle: 0
20:50:32.725 run mod => 1.5 from CBTBE_RunMultiMod: 0 + modConfig: 1.5
20:50:32.725 Resetting runSpeed to 324 for actor: Spider__D5A5F442 from walkSpeed: 216 x 1.5
20:50:32.725  -- after p:rpg reset, actor: Spider__D5A5F442 has costLeft: 12.14865  maxDistance => walk: 216  sprint: 324  backwards: 216
20:50:32.725  -- after aa:rp reset, actor: Spider__D5A5F442 has costLeft: 12.14865  maxDistance => walk: 216  sprint: 324  backwards: 216
20:50:32.725 Resetting pathing for actor: Spider__D5A5F442
20:50:32.725 Resetting path grid for actor: Spider__D5A5F442 for origin: (-132.0, 194.8, 602.8) and beginAngle: 0
20:50:32.725 run mod => 1.5 from CBTBE_RunMultiMod: 0 + modConfig: 1.5
20:50:32.725 Resetting runSpeed to 324 for actor: Spider__D5A5F442 from walkSpeed: 216 x 1.5
20:50:32.725  -- after p:rpg reset, actor: Spider__D5A5F442 has costLeft: 12.14865  maxDistance => walk: 216  sprint: 324  backwards: 216
20:50:32.725  -- after aa:rp reset, actor: Spider__D5A5F442 has costLeft: 12.14865  maxDistance => walk: 216  sprint: 324  backwards: 216
20:50:32.778 Resetting pathing for actor: Spider__D5A5F442
20:50:32.778 Resetting path grid for actor: Spider__D5A5F442 for origin: (-144.0, 181.9, 582.0) and beginAngle: 0
20:50:32.778 run mod => 1.5 from CBTBE_RunMultiMod: 0 + modConfig: 1.5
20:50:32.778 Resetting runSpeed to 324 for actor: Spider__D5A5F442 from walkSpeed: 216 x 1.5
20:50:32.778  -- after p:rpg reset, actor: Spider__D5A5F442 has costLeft: 12.14865  maxDistance => walk: 216  sprint: 324  backwards: 216
20:50:32.778  -- after aa:rp reset, actor: Spider__D5A5F442 has costLeft: 12.14865  maxDistance => walk: 216  sprint: 324  backwards: 216
20:50:32.820 Resetting pathing for actor: Spider__D5A5F442
20:50:32.821 Resetting path grid for actor: Spider__D5A5F442 for origin: (-144.0, 181.5, 582.0) and beginAngle: 0
20:50:32.821 run mod => 1.5 from CBTBE_RunMultiMod: 0 + modConfig: 1.5
20:50:32.821 Resetting runSpeed to 324 for actor: Spider__D5A5F442 from walkSpeed: 216 x 1.5
20:50:32.821  -- after p:rpg reset, actor: Spider__D5A5F442 has costLeft: 12.14865  maxDistance => walk: 216  sprint: 324  backwards: 216
20:50:32.821  -- after aa:rp reset, actor: Spider__D5A5F442 has costLeft: 12.14865  maxDistance => walk: 216  sprint: 324  backwards: 216
20:50:32.821 Resetting pathing for actor: Spider__D5A5F442
20:50:32.821 Resetting path grid for actor: Spider__D5A5F442 for origin: (-144.0, 181.5, 582.0) and beginAngle: 0
20:50:32.821 run mod => 1.5 from CBTBE_RunMultiMod: 0 + modConfig: 1.5
20:50:32.821 Resetting runSpeed to 324 for actor: Spider__D5A5F442 from walkSpeed: 216 x 1.5
20:50:32.821  -- after p:rpg reset, actor: Spider__D5A5F442 has costLeft: 12.14865  maxDistance => walk: 216  sprint: 324  backwards: 216
20:50:32.821  -- after aa:rp reset, actor: Spider__D5A5F442 has costLeft: 12.14865  maxDistance => walk: 216  sprint: 324  backwards: 216
20:50:32.873 Resetting pathing for actor: Spider__D5A5F442
20:50:32.873 Resetting path grid for actor: Spider__D5A5F442 for origin: (-144.0, 181.9, 582.0) and beginAngle: 0
20:50:32.873 run mod => 1.5 from CBTBE_RunMultiMod: 0 + modConfig: 1.5
20:50:32.873 Resetting runSpeed to 324 for actor: Spider__D5A5F442 from walkSpeed: 216 x 1.5
20:50:32.873  -- after p:rpg reset, actor: Spider__D5A5F442 has costLeft: 7.991714  maxDistance => walk: 216  sprint: 324  backwards: 216
20:50:32.873  -- after aa:rp reset, actor: Spider__D5A5F442 has costLeft: 7.991714  maxDistance => walk: 216  sprint: 324  backwards: 216
20:50:32.915 Resetting pathing for actor: Spider__D5A5F442
20:50:32.915 Resetting path grid for actor: Spider__D5A5F442 for origin: (-144.0, 181.5, 582.0) and beginAngle: 0
20:50:32.915 run mod => 1.5 from CBTBE_RunMultiMod: 0 + modConfig: 1.5
20:50:32.915 Resetting runSpeed to 324 for actor: Spider__D5A5F442 from walkSpeed: 216 x 1.5
20:50:32.915  -- after p:rpg reset, actor: Spider__D5A5F442 has costLeft: 7.991714  maxDistance => walk: 216  sprint: 324  backwards: 216
20:50:32.915  -- after aa:rp reset, actor: Spider__D5A5F442 has costLeft: 7.991714  maxDistance => walk: 216  sprint: 324  backwards: 216
20:50:32.915 Resetting pathing for actor: Spider__D5A5F442
20:50:32.915 Resetting path grid for actor: Spider__D5A5F442 for origin: (-144.0, 181.5, 582.0) and beginAngle: 0
20:50:32.915 run mod => 1.5 from CBTBE_RunMultiMod: 0 + modConfig: 1.5
20:50:32.915 Resetting runSpeed to 324 for actor: Spider__D5A5F442 from walkSpeed: 216 x 1.5
20:50:32.915  -- after p:rpg reset, actor: Spider__D5A5F442 has costLeft: 7.991714  maxDistance => walk: 216  sprint: 324  backwards: 216
20:50:32.915  -- after aa:rp reset, actor: Spider__D5A5F442 has costLeft: 7.991714  maxDistance => walk: 216  sprint: 324  backwards: 216
20:50:32.967 Resetting pathing for actor: Spider__D5A5F442
20:50:32.967 Resetting path grid for actor: Spider__D5A5F442 for origin: (-156.0, 183.5, 602.8) and beginAngle: 0
20:50:32.967 run mod => 1.5 from CBTBE_RunMultiMod: 0 + modConfig: 1.5
20:50:32.967 Resetting runSpeed to 324 for actor: Spider__D5A5F442 from walkSpeed: 216 x 1.5
20:50:32.967  -- after p:rpg reset, actor: Spider__D5A5F442 has costLeft: 7.991714  maxDistance => walk: 216  sprint: 324  backwards: 216
20:50:32.967  -- after aa:rp reset, actor: Spider__D5A5F442 has costLeft: 7.991714  maxDistance => walk: 216  sprint: 324  backwards: 216
20:50:33.009 Resetting pathing for actor: Spider__D5A5F442
20:50:33.010 Resetting path grid for actor: Spider__D5A5F442 for origin: (-156.0, 183.9, 602.8) and beginAngle: 0
20:50:33.010 run mod => 1.5 from CBTBE_RunMultiMod: 0 + modConfig: 1.5
20:50:33.010 Resetting runSpeed to 324 for actor: Spider__D5A5F442 from walkSpeed: 216 x 1.5
20:50:33.010  -- after p:rpg reset, actor: Spider__D5A5F442 has costLeft: 7.991714  maxDistance => walk: 216  sprint: 324  backwards: 216
20:50:33.010  -- after aa:rp reset, actor: Spider__D5A5F442 has costLeft: 7.991714  maxDistance => walk: 216  sprint: 324  backwards: 216
20:50:33.010 Resetting pathing for actor: Spider__D5A5F442
20:50:33.010 Resetting path grid for actor: Spider__D5A5F442 for origin: (-156.0, 183.9, 602.8) and beginAngle: 0
20:50:33.010 run mod => 1.5 from CBTBE_RunMultiMod: 0 + modConfig: 1.5
20:50:33.010 Resetting runSpeed to 324 for actor: Spider__D5A5F442 from walkSpeed: 216 x 1.5
20:50:33.010  -- after p:rpg reset, actor: Spider__D5A5F442 has costLeft: 7.991714  maxDistance => walk: 216  sprint: 324  backwards: 216
20:50:33.010  -- after aa:rp reset, actor: Spider__D5A5F442 has costLeft: 7.991714  maxDistance => walk: 216  sprint: 324  backwards: 216
20:50:33.061 Resetting pathing for actor: Spider__D5A5F442
20:50:33.061 Resetting path grid for actor: Spider__D5A5F442 for origin: (-156.0, 183.5, 602.8) and beginAngle: 0
20:50:33.061 run mod => 1.5 from CBTBE_RunMultiMod: 0 + modConfig: 1.5
20:50:33.061 Resetting runSpeed to 324 for actor: Spider__D5A5F442 from walkSpeed: 216 x 1.5
20:50:33.061  -- after p:rpg reset, actor: Spider__D5A5F442 has costLeft: 23.66127  maxDistance => walk: 216  sprint: 324  backwards: 216
20:50:33.061  -- after aa:rp reset, actor: Spider__D5A5F442 has costLeft: 23.66127  maxDistance => walk: 216  sprint: 324  backwards: 216
20:50:33.102 Resetting pathing for actor: Spider__D5A5F442
20:50:33.102 Resetting path grid for actor: Spider__D5A5F442 for origin: (-156.0, 183.9, 602.8) and beginAngle: 0
20:50:33.103 run mod => 1.5 from CBTBE_RunMultiMod: 0 + modConfig: 1.5
20:50:33.103 Resetting runSpeed to 324 for actor: Spider__D5A5F442 from walkSpeed: 216 x 1.5
20:50:33.103  -- after p:rpg reset, actor: Spider__D5A5F442 has costLeft: 23.66127  maxDistance => walk: 216  sprint: 324  backwards: 216
20:50:33.103  -- after aa:rp reset, actor: Spider__D5A5F442 has costLeft: 23.66127  maxDistance => walk: 216  sprint: 324  backwards: 216
20:50:33.103 Resetting pathing for actor: Spider__D5A5F442
20:50:33.103 Resetting path grid for actor: Spider__D5A5F442 for origin: (-156.0, 183.9, 602.8) and beginAngle: 0
20:50:33.103 run mod => 1.5 from CBTBE_RunMultiMod: 0 + modConfig: 1.5
20:50:33.103 Resetting runSpeed to 324 for actor: Spider__D5A5F442 from walkSpeed: 216 x 1.5
20:50:33.103  -- after p:rpg reset, actor: Spider__D5A5F442 has costLeft: 23.66127  maxDistance => walk: 216  sprint: 324  backwards: 216
20:50:33.103  -- after aa:rp reset, actor: Spider__D5A5F442 has costLeft: 23.66127  maxDistance => walk: 216  sprint: 324  backwards: 216
20:50:33.155 Resetting pathing for actor: Spider__D5A5F442
20:50:33.155 Resetting path grid for actor: Spider__D5A5F442 for origin: (-156.0, 179.5, 519.6) and beginAngle: 0
20:50:33.155 run mod => 1.5 from CBTBE_RunMultiMod: 0 + modConfig: 1.5
20:50:33.155 Resetting runSpeed to 324 for actor: Spider__D5A5F442 from walkSpeed: 216 x 1.5
20:50:33.155  -- after p:rpg reset, actor: Spider__D5A5F442 has costLeft: 23.66127  maxDistance => walk: 216  sprint: 324  backwards: 216
20:50:33.155  -- after aa:rp reset, actor: Spider__D5A5F442 has costLeft: 23.66127  maxDistance => walk: 216  sprint: 324  backwards: 216
20:50:33.194 Resetting pathing for actor: Spider__D5A5F442
20:50:33.194 Resetting path grid for actor: Spider__D5A5F442 for origin: (-156.0, 179.6, 519.6) and beginAngle: 0
20:50:33.194 run mod => 1.5 from CBTBE_RunMultiMod: 0 + modConfig: 1.5
20:50:33.194 Resetting runSpeed to 324 for actor: Spider__D5A5F442 from walkSpeed: 216 x 1.5
20:50:33.194  -- after p:rpg reset, actor: Spider__D5A5F442 has costLeft: 23.66127  maxDistance => walk: 216  sprint: 324  backwards: 216
20:50:33.194  -- after aa:rp reset, actor: Spider__D5A5F442 has costLeft: 23.66127  maxDistance => walk: 216  sprint: 324  backwards: 216
20:50:33.194 Resetting pathing for actor: Spider__D5A5F442
20:50:33.194 Resetting path grid for actor: Spider__D5A5F442 for origin: (-156.0, 179.6, 519.6) and beginAngle: 0
20:50:33.194 run mod => 1.5 from CBTBE_RunMultiMod: 0 + modConfig: 1.5
20:50:33.194 Resetting runSpeed to 324 for actor: Spider__D5A5F442 from walkSpeed: 216 x 1.5
20:50:33.194  -- after p:rpg reset, actor: Spider__D5A5F442 has costLeft: 23.66127  maxDistance => walk: 216  sprint: 324  backwards: 216
20:50:33.194  -- after aa:rp reset, actor: Spider__D5A5F442 has costLeft: 23.66127  maxDistance => walk: 216  sprint: 324  backwards: 216
20:50:33.246 Resetting pathing for actor: Spider__D5A5F442
20:50:33.246 Resetting path grid for actor: Spider__D5A5F442 for origin: (-264.0, 138.4, 207.8) and beginAngle: 0
20:50:33.246 run mod => 1.5 from CBTBE_RunMultiMod: 0 + modConfig: 1.5
20:50:33.247 Resetting runSpeed to 324 for actor: Spider__D5A5F442 from walkSpeed: 216 x 1.5
20:50:33.247  -- after p:rpg reset, actor: Spider__D5A5F442 has costLeft: 27.25801  maxDistance => walk: 216  sprint: 324  backwards: 216
20:50:33.247  -- after aa:rp reset, actor: Spider__D5A5F442 has costLeft: 27.25801  maxDistance => walk: 216  sprint: 324  backwards: 216
20:50:33.251 Resetting pathing for actor: Spider__D5A5F442
20:50:33.251 Resetting path grid for actor: Spider__D5A5F442 for origin: (-264.0, 138.4, 207.8) and beginAngle: 0
20:50:33.251 run mod => 1.5 from CBTBE_RunMultiMod: 0 + modConfig: 1.5
20:50:33.251 Resetting runSpeed to 324 for actor: Spider__D5A5F442 from walkSpeed: 216 x 1.5
20:50:33.251  -- after p:rpg reset, actor: Spider__D5A5F442 has costLeft: 27.25801  maxDistance => walk: 216  sprint: 324  backwards: 216
20:50:33.251  -- after aa:rp reset, actor: Spider__D5A5F442 has costLeft: 27.25801  maxDistance => walk: 216  sprint: 324  backwards: 216
20:50:33.251 Resetting pathing for actor: Spider__D5A5F442
20:50:33.251 Resetting path grid for actor: Spider__D5A5F442 for origin: (-264.0, 138.4, 207.8) and beginAngle: 0
20:50:33.251 run mod => 1.5 from CBTBE_RunMultiMod: 0 + modConfig: 1.5
20:50:33.251 Resetting runSpeed to 324 for actor: Spider__D5A5F442 from walkSpeed: 216 x 1.5
20:50:33.251  -- after p:rpg reset, actor: Spider__D5A5F442 has costLeft: 27.25801  maxDistance => walk: 216  sprint: 324  backwards: 216
20:50:33.251  -- after aa:rp reset, actor: Spider__D5A5F442 has costLeft: 27.25801  maxDistance => walk: 216  sprint: 324  backwards: 216
20:50:33.290 Resetting pathing for actor: Spider__D5A5F442
20:50:33.290 Resetting path grid for actor: Spider__D5A5F442 for origin: (-252.0, 135.3, 228.6) and beginAngle: 0
20:50:33.290 run mod => 1.5 from CBTBE_RunMultiMod: 0 + modConfig: 1.5
20:50:33.290 Resetting runSpeed to 324 for actor: Spider__D5A5F442 from walkSpeed: 216 x 1.5
20:50:33.290  -- after p:rpg reset, actor: Spider__D5A5F442 has costLeft: 1.447037  maxDistance => walk: 216  sprint: 324  backwards: 216
20:50:33.290  -- after aa:rp reset, actor: Spider__D5A5F442 has costLeft: 1.447037  maxDistance => walk: 216  sprint: 324  backwards: 216
20:50:33.293 Resetting pathing for actor: Spider__D5A5F442
20:50:33.293 Resetting path grid for actor: Spider__D5A5F442 for origin: (-252.0, 135.4, 228.6) and beginAngle: 0
20:50:33.293 run mod => 1.5 from CBTBE_RunMultiMod: 0 + modConfig: 1.5
20:50:33.293 Resetting runSpeed to 324 for actor: Spider__D5A5F442 from walkSpeed: 216 x 1.5
20:50:33.293  -- after p:rpg reset, actor: Spider__D5A5F442 has costLeft: 1.447037  maxDistance => walk: 216  sprint: 324  backwards: 216
20:50:33.293  -- after aa:rp reset, actor: Spider__D5A5F442 has costLeft: 1.447037  maxDistance => walk: 216  sprint: 324  backwards: 216
20:50:33.293 Resetting pathing for actor: Spider__D5A5F442
20:50:33.293 Resetting path grid for actor: Spider__D5A5F442 for origin: (-252.0, 135.4, 228.6) and beginAngle: 0
20:50:33.293 run mod => 1.5 from CBTBE_RunMultiMod: 0 + modConfig: 1.5
20:50:33.293 Resetting runSpeed to 324 for actor: Spider__D5A5F442 from walkSpeed: 216 x 1.5
20:50:33.293  -- after p:rpg reset, actor: Spider__D5A5F442 has costLeft: 1.447037  maxDistance => walk: 216  sprint: 324  backwards: 216
20:50:33.293  -- after aa:rp reset, actor: Spider__D5A5F442 has costLeft: 1.447037  maxDistance => walk: 216  sprint: 324  backwards: 216
20:50:33.334 Resetting pathing for actor: Spider__D5A5F442
20:50:33.334 Resetting path grid for actor: Spider__D5A5F442 for origin: (-252.0, 135.3, 228.6) and beginAngle: 0
20:50:33.334 run mod => 1.5 from CBTBE_RunMultiMod: 0 + modConfig: 1.5
20:50:33.334 Resetting runSpeed to 324 for actor: Spider__D5A5F442 from walkSpeed: 216 x 1.5
20:50:33.334  -- after p:rpg reset, actor: Spider__D5A5F442 has costLeft: 5.272369  maxDistance => walk: 216  sprint: 324  backwards: 216
20:50:33.334  -- after aa:rp reset, actor: Spider__D5A5F442 has costLeft: 5.272369  maxDistance => walk: 216  sprint: 324  backwards: 216
20:50:33.337 Resetting pathing for actor: Spider__D5A5F442
20:50:33.337 Resetting path grid for actor: Spider__D5A5F442 for origin: (-252.0, 135.4, 228.6) and beginAngle: 0
20:50:33.337 run mod => 1.5 from CBTBE_RunMultiMod: 0 + modConfig: 1.5
20:50:33.337 Resetting runSpeed to 324 for actor: Spider__D5A5F442 from walkSpeed: 216 x 1.5
20:50:33.337  -- after p:rpg reset, actor: Spider__D5A5F442 has costLeft: 5.272369  maxDistance => walk: 216  sprint: 324  backwards: 216
20:50:33.337  -- after aa:rp reset, actor: Spider__D5A5F442 has costLeft: 5.272369  maxDistance => walk: 216  sprint: 324  backwards: 216
20:50:33.337 Resetting pathing for actor: Spider__D5A5F442
20:50:33.337 Resetting path grid for actor: Spider__D5A5F442 for origin: (-252.0, 135.4, 228.6) and beginAngle: 0
20:50:33.337 run mod => 1.5 from CBTBE_RunMultiMod: 0 + modConfig: 1.5
20:50:33.337 Resetting runSpeed to 324 for actor: Spider__D5A5F442 from walkSpeed: 216 x 1.5
20:50:33.337  -- after p:rpg reset, actor: Spider__D5A5F442 has costLeft: 5.272369  maxDistance => walk: 216  sprint: 324  backwards: 216
20:50:33.337  -- after aa:rp reset, actor: Spider__D5A5F442 has costLeft: 5.272369  maxDistance => walk: 216  sprint: 324  backwards: 216
20:50:33.378 Resetting pathing for actor: Spider__D5A5F442
20:50:33.378 Resetting path grid for actor: Spider__D5A5F442 for origin: (-240.0, 137.8, 207.8) and beginAngle: 0
20:50:33.378 run mod => 1.5 from CBTBE_RunMultiMod: 0 + modConfig: 1.5
20:50:33.378 Resetting runSpeed to 324 for actor: Spider__D5A5F442 from walkSpeed: 216 x 1.5
20:50:33.378  -- after p:rpg reset, actor: Spider__D5A5F442 has costLeft: 5.272369  maxDistance => walk: 216  sprint: 324  backwards: 216
20:50:33.378  -- after aa:rp reset, actor: Spider__D5A5F442 has costLeft: 5.272369  maxDistance => walk: 216  sprint: 324  backwards: 216
20:50:33.381 Resetting pathing for actor: Spider__D5A5F442
20:50:33.381 Resetting path grid for actor: Spider__D5A5F442 for origin: (-240.0, 137.8, 207.8) and beginAngle: 0
20:50:33.381 run mod => 1.5 from CBTBE_RunMultiMod: 0 + modConfig: 1.5
20:50:33.381 Resetting runSpeed to 324 for actor: Spider__D5A5F442 from walkSpeed: 216 x 1.5
20:50:33.381  -- after p:rpg reset, actor: Spider__D5A5F442 has costLeft: 5.272369  maxDistance => walk: 216  sprint: 324  backwards: 216
20:50:33.381  -- after aa:rp reset, actor: Spider__D5A5F442 has costLeft: 5.272369  maxDistance => walk: 216  sprint: 324  backwards: 216
20:50:33.381 Resetting pathing for actor: Spider__D5A5F442
20:50:33.381 Resetting path grid for actor: Spider__D5A5F442 for origin: (-240.0, 137.8, 207.8) and beginAngle: 0
20:50:33.381 run mod => 1.5 from CBTBE_RunMultiMod: 0 + modConfig: 1.5
20:50:33.381 Resetting runSpeed to 324 for actor: Spider__D5A5F442 from walkSpeed: 216 x 1.5
20:50:33.381  -- after p:rpg reset, actor: Spider__D5A5F442 has costLeft: 5.272369  maxDistance => walk: 216  sprint: 324  backwards: 216
20:50:33.381  -- after aa:rp reset, actor: Spider__D5A5F442 has costLeft: 5.272369  maxDistance => walk: 216  sprint: 324  backwards: 216
20:50:33.421 Resetting pathing for actor: Spider__D5A5F442
20:50:33.421 Resetting path grid for actor: Spider__D5A5F442 for origin: (-240.0, 137.8, 207.8) and beginAngle: 0
20:50:33.421 run mod => 1.5 from CBTBE_RunMultiMod: 0 + modConfig: 1.5
20:50:33.421 Resetting runSpeed to 324 for actor: Spider__D5A5F442 from walkSpeed: 216 x 1.5
20:50:33.421  -- after p:rpg reset, actor: Spider__D5A5F442 has costLeft: 14.16815  maxDistance => walk: 216  sprint: 324  backwards: 216
20:50:33.421  -- after aa:rp reset, actor: Spider__D5A5F442 has costLeft: 14.16815  maxDistance => walk: 216  sprint: 324  backwards: 216
20:50:33.424 Resetting pathing for actor: Spider__D5A5F442
20:50:33.424 Resetting path grid for actor: Spider__D5A5F442 for origin: (-240.0, 137.8, 207.8) and beginAngle: 0
20:50:33.424 run mod => 1.5 from CBTBE_RunMultiMod: 0 + modConfig: 1.5
20:50:33.424 Resetting runSpeed to 324 for actor: Spider__D5A5F442 from walkSpeed: 216 x 1.5
20:50:33.424  -- after p:rpg reset, actor: Spider__D5A5F442 has costLeft: 14.16815  maxDistance => walk: 216  sprint: 324  backwards: 216
20:50:33.424  -- after aa:rp reset, actor: Spider__D5A5F442 has costLeft: 14.16815  maxDistance => walk: 216  sprint: 324  backwards: 216
20:50:33.424 Resetting pathing for actor: Spider__D5A5F442
20:50:33.424 Resetting path grid for actor: Spider__D5A5F442 for origin: (-240.0, 137.8, 207.8) and beginAngle: 0
20:50:33.424 run mod => 1.5 from CBTBE_RunMultiMod: 0 + modConfig: 1.5
20:50:33.424 Resetting runSpeed to 324 for actor: Spider__D5A5F442 from walkSpeed: 216 x 1.5
20:50:33.424  -- after p:rpg reset, actor: Spider__D5A5F442 has costLeft: 14.16815  maxDistance => walk: 216  sprint: 324  backwards: 216
20:50:33.424  -- after aa:rp reset, actor: Spider__D5A5F442 has costLeft: 14.16815  maxDistance => walk: 216  sprint: 324  backwards: 216
20:50:33.464 Resetting pathing for actor: Spider__D5A5F442
20:50:33.464 Resetting path grid for actor: Spider__D5A5F442 for origin: (-276.0, 130.5, 228.6) and beginAngle: 0
20:50:33.464 run mod => 1.5 from CBTBE_RunMultiMod: 0 + modConfig: 1.5
20:50:33.464 Resetting runSpeed to 324 for actor: Spider__D5A5F442 from walkSpeed: 216 x 1.5
20:50:33.464  -- after p:rpg reset, actor: Spider__D5A5F442 has costLeft: 14.16815  maxDistance => walk: 216  sprint: 324  backwards: 216
20:50:33.464  -- after aa:rp reset, actor: Spider__D5A5F442 has costLeft: 14.16815  maxDistance => walk: 216  sprint: 324  backwards: 216
20:50:33.467 Resetting pathing for actor: Spider__D5A5F442
20:50:33.467 Resetting path grid for actor: Spider__D5A5F442 for origin: (-276.0, 130.5, 228.6) and beginAngle: 0
20:50:33.467 run mod => 1.5 from CBTBE_RunMultiMod: 0 + modConfig: 1.5
20:50:33.467 Resetting runSpeed to 324 for actor: Spider__D5A5F442 from walkSpeed: 216 x 1.5
20:50:33.467  -- after p:rpg reset, actor: Spider__D5A5F442 has costLeft: 14.16815  maxDistance => walk: 216  sprint: 324  backwards: 216
20:50:33.467  -- after aa:rp reset, actor: Spider__D5A5F442 has costLeft: 14.16815  maxDistance => walk: 216  sprint: 324  backwards: 216
20:50:33.467 Resetting pathing for actor: Spider__D5A5F442
20:50:33.467 Resetting path grid for actor: Spider__D5A5F442 for origin: (-276.0, 130.5, 228.6) and beginAngle: 0
20:50:33.467 run mod => 1.5 from CBTBE_RunMultiMod: 0 + modConfig: 1.5
20:50:33.467 Resetting runSpeed to 324 for actor: Spider__D5A5F442 from walkSpeed: 216 x 1.5
20:50:33.467  -- after p:rpg reset, actor: Spider__D5A5F442 has costLeft: 14.16815  maxDistance => walk: 216  sprint: 324  backwards: 216
20:50:33.467  -- after aa:rp reset, actor: Spider__D5A5F442 has costLeft: 14.16815  maxDistance => walk: 216  sprint: 324  backwards: 216
20:50:33.513 Resetting pathing for actor: Spider__D5A5F442
20:50:33.513 Resetting path grid for actor: Spider__D5A5F442 for origin: (-276.0, 130.5, 228.6) and beginAngle: 0
20:50:33.513 run mod => 1.5 from CBTBE_RunMultiMod: 0 + modConfig: 1.5
20:50:33.513 Resetting runSpeed to 324 for actor: Spider__D5A5F442 from walkSpeed: 216 x 1.5
20:50:33.513  -- after p:rpg reset, actor: Spider__D5A5F442 has costLeft: 16.785  maxDistance => walk: 216  sprint: 324  backwards: 216
20:50:33.513  -- after aa:rp reset, actor: Spider__D5A5F442 has costLeft: 16.785  maxDistance => walk: 216  sprint: 324  backwards: 216
20:50:33.516 Resetting pathing for actor: Spider__D5A5F442
20:50:33.516 Resetting path grid for actor: Spider__D5A5F442 for origin: (-276.0, 130.5, 228.6) and beginAngle: 0
20:50:33.516 run mod => 1.5 from CBTBE_RunMultiMod: 0 + modConfig: 1.5
20:50:33.516 Resetting runSpeed to 324 for actor: Spider__D5A5F442 from walkSpeed: 216 x 1.5
20:50:33.516  -- after p:rpg reset, actor: Spider__D5A5F442 has costLeft: 16.785  maxDistance => walk: 216  sprint: 324  backwards: 216
20:50:33.516  -- after aa:rp reset, actor: Spider__D5A5F442 has costLeft: 16.785  maxDistance => walk: 216  sprint: 324  backwards: 216
20:50:33.516 Resetting pathing for actor: Spider__D5A5F442
20:50:33.516 Resetting path grid for actor: Spider__D5A5F442 for origin: (-276.0, 130.5, 228.6) and beginAngle: 0
20:50:33.516 run mod => 1.5 from CBTBE_RunMultiMod: 0 + modConfig: 1.5
20:50:33.516 Resetting runSpeed to 324 for actor: Spider__D5A5F442 from walkSpeed: 216 x 1.5
20:50:33.516  -- after p:rpg reset, actor: Spider__D5A5F442 has costLeft: 16.785  maxDistance => walk: 216  sprint: 324  backwards: 216
20:50:33.516  -- after aa:rp reset, actor: Spider__D5A5F442 has costLeft: 16.785  maxDistance => walk: 216  sprint: 324  backwards: 216
20:50:33.562 Resetting pathing for actor: Spider__D5A5F442
20:50:33.562 Resetting path grid for actor: Spider__D5A5F442 for origin: (-276.0, 138.3, 187.1) and beginAngle: 0
20:50:33.562 run mod => 1.5 from CBTBE_RunMultiMod: 0 + modConfig: 1.5
20:50:33.562 Resetting runSpeed to 324 for actor: Spider__D5A5F442 from walkSpeed: 216 x 1.5
20:50:33.562  -- after p:rpg reset, actor: Spider__D5A5F442 has costLeft: 16.785  maxDistance => walk: 216  sprint: 324  backwards: 216
20:50:33.562  -- after aa:rp reset, actor: Spider__D5A5F442 has costLeft: 16.785  maxDistance => walk: 216  sprint: 324  backwards: 216
20:50:33.566 Resetting pathing for actor: Spider__D5A5F442
20:50:33.566 Resetting path grid for actor: Spider__D5A5F442 for origin: (-276.0, 138.2, 187.1) and beginAngle: 0
20:50:33.566 run mod => 1.5 from CBTBE_RunMultiMod: 0 + modConfig: 1.5
20:50:33.566 Resetting runSpeed to 324 for actor: Spider__D5A5F442 from walkSpeed: 216 x 1.5
20:50:33.566  -- after p:rpg reset, actor: Spider__D5A5F442 has costLeft: 16.785  maxDistance => walk: 216  sprint: 324  backwards: 216
20:50:33.566  -- after aa:rp reset, actor: Spider__D5A5F442 has costLeft: 16.785  maxDistance => walk: 216  sprint: 324  backwards: 216
20:50:33.566 Resetting pathing for actor: Spider__D5A5F442
20:50:33.566 Resetting path grid for actor: Spider__D5A5F442 for origin: (-276.0, 138.2, 187.1) and beginAngle: 0
20:50:33.566 run mod => 1.5 from CBTBE_RunMultiMod: 0 + modConfig: 1.5
20:50:33.566 Resetting runSpeed to 324 for actor: Spider__D5A5F442 from walkSpeed: 216 x 1.5
20:50:33.566  -- after p:rpg reset, actor: Spider__D5A5F442 has costLeft: 16.785  maxDistance => walk: 216  sprint: 324  backwards: 216
20:50:33.566  -- after aa:rp reset, actor: Spider__D5A5F442 has costLeft: 16.785  maxDistance => walk: 216  sprint: 324  backwards: 216
20:50:33.603 Resetting pathing for actor: Spider__D5A5F442
20:50:33.603 Resetting path grid for actor: Spider__D5A5F442 for origin: (-276.0, 138.3, 187.1) and beginAngle: 0
20:50:33.603 run mod => 1.5 from CBTBE_RunMultiMod: 0 + modConfig: 1.5
20:50:33.603 Resetting runSpeed to 324 for actor: Spider__D5A5F442 from walkSpeed: 216 x 1.5
20:50:33.603  -- after p:rpg reset, actor: Spider__D5A5F442 has costLeft: 7.53479  maxDistance => walk: 216  sprint: 324  backwards: 216
20:50:33.603  -- after aa:rp reset, actor: Spider__D5A5F442 has costLeft: 7.53479  maxDistance => walk: 216  sprint: 324  backwards: 216
20:50:33.606 Resetting pathing for actor: Spider__D5A5F442
20:50:33.606 Resetting path grid for actor: Spider__D5A5F442 for origin: (-276.0, 138.2, 187.1) and beginAngle: 0
20:50:33.606 run mod => 1.5 from CBTBE_RunMultiMod: 0 + modConfig: 1.5
20:50:33.606 Resetting runSpeed to 324 for actor: Spider__D5A5F442 from walkSpeed: 216 x 1.5
20:50:33.606  -- after p:rpg reset, actor: Spider__D5A5F442 has costLeft: 7.53479  maxDistance => walk: 216  sprint: 324  backwards: 216
20:50:33.606  -- after aa:rp reset, actor: Spider__D5A5F442 has costLeft: 7.53479  maxDistance => walk: 216  sprint: 324  backwards: 216
20:50:33.607 Resetting pathing for actor: Spider__D5A5F442
20:50:33.607 Resetting path grid for actor: Spider__D5A5F442 for origin: (-276.0, 138.2, 187.1) and beginAngle: 0
20:50:33.607 run mod => 1.5 from CBTBE_RunMultiMod: 0 + modConfig: 1.5
20:50:33.607 Resetting runSpeed to 324 for actor: Spider__D5A5F442 from walkSpeed: 216 x 1.5
20:50:33.607  -- after p:rpg reset, actor: Spider__D5A5F442 has costLeft: 7.53479  maxDistance => walk: 216  sprint: 324  backwards: 216
20:50:33.607  -- after aa:rp reset, actor: Spider__D5A5F442 has costLeft: 7.53479  maxDistance => walk: 216  sprint: 324  backwards: 216
20:50:33.775 Resetting pathing for actor: Strike Gundam - Copy_Apex_7B9F1E30
20:50:33.775 Resetting path grid for actor: Strike Gundam - Copy_Apex_7B9F1E30 for origin: (-252.0, 135.3, 228.6) and beginAngle: 17.78365
20:50:33.776 run mod => 1.5 from CBTBE_RunMultiMod: 0 + modConfig: 1.5
20:50:33.776 Resetting runSpeed to 180 for actor: Strike Gundam - Copy_Apex_7B9F1E30 from walkSpeed: 120 x 1.5
20:50:33.776  -- after p:rpg reset, actor: Strike Gundam - Copy_Apex_7B9F1E30 has costLeft: 0  maxDistance => walk: 120  sprint: 180  backwards: 120
20:50:33.776  -- after aa:rp reset, actor: Strike Gundam - Copy_Apex_7B9F1E30 has costLeft: 0  maxDistance => walk: 120  sprint: 180  backwards: 120
20:50:33.972 Resetting pathing for actor: Strike Gundam - Copy_Apex_7B9F1E30
20:50:33.972 Resetting path grid for actor: Strike Gundam - Copy_Apex_7B9F1E30 for origin: (-252.0, 135.3, 228.6) and beginAngle: 17.78365
20:50:33.972 run mod => 1.5 from CBTBE_RunMultiMod: 0 + modConfig: 1.5
20:50:33.972 Resetting runSpeed to 180 for actor: Strike Gundam - Copy_Apex_7B9F1E30 from walkSpeed: 120 x 1.5
20:50:33.972  -- after p:rpg reset, actor: Strike Gundam - Copy_Apex_7B9F1E30 has costLeft: 0  maxDistance => walk: 120  sprint: 180  backwards: 120
20:50:33.972  -- after aa:rp reset, actor: Strike Gundam - Copy_Apex_7B9F1E30 has costLeft: 0  maxDistance => walk: 120  sprint: 180  backwards: 120
