[23:10:58.025]Initing... C:\Program Files (x86)\Steam\steamapps\common\BATTLETECH\Mods\CustomActivatableEquipment version: 0.0.0.127
Settings = [{
  "AdditionalInjuryReasonsTable": {},
  "arcTextures": {
    "arc90": "targeting_arc_90",
    "arc60": "targeting_arc_60"
  },
  "debug": true,
  "AIComponentUsefullModifyer": 0.3,
  "AIComponentExtreamlyUsefulModifyer": 0.6,
  "AIOffenceUsefullCoeff": 0.1,
  "AIDefenceUsefullCoeff": 0.2,
  "AIHeatCoeffCoeff": 0.8,
  "AIOverheatCoeffCoeff": 0.6,
  "ToolTipWarningFailChance": 0.2,
  "ToolTipAlertFailChance": 0.4,
  "StartupMinHeatRatio": 0.4,
  "StartupByHeatControl": false,
  "StoodUpPilotingRoll": false,
  "StoodUpPilotingRollCoeff": 0.1,
  "DefaultArmsAbsenceStoodUpMod": -0.1,
  "LegAbsenceStoodUpMod": -0.1,
  "AdditionalAssets": [],
  "AIActivatableCheating": 0.8,
  "auraUpdateFix": 1,
  "auraUpdateMinTimeDelta": 2.0,
  "auraUpdateMinPosDelta": 20.0,
  "sensorsAura": {
    "Id": "Sensors",
    "Name": "Sensors",
    "LineType": 1,
    "isSpining": false,
    "ReticleColor": "#FFFFFF",
    "Range": 90.0,
    "RangeStatistic": "CAE_SENSORS_RANGE",
    "RemoveOnSensorLock": false,
    "NotApplyMoving": false,
    "ApplyOnlyMoving": false,
    "HideOnNotSelected": true,
    "NotShowOnSelected": false,
    "FloatieAtEndOfMove": true,
    "ApplySelf": false,
    "State": 2,
    "AllyStealthAffection": 0,
    "EnemyStealthAffection": 7,
    "IsPositiveToAlly": false,
    "IsNegativeToAlly": false,
    "IsNegativeToEnemy": true,
    "IsPositiveToEnemy": false,
    "MinefieldDetector": false,
    "OnFireEffects": [],
    "onlineVFX": [],
    "targetVFX": [],
    "removeOwnerVFX": [],
    "removeTargetVFX": [],
    "_neededTags": [],
    "_neededOwnerTags": [],
    "ownerSFX": [],
    "targetSFX": [],
    "removeOwnerSFX": [],
    "removeTargetSFX": [],
    "statusEffects": [
      {
        "durationData": {
          "duration": -1,
          "ticksOnActivations": false,
          "useActivationsOfTarget": false,
          "ticksOnEndOfRound": false,
          "ticksOnMovements": false,
          "stackLimit": 1,
          "uniqueEffectIdStackLimit": 0,
          "clearedWhenAttacked": false,
          "activeTrackedEffect": false
        },
        "targetingData": {
          "effectTriggerType": 0,
          "triggerLimit": 0,
          "extendDurationOnTrigger": 0,
          "specialRules": 0,
          "auraEffectType": 0,
          "effectTargetType": 5,
          "alsoAffectCreator": false,
          "range": 0.0,
          "forcePathRebuild": false,
          "forceVisRebuild": true,
          "showInTargetPreview": false,
          "showInStatusPanel": false,
          "hideApplicationFloatie": false,
          "effectTargetsCreator": false
        },
        "effectType": 1,
        "Description": {
          "Id": "ECMStealth_SensorsEffect",
          "Name": "ECM CARRIER",
          "Details": "",
          "Icon": ""
        },
        "nature": 1,
        "statisticData": {
          "appliesEachTick": false,
          "effectsPersistAfterDestruction": false,
          "statName": "GhostEffectStacks",
          "operation": 1,
          "modValue": "-1",
          "modType": "System.Int32",
          "additionalRules": 0,
          "targetCollection": 0,
          "targetWeaponType": 0,
          "targetWeaponSubType": 0,
          "Location": null,
          "ShouldHaveTags": null,
          "ShouldNotHaveTags": null,
          "TargetWeaponCategoryValue": {
            "WeaponCategoryID": 0,
            "IsBallistic": false,
            "IsMissile": false,
            "IsEnergy": false,
            "IsSupport": false,
            "IsMelee": false,
            "CanUseInMelee": false,
            "IsAffectedByEvasive": true,
            "ForceLightHitReact": false,
            "DamageReductionMultiplierStat": "",
            "ToBeHitStat": "",
            "DesignMaskString": "",
            "TurretDamageMultiplier": 1.0,
            "VehicleDamageMultiplier": 1.0,
            "MinHorizontalAngle": 5.0,
            "MaxHorizontalAngle": 15.0,
            "MinVerticalAngle": 15.0,
            "MaxVerticalAngle": 15.0,
            "UIColorRef": "Equipment",
            "FallbackUIColor": null,
            "Icon": "GeneralEquipIcon",
            "HardpointPrefabText": "",
            "UseHardpointPrefabTextAsSuffix": true,
            "Is_NotSet": true,
            "ID": 0,
            "Name": "NotSet",
            "FriendlyName": "Not Set",
            "Description": "",
            "IsVanilla": true
          },
          "TargetAmmoCategoryValue": {
            "ammoDepeleted": null,
            "AmmoCategoryID": 0,
            "IsBallistic": false,
            "IsMissile": false,
            "IsEnergy": false,
            "IsSupport": false,
            "UsesInternalAmmo": false,
            "UIColorRef": "Equipment",
            "FallbackUIColor": null,
            "Icon": "GeneralEquipIcon",
            "OutOfAmmoAudioVOEvent": null,
            "Is_NotSet": true,
            "IsFlamer": false,
            "IsAC20": false,
            "ID": 0,
            "Name": "NotSet",
            "FriendlyName": "Not Set",
            "Description": "",
            "IsVanilla": true
          }
        },
        "tagData": null,
        "floatieData": null,
        "actorBurningData": null,
        "vfxData": null,
        "instantModData": null,
        "poorlyMaintainedEffectData": null,
        "activeAbilityEffectData": null
      }
    ]
  },
  "unaffectedByHeadHitStatName": "NoHeadDamage",
  "auraStartupTime": 10.0,
  "equipmentFlashFailChance": 0.25,
  "componentHeatBarSize": 1.0,
  "componentHeatBarBorderColor": {
    "html": "#000000",
    "alpha": 0.0
  },
  "componentHeatBarActivateColor": {
    "html": "#FF0000",
    "alpha": 1.0
  },
  "componentHeatBarDeactivateColor": {
    "html": "#0000FF",
    "alpha": 1.0
  },
  "_C3NetworkEncounterTags": []
}]
Layer Name;VFXPhysics(8);Terrain(9);Utility(10);Obstruction(11);Combatant(12);VFXOnly(13);Decal(14);Light(15);World(16);UI_InWorld(17);UI_IgnoreMouseEvents(18);Characters(19);Space(20);Road(21);VFXPhysicsActive(22);Reflector(23);Head(24);Starmap(25);NoCollision(26);NewTerrain(27);ForceMouseEvents(28);(29);(30);(31);
VFXPhysics(8);;X;;;X;X;;;;;;X;;;;;;;;X;;X;X;X;
Terrain(9);X;X;X;X;X;;X;X;X;X;X;X;X;X;X;X;X;X;;X;;X;X;X;
Utility(10);;X;X;X;X;;X;X;X;X;X;X;X;X;;X;X;X;;X;;X;X;X;
Obstruction(11);;X;X;X;X;;X;X;X;X;X;X;X;X;X;X;X;X;;X;;X;X;X;
Combatant(12);X;X;X;X;X;;X;X;X;X;X;X;X;X;;X;X;X;;X;;X;X;X;
VFXOnly(13);X;;;;;;X;X;X;X;X;X;X;X;;X;X;X;;X;;X;X;X;
Decal(14);;X;X;X;X;X;X;X;X;X;X;X;X;X;;X;X;X;;X;;X;X;X;
Light(15);;X;X;X;X;X;X;X;X;X;X;X;X;X;;X;X;X;;X;;X;X;X;
World(16);;X;X;X;X;X;X;X;X;X;X;X;X;X;;X;X;X;;X;;X;X;X;
UI_InWorld(17);;X;X;X;X;X;X;X;X;X;X;X;X;X;;X;X;X;;X;;X;X;X;
UI_IgnoreMouseEvents(18);;X;X;X;X;X;X;X;X;X;X;X;X;X;;X;X;X;;X;;X;X;X;
Characters(19);X;X;X;X;X;X;X;X;X;X;X;X;X;X;;X;X;X;;X;;X;X;X;
Space(20);;X;X;X;X;X;X;X;X;X;X;X;X;X;;X;X;X;;X;;X;X;X;
Road(21);;X;X;X;X;X;X;X;X;X;X;X;X;X;;X;X;X;;X;;X;X;X;
VFXPhysicsActive(22);;X;;X;;;;;;;;;;;;X;X;X;;X;;X;X;X;
Reflector(23);;X;X;X;X;X;X;X;X;X;X;X;X;X;X;X;X;X;;X;;X;X;X;
Head(24);;X;X;X;X;X;X;X;X;X;X;X;X;X;X;X;X;X;;X;;X;X;X;
Starmap(25);;X;X;X;X;X;X;X;X;X;X;X;X;X;X;X;X;X;;X;;X;X;X;
NoCollision(26);;;;;;;;;;;;;;;;;;;X;X;;X;X;X;
NewTerrain(27);X;X;X;X;X;X;X;X;X;X;X;X;X;X;X;X;X;X;X;X;;X;X;X;
ForceMouseEvents(28);;;;;;;;;;;;;;;;;;;;;;X;X;X;
(29);X;X;X;X;X;X;X;X;X;X;X;X;X;X;X;X;X;X;X;X;X;X;X;X;
(30);X;X;X;X;X;X;X;X;X;X;X;X;X;X;X;X;X;X;X;X;X;X;X;X;
(31);X;X;X;X;X;X;X;X;X;X;X;X;X;X;X;X;X;X;X;X;X;X;X;X;
[23:10:58.625]EffectManager.GetTargetStatCollections Prepare StatisticEffectData.Location found
[23:10:58.625]EffectManager.GetTargetStatCollections Prepare StatisticEffectData.ShouldHaveTags found
[23:10:58.625]EffectManager.GetTargetStatCollections Prepare StatisticEffectData.ShouldNotHaveTags found
 BaseComponentRef.LocalGUID found
 BaseComponentRef.TargetComponentGUID found
 BaseComponentRef.LocalGUID found
 BaseComponentRef.TargetComponentGUID found
 BaseComponentRef.LocalGUID found
 BaseComponentRef.TargetComponentGUID found
 BaseComponentRef.LocalGUID found
 BaseComponentRef.TargetComponentGUID found
 BaseComponentRef.LocalGUID found
 BaseComponentRef.TargetComponentGUID found
 LanceMechEquipmentListItem.componentRef found
 LanceMechEquipmentListItem.mechDef found
[23:10:58.923]WPState:BattleTech.UI.CombatHUDWeaponPanel+WPState
 None
 Off
 Loading
 Loaded
 Unloading
Auras WeaponDef:Weapon_AMS
Auras WeaponDef:Weapon_Laser_AMS
Error:Newtonsoft.Json.JsonReaderException: After parsing a value an unexpected character was encountered: ". Path 'CriticalComponent', line 46, position 4.
  at Newtonsoft.Json.JsonTextReader.ParsePostValue (System.Boolean ignoreComments) [0x00182] in <bcfe3779d9974effb214d2a48329f488>:0 
  at Newtonsoft.Json.JsonTextReader.Read () [0x0005a] in <bcfe3779d9974effb214d2a48329f488>:0 
  at Newtonsoft.Json.Linq.JContainer.ReadContentFrom (Newtonsoft.Json.JsonReader r, Newtonsoft.Json.Linq.JsonLoadSettings settings) [0x00226] in <bcfe3779d9974effb214d2a48329f488>:0 
  at Newtonsoft.Json.Linq.JContainer.ReadTokenFrom (Newtonsoft.Json.JsonReader reader, Newtonsoft.Json.Linq.JsonLoadSettings options) [0x00030] in <bcfe3779d9974effb214d2a48329f488>:0 
  at Newtonsoft.Json.Linq.JObject.Load (Newtonsoft.Json.JsonReader reader, Newtonsoft.Json.Linq.JsonLoadSettings settings) [0x0006a] in <bcfe3779d9974effb214d2a48329f488>:0 
  at Newtonsoft.Json.Linq.JObject.Parse (System.String json, Newtonsoft.Json.Linq.JsonLoadSettings settings) [0x0000c] in <bcfe3779d9974effb214d2a48329f488>:0 
  at Newtonsoft.Json.Linq.JObject.Parse (System.String json) [0x00000] in <bcfe3779d9974effb214d2a48329f488>:0 
  at CustAmmoCategoriesPatches.UpgradeDef_FromJSONAuras.Prefix (BattleTech.MechComponentDef __instance, System.String& json) [0x00000] in <14c75430c2fa490388880755060427c0>:0 
IN:{

	"Custom": {
		"Category" : [
			{"CategoryID": "Cockpit"},
			{"CategoryID": "SensorsB"},
			{"CategoryID": "LifeSupportB"},
		],
		"WorkOrderCosts": {
			"Install": {
				"TechCost": "[[Chassis.Tonnage]]/10",
				"CBillCost": "[[Chassis.Tonnage]] * 1.1"
			}
		},
		"Flags": {
			"Flags": ["not_broken", "no_salvage"]
		}
	},

    "StatName" : null,
    "RelativeModifier" : 0,
    "AbsoluteModifier" : 0,
    "Description" : {
        "Cost" : 870000,
        "Rarity" : 5,
        "Purchasable" : true,
        "Manufacturer" : "SLDF",
        "Model" : "Advanced",
        "UIName" : "Cockpit SLIC",
        "Id" : "Gear_Cockpit_SLDF_Custom",
        "Name" : "SLDF SpecOps Cockpit  ",
        "Details" : "This SpecOps tactical upgrade includes a high-grade ballistic cooling vest, an integrated C3 command helmet, and advanced onboard systems, providing both improved sensor capability as well as protection for the pilot. ",
        "Icon" : "uixSvgIcon_equipment_Comms"
    },
    "BonusValueA" : "+1 Health/Morale.",
    "BonusValueB" : "+20% Sensors/Sight",
    "ComponentType" : "Upgrade",
    "ComponentSubType" : "NotSet",
    "PrefabIdentifier" : "",
    "BattleValue" : 0,
    "InventorySize" : 3,
    "Tonnage" : 3,
    "AllowedLocations" : "Head",
    "DisallowedLocations" : "All",
    "CriticalComponent" : false
    "statusEffects" : [
        {
            "durationData" : {
                "duration" : -1,
                "ticksOnActivations" : false,
                "useActivationsOfTarget" : false,
                "ticksOnEndOfRound" : false,
                "ticksOnMovements" : false,
                "stackLimit" : -1,
                "clearedWhenAttacked" : false
            },
            "targetingData" : {
                "effectTriggerType" : "Passive",
                "triggerLimit" : 0,
                "extendDurationOnTrigger" : 0,
                "specialRules" : "NotSet",
                "effectTargetType" : "Creator",
                "range" : 0,
                "forcePathRebuild" : false,
                "forceVisRebuild" : false,
                "showInTargetPreview" : false,
                "showInStatusPanel" : false
            },
            "effectType" : "StatisticEffect",
            "Description" : {
                "Id" : "SLIC-Morale_Gain-T1",
                "Name" : "SLIC Black Ops",
                "Details" : "SLIC Black Ops Cockpit Specs.",
                "Icon" : "uixSvgIcon_equipment_Cockpit"
            },
            "nature" : "Buff",
            "statisticData" : {
                "appliesEachTick" : false,
                "effectsPersistAfterDestruction" : false,
                "statName" : "MoraleBonusGain",
                "operation" : "Int_Add",
                "modValue" : "1",
                "modType" : "System.Int32",
                "additionalRules" : "NotSet",
                "targetCollection" : "NotSet",
                "targetWeaponCategory" : "NotSet",
                "targetWeaponType" : "NotSet",
                "targetAmmoCategory" : "NotSet",
                "targetWeaponSubType" : "NotSet"
            },
            "tagData" : null,
            "floatieData" : null,
            "actorBurningData" : null,
            "vfxData" : null,
            "instantModData" : null,
            "poorlyMaintainedEffectData" : null
        },	
        {
            "durationData" : {
                "duration" : -1,
                "ticksOnActivations" : false,
                "useActivationsOfTarget" : false,
                "ticksOnEndOfRound" : false,
                "ticksOnMovements" : false,
                "stackLimit" : -1,
                "clearedWhenAttacked" : false
            },
            "targetingData" : {
                "effectTriggerType" : "Passive",
                "triggerLimit" : 0,
                "extendDurationOnTrigger" : 0,
                "specialRules" : "NotSet",
                "effectTargetType" : "Creator",
                "range" : 0,
                "forcePathRebuild" : false,
                "forceVisRebuild" : false,
                "showInTargetPreview" : false,
                "showInStatusPanel" : true
            },
            "effectType" : "StatisticEffect",
            "Description" : {
                "Id" : "SLIC-BLACKOPS",
                "Name" : "SLIC Black Ops",
                "Details" : "Increased Sight/Sensors/Health.",
                "Icon" : "uixSvgIcon_equipment_Cockpit"
            },
            "nature" : "Buff",
            "statisticData" : {
                "appliesEachTick" : false,
                "effectsPersistAfterDestruction" : false,
                "statName" : "SensorDistanceAbsolute",
                "operation" : "Float_Multiply",
                "modValue" : "1.2",
                "modType" : "System.Single",
                "additionalRules" : "NotSet",
                "targetCollection" : "NotSet",
                "targetWeaponCategory" : "NotSet",
                "targetWeaponType" : "NotSet",
                "targetAmmoCategory" : "NotSet",
                "targetWeaponSubType" : "NotSet"
            },
            "tagData" : null,
            "floatieData" : null,
            "actorBurningData" : null,
            "vfxData" : null,
            "instantModData" : null,
            "poorlyMaintainedEffectData" : null
        },
        {
            "durationData" : {
                "duration" : -1,
                "ticksOnActivations" : false,
                "useActivationsOfTarget" : false,
                "ticksOnEndOfRound" : false,
                "ticksOnMovements" : false,
                "stackLimit" : -1,
                "clearedWhenAttacked" : false
            },
            "targetingData" : {
                "effectTriggerType" : "Passive",
                "triggerLimit" : 0,
                "extendDurationOnTrigger" : 0,
                "specialRules" : "NotSet",
                "effectTargetType" : "Creator",
                "range" : 0,
                "forcePathRebuild" : false,
                "forceVisRebuild" : false,
                "showInTargetPreview" : false,
                "showInStatusPanel" : false
            },
            "effectType" : "StatisticEffect",
            "Description" : {
                "Id" : "SLIC-Pilot_HealthAdd-T1",
                "Name" : "MAX INJURIES INCREASED",
                "Details" : "Prevents 1 Injuries against a MechWarrior.",
                "Icon" : "uixSvgIcon_equipment_Cockpit"
            },
            "nature" : "Buff",
            "statisticData" : {
                "appliesEachTick" : false,
                "effectsPersistAfterDestruction" : false,
                "statName" : "BonusHealth",
                "operation" : "Int_Add",
                "modValue" : "1",
                "modType" : "System.Int32",
                "additionalRules" : "NotSet",
                "targetCollection" : "Pilot",
                "targetWeaponCategory" : "NotSet",
                "targetWeaponType" : "NotSet",
                "targetAmmoCategory" : "NotSet",
                "targetWeaponSubType" : "NotSet"
            },
            "tagData" : null,
            "floatieData" : null,
            "actorBurningData" : null,
            "vfxData" : null,
            "instantModData" : null,
            "poorlyMaintainedEffectData" : null
        },
        {
            "durationData" : {
                "duration" : -1,
                "ticksOnActivations" : false,
                "useActivationsOfTarget" : false,
                "ticksOnEndOfRound" : false,
                "ticksOnMovements" : false,
                "stackLimit" : -1,
                "clearedWhenAttacked" : false
            },
            "targetingData" : {
                "effectTriggerType" : "Passive",
                "triggerLimit" : 0,
                "extendDurationOnTrigger" : 0,
                "specialRules" : "NotSet",
                "effectTargetType" : "Creator",
                "range" : 0,
                "forcePathRebuild" : false,
                "forceVisRebuild" : false,
                "showInTargetPreview" : false,
                "showInStatusPanel" : false
            },
            "effectType" : "StatisticEffect",
            "Description" : {
                "Id" : "SLIC-Spotting_Gain-T1",
                "Name" : "SPOTTING DISTANCE INCREASED",
                "Details" : "Increases spotting distance by 50m.",
                "Icon" : "uixSvgIcon_equipment_Cockpit"
            },
            "nature" : "Buff",
            "statisticData" : {
                "appliesEachTick" : false,
                "effectsPersistAfterDestruction" : false,
                "statName" : "SpotterDistanceAbsolute",
                "operation" : "Float_Multiply",
                "modValue" : "1.2",
                "modType" : "System.Single",
                "additionalRules" : "NotSet",
                "targetCollection" : "NotSet",
                "targetWeaponCategory" : "NotSet",
                "targetWeaponType" : "NotSet",
                "targetAmmoCategory" : "NotSet",
                "targetWeaponSubType" : "NotSet"
            },
            "tagData" : null,
            "floatieData" : null,
            "actorBurningData" : null,
            "vfxData" : null,
            "instantModData" : null,
            "poorlyMaintainedEffectData" : null
        }	
    ],
    "ComponentTags" : {
        "items" : [
            "component_type_stock",
            "noautofix"
        ],
        "tagSetSourceFile" : ""
    }
}

[23:13:25.090]LanceMechEquipmentList.SetLoadout 41
 Gear_Cockpit_SensorsA_Standard
 Gear_Cockpit_SensorsB_Standard
 emod_armorslots_standard
 emod_structureslots_standard
 Gear_Cockpit_GN
 emod_kit_shs
 Gear_Gyro_Generic_Standard
 emod_engineslots_GN_Drive
 emod_engine_cooling
 emod_engine_300
 Linked_GNFrame
 GNFlightPackL
 Ammo_AmmunitionBox_GNSlug
 Ammo_AmmunitionBox_GNSlug
 Linked_GNFrame
 GNFlightPack
 Weapon_Gauss_GN_LightRailgun
 emod_arm_part_shoulder
 emod_arm_part_upper
 emod_arm_part_lower
 emod_arm_part_hand
 Linked_GNFrame
 Weapon_GNVulcan
 emod_arm_part_shoulder
 emod_arm_part_upper
 emod_arm_part_lower
 emod_arm_part_hand
 Linked_GNFrame
 Weapon_Laser_GNRifle
 emod_leg_hip
 emod_leg_upper
 emod_leg_lower
 emod_leg_foot
 Linked_GNFrame
 Gear_JumpJet_DistalAttitudeControl
 emod_leg_hip
 emod_leg_upper
 emod_leg_lower
 emod_leg_foot
 Linked_GNFrame
 Gear_JumpJet_DistalAttitudeControl
[23:13:25.102]ResolveAddonsOnInventory
 Gear_Cockpit_SensorsA_Standard SimGameUID: LocalGUID:092128c8-8bdb-4e74-b5a1-fe47d581fd29 TargetComponentGUID: MountedLocation:Head
 Gear_Cockpit_SensorsB_Standard SimGameUID: LocalGUID:b4314197-bff8-4ce8-8566-5162ea7dc805 TargetComponentGUID: MountedLocation:Head
 emod_armorslots_standard SimGameUID: LocalGUID:7239c722-b051-4dbe-b47f-2f504470ad2a TargetComponentGUID: MountedLocation:CenterTorso
 emod_structureslots_standard SimGameUID: LocalGUID:9421c326-f4bf-4211-9bcf-b51035b01e82 TargetComponentGUID: MountedLocation:CenterTorso
 Gear_Cockpit_GN SimGameUID:FixedEquipment-6992e122-ebda-41da-b53f-fd1823f1d8cd LocalGUID:53d9dc1a-fce0-4d01-a478-811fa3f9f720 TargetComponentGUID: MountedLocation:CenterTorso
 emod_kit_shs SimGameUID: LocalGUID:68212ed7-7570-473f-92a3-4dcfb9b10cd3 TargetComponentGUID: MountedLocation:CenterTorso
 Gear_Gyro_Generic_Standard SimGameUID: LocalGUID:ba7356eb-8a8b-42ea-9b04-dc1e713cd087 TargetComponentGUID: MountedLocation:CenterTorso
 emod_engineslots_GN_Drive SimGameUID:FixedEquipment-c31dbbdc-3cc3-4328-a7be-6c06d3db0920 LocalGUID:988c6bf7-feb2-47e0-9da3-f66158ad3789 TargetComponentGUID: MountedLocation:CenterTorso
 emod_engine_cooling SimGameUID: LocalGUID:e80693a6-c5a4-4e5b-8403-3c2673647345 TargetComponentGUID: MountedLocation:CenterTorso
 emod_engine_300 SimGameUID: LocalGUID:bf02205c-7dcf-4fe4-863d-7a4dbfbbc248 TargetComponentGUID: MountedLocation:CenterTorso
 Linked_GNFrame SimGameUID:FixedEquipment-a39c0d2a-5abd-4c4b-8094-a38da75aabf9 LocalGUID:842cc2bd-ea58-45de-a493-4ee98ccc008a TargetComponentGUID: MountedLocation:LeftTorso
 GNFlightPackL SimGameUID:FixedEquipment-41b560e9-6847-4f24-b61f-831237006c09 LocalGUID:2e1484e2-1e19-43b2-bfb8-8a0bf0e6843e TargetComponentGUID: MountedLocation:LeftTorso
 Ammo_AmmunitionBox_GNSlug SimGameUID: LocalGUID:7e6616b6-2cf4-460e-b6ed-90f0e1c06669 TargetComponentGUID: MountedLocation:LeftTorso
 Ammo_AmmunitionBox_GNSlug SimGameUID: LocalGUID:78e20f69-110d-4b96-b7b0-6b094d7a31e6 TargetComponentGUID: MountedLocation:LeftTorso
 Linked_GNFrame SimGameUID:FixedEquipment-afc115db-d912-4a4a-acb7-cd2a9e5cb0a2 LocalGUID:3b5922d8-e9fa-4501-aaf3-7858592f3d05 TargetComponentGUID: MountedLocation:RightTorso
 GNFlightPack SimGameUID:FixedEquipment-c63b013a-c633-458f-ba38-8291b2838482 LocalGUID:906dc3c9-82f9-4269-b7b6-91e03f00248e TargetComponentGUID: MountedLocation:RightTorso
 Weapon_Gauss_GN_LightRailgun SimGameUID: LocalGUID:ec648a31-98fe-4ede-9015-e20785cd3014 TargetComponentGUID: MountedLocation:RightTorso
 emod_arm_part_shoulder SimGameUID: LocalGUID:42142244-4f5b-4592-a730-cc6c83c27d11 TargetComponentGUID: MountedLocation:LeftArm
 emod_arm_part_upper SimGameUID: LocalGUID:6b402a78-7a11-416f-9e61-3261fb907e05 TargetComponentGUID: MountedLocation:LeftArm
 emod_arm_part_lower SimGameUID: LocalGUID:e170445a-4371-4281-bc68-cc373fbcfb9f TargetComponentGUID: MountedLocation:LeftArm
 emod_arm_part_hand SimGameUID: LocalGUID:49ce5a3f-7ea7-4829-9a93-7fa3769330bf TargetComponentGUID: MountedLocation:LeftArm
 Linked_GNFrame SimGameUID:FixedEquipment-654fdf21-e38d-4494-bc60-974fed763863 LocalGUID:73be4031-99e1-49fc-b1f8-7591c2d997d4 TargetComponentGUID: MountedLocation:LeftArm
 Weapon_GNVulcan SimGameUID:FixedEquipment-3f2cf576-0e74-44e8-86ed-db0c754232db LocalGUID:a7b7bf5c-7da5-45c0-9522-b9fa09144a16 TargetComponentGUID: MountedLocation:LeftArm
 emod_arm_part_shoulder SimGameUID: LocalGUID:af2c84e2-21d9-4f9e-9116-0aa92cbb7dcc TargetComponentGUID: MountedLocation:RightArm
 emod_arm_part_upper SimGameUID: LocalGUID:3efe4836-de94-4455-bcdb-e336397f8ce9 TargetComponentGUID: MountedLocation:RightArm
 emod_arm_part_lower SimGameUID: LocalGUID:ee26be81-5494-4854-b67a-afe88b71391c TargetComponentGUID: MountedLocation:RightArm
 emod_arm_part_hand SimGameUID: LocalGUID:25061b1e-3404-4333-bf7d-ba215592a561 TargetComponentGUID: MountedLocation:RightArm
 Linked_GNFrame SimGameUID:FixedEquipment-7f787803-b9cb-4a4c-b75d-36e15190cfbe LocalGUID:40e0ac01-8672-4c66-9c0d-f2b6550ee089 TargetComponentGUID: MountedLocation:RightArm
 Weapon_Laser_GNRifle SimGameUID:FixedEquipment-663f8cb8-cfb1-49ae-b00e-419198bc3eef LocalGUID:c45cfdc2-e337-4dab-84c2-87a91a69e4fd TargetComponentGUID: MountedLocation:RightArm
 emod_leg_hip SimGameUID: LocalGUID:bc75af4c-4912-434b-8065-474d9b7ae7fd TargetComponentGUID: MountedLocation:LeftLeg
 emod_leg_upper SimGameUID: LocalGUID:97031d9b-894d-4c6a-a927-8b1eb6efb004 TargetComponentGUID: MountedLocation:LeftLeg
 emod_leg_lower SimGameUID: LocalGUID:eb0ad8b7-f861-4e20-a5a4-ac418aba49a3 TargetComponentGUID: MountedLocation:LeftLeg
 emod_leg_foot SimGameUID: LocalGUID:cae8127a-b04b-4085-9bb4-8e67d681f989 TargetComponentGUID: MountedLocation:LeftLeg
 Linked_GNFrame SimGameUID:FixedEquipment-d6d4df2a-f3a0-4dff-b574-a2ea24887faa LocalGUID:2b233e73-c97c-4107-b7a7-4489c43a6ebd TargetComponentGUID: MountedLocation:LeftLeg
 Gear_JumpJet_DistalAttitudeControl SimGameUID:FixedEquipment-f60e6aba-0fb1-41b5-b5a3-ce48599a120e LocalGUID:d5e00843-42ed-4c8e-87e4-f5c8e9380dec TargetComponentGUID: MountedLocation:LeftLeg
 emod_leg_hip SimGameUID: LocalGUID:b25a8860-7dec-4c6f-b01e-8362dcba7b55 TargetComponentGUID: MountedLocation:RightLeg
 emod_leg_upper SimGameUID: LocalGUID:09a7286d-a2ca-4037-a716-5272cc6ec0af TargetComponentGUID: MountedLocation:RightLeg
 emod_leg_lower SimGameUID: LocalGUID:42dc7d5f-1c8c-4556-bd41-eb589c26b66f TargetComponentGUID: MountedLocation:RightLeg
 emod_leg_foot SimGameUID: LocalGUID:72cb2ba5-c13b-4f0a-a236-67668515eede TargetComponentGUID: MountedLocation:RightLeg
 Linked_GNFrame SimGameUID:FixedEquipment-0df2f799-b609-4f3e-a9dc-be4836382464 LocalGUID:adc0602e-2f77-4c3c-a9a2-cda7c26f1ee4 TargetComponentGUID: MountedLocation:RightLeg
 Gear_JumpJet_DistalAttitudeControl SimGameUID:FixedEquipment-13006eaf-1d62-493b-b9ec-e25a87890869 LocalGUID:883aace5-b99e-455b-8ee6-3a1abef5470c TargetComponentGUID: MountedLocation:RightLeg
[23:13:27.833]ResolveAddonsOnInventory
 emod_armorslots_standard SimGameUID: LocalGUID:7239c722-b051-4dbe-b47f-2f504470ad2a TargetComponentGUID: MountedLocation:CenterTorso
 emod_leg_hip SimGameUID: LocalGUID:bc75af4c-4912-434b-8065-474d9b7ae7fd TargetComponentGUID: MountedLocation:LeftLeg
 emod_leg_hip SimGameUID: LocalGUID:b25a8860-7dec-4c6f-b01e-8362dcba7b55 TargetComponentGUID: MountedLocation:RightLeg
 emod_arm_part_shoulder SimGameUID: LocalGUID:af2c84e2-21d9-4f9e-9116-0aa92cbb7dcc TargetComponentGUID: MountedLocation:RightArm
 emod_arm_part_shoulder SimGameUID: LocalGUID:42142244-4f5b-4592-a730-cc6c83c27d11 TargetComponentGUID: MountedLocation:LeftArm
 Gear_Cockpit_SensorsA_Standard SimGameUID: LocalGUID:092128c8-8bdb-4e74-b5a1-fe47d581fd29 TargetComponentGUID: MountedLocation:Head
 emod_structureslots_standard SimGameUID: LocalGUID:9421c326-f4bf-4211-9bcf-b51035b01e82 TargetComponentGUID: MountedLocation:CenterTorso
 emod_leg_upper SimGameUID: LocalGUID:97031d9b-894d-4c6a-a927-8b1eb6efb004 TargetComponentGUID: MountedLocation:LeftLeg
 emod_leg_upper SimGameUID: LocalGUID:09a7286d-a2ca-4037-a716-5272cc6ec0af TargetComponentGUID: MountedLocation:RightLeg
 emod_arm_part_upper SimGameUID: LocalGUID:3efe4836-de94-4455-bcdb-e336397f8ce9 TargetComponentGUID: MountedLocation:RightArm
 emod_arm_part_upper SimGameUID: LocalGUID:6b402a78-7a11-416f-9e61-3261fb907e05 TargetComponentGUID: MountedLocation:LeftArm
 Gear_Cockpit_GN SimGameUID:FixedEquipment-6992e122-ebda-41da-b53f-fd1823f1d8cd LocalGUID:53d9dc1a-fce0-4d01-a478-811fa3f9f720 TargetComponentGUID: MountedLocation:CenterTorso
 emod_kit_shs SimGameUID: LocalGUID:68212ed7-7570-473f-92a3-4dcfb9b10cd3 TargetComponentGUID: MountedLocation:CenterTorso
 emod_leg_lower SimGameUID: LocalGUID:eb0ad8b7-f861-4e20-a5a4-ac418aba49a3 TargetComponentGUID: MountedLocation:LeftLeg
 emod_leg_lower SimGameUID: LocalGUID:42dc7d5f-1c8c-4556-bd41-eb589c26b66f TargetComponentGUID: MountedLocation:RightLeg
 emod_arm_part_lower SimGameUID: LocalGUID:ee26be81-5494-4854-b67a-afe88b71391c TargetComponentGUID: MountedLocation:RightArm
 emod_arm_part_lower SimGameUID: LocalGUID:e170445a-4371-4281-bc68-cc373fbcfb9f TargetComponentGUID: MountedLocation:LeftArm
 Gear_Cockpit_SensorsB_Standard SimGameUID: LocalGUID:b4314197-bff8-4ce8-8566-5162ea7dc805 TargetComponentGUID: MountedLocation:Head
 Gear_Gyro_Generic_Standard SimGameUID: LocalGUID:ba7356eb-8a8b-42ea-9b04-dc1e713cd087 TargetComponentGUID: MountedLocation:CenterTorso
 emod_leg_foot SimGameUID: LocalGUID:cae8127a-b04b-4085-9bb4-8e67d681f989 TargetComponentGUID: MountedLocation:LeftLeg
 emod_leg_foot SimGameUID: LocalGUID:72cb2ba5-c13b-4f0a-a236-67668515eede TargetComponentGUID: MountedLocation:RightLeg
 emod_arm_part_hand SimGameUID: LocalGUID:25061b1e-3404-4333-bf7d-ba215592a561 TargetComponentGUID: MountedLocation:RightArm
 emod_arm_part_hand SimGameUID: LocalGUID:49ce5a3f-7ea7-4829-9a93-7fa3769330bf TargetComponentGUID: MountedLocation:LeftArm
 emod_engineslots_GN_Drive SimGameUID:FixedEquipment-c31dbbdc-3cc3-4328-a7be-6c06d3db0920 LocalGUID:988c6bf7-feb2-47e0-9da3-f66158ad3789 TargetComponentGUID: MountedLocation:CenterTorso
 emod_engine_cooling SimGameUID: LocalGUID:e80693a6-c5a4-4e5b-8403-3c2673647345 TargetComponentGUID: MountedLocation:CenterTorso
 emod_engine_300 SimGameUID: LocalGUID:bf02205c-7dcf-4fe4-863d-7a4dbfbbc248 TargetComponentGUID: MountedLocation:CenterTorso
 Linked_GNFrame SimGameUID:FixedEquipment-a39c0d2a-5abd-4c4b-8094-a38da75aabf9 LocalGUID:842cc2bd-ea58-45de-a493-4ee98ccc008a TargetComponentGUID: MountedLocation:LeftTorso
 Linked_GNFrame SimGameUID:FixedEquipment-654fdf21-e38d-4494-bc60-974fed763863 LocalGUID:73be4031-99e1-49fc-b1f8-7591c2d997d4 TargetComponentGUID: MountedLocation:LeftArm
 Linked_GNFrame SimGameUID:FixedEquipment-d6d4df2a-f3a0-4dff-b574-a2ea24887faa LocalGUID:2b233e73-c97c-4107-b7a7-4489c43a6ebd TargetComponentGUID: MountedLocation:LeftLeg
 Linked_GNFrame SimGameUID:FixedEquipment-afc115db-d912-4a4a-acb7-cd2a9e5cb0a2 LocalGUID:3b5922d8-e9fa-4501-aaf3-7858592f3d05 TargetComponentGUID: MountedLocation:RightTorso
 Linked_GNFrame SimGameUID:FixedEquipment-7f787803-b9cb-4a4c-b75d-36e15190cfbe LocalGUID:40e0ac01-8672-4c66-9c0d-f2b6550ee089 TargetComponentGUID: MountedLocation:RightArm
 Linked_GNFrame SimGameUID:FixedEquipment-0df2f799-b609-4f3e-a9dc-be4836382464 LocalGUID:adc0602e-2f77-4c3c-a9a2-cda7c26f1ee4 TargetComponentGUID: MountedLocation:RightLeg
 GNFlightPackL SimGameUID:FixedEquipment-41b560e9-6847-4f24-b61f-831237006c09 LocalGUID:2e1484e2-1e19-43b2-bfb8-8a0bf0e6843e TargetComponentGUID: MountedLocation:LeftTorso
 GNFlightPack SimGameUID:FixedEquipment-c63b013a-c633-458f-ba38-8291b2838482 LocalGUID:906dc3c9-82f9-4269-b7b6-91e03f00248e TargetComponentGUID: MountedLocation:RightTorso
 Gear_JumpJet_DistalAttitudeControl SimGameUID:FixedEquipment-13006eaf-1d62-493b-b9ec-e25a87890869 LocalGUID:883aace5-b99e-455b-8ee6-3a1abef5470c TargetComponentGUID: MountedLocation:RightLeg
 Gear_JumpJet_DistalAttitudeControl SimGameUID:FixedEquipment-f60e6aba-0fb1-41b5-b5a3-ce48599a120e LocalGUID:d5e00843-42ed-4c8e-87e4-f5c8e9380dec TargetComponentGUID: MountedLocation:LeftLeg
 Weapon_Laser_GNRifle SimGameUID:FixedEquipment-663f8cb8-cfb1-49ae-b00e-419198bc3eef LocalGUID:c45cfdc2-e337-4dab-84c2-87a91a69e4fd TargetComponentGUID: MountedLocation:RightArm
 Weapon_GNVulcan SimGameUID:FixedEquipment-3f2cf576-0e74-44e8-86ed-db0c754232db LocalGUID:a7b7bf5c-7da5-45c0-9522-b9fa09144a16 TargetComponentGUID: MountedLocation:LeftArm
 Weapon_Gauss_GN_LightRailgun SimGameUID: LocalGUID:ec648a31-98fe-4ede-9015-e20785cd3014 TargetComponentGUID: MountedLocation:RightTorso
 Ammo_AmmunitionBox_GNSlug SimGameUID: LocalGUID:7e6616b6-2cf4-460e-b6ed-90f0e1c06669 TargetComponentGUID: MountedLocation:LeftTorso
 Ammo_AmmunitionBox_GNSlug SimGameUID: LocalGUID:78e20f69-110d-4b96-b7b0-6b094d7a31e6 TargetComponentGUID: MountedLocation:LeftTorso
[23:13:27.861]ResolveAddonsOnInventory
 emod_armorslots_standard SimGameUID: LocalGUID:7239c722-b051-4dbe-b47f-2f504470ad2a TargetComponentGUID: MountedLocation:CenterTorso
 emod_leg_hip SimGameUID: LocalGUID:bc75af4c-4912-434b-8065-474d9b7ae7fd TargetComponentGUID: MountedLocation:LeftLeg
 emod_leg_hip SimGameUID: LocalGUID:b25a8860-7dec-4c6f-b01e-8362dcba7b55 TargetComponentGUID: MountedLocation:RightLeg
 emod_arm_part_shoulder SimGameUID: LocalGUID:af2c84e2-21d9-4f9e-9116-0aa92cbb7dcc TargetComponentGUID: MountedLocation:RightArm
 emod_arm_part_shoulder SimGameUID: LocalGUID:42142244-4f5b-4592-a730-cc6c83c27d11 TargetComponentGUID: MountedLocation:LeftArm
 Gear_Cockpit_SensorsA_Standard SimGameUID: LocalGUID:092128c8-8bdb-4e74-b5a1-fe47d581fd29 TargetComponentGUID: MountedLocation:Head
 emod_structureslots_standard SimGameUID: LocalGUID:9421c326-f4bf-4211-9bcf-b51035b01e82 TargetComponentGUID: MountedLocation:CenterTorso
 emod_leg_upper SimGameUID: LocalGUID:97031d9b-894d-4c6a-a927-8b1eb6efb004 TargetComponentGUID: MountedLocation:LeftLeg
 emod_leg_upper SimGameUID: LocalGUID:09a7286d-a2ca-4037-a716-5272cc6ec0af TargetComponentGUID: MountedLocation:RightLeg
 emod_arm_part_upper SimGameUID: LocalGUID:3efe4836-de94-4455-bcdb-e336397f8ce9 TargetComponentGUID: MountedLocation:RightArm
 emod_arm_part_upper SimGameUID: LocalGUID:6b402a78-7a11-416f-9e61-3261fb907e05 TargetComponentGUID: MountedLocation:LeftArm
 Gear_Cockpit_GN SimGameUID:FixedEquipment-6992e122-ebda-41da-b53f-fd1823f1d8cd LocalGUID:53d9dc1a-fce0-4d01-a478-811fa3f9f720 TargetComponentGUID: MountedLocation:CenterTorso
 emod_kit_shs SimGameUID: LocalGUID:68212ed7-7570-473f-92a3-4dcfb9b10cd3 TargetComponentGUID: MountedLocation:CenterTorso
 emod_leg_lower SimGameUID: LocalGUID:eb0ad8b7-f861-4e20-a5a4-ac418aba49a3 TargetComponentGUID: MountedLocation:LeftLeg
 emod_leg_lower SimGameUID: LocalGUID:42dc7d5f-1c8c-4556-bd41-eb589c26b66f TargetComponentGUID: MountedLocation:RightLeg
 emod_arm_part_lower SimGameUID: LocalGUID:ee26be81-5494-4854-b67a-afe88b71391c TargetComponentGUID: MountedLocation:RightArm
 emod_arm_part_lower SimGameUID: LocalGUID:e170445a-4371-4281-bc68-cc373fbcfb9f TargetComponentGUID: MountedLocation:LeftArm
 Gear_Cockpit_SensorsB_Standard SimGameUID: LocalGUID:b4314197-bff8-4ce8-8566-5162ea7dc805 TargetComponentGUID: MountedLocation:Head
 Gear_Gyro_Generic_Standard SimGameUID: LocalGUID:ba7356eb-8a8b-42ea-9b04-dc1e713cd087 TargetComponentGUID: MountedLocation:CenterTorso
 emod_leg_foot SimGameUID: LocalGUID:cae8127a-b04b-4085-9bb4-8e67d681f989 TargetComponentGUID: MountedLocation:LeftLeg
 emod_leg_foot SimGameUID: LocalGUID:72cb2ba5-c13b-4f0a-a236-67668515eede TargetComponentGUID: MountedLocation:RightLeg
 emod_arm_part_hand SimGameUID: LocalGUID:25061b1e-3404-4333-bf7d-ba215592a561 TargetComponentGUID: MountedLocation:RightArm
 emod_arm_part_hand SimGameUID: LocalGUID:49ce5a3f-7ea7-4829-9a93-7fa3769330bf TargetComponentGUID: MountedLocation:LeftArm
 emod_engineslots_GN_Drive SimGameUID:FixedEquipment-c31dbbdc-3cc3-4328-a7be-6c06d3db0920 LocalGUID:988c6bf7-feb2-47e0-9da3-f66158ad3789 TargetComponentGUID: MountedLocation:CenterTorso
 emod_engine_cooling SimGameUID: LocalGUID:e80693a6-c5a4-4e5b-8403-3c2673647345 TargetComponentGUID: MountedLocation:CenterTorso
 emod_engine_300 SimGameUID: LocalGUID:bf02205c-7dcf-4fe4-863d-7a4dbfbbc248 TargetComponentGUID: MountedLocation:CenterTorso
 Linked_GNFrame SimGameUID:FixedEquipment-a39c0d2a-5abd-4c4b-8094-a38da75aabf9 LocalGUID:842cc2bd-ea58-45de-a493-4ee98ccc008a TargetComponentGUID: MountedLocation:LeftTorso
 Linked_GNFrame SimGameUID:FixedEquipment-654fdf21-e38d-4494-bc60-974fed763863 LocalGUID:73be4031-99e1-49fc-b1f8-7591c2d997d4 TargetComponentGUID: MountedLocation:LeftArm
 Linked_GNFrame SimGameUID:FixedEquipment-d6d4df2a-f3a0-4dff-b574-a2ea24887faa LocalGUID:2b233e73-c97c-4107-b7a7-4489c43a6ebd TargetComponentGUID: MountedLocation:LeftLeg
 Linked_GNFrame SimGameUID:FixedEquipment-afc115db-d912-4a4a-acb7-cd2a9e5cb0a2 LocalGUID:3b5922d8-e9fa-4501-aaf3-7858592f3d05 TargetComponentGUID: MountedLocation:RightTorso
 Linked_GNFrame SimGameUID:FixedEquipment-7f787803-b9cb-4a4c-b75d-36e15190cfbe LocalGUID:40e0ac01-8672-4c66-9c0d-f2b6550ee089 TargetComponentGUID: MountedLocation:RightArm
 Linked_GNFrame SimGameUID:FixedEquipment-0df2f799-b609-4f3e-a9dc-be4836382464 LocalGUID:adc0602e-2f77-4c3c-a9a2-cda7c26f1ee4 TargetComponentGUID: MountedLocation:RightLeg
 GNFlightPackL SimGameUID:FixedEquipment-41b560e9-6847-4f24-b61f-831237006c09 LocalGUID:2e1484e2-1e19-43b2-bfb8-8a0bf0e6843e TargetComponentGUID: MountedLocation:LeftTorso
 GNFlightPack SimGameUID:FixedEquipment-c63b013a-c633-458f-ba38-8291b2838482 LocalGUID:906dc3c9-82f9-4269-b7b6-91e03f00248e TargetComponentGUID: MountedLocation:RightTorso
 Gear_JumpJet_DistalAttitudeControl SimGameUID:FixedEquipment-13006eaf-1d62-493b-b9ec-e25a87890869 LocalGUID:883aace5-b99e-455b-8ee6-3a1abef5470c TargetComponentGUID: MountedLocation:RightLeg
 Gear_JumpJet_DistalAttitudeControl SimGameUID:FixedEquipment-f60e6aba-0fb1-41b5-b5a3-ce48599a120e LocalGUID:d5e00843-42ed-4c8e-87e4-f5c8e9380dec TargetComponentGUID: MountedLocation:LeftLeg
 Weapon_Laser_GNRifle SimGameUID:FixedEquipment-663f8cb8-cfb1-49ae-b00e-419198bc3eef LocalGUID:c45cfdc2-e337-4dab-84c2-87a91a69e4fd TargetComponentGUID: MountedLocation:RightArm
 Weapon_GNVulcan SimGameUID:FixedEquipment-3f2cf576-0e74-44e8-86ed-db0c754232db LocalGUID:a7b7bf5c-7da5-45c0-9522-b9fa09144a16 TargetComponentGUID: MountedLocation:LeftArm
 Weapon_Gauss_GN_LightRailgun SimGameUID: LocalGUID:ec648a31-98fe-4ede-9015-e20785cd3014 TargetComponentGUID: MountedLocation:RightTorso
 Ammo_AmmunitionBox_GNSlug SimGameUID: LocalGUID:7e6616b6-2cf4-460e-b6ed-90f0e1c06669 TargetComponentGUID: MountedLocation:LeftTorso
 Ammo_AmmunitionBox_GNSlug SimGameUID: LocalGUID:78e20f69-110d-4b96-b7b0-6b094d7a31e6 TargetComponentGUID: MountedLocation:LeftTorso
[23:13:27.883]ResolveAddonsOnInventory
 emod_armorslots_standard SimGameUID: LocalGUID:7239c722-b051-4dbe-b47f-2f504470ad2a TargetComponentGUID: MountedLocation:CenterTorso
 emod_leg_hip SimGameUID: LocalGUID:bc75af4c-4912-434b-8065-474d9b7ae7fd TargetComponentGUID: MountedLocation:LeftLeg
 emod_leg_hip SimGameUID: LocalGUID:b25a8860-7dec-4c6f-b01e-8362dcba7b55 TargetComponentGUID: MountedLocation:RightLeg
 emod_arm_part_shoulder SimGameUID: LocalGUID:af2c84e2-21d9-4f9e-9116-0aa92cbb7dcc TargetComponentGUID: MountedLocation:RightArm
 emod_arm_part_shoulder SimGameUID: LocalGUID:42142244-4f5b-4592-a730-cc6c83c27d11 TargetComponentGUID: MountedLocation:LeftArm
 Gear_Cockpit_SensorsA_Standard SimGameUID: LocalGUID:092128c8-8bdb-4e74-b5a1-fe47d581fd29 TargetComponentGUID: MountedLocation:Head
 emod_structureslots_standard SimGameUID: LocalGUID:9421c326-f4bf-4211-9bcf-b51035b01e82 TargetComponentGUID: MountedLocation:CenterTorso
 emod_leg_upper SimGameUID: LocalGUID:97031d9b-894d-4c6a-a927-8b1eb6efb004 TargetComponentGUID: MountedLocation:LeftLeg
 emod_leg_upper SimGameUID: LocalGUID:09a7286d-a2ca-4037-a716-5272cc6ec0af TargetComponentGUID: MountedLocation:RightLeg
 emod_arm_part_upper SimGameUID: LocalGUID:3efe4836-de94-4455-bcdb-e336397f8ce9 TargetComponentGUID: MountedLocation:RightArm
 emod_arm_part_upper SimGameUID: LocalGUID:6b402a78-7a11-416f-9e61-3261fb907e05 TargetComponentGUID: MountedLocation:LeftArm
 Gear_Cockpit_GN SimGameUID:FixedEquipment-6992e122-ebda-41da-b53f-fd1823f1d8cd LocalGUID:53d9dc1a-fce0-4d01-a478-811fa3f9f720 TargetComponentGUID: MountedLocation:CenterTorso
 emod_kit_shs SimGameUID: LocalGUID:68212ed7-7570-473f-92a3-4dcfb9b10cd3 TargetComponentGUID: MountedLocation:CenterTorso
 emod_leg_lower SimGameUID: LocalGUID:eb0ad8b7-f861-4e20-a5a4-ac418aba49a3 TargetComponentGUID: MountedLocation:LeftLeg
 emod_leg_lower SimGameUID: LocalGUID:42dc7d5f-1c8c-4556-bd41-eb589c26b66f TargetComponentGUID: MountedLocation:RightLeg
 emod_arm_part_lower SimGameUID: LocalGUID:ee26be81-5494-4854-b67a-afe88b71391c TargetComponentGUID: MountedLocation:RightArm
 emod_arm_part_lower SimGameUID: LocalGUID:e170445a-4371-4281-bc68-cc373fbcfb9f TargetComponentGUID: MountedLocation:LeftArm
 Gear_Cockpit_SensorsB_Standard SimGameUID: LocalGUID:b4314197-bff8-4ce8-8566-5162ea7dc805 TargetComponentGUID: MountedLocation:Head
 Gear_Gyro_Generic_Standard SimGameUID: LocalGUID:ba7356eb-8a8b-42ea-9b04-dc1e713cd087 TargetComponentGUID: MountedLocation:CenterTorso
 emod_leg_foot SimGameUID: LocalGUID:cae8127a-b04b-4085-9bb4-8e67d681f989 TargetComponentGUID: MountedLocation:LeftLeg
 emod_leg_foot SimGameUID: LocalGUID:72cb2ba5-c13b-4f0a-a236-67668515eede TargetComponentGUID: MountedLocation:RightLeg
 emod_arm_part_hand SimGameUID: LocalGUID:25061b1e-3404-4333-bf7d-ba215592a561 TargetComponentGUID: MountedLocation:RightArm
 emod_arm_part_hand SimGameUID: LocalGUID:49ce5a3f-7ea7-4829-9a93-7fa3769330bf TargetComponentGUID: MountedLocation:LeftArm
 emod_engineslots_GN_Drive SimGameUID:FixedEquipment-c31dbbdc-3cc3-4328-a7be-6c06d3db0920 LocalGUID:988c6bf7-feb2-47e0-9da3-f66158ad3789 TargetComponentGUID: MountedLocation:CenterTorso
 emod_engine_cooling SimGameUID: LocalGUID:e80693a6-c5a4-4e5b-8403-3c2673647345 TargetComponentGUID: MountedLocation:CenterTorso
 emod_engine_300 SimGameUID: LocalGUID:bf02205c-7dcf-4fe4-863d-7a4dbfbbc248 TargetComponentGUID: MountedLocation:CenterTorso
 Linked_GNFrame SimGameUID:FixedEquipment-a39c0d2a-5abd-4c4b-8094-a38da75aabf9 LocalGUID:842cc2bd-ea58-45de-a493-4ee98ccc008a TargetComponentGUID: MountedLocation:LeftTorso
 Linked_GNFrame SimGameUID:FixedEquipment-654fdf21-e38d-4494-bc60-974fed763863 LocalGUID:73be4031-99e1-49fc-b1f8-7591c2d997d4 TargetComponentGUID: MountedLocation:LeftArm
 Linked_GNFrame SimGameUID:FixedEquipment-d6d4df2a-f3a0-4dff-b574-a2ea24887faa LocalGUID:2b233e73-c97c-4107-b7a7-4489c43a6ebd TargetComponentGUID: MountedLocation:LeftLeg
 Linked_GNFrame SimGameUID:FixedEquipment-afc115db-d912-4a4a-acb7-cd2a9e5cb0a2 LocalGUID:3b5922d8-e9fa-4501-aaf3-7858592f3d05 TargetComponentGUID: MountedLocation:RightTorso
 Linked_GNFrame SimGameUID:FixedEquipment-7f787803-b9cb-4a4c-b75d-36e15190cfbe LocalGUID:40e0ac01-8672-4c66-9c0d-f2b6550ee089 TargetComponentGUID: MountedLocation:RightArm
 Linked_GNFrame SimGameUID:FixedEquipment-0df2f799-b609-4f3e-a9dc-be4836382464 LocalGUID:adc0602e-2f77-4c3c-a9a2-cda7c26f1ee4 TargetComponentGUID: MountedLocation:RightLeg
 GNFlightPackL SimGameUID:FixedEquipment-41b560e9-6847-4f24-b61f-831237006c09 LocalGUID:2e1484e2-1e19-43b2-bfb8-8a0bf0e6843e TargetComponentGUID: MountedLocation:LeftTorso
 GNFlightPack SimGameUID:FixedEquipment-c63b013a-c633-458f-ba38-8291b2838482 LocalGUID:906dc3c9-82f9-4269-b7b6-91e03f00248e TargetComponentGUID: MountedLocation:RightTorso
 Gear_JumpJet_DistalAttitudeControl SimGameUID:FixedEquipment-13006eaf-1d62-493b-b9ec-e25a87890869 LocalGUID:883aace5-b99e-455b-8ee6-3a1abef5470c TargetComponentGUID: MountedLocation:RightLeg
 Gear_JumpJet_DistalAttitudeControl SimGameUID:FixedEquipment-f60e6aba-0fb1-41b5-b5a3-ce48599a120e LocalGUID:d5e00843-42ed-4c8e-87e4-f5c8e9380dec TargetComponentGUID: MountedLocation:LeftLeg
 Weapon_Laser_GNRifle SimGameUID:FixedEquipment-663f8cb8-cfb1-49ae-b00e-419198bc3eef LocalGUID:c45cfdc2-e337-4dab-84c2-87a91a69e4fd TargetComponentGUID: MountedLocation:RightArm
 Weapon_GNVulcan SimGameUID:FixedEquipment-3f2cf576-0e74-44e8-86ed-db0c754232db LocalGUID:a7b7bf5c-7da5-45c0-9522-b9fa09144a16 TargetComponentGUID: MountedLocation:LeftArm
 Weapon_Gauss_GN_LightRailgun SimGameUID: LocalGUID:ec648a31-98fe-4ede-9015-e20785cd3014 TargetComponentGUID: MountedLocation:RightTorso
 Ammo_AmmunitionBox_GNSlug SimGameUID: LocalGUID:7e6616b6-2cf4-460e-b6ed-90f0e1c06669 TargetComponentGUID: MountedLocation:LeftTorso
 Ammo_AmmunitionBox_GNSlug SimGameUID: LocalGUID:78e20f69-110d-4b96-b7b0-6b094d7a31e6 TargetComponentGUID: MountedLocation:LeftTorso
[23:13:27.903]ResolveAddonsOnInventory
 emod_armorslots_standard SimGameUID: LocalGUID:7239c722-b051-4dbe-b47f-2f504470ad2a TargetComponentGUID: MountedLocation:CenterTorso
 emod_leg_hip SimGameUID: LocalGUID:bc75af4c-4912-434b-8065-474d9b7ae7fd TargetComponentGUID: MountedLocation:LeftLeg
 emod_leg_hip SimGameUID: LocalGUID:b25a8860-7dec-4c6f-b01e-8362dcba7b55 TargetComponentGUID: MountedLocation:RightLeg
 emod_arm_part_shoulder SimGameUID: LocalGUID:af2c84e2-21d9-4f9e-9116-0aa92cbb7dcc TargetComponentGUID: MountedLocation:RightArm
 emod_arm_part_shoulder SimGameUID: LocalGUID:42142244-4f5b-4592-a730-cc6c83c27d11 TargetComponentGUID: MountedLocation:LeftArm
 Gear_Cockpit_SensorsA_Standard SimGameUID: LocalGUID:092128c8-8bdb-4e74-b5a1-fe47d581fd29 TargetComponentGUID: MountedLocation:Head
 emod_structureslots_standard SimGameUID: LocalGUID:9421c326-f4bf-4211-9bcf-b51035b01e82 TargetComponentGUID: MountedLocation:CenterTorso
 emod_leg_upper SimGameUID: LocalGUID:97031d9b-894d-4c6a-a927-8b1eb6efb004 TargetComponentGUID: MountedLocation:LeftLeg
 emod_leg_upper SimGameUID: LocalGUID:09a7286d-a2ca-4037-a716-5272cc6ec0af TargetComponentGUID: MountedLocation:RightLeg
 emod_arm_part_upper SimGameUID: LocalGUID:3efe4836-de94-4455-bcdb-e336397f8ce9 TargetComponentGUID: MountedLocation:RightArm
 emod_arm_part_upper SimGameUID: LocalGUID:6b402a78-7a11-416f-9e61-3261fb907e05 TargetComponentGUID: MountedLocation:LeftArm
 Gear_Cockpit_GN SimGameUID:FixedEquipment-6992e122-ebda-41da-b53f-fd1823f1d8cd LocalGUID:53d9dc1a-fce0-4d01-a478-811fa3f9f720 TargetComponentGUID: MountedLocation:CenterTorso
 emod_kit_shs SimGameUID: LocalGUID:68212ed7-7570-473f-92a3-4dcfb9b10cd3 TargetComponentGUID: MountedLocation:CenterTorso
 emod_leg_lower SimGameUID: LocalGUID:eb0ad8b7-f861-4e20-a5a4-ac418aba49a3 TargetComponentGUID: MountedLocation:LeftLeg
 emod_leg_lower SimGameUID: LocalGUID:42dc7d5f-1c8c-4556-bd41-eb589c26b66f TargetComponentGUID: MountedLocation:RightLeg
 emod_arm_part_lower SimGameUID: LocalGUID:ee26be81-5494-4854-b67a-afe88b71391c TargetComponentGUID: MountedLocation:RightArm
 emod_arm_part_lower SimGameUID: LocalGUID:e170445a-4371-4281-bc68-cc373fbcfb9f TargetComponentGUID: MountedLocation:LeftArm
 Gear_Cockpit_SensorsB_Standard SimGameUID: LocalGUID:b4314197-bff8-4ce8-8566-5162ea7dc805 TargetComponentGUID: MountedLocation:Head
 Gear_Gyro_Generic_Standard SimGameUID: LocalGUID:ba7356eb-8a8b-42ea-9b04-dc1e713cd087 TargetComponentGUID: MountedLocation:CenterTorso
 emod_leg_foot SimGameUID: LocalGUID:cae8127a-b04b-4085-9bb4-8e67d681f989 TargetComponentGUID: MountedLocation:LeftLeg
 emod_leg_foot SimGameUID: LocalGUID:72cb2ba5-c13b-4f0a-a236-67668515eede TargetComponentGUID: MountedLocation:RightLeg
 emod_arm_part_hand SimGameUID: LocalGUID:25061b1e-3404-4333-bf7d-ba215592a561 TargetComponentGUID: MountedLocation:RightArm
 emod_arm_part_hand SimGameUID: LocalGUID:49ce5a3f-7ea7-4829-9a93-7fa3769330bf TargetComponentGUID: MountedLocation:LeftArm
 emod_engineslots_GN_Drive SimGameUID:FixedEquipment-c31dbbdc-3cc3-4328-a7be-6c06d3db0920 LocalGUID:988c6bf7-feb2-47e0-9da3-f66158ad3789 TargetComponentGUID: MountedLocation:CenterTorso
 emod_engine_cooling SimGameUID: LocalGUID:e80693a6-c5a4-4e5b-8403-3c2673647345 TargetComponentGUID: MountedLocation:CenterTorso
 emod_engine_300 SimGameUID: LocalGUID:bf02205c-7dcf-4fe4-863d-7a4dbfbbc248 TargetComponentGUID: MountedLocation:CenterTorso
 Linked_GNFrame SimGameUID:FixedEquipment-a39c0d2a-5abd-4c4b-8094-a38da75aabf9 LocalGUID:842cc2bd-ea58-45de-a493-4ee98ccc008a TargetComponentGUID: MountedLocation:LeftTorso
 Linked_GNFrame SimGameUID:FixedEquipment-654fdf21-e38d-4494-bc60-974fed763863 LocalGUID:73be4031-99e1-49fc-b1f8-7591c2d997d4 TargetComponentGUID: MountedLocation:LeftArm
 Linked_GNFrame SimGameUID:FixedEquipment-d6d4df2a-f3a0-4dff-b574-a2ea24887faa LocalGUID:2b233e73-c97c-4107-b7a7-4489c43a6ebd TargetComponentGUID: MountedLocation:LeftLeg
 Linked_GNFrame SimGameUID:FixedEquipment-afc115db-d912-4a4a-acb7-cd2a9e5cb0a2 LocalGUID:3b5922d8-e9fa-4501-aaf3-7858592f3d05 TargetComponentGUID: MountedLocation:RightTorso
 Linked_GNFrame SimGameUID:FixedEquipment-7f787803-b9cb-4a4c-b75d-36e15190cfbe LocalGUID:40e0ac01-8672-4c66-9c0d-f2b6550ee089 TargetComponentGUID: MountedLocation:RightArm
 Linked_GNFrame SimGameUID:FixedEquipment-0df2f799-b609-4f3e-a9dc-be4836382464 LocalGUID:adc0602e-2f77-4c3c-a9a2-cda7c26f1ee4 TargetComponentGUID: MountedLocation:RightLeg
 GNFlightPackL SimGameUID:FixedEquipment-41b560e9-6847-4f24-b61f-831237006c09 LocalGUID:2e1484e2-1e19-43b2-bfb8-8a0bf0e6843e TargetComponentGUID: MountedLocation:LeftTorso
 GNFlightPack SimGameUID:FixedEquipment-c63b013a-c633-458f-ba38-8291b2838482 LocalGUID:906dc3c9-82f9-4269-b7b6-91e03f00248e TargetComponentGUID: MountedLocation:RightTorso
 Gear_JumpJet_DistalAttitudeControl SimGameUID:FixedEquipment-13006eaf-1d62-493b-b9ec-e25a87890869 LocalGUID:883aace5-b99e-455b-8ee6-3a1abef5470c TargetComponentGUID: MountedLocation:RightLeg
 Gear_JumpJet_DistalAttitudeControl SimGameUID:FixedEquipment-f60e6aba-0fb1-41b5-b5a3-ce48599a120e LocalGUID:d5e00843-42ed-4c8e-87e4-f5c8e9380dec TargetComponentGUID: MountedLocation:LeftLeg
 Weapon_Laser_GNRifle SimGameUID:FixedEquipment-663f8cb8-cfb1-49ae-b00e-419198bc3eef LocalGUID:c45cfdc2-e337-4dab-84c2-87a91a69e4fd TargetComponentGUID: MountedLocation:RightArm
 Weapon_GNVulcan SimGameUID:FixedEquipment-3f2cf576-0e74-44e8-86ed-db0c754232db LocalGUID:a7b7bf5c-7da5-45c0-9522-b9fa09144a16 TargetComponentGUID: MountedLocation:LeftArm
 Weapon_Gauss_GN_LightRailgun SimGameUID: LocalGUID:ec648a31-98fe-4ede-9015-e20785cd3014 TargetComponentGUID: MountedLocation:RightTorso
 Ammo_AmmunitionBox_GNSlug SimGameUID: LocalGUID:7e6616b6-2cf4-460e-b6ed-90f0e1c06669 TargetComponentGUID: MountedLocation:LeftTorso
 Ammo_AmmunitionBox_GNSlug SimGameUID: LocalGUID:78e20f69-110d-4b96-b7b0-6b094d7a31e6 TargetComponentGUID: MountedLocation:LeftTorso
[23:13:27.928]ResolveAddonsOnInventory
 emod_armorslots_standard SimGameUID: LocalGUID:7239c722-b051-4dbe-b47f-2f504470ad2a TargetComponentGUID: MountedLocation:CenterTorso
 emod_leg_hip SimGameUID: LocalGUID:bc75af4c-4912-434b-8065-474d9b7ae7fd TargetComponentGUID: MountedLocation:LeftLeg
 emod_leg_hip SimGameUID: LocalGUID:b25a8860-7dec-4c6f-b01e-8362dcba7b55 TargetComponentGUID: MountedLocation:RightLeg
 emod_arm_part_shoulder SimGameUID: LocalGUID:af2c84e2-21d9-4f9e-9116-0aa92cbb7dcc TargetComponentGUID: MountedLocation:RightArm
 emod_arm_part_shoulder SimGameUID: LocalGUID:42142244-4f5b-4592-a730-cc6c83c27d11 TargetComponentGUID: MountedLocation:LeftArm
 Gear_Cockpit_SensorsA_Standard SimGameUID: LocalGUID:092128c8-8bdb-4e74-b5a1-fe47d581fd29 TargetComponentGUID: MountedLocation:Head
 emod_structureslots_standard SimGameUID: LocalGUID:9421c326-f4bf-4211-9bcf-b51035b01e82 TargetComponentGUID: MountedLocation:CenterTorso
 emod_leg_upper SimGameUID: LocalGUID:97031d9b-894d-4c6a-a927-8b1eb6efb004 TargetComponentGUID: MountedLocation:LeftLeg
 emod_leg_upper SimGameUID: LocalGUID:09a7286d-a2ca-4037-a716-5272cc6ec0af TargetComponentGUID: MountedLocation:RightLeg
 emod_arm_part_upper SimGameUID: LocalGUID:3efe4836-de94-4455-bcdb-e336397f8ce9 TargetComponentGUID: MountedLocation:RightArm
 emod_arm_part_upper SimGameUID: LocalGUID:6b402a78-7a11-416f-9e61-3261fb907e05 TargetComponentGUID: MountedLocation:LeftArm
 Gear_Cockpit_GN SimGameUID:FixedEquipment-6992e122-ebda-41da-b53f-fd1823f1d8cd LocalGUID:53d9dc1a-fce0-4d01-a478-811fa3f9f720 TargetComponentGUID: MountedLocation:CenterTorso
 emod_kit_shs SimGameUID: LocalGUID:68212ed7-7570-473f-92a3-4dcfb9b10cd3 TargetComponentGUID: MountedLocation:CenterTorso
 emod_leg_lower SimGameUID: LocalGUID:eb0ad8b7-f861-4e20-a5a4-ac418aba49a3 TargetComponentGUID: MountedLocation:LeftLeg
 emod_leg_lower SimGameUID: LocalGUID:42dc7d5f-1c8c-4556-bd41-eb589c26b66f TargetComponentGUID: MountedLocation:RightLeg
 emod_arm_part_lower SimGameUID: LocalGUID:ee26be81-5494-4854-b67a-afe88b71391c TargetComponentGUID: MountedLocation:RightArm
 emod_arm_part_lower SimGameUID: LocalGUID:e170445a-4371-4281-bc68-cc373fbcfb9f TargetComponentGUID: MountedLocation:LeftArm
 Gear_Cockpit_SensorsB_Standard SimGameUID: LocalGUID:b4314197-bff8-4ce8-8566-5162ea7dc805 TargetComponentGUID: MountedLocation:Head
 Gear_Gyro_Generic_Standard SimGameUID: LocalGUID:ba7356eb-8a8b-42ea-9b04-dc1e713cd087 TargetComponentGUID: MountedLocation:CenterTorso
 emod_leg_foot SimGameUID: LocalGUID:cae8127a-b04b-4085-9bb4-8e67d681f989 TargetComponentGUID: MountedLocation:LeftLeg
 emod_leg_foot SimGameUID: LocalGUID:72cb2ba5-c13b-4f0a-a236-67668515eede TargetComponentGUID: MountedLocation:RightLeg
 emod_arm_part_hand SimGameUID: LocalGUID:25061b1e-3404-4333-bf7d-ba215592a561 TargetComponentGUID: MountedLocation:RightArm
 emod_arm_part_hand SimGameUID: LocalGUID:49ce5a3f-7ea7-4829-9a93-7fa3769330bf TargetComponentGUID: MountedLocation:LeftArm
 emod_engineslots_GN_Drive SimGameUID:FixedEquipment-c31dbbdc-3cc3-4328-a7be-6c06d3db0920 LocalGUID:988c6bf7-feb2-47e0-9da3-f66158ad3789 TargetComponentGUID: MountedLocation:CenterTorso
 emod_engine_cooling SimGameUID: LocalGUID:e80693a6-c5a4-4e5b-8403-3c2673647345 TargetComponentGUID: MountedLocation:CenterTorso
 emod_engine_300 SimGameUID: LocalGUID:bf02205c-7dcf-4fe4-863d-7a4dbfbbc248 TargetComponentGUID: MountedLocation:CenterTorso
 Linked_GNFrame SimGameUID:FixedEquipment-a39c0d2a-5abd-4c4b-8094-a38da75aabf9 LocalGUID:842cc2bd-ea58-45de-a493-4ee98ccc008a TargetComponentGUID: MountedLocation:LeftTorso
 Linked_GNFrame SimGameUID:FixedEquipment-654fdf21-e38d-4494-bc60-974fed763863 LocalGUID:73be4031-99e1-49fc-b1f8-7591c2d997d4 TargetComponentGUID: MountedLocation:LeftArm
 Linked_GNFrame SimGameUID:FixedEquipment-d6d4df2a-f3a0-4dff-b574-a2ea24887faa LocalGUID:2b233e73-c97c-4107-b7a7-4489c43a6ebd TargetComponentGUID: MountedLocation:LeftLeg
 Linked_GNFrame SimGameUID:FixedEquipment-afc115db-d912-4a4a-acb7-cd2a9e5cb0a2 LocalGUID:3b5922d8-e9fa-4501-aaf3-7858592f3d05 TargetComponentGUID: MountedLocation:RightTorso
 Linked_GNFrame SimGameUID:FixedEquipment-7f787803-b9cb-4a4c-b75d-36e15190cfbe LocalGUID:40e0ac01-8672-4c66-9c0d-f2b6550ee089 TargetComponentGUID: MountedLocation:RightArm
 Linked_GNFrame SimGameUID:FixedEquipment-0df2f799-b609-4f3e-a9dc-be4836382464 LocalGUID:adc0602e-2f77-4c3c-a9a2-cda7c26f1ee4 TargetComponentGUID: MountedLocation:RightLeg
 GNFlightPackL SimGameUID:FixedEquipment-41b560e9-6847-4f24-b61f-831237006c09 LocalGUID:2e1484e2-1e19-43b2-bfb8-8a0bf0e6843e TargetComponentGUID: MountedLocation:LeftTorso
 GNFlightPack SimGameUID:FixedEquipment-c63b013a-c633-458f-ba38-8291b2838482 LocalGUID:906dc3c9-82f9-4269-b7b6-91e03f00248e TargetComponentGUID: MountedLocation:RightTorso
 Gear_JumpJet_DistalAttitudeControl SimGameUID:FixedEquipment-13006eaf-1d62-493b-b9ec-e25a87890869 LocalGUID:883aace5-b99e-455b-8ee6-3a1abef5470c TargetComponentGUID: MountedLocation:RightLeg
 Gear_JumpJet_DistalAttitudeControl SimGameUID:FixedEquipment-f60e6aba-0fb1-41b5-b5a3-ce48599a120e LocalGUID:d5e00843-42ed-4c8e-87e4-f5c8e9380dec TargetComponentGUID: MountedLocation:LeftLeg
 Weapon_Laser_GNRifle SimGameUID:FixedEquipment-663f8cb8-cfb1-49ae-b00e-419198bc3eef LocalGUID:c45cfdc2-e337-4dab-84c2-87a91a69e4fd TargetComponentGUID: MountedLocation:RightArm
 Weapon_GNVulcan SimGameUID:FixedEquipment-3f2cf576-0e74-44e8-86ed-db0c754232db LocalGUID:a7b7bf5c-7da5-45c0-9522-b9fa09144a16 TargetComponentGUID: MountedLocation:LeftArm
 Weapon_Gauss_GN_LightRailgun SimGameUID: LocalGUID:ec648a31-98fe-4ede-9015-e20785cd3014 TargetComponentGUID: MountedLocation:RightTorso
 Ammo_AmmunitionBox_GNSlug SimGameUID: LocalGUID:7e6616b6-2cf4-460e-b6ed-90f0e1c06669 TargetComponentGUID: MountedLocation:LeftTorso
 Ammo_AmmunitionBox_GNSlug SimGameUID: LocalGUID:78e20f69-110d-4b96-b7b0-6b094d7a31e6 TargetComponentGUID: MountedLocation:LeftTorso
[23:13:27.957]ResolveAddonsOnInventory
 emod_armorslots_standard SimGameUID: LocalGUID:7239c722-b051-4dbe-b47f-2f504470ad2a TargetComponentGUID: MountedLocation:CenterTorso
 emod_leg_hip SimGameUID: LocalGUID:bc75af4c-4912-434b-8065-474d9b7ae7fd TargetComponentGUID: MountedLocation:LeftLeg
 emod_leg_hip SimGameUID: LocalGUID:b25a8860-7dec-4c6f-b01e-8362dcba7b55 TargetComponentGUID: MountedLocation:RightLeg
 emod_arm_part_shoulder SimGameUID: LocalGUID:af2c84e2-21d9-4f9e-9116-0aa92cbb7dcc TargetComponentGUID: MountedLocation:RightArm
 emod_arm_part_shoulder SimGameUID: LocalGUID:42142244-4f5b-4592-a730-cc6c83c27d11 TargetComponentGUID: MountedLocation:LeftArm
 Gear_Cockpit_SensorsA_Standard SimGameUID: LocalGUID:092128c8-8bdb-4e74-b5a1-fe47d581fd29 TargetComponentGUID: MountedLocation:Head
 emod_structureslots_standard SimGameUID: LocalGUID:9421c326-f4bf-4211-9bcf-b51035b01e82 TargetComponentGUID: MountedLocation:CenterTorso
 emod_leg_upper SimGameUID: LocalGUID:97031d9b-894d-4c6a-a927-8b1eb6efb004 TargetComponentGUID: MountedLocation:LeftLeg
 emod_leg_upper SimGameUID: LocalGUID:09a7286d-a2ca-4037-a716-5272cc6ec0af TargetComponentGUID: MountedLocation:RightLeg
 emod_arm_part_upper SimGameUID: LocalGUID:3efe4836-de94-4455-bcdb-e336397f8ce9 TargetComponentGUID: MountedLocation:RightArm
 emod_arm_part_upper SimGameUID: LocalGUID:6b402a78-7a11-416f-9e61-3261fb907e05 TargetComponentGUID: MountedLocation:LeftArm
 Gear_Cockpit_GN SimGameUID:FixedEquipment-6992e122-ebda-41da-b53f-fd1823f1d8cd LocalGUID:53d9dc1a-fce0-4d01-a478-811fa3f9f720 TargetComponentGUID: MountedLocation:CenterTorso
 emod_kit_shs SimGameUID: LocalGUID:68212ed7-7570-473f-92a3-4dcfb9b10cd3 TargetComponentGUID: MountedLocation:CenterTorso
 emod_leg_lower SimGameUID: LocalGUID:eb0ad8b7-f861-4e20-a5a4-ac418aba49a3 TargetComponentGUID: MountedLocation:LeftLeg
 emod_leg_lower SimGameUID: LocalGUID:42dc7d5f-1c8c-4556-bd41-eb589c26b66f TargetComponentGUID: MountedLocation:RightLeg
 emod_arm_part_lower SimGameUID: LocalGUID:ee26be81-5494-4854-b67a-afe88b71391c TargetComponentGUID: MountedLocation:RightArm
 emod_arm_part_lower SimGameUID: LocalGUID:e170445a-4371-4281-bc68-cc373fbcfb9f TargetComponentGUID: MountedLocation:LeftArm
 Gear_Cockpit_SensorsB_Standard SimGameUID: LocalGUID:b4314197-bff8-4ce8-8566-5162ea7dc805 TargetComponentGUID: MountedLocation:Head
 Gear_Gyro_Generic_Standard SimGameUID: LocalGUID:ba7356eb-8a8b-42ea-9b04-dc1e713cd087 TargetComponentGUID: MountedLocation:CenterTorso
 emod_leg_foot SimGameUID: LocalGUID:cae8127a-b04b-4085-9bb4-8e67d681f989 TargetComponentGUID: MountedLocation:LeftLeg
 emod_leg_foot SimGameUID: LocalGUID:72cb2ba5-c13b-4f0a-a236-67668515eede TargetComponentGUID: MountedLocation:RightLeg
 emod_arm_part_hand SimGameUID: LocalGUID:25061b1e-3404-4333-bf7d-ba215592a561 TargetComponentGUID: MountedLocation:RightArm
 emod_arm_part_hand SimGameUID: LocalGUID:49ce5a3f-7ea7-4829-9a93-7fa3769330bf TargetComponentGUID: MountedLocation:LeftArm
 emod_engineslots_GN_Drive SimGameUID:FixedEquipment-c31dbbdc-3cc3-4328-a7be-6c06d3db0920 LocalGUID:988c6bf7-feb2-47e0-9da3-f66158ad3789 TargetComponentGUID: MountedLocation:CenterTorso
 emod_engine_cooling SimGameUID: LocalGUID:e80693a6-c5a4-4e5b-8403-3c2673647345 TargetComponentGUID: MountedLocation:CenterTorso
 emod_engine_300 SimGameUID: LocalGUID:bf02205c-7dcf-4fe4-863d-7a4dbfbbc248 TargetComponentGUID: MountedLocation:CenterTorso
 Linked_GNFrame SimGameUID:FixedEquipment-a39c0d2a-5abd-4c4b-8094-a38da75aabf9 LocalGUID:842cc2bd-ea58-45de-a493-4ee98ccc008a TargetComponentGUID: MountedLocation:LeftTorso
 Linked_GNFrame SimGameUID:FixedEquipment-654fdf21-e38d-4494-bc60-974fed763863 LocalGUID:73be4031-99e1-49fc-b1f8-7591c2d997d4 TargetComponentGUID: MountedLocation:LeftArm
 Linked_GNFrame SimGameUID:FixedEquipment-d6d4df2a-f3a0-4dff-b574-a2ea24887faa LocalGUID:2b233e73-c97c-4107-b7a7-4489c43a6ebd TargetComponentGUID: MountedLocation:LeftLeg
 Linked_GNFrame SimGameUID:FixedEquipment-afc115db-d912-4a4a-acb7-cd2a9e5cb0a2 LocalGUID:3b5922d8-e9fa-4501-aaf3-7858592f3d05 TargetComponentGUID: MountedLocation:RightTorso
 Linked_GNFrame SimGameUID:FixedEquipment-7f787803-b9cb-4a4c-b75d-36e15190cfbe LocalGUID:40e0ac01-8672-4c66-9c0d-f2b6550ee089 TargetComponentGUID: MountedLocation:RightArm
 Linked_GNFrame SimGameUID:FixedEquipment-0df2f799-b609-4f3e-a9dc-be4836382464 LocalGUID:adc0602e-2f77-4c3c-a9a2-cda7c26f1ee4 TargetComponentGUID: MountedLocation:RightLeg
 GNFlightPackL SimGameUID:FixedEquipment-41b560e9-6847-4f24-b61f-831237006c09 LocalGUID:2e1484e2-1e19-43b2-bfb8-8a0bf0e6843e TargetComponentGUID: MountedLocation:LeftTorso
 GNFlightPack SimGameUID:FixedEquipment-c63b013a-c633-458f-ba38-8291b2838482 LocalGUID:906dc3c9-82f9-4269-b7b6-91e03f00248e TargetComponentGUID: MountedLocation:RightTorso
 Gear_JumpJet_DistalAttitudeControl SimGameUID:FixedEquipment-13006eaf-1d62-493b-b9ec-e25a87890869 LocalGUID:883aace5-b99e-455b-8ee6-3a1abef5470c TargetComponentGUID: MountedLocation:RightLeg
 Gear_JumpJet_DistalAttitudeControl SimGameUID:FixedEquipment-f60e6aba-0fb1-41b5-b5a3-ce48599a120e LocalGUID:d5e00843-42ed-4c8e-87e4-f5c8e9380dec TargetComponentGUID: MountedLocation:LeftLeg
 Weapon_Laser_GNRifle SimGameUID:FixedEquipment-663f8cb8-cfb1-49ae-b00e-419198bc3eef LocalGUID:c45cfdc2-e337-4dab-84c2-87a91a69e4fd TargetComponentGUID: MountedLocation:RightArm
 Weapon_GNVulcan SimGameUID:FixedEquipment-3f2cf576-0e74-44e8-86ed-db0c754232db LocalGUID:a7b7bf5c-7da5-45c0-9522-b9fa09144a16 TargetComponentGUID: MountedLocation:LeftArm
 Weapon_Gauss_GN_LightRailgun SimGameUID: LocalGUID:ec648a31-98fe-4ede-9015-e20785cd3014 TargetComponentGUID: MountedLocation:RightTorso
 Ammo_AmmunitionBox_GNSlug SimGameUID: LocalGUID:7e6616b6-2cf4-460e-b6ed-90f0e1c06669 TargetComponentGUID: MountedLocation:LeftTorso
 Ammo_AmmunitionBox_GNSlug SimGameUID: LocalGUID:78e20f69-110d-4b96-b7b0-6b094d7a31e6 TargetComponentGUID: MountedLocation:LeftTorso
[23:13:27.977]ResolveAddonsOnInventory
 emod_armorslots_standard SimGameUID: LocalGUID:7239c722-b051-4dbe-b47f-2f504470ad2a TargetComponentGUID: MountedLocation:CenterTorso
 emod_leg_hip SimGameUID: LocalGUID:bc75af4c-4912-434b-8065-474d9b7ae7fd TargetComponentGUID: MountedLocation:LeftLeg
 emod_leg_hip SimGameUID: LocalGUID:b25a8860-7dec-4c6f-b01e-8362dcba7b55 TargetComponentGUID: MountedLocation:RightLeg
 emod_arm_part_shoulder SimGameUID: LocalGUID:af2c84e2-21d9-4f9e-9116-0aa92cbb7dcc TargetComponentGUID: MountedLocation:RightArm
 emod_arm_part_shoulder SimGameUID: LocalGUID:42142244-4f5b-4592-a730-cc6c83c27d11 TargetComponentGUID: MountedLocation:LeftArm
 Gear_Cockpit_SensorsA_Standard SimGameUID: LocalGUID:092128c8-8bdb-4e74-b5a1-fe47d581fd29 TargetComponentGUID: MountedLocation:Head
 emod_structureslots_standard SimGameUID: LocalGUID:9421c326-f4bf-4211-9bcf-b51035b01e82 TargetComponentGUID: MountedLocation:CenterTorso
 emod_leg_upper SimGameUID: LocalGUID:97031d9b-894d-4c6a-a927-8b1eb6efb004 TargetComponentGUID: MountedLocation:LeftLeg
 emod_leg_upper SimGameUID: LocalGUID:09a7286d-a2ca-4037-a716-5272cc6ec0af TargetComponentGUID: MountedLocation:RightLeg
 emod_arm_part_upper SimGameUID: LocalGUID:3efe4836-de94-4455-bcdb-e336397f8ce9 TargetComponentGUID: MountedLocation:RightArm
 emod_arm_part_upper SimGameUID: LocalGUID:6b402a78-7a11-416f-9e61-3261fb907e05 TargetComponentGUID: MountedLocation:LeftArm
 Gear_Cockpit_GN SimGameUID:FixedEquipment-6992e122-ebda-41da-b53f-fd1823f1d8cd LocalGUID:53d9dc1a-fce0-4d01-a478-811fa3f9f720 TargetComponentGUID: MountedLocation:CenterTorso
 emod_kit_shs SimGameUID: LocalGUID:68212ed7-7570-473f-92a3-4dcfb9b10cd3 TargetComponentGUID: MountedLocation:CenterTorso
 emod_leg_lower SimGameUID: LocalGUID:eb0ad8b7-f861-4e20-a5a4-ac418aba49a3 TargetComponentGUID: MountedLocation:LeftLeg
 emod_leg_lower SimGameUID: LocalGUID:42dc7d5f-1c8c-4556-bd41-eb589c26b66f TargetComponentGUID: MountedLocation:RightLeg
 emod_arm_part_lower SimGameUID: LocalGUID:ee26be81-5494-4854-b67a-afe88b71391c TargetComponentGUID: MountedLocation:RightArm
 emod_arm_part_lower SimGameUID: LocalGUID:e170445a-4371-4281-bc68-cc373fbcfb9f TargetComponentGUID: MountedLocation:LeftArm
 Gear_Cockpit_SensorsB_Standard SimGameUID: LocalGUID:b4314197-bff8-4ce8-8566-5162ea7dc805 TargetComponentGUID: MountedLocation:Head
 Gear_Gyro_Generic_Standard SimGameUID: LocalGUID:ba7356eb-8a8b-42ea-9b04-dc1e713cd087 TargetComponentGUID: MountedLocation:CenterTorso
 emod_leg_foot SimGameUID: LocalGUID:cae8127a-b04b-4085-9bb4-8e67d681f989 TargetComponentGUID: MountedLocation:LeftLeg
 emod_leg_foot SimGameUID: LocalGUID:72cb2ba5-c13b-4f0a-a236-67668515eede TargetComponentGUID: MountedLocation:RightLeg
 emod_arm_part_hand SimGameUID: LocalGUID:25061b1e-3404-4333-bf7d-ba215592a561 TargetComponentGUID: MountedLocation:RightArm
 emod_arm_part_hand SimGameUID: LocalGUID:49ce5a3f-7ea7-4829-9a93-7fa3769330bf TargetComponentGUID: MountedLocation:LeftArm
 emod_engineslots_GN_Drive SimGameUID:FixedEquipment-c31dbbdc-3cc3-4328-a7be-6c06d3db0920 LocalGUID:988c6bf7-feb2-47e0-9da3-f66158ad3789 TargetComponentGUID: MountedLocation:CenterTorso
 emod_engine_cooling SimGameUID: LocalGUID:e80693a6-c5a4-4e5b-8403-3c2673647345 TargetComponentGUID: MountedLocation:CenterTorso
 emod_engine_300 SimGameUID: LocalGUID:bf02205c-7dcf-4fe4-863d-7a4dbfbbc248 TargetComponentGUID: MountedLocation:CenterTorso
 Linked_GNFrame SimGameUID:FixedEquipment-a39c0d2a-5abd-4c4b-8094-a38da75aabf9 LocalGUID:842cc2bd-ea58-45de-a493-4ee98ccc008a TargetComponentGUID: MountedLocation:LeftTorso
 Linked_GNFrame SimGameUID:FixedEquipment-654fdf21-e38d-4494-bc60-974fed763863 LocalGUID:73be4031-99e1-49fc-b1f8-7591c2d997d4 TargetComponentGUID: MountedLocation:LeftArm
 Linked_GNFrame SimGameUID:FixedEquipment-d6d4df2a-f3a0-4dff-b574-a2ea24887faa LocalGUID:2b233e73-c97c-4107-b7a7-4489c43a6ebd TargetComponentGUID: MountedLocation:LeftLeg
 Linked_GNFrame SimGameUID:FixedEquipment-afc115db-d912-4a4a-acb7-cd2a9e5cb0a2 LocalGUID:3b5922d8-e9fa-4501-aaf3-7858592f3d05 TargetComponentGUID: MountedLocation:RightTorso
 Linked_GNFrame SimGameUID:FixedEquipment-7f787803-b9cb-4a4c-b75d-36e15190cfbe LocalGUID:40e0ac01-8672-4c66-9c0d-f2b6550ee089 TargetComponentGUID: MountedLocation:RightArm
 Linked_GNFrame SimGameUID:FixedEquipment-0df2f799-b609-4f3e-a9dc-be4836382464 LocalGUID:adc0602e-2f77-4c3c-a9a2-cda7c26f1ee4 TargetComponentGUID: MountedLocation:RightLeg
 GNFlightPackL SimGameUID:FixedEquipment-41b560e9-6847-4f24-b61f-831237006c09 LocalGUID:2e1484e2-1e19-43b2-bfb8-8a0bf0e6843e TargetComponentGUID: MountedLocation:LeftTorso
 GNFlightPack SimGameUID:FixedEquipment-c63b013a-c633-458f-ba38-8291b2838482 LocalGUID:906dc3c9-82f9-4269-b7b6-91e03f00248e TargetComponentGUID: MountedLocation:RightTorso
 Gear_JumpJet_DistalAttitudeControl SimGameUID:FixedEquipment-13006eaf-1d62-493b-b9ec-e25a87890869 LocalGUID:883aace5-b99e-455b-8ee6-3a1abef5470c TargetComponentGUID: MountedLocation:RightLeg
 Gear_JumpJet_DistalAttitudeControl SimGameUID:FixedEquipment-f60e6aba-0fb1-41b5-b5a3-ce48599a120e LocalGUID:d5e00843-42ed-4c8e-87e4-f5c8e9380dec TargetComponentGUID: MountedLocation:LeftLeg
 Weapon_Laser_GNRifle SimGameUID:FixedEquipment-663f8cb8-cfb1-49ae-b00e-419198bc3eef LocalGUID:c45cfdc2-e337-4dab-84c2-87a91a69e4fd TargetComponentGUID: MountedLocation:RightArm
 Weapon_GNVulcan SimGameUID:FixedEquipment-3f2cf576-0e74-44e8-86ed-db0c754232db LocalGUID:a7b7bf5c-7da5-45c0-9522-b9fa09144a16 TargetComponentGUID: MountedLocation:LeftArm
 Weapon_Gauss_GN_LightRailgun SimGameUID: LocalGUID:ec648a31-98fe-4ede-9015-e20785cd3014 TargetComponentGUID: MountedLocation:RightTorso
 Ammo_AmmunitionBox_GNSlug SimGameUID: LocalGUID:7e6616b6-2cf4-460e-b6ed-90f0e1c06669 TargetComponentGUID: MountedLocation:LeftTorso
 Ammo_AmmunitionBox_GNSlug SimGameUID: LocalGUID:78e20f69-110d-4b96-b7b0-6b094d7a31e6 TargetComponentGUID: MountedLocation:LeftTorso
[23:13:27.997]ResolveAddonsOnInventory
 emod_armorslots_standard SimGameUID: LocalGUID:7239c722-b051-4dbe-b47f-2f504470ad2a TargetComponentGUID: MountedLocation:CenterTorso
 emod_leg_hip SimGameUID: LocalGUID:bc75af4c-4912-434b-8065-474d9b7ae7fd TargetComponentGUID: MountedLocation:LeftLeg
 emod_leg_hip SimGameUID: LocalGUID:b25a8860-7dec-4c6f-b01e-8362dcba7b55 TargetComponentGUID: MountedLocation:RightLeg
 emod_arm_part_shoulder SimGameUID: LocalGUID:af2c84e2-21d9-4f9e-9116-0aa92cbb7dcc TargetComponentGUID: MountedLocation:RightArm
 emod_arm_part_shoulder SimGameUID: LocalGUID:42142244-4f5b-4592-a730-cc6c83c27d11 TargetComponentGUID: MountedLocation:LeftArm
 Gear_Cockpit_SensorsA_Standard SimGameUID: LocalGUID:092128c8-8bdb-4e74-b5a1-fe47d581fd29 TargetComponentGUID: MountedLocation:Head
 emod_structureslots_standard SimGameUID: LocalGUID:9421c326-f4bf-4211-9bcf-b51035b01e82 TargetComponentGUID: MountedLocation:CenterTorso
 emod_leg_upper SimGameUID: LocalGUID:97031d9b-894d-4c6a-a927-8b1eb6efb004 TargetComponentGUID: MountedLocation:LeftLeg
 emod_leg_upper SimGameUID: LocalGUID:09a7286d-a2ca-4037-a716-5272cc6ec0af TargetComponentGUID: MountedLocation:RightLeg
 emod_arm_part_upper SimGameUID: LocalGUID:3efe4836-de94-4455-bcdb-e336397f8ce9 TargetComponentGUID: MountedLocation:RightArm
 emod_arm_part_upper SimGameUID: LocalGUID:6b402a78-7a11-416f-9e61-3261fb907e05 TargetComponentGUID: MountedLocation:LeftArm
 Gear_Cockpit_GN SimGameUID:FixedEquipment-6992e122-ebda-41da-b53f-fd1823f1d8cd LocalGUID:53d9dc1a-fce0-4d01-a478-811fa3f9f720 TargetComponentGUID: MountedLocation:CenterTorso
 emod_kit_shs SimGameUID: LocalGUID:68212ed7-7570-473f-92a3-4dcfb9b10cd3 TargetComponentGUID: MountedLocation:CenterTorso
 emod_leg_lower SimGameUID: LocalGUID:eb0ad8b7-f861-4e20-a5a4-ac418aba49a3 TargetComponentGUID: MountedLocation:LeftLeg
 emod_leg_lower SimGameUID: LocalGUID:42dc7d5f-1c8c-4556-bd41-eb589c26b66f TargetComponentGUID: MountedLocation:RightLeg
 emod_arm_part_lower SimGameUID: LocalGUID:ee26be81-5494-4854-b67a-afe88b71391c TargetComponentGUID: MountedLocation:RightArm
 emod_arm_part_lower SimGameUID: LocalGUID:e170445a-4371-4281-bc68-cc373fbcfb9f TargetComponentGUID: MountedLocation:LeftArm
 Gear_Cockpit_SensorsB_Standard SimGameUID: LocalGUID:b4314197-bff8-4ce8-8566-5162ea7dc805 TargetComponentGUID: MountedLocation:Head
 Gear_Gyro_Generic_Standard SimGameUID: LocalGUID:ba7356eb-8a8b-42ea-9b04-dc1e713cd087 TargetComponentGUID: MountedLocation:CenterTorso
 emod_leg_foot SimGameUID: LocalGUID:cae8127a-b04b-4085-9bb4-8e67d681f989 TargetComponentGUID: MountedLocation:LeftLeg
 emod_leg_foot SimGameUID: LocalGUID:72cb2ba5-c13b-4f0a-a236-67668515eede TargetComponentGUID: MountedLocation:RightLeg
 emod_arm_part_hand SimGameUID: LocalGUID:25061b1e-3404-4333-bf7d-ba215592a561 TargetComponentGUID: MountedLocation:RightArm
 emod_arm_part_hand SimGameUID: LocalGUID:49ce5a3f-7ea7-4829-9a93-7fa3769330bf TargetComponentGUID: MountedLocation:LeftArm
 emod_engineslots_GN_Drive SimGameUID:FixedEquipment-c31dbbdc-3cc3-4328-a7be-6c06d3db0920 LocalGUID:988c6bf7-feb2-47e0-9da3-f66158ad3789 TargetComponentGUID: MountedLocation:CenterTorso
 emod_engine_cooling SimGameUID: LocalGUID:e80693a6-c5a4-4e5b-8403-3c2673647345 TargetComponentGUID: MountedLocation:CenterTorso
 emod_engine_300 SimGameUID: LocalGUID:bf02205c-7dcf-4fe4-863d-7a4dbfbbc248 TargetComponentGUID: MountedLocation:CenterTorso
 Linked_GNFrame SimGameUID:FixedEquipment-a39c0d2a-5abd-4c4b-8094-a38da75aabf9 LocalGUID:842cc2bd-ea58-45de-a493-4ee98ccc008a TargetComponentGUID: MountedLocation:LeftTorso
 Linked_GNFrame SimGameUID:FixedEquipment-654fdf21-e38d-4494-bc60-974fed763863 LocalGUID:73be4031-99e1-49fc-b1f8-7591c2d997d4 TargetComponentGUID: MountedLocation:LeftArm
 Linked_GNFrame SimGameUID:FixedEquipment-d6d4df2a-f3a0-4dff-b574-a2ea24887faa LocalGUID:2b233e73-c97c-4107-b7a7-4489c43a6ebd TargetComponentGUID: MountedLocation:LeftLeg
 Linked_GNFrame SimGameUID:FixedEquipment-afc115db-d912-4a4a-acb7-cd2a9e5cb0a2 LocalGUID:3b5922d8-e9fa-4501-aaf3-7858592f3d05 TargetComponentGUID: MountedLocation:RightTorso
 Linked_GNFrame SimGameUID:FixedEquipment-7f787803-b9cb-4a4c-b75d-36e15190cfbe LocalGUID:40e0ac01-8672-4c66-9c0d-f2b6550ee089 TargetComponentGUID: MountedLocation:RightArm
 Linked_GNFrame SimGameUID:FixedEquipment-0df2f799-b609-4f3e-a9dc-be4836382464 LocalGUID:adc0602e-2f77-4c3c-a9a2-cda7c26f1ee4 TargetComponentGUID: MountedLocation:RightLeg
 GNFlightPackL SimGameUID:FixedEquipment-41b560e9-6847-4f24-b61f-831237006c09 LocalGUID:2e1484e2-1e19-43b2-bfb8-8a0bf0e6843e TargetComponentGUID: MountedLocation:LeftTorso
 GNFlightPack SimGameUID:FixedEquipment-c63b013a-c633-458f-ba38-8291b2838482 LocalGUID:906dc3c9-82f9-4269-b7b6-91e03f00248e TargetComponentGUID: MountedLocation:RightTorso
 Gear_JumpJet_DistalAttitudeControl SimGameUID:FixedEquipment-13006eaf-1d62-493b-b9ec-e25a87890869 LocalGUID:883aace5-b99e-455b-8ee6-3a1abef5470c TargetComponentGUID: MountedLocation:RightLeg
 Gear_JumpJet_DistalAttitudeControl SimGameUID:FixedEquipment-f60e6aba-0fb1-41b5-b5a3-ce48599a120e LocalGUID:d5e00843-42ed-4c8e-87e4-f5c8e9380dec TargetComponentGUID: MountedLocation:LeftLeg
 Weapon_Laser_GNRifle SimGameUID:FixedEquipment-663f8cb8-cfb1-49ae-b00e-419198bc3eef LocalGUID:c45cfdc2-e337-4dab-84c2-87a91a69e4fd TargetComponentGUID: MountedLocation:RightArm
 Weapon_GNVulcan SimGameUID:FixedEquipment-3f2cf576-0e74-44e8-86ed-db0c754232db LocalGUID:a7b7bf5c-7da5-45c0-9522-b9fa09144a16 TargetComponentGUID: MountedLocation:LeftArm
 Weapon_Gauss_GN_LightRailgun SimGameUID: LocalGUID:ec648a31-98fe-4ede-9015-e20785cd3014 TargetComponentGUID: MountedLocation:RightTorso
 Ammo_AmmunitionBox_GNSlug SimGameUID: LocalGUID:7e6616b6-2cf4-460e-b6ed-90f0e1c06669 TargetComponentGUID: MountedLocation:LeftTorso
 Ammo_AmmunitionBox_GNSlug SimGameUID: LocalGUID:78e20f69-110d-4b96-b7b0-6b094d7a31e6 TargetComponentGUID: MountedLocation:LeftTorso
