01:05:46.195 AD:OASB - entered.
01:05:46.195 Recording attackSequence: 48794994 for possible hull breaches.
01:05:48.881 AD:OASE - entered.
01:05:48.881 Attack sequence 48794994 did 0 structure damage to target: d50f1e9d-0a0b-4dc8-9a06-a33233aaa8a1.0
01:05:48.881 Attack did no structure damage, skipping.
01:05:55.892 AD:OASB - entered.
01:05:55.892 Recording attackSequence: 68899669 for possible hull breaches.
01:05:58.355 AD:OASE - entered.
01:05:58.355 Attack sequence 68899669 did 0 structure damage to target: d50f1e9d-0a0b-4dc8-9a06-a33233aaa8a1.0
01:05:58.355 Attack did no structure damage, skipping.
01:06:05.319 AD:OASB - entered.
01:06:05.319 Recording attackSequence: 40568160 for possible hull breaches.
01:06:09.254 AD:OASE - entered.
01:06:09.254 Attack sequence 40568160 did 0 structure damage to target: d50f1e9d-0a0b-4dc8-9a06-a33233aaa8a1.0
01:06:09.254 Attack did no structure damage, skipping.
01:06:25.161 AD:OASB - entered.
01:06:25.161 Recording attackSequence: 43257062 for possible hull breaches.
01:06:28.931 AD:OASE - entered.
01:06:28.931 Attack sequence 43257062 did 0 structure damage to target: 461141c2-f956-49a5-b2c6-6f951b957a94.0
01:06:28.931 Attack did no structure damage, skipping.
01:06:42.593 AD:OASB - entered.
01:06:42.593 Recording attackSequence: 31483141 for possible hull breaches.
01:06:43.658 M:ASSD - entered.
01:06:43.658 M:ASSD - entered.
01:06:45.904 M:ASSD - entered.
01:06:45.904 M:ASSD - entered.
01:06:45.905 M:ASSD - entered.
01:06:46.121 AD:OASE - entered.
01:06:46.121 Attack sequence 31483141 did 27.5 structure damage to target: ab9e2bfb-f6c4-4b4b-b540-957dcfc48a27.0
01:06:46.121 Checking hull breaches for targetMech: Scorpion_Recruit_5E693AE8
01:06:46.122 AD:OASE - exiting.
01:06:52.168 AD:OASB - entered.
01:06:52.168 Recording attackSequence: 87858140 for possible hull breaches.
01:06:56.260 AD:OASE - entered.
01:06:56.260 Attack sequence 87858140 did 0 structure damage to target: 461141c2-f956-49a5-b2c6-6f951b957a94.0
01:06:56.260 Attack did no structure damage, skipping.
01:07:22.012 AD:OASB - entered.
01:07:22.012 Recording attackSequence: 50477017 for possible hull breaches.
01:07:25.164 AD:OASE - entered.
01:07:25.164 Attack sequence 50477017 did 0 structure damage to target: 5a7f08f5-3ceb-467e-b857-b3fc1874d016.0
01:07:25.164 Attack did no structure damage, skipping.
01:08:04.458 AD:OASB - entered.
01:08:04.458 Recording attackSequence: 20400337 for possible hull breaches.
01:08:05.507 M:ASSD - entered.
01:08:05.507 M:ASSD - entered.
01:08:05.507 M:ASSD - entered.
01:08:07.446 AD:OASE - entered.
01:08:07.446 Attack sequence 20400337 did 40 structure damage to target: d7109e5f-7e09-4a9d-98a7-a0bf651532e6.0
01:08:07.446 Checking hull breaches for targetMech: Panther_Recruit_548A795B
01:08:07.446 AD:OASE - exiting.
01:08:15.989 M:ASSD - entered.
01:08:15.989 M:ASSD - entered.
01:08:45.969 AD:OASB - entered.
01:08:45.969 Recording attackSequence: 34766583 for possible hull breaches.
01:08:48.378 M:ASSD - entered.
01:08:48.378 M:ASSD - entered.
01:08:48.394 AD:OASE - entered.
01:08:48.394 Attack sequence 34766583 did 26.25 structure damage to target: d7109e5f-7e09-4a9d-98a7-a0bf651532e6.0
01:08:48.394 Checking hull breaches for targetMech: Panther_Recruit_548A795B
01:08:48.394 AD:OASE - exiting.
01:08:56.871 AD:OASB - entered.
01:08:56.871 Recording attackSequence: 62676957 for possible hull breaches.
01:09:00.661 AD:OASE - entered.
01:09:00.661 Attack sequence 62676957 did 0 structure damage to target: d50f1e9d-0a0b-4dc8-9a06-a33233aaa8a1.0
01:09:00.661 Attack did no structure damage, skipping.
01:09:07.530 AD:OASB - entered.
01:09:07.530 Recording attackSequence: 90425516 for possible hull breaches.
01:09:10.759 AD:OASE - entered.
01:09:10.759 Attack sequence 90425516 did 0 structure damage to target: d50f1e9d-0a0b-4dc8-9a06-a33233aaa8a1.0
01:09:10.759 Attack did no structure damage, skipping.
01:09:22.864 AD:OASB - entered.
01:09:22.864 Recording attackSequence: 75381904 for possible hull breaches.
01:09:27.568 AD:OASE - entered.
01:09:27.568 Attack sequence 75381904 did 0 structure damage to target: d50f1e9d-0a0b-4dc8-9a06-a33233aaa8a1.0
01:09:27.568 Attack did no structure damage, skipping.
01:09:41.010 AD:OASB - entered.
01:09:41.010 Recording attackSequence: 38002132 for possible hull breaches.
01:09:41.839 M:ASSD - entered.
01:09:41.839 M:ASSD - entered.
01:09:41.839 M:ASSD - entered.
01:09:43.876 M:ASSD - entered.
01:09:43.876 M:ASSD - entered.
01:09:43.878 AD:OASE - entered.
01:09:43.878 Attack sequence 38002132 did 35 structure damage to target: f46b3021-803a-41ed-87e0-1b8cb86663b8.0
01:09:43.878 Checking hull breaches for targetMech: Locust_Recruit_BEBDBB8D
01:09:43.878 AD:OASE - exiting.
01:09:51.200 AD:OASB - entered.
01:09:51.200 Recording attackSequence: 39632371 for possible hull breaches.
01:09:54.572 AD:OASE - entered.
01:09:54.572 Attack sequence 39632371 did 0 structure damage to target: 461141c2-f956-49a5-b2c6-6f951b957a94.0
01:09:54.572 Attack did no structure damage, skipping.
01:10:06.903 AD:OASB - entered.
01:10:06.903 Recording attackSequence: 59542985 for possible hull breaches.
01:10:08.293 M:ASSD - entered.
01:10:08.293 M:ASSD - entered.
01:10:08.293 M:ASSD - entered.
01:10:09.854 M:ASSD - entered.
01:10:09.854 M:ASSD - entered.
01:10:09.854 M:ASSD - entered.
01:10:09.855 M:ASSD - entered.
01:10:09.855 M:ASSD - entered.
01:10:09.857 M:ASSD - entered.
01:10:11.790 M:ASSD - entered.
01:10:11.790 M:ASSD - entered.
01:10:12.114 M:ASSD - entered.
01:10:12.114 M:ASSD - entered.
01:10:12.344 M:ASSD - entered.
01:10:12.344 M:ASSD - entered.
01:10:12.344 M:ASSD - entered.
01:10:12.519 AD:OASE - entered.
01:10:12.519 Attack sequence 59542985 did 75 structure damage to target: f46b3021-803a-41ed-87e0-1b8cb86663b8.0
01:10:12.519 Checking hull breaches for targetMech: Locust_Recruit_BEBDBB8D
01:10:12.519 AD:OASE - exiting.
01:10:24.437 AD:OASB - entered.
01:10:24.437 Recording attackSequence: 9290847 for possible hull breaches.
01:10:27.300 M:ASSD - entered.
01:10:27.300 M:ASSD - entered.
01:10:27.512 M:ASSD - entered.
01:10:27.512 M:ASSD - entered.
01:10:27.592 M:ASSD - entered.
01:10:27.592 M:ASSD - entered.
01:10:28.777 M:ASSD - entered.
01:10:28.777 M:ASSD - entered.
01:10:28.825 M:ASSD - entered.
01:10:28.825 M:ASSD - entered.
01:10:28.974 M:ASSD - entered.
01:10:28.974 M:ASSD - entered.
01:10:29.135 M:ASSD - entered.
01:10:29.135 M:ASSD - entered.
01:10:29.493 M:ASSD - entered.
01:10:29.493 M:ASSD - entered.
01:10:29.517 M:ASSD - entered.
01:10:29.517 M:ASSD - entered.
01:10:29.517 M:ASSD - entered.
01:10:29.517 M:ASSD - entered.
01:10:29.517 M:ASSD - entered.
01:10:29.517 M:ASSD - entered.
01:10:29.518 M:ASSD - entered.
01:10:29.518 M:ASSD - entered.
01:10:29.518 M:ASSD - entered.
01:10:29.518 M:ASSD - entered.
01:10:29.518 M:ASSD - entered.
01:10:29.518 M:ASSD - entered.
01:10:29.518 M:ASSD - entered.
01:10:29.518 M:ASSD - entered.
01:10:29.518 M:ASSD - entered.
01:10:29.518 M:ASSD - entered.
01:10:29.530 M:ASSD - entered.
01:10:29.530 M:ASSD - entered.
01:10:29.530 M:ASSD - entered.
01:10:29.558 M:ASSD - entered.
01:10:29.558 M:ASSD - entered.
01:10:29.558 M:ASSD - entered.
01:10:29.560 M:ASSD - entered.
01:10:29.567 AD:OASE - entered.
01:10:29.567 Attack sequence 9290847 did 178.75 structure damage to target: bdb37cd1-dff5-4740-b361-d5d1aebfd452.0
01:10:29.567 Checking hull breaches for targetMech: Jenner_Recruit_66F1C11B
01:10:29.567 AD:OASE - exiting.
01:10:37.943 M:ASSD - entered.
01:10:37.943 M:ASSD - entered.
01:11:02.298 AD:OASB - entered.
01:11:02.298 Recording attackSequence: 3484291 for possible hull breaches.
01:11:03.144 M:ASSD - entered.
01:11:03.144 M:ASSD - entered.
01:11:04.717 M:ASSD - entered.
01:11:04.717 M:ASSD - entered.
01:11:04.717 M:ASSD - entered.
01:11:04.717 M:ASSD - entered.
01:11:04.717 M:ASSD - entered.
01:11:04.717 M:ASSD - entered.
01:11:04.717 M:ASSD - entered.
01:11:04.717 M:ASSD - entered.
01:11:05.006 M:ASSD - entered.
01:11:05.006 M:ASSD - entered.
01:11:05.365 M:ASSD - entered.
01:11:05.365 M:ASSD - entered.
01:11:05.365 M:ASSD - entered.
01:11:05.365 M:ASSD - entered.
01:11:05.365 M:ASSD - entered.
01:11:05.365 M:ASSD - entered.
01:11:05.365 M:ASSD - entered.
01:11:05.367 M:ASSD - entered.
01:11:05.368 M:ASSD - entered.
01:11:05.368 M:ASSD - entered.
01:11:05.434 M:ASSD - entered.
01:11:05.434 M:ASSD - entered.
01:11:05.727 M:ASSD - entered.
01:11:05.727 M:ASSD - entered.
01:11:05.890 AD:OASE - entered.
01:11:05.890 Attack sequence 3484291 did 116.25 structure damage to target: 5a7f08f5-3ceb-467e-b857-b3fc1874d016.0
01:11:05.890 Checking hull breaches for targetMech: Javelin_Recruit_D6521018
01:11:05.890 AD:OASE - exiting.
01:11:14.463 AD:OASB - entered.
01:11:14.463 Recording attackSequence: 59350114 for possible hull breaches.
01:11:17.268 AD:OASE - entered.
01:11:17.268 Attack sequence 59350114 did 0 structure damage to target: d50f1e9d-0a0b-4dc8-9a06-a33233aaa8a1.0
01:11:17.268 Attack did no structure damage, skipping.
01:11:34.582 AD:OASB - entered.
01:11:34.582 Recording attackSequence: 68116956 for possible hull breaches.
01:11:35.640 M:ASSD - entered.
01:11:35.640 M:ASSD - entered.
01:11:37.791 M:ASSD - entered.
01:11:37.791 M:ASSD - entered.
01:11:37.791 M:ASSD - entered.
01:11:37.793 M:ASSD - entered.
01:11:37.797 AD:OASE - entered.
01:11:37.797 Attack sequence 68116956 did 40 structure damage to target: e3e34fc2-c664-42ab-920b-6002c058ac55.0
01:11:37.797 Checking hull breaches for targetMech: Locust_Recruit_124FB4F4
01:11:37.797 AD:OASE - exiting.
01:11:49.362 AD:OASB - entered.
01:11:49.362 Recording attackSequence: 61245460 for possible hull breaches.
01:11:52.242 AD:OASE - entered.
01:11:52.242 Attack sequence 61245460 did 0 structure damage to target: d50f1e9d-0a0b-4dc8-9a06-a33233aaa8a1.0
01:11:52.242 Attack did no structure damage, skipping.
01:11:58.076 AD:OASB - entered.
01:11:58.076 Recording attackSequence: 10654258 for possible hull breaches.
01:12:04.293 AD:OASE - entered.
01:12:04.293 Attack sequence 10654258 did 0 structure damage to target: ec9d2280-ca9a-4d90-8a20-963d8a4c0a39.0
01:12:04.293 Attack did no structure damage, skipping.
01:12:23.177 AD:OASB - entered.
01:12:23.177 Recording attackSequence: 69278677 for possible hull breaches.
01:12:26.505 M:ASSD - entered.
01:12:26.505 M:ASSD - entered.
01:12:26.505 M:ASSD - entered.
01:12:26.505 M:ASSD - entered.
01:12:27.305 AD:OASE - entered.
01:12:27.305 Attack sequence 69278677 did 41.25 structure damage to target: bdb37cd1-dff5-4740-b361-d5d1aebfd452.0
01:12:27.305 Checking hull breaches for targetMech: Jenner_Recruit_66F1C11B
01:12:27.305 AD:OASE - exiting.
01:12:42.381 AD:OASB - entered.
01:12:42.381 Recording attackSequence: 11526810 for possible hull breaches.
01:12:43.435 M:ASSD - entered.
01:12:43.435 M:ASSD - entered.
01:12:43.435 M:ASSD - entered.
01:12:45.395 AD:OASE - entered.
01:12:45.395 Attack sequence 11526810 did 55 structure damage to target: d7109e5f-7e09-4a9d-98a7-a0bf651532e6.0
01:12:45.395 Checking hull breaches for targetMech: Panther_Recruit_548A795B
01:12:45.395 AD:OASE - exiting.
01:12:55.444 AD:OASB - entered.
01:12:55.444 Recording attackSequence: 81893893 for possible hull breaches.
01:12:57.871 M:ASSD - entered.
01:12:57.871 M:ASSD - entered.
01:12:57.871 M:ASSD - entered.
01:12:57.880 M:ASSD - entered.
01:12:57.881 M:ASSD - entered.
01:12:57.881 M:ASSD - entered.
01:12:57.882 M:ASSD - entered.
01:12:57.889 M:ASSD - entered.
01:12:57.889 M:ASSD - entered.
01:12:57.889 M:ASSD - entered.
01:12:57.889 M:ASSD - entered.
01:12:58.160 M:ASSD - entered.
01:12:58.160 M:ASSD - entered.
01:12:58.238 M:ASSD - entered.
01:12:58.240 M:ASSD - entered.
01:12:58.244 M:ASSD - entered.
01:12:58.244 M:ASSD - entered.
01:12:58.539 M:ASSD - entered.
01:12:58.539 M:ASSD - entered.
01:12:58.539 M:ASSD - entered.
01:12:58.981 AD:OASE - entered.
01:12:58.981 Attack sequence 81893893 did 112.5 structure damage to target: 5a7f08f5-3ceb-467e-b857-b3fc1874d016.0
01:12:58.981 Checking hull breaches for targetMech: Javelin_Recruit_D6521018
01:12:58.981 AD:OASE - exiting.
01:13:05.474 AD:OASB - entered.
01:13:05.474 Recording attackSequence: 63094918 for possible hull breaches.
01:13:10.860 AD:OASE - entered.
01:13:10.860 Attack sequence 63094918 did 0 structure damage to target: 461141c2-f956-49a5-b2c6-6f951b957a94.0
01:13:10.860 Attack did no structure damage, skipping.
01:13:14.407 AD:OASB - entered.
01:13:14.407 Recording attackSequence: 30410399 for possible hull breaches.
01:13:17.491 AD:OASE - entered.
01:13:17.491 Attack sequence 30410399 did 0 structure damage to target: 461141c2-f956-49a5-b2c6-6f951b957a94.0
01:13:17.491 Attack did no structure damage, skipping.
01:13:29.645 AD:OASB - entered.
01:13:29.645 Recording attackSequence: 96519211 for possible hull breaches.
01:13:30.459 M:ASSD - entered.
01:13:30.459 M:ASSD - entered.
01:13:30.459 M:ASSD - entered.
01:13:32.509 AD:OASE - entered.
01:13:32.509 Attack sequence 96519211 did 20 structure damage to target: e3e34fc2-c664-42ab-920b-6002c058ac55.0
01:13:32.509 Checking hull breaches for targetMech: Locust_Recruit_124FB4F4
01:13:32.509 AD:OASE - exiting.
01:13:54.974 AD:OASB - entered.
01:13:54.974 Recording attackSequence: 28081719 for possible hull breaches.
01:13:59.118 M:ASSD - entered.
01:13:59.118 M:ASSD - entered.
01:13:59.118 M:ASSD - entered.
01:13:59.118 M:ASSD - entered.
01:13:59.125 M:ASSD - entered.
01:13:59.125 M:ASSD - entered.
01:14:00.084 AD:OASE - entered.
01:14:00.084 Attack sequence 28081719 did 17 structure damage to target: e3e34fc2-c664-42ab-920b-6002c058ac55.0
01:14:00.084 Checking hull breaches for targetMech: Locust_Recruit_124FB4F4
01:14:00.084 AD:OASE - exiting.
01:14:52.550 AD:OASB - entered.
01:14:52.550 Recording attackSequence: 88148780 for possible hull breaches.
01:14:55.502 AD:OASE - entered.
01:14:55.502 Could not find attack sequence with id: 88148780. CAC may have killed it, or there's an error in processing. Skipping hull breach checks.
01:15:04.979 AD:OASB - entered.
01:15:04.979 Recording attackSequence: 71184518 for possible hull breaches.
01:15:05.943 M:ASSD - entered.
01:15:05.943 M:ASSD - entered.
01:15:05.943 M:ASSD - entered.
01:15:09.101 M:ASSD - entered.
01:15:09.101 M:ASSD - entered.
01:15:09.119 M:ASSD - entered.
01:15:09.119 M:ASSD - entered.
01:15:09.119 M:ASSD - entered.
01:15:09.119 M:ASSD - entered.
01:15:09.119 M:ASSD - entered.
01:15:09.119 M:ASSD - entered.
01:15:09.225 M:ASSD - entered.
01:15:09.225 M:ASSD - entered.
01:15:09.225 M:ASSD - entered.
01:15:09.802 AD:OASE - entered.
01:15:09.802 Attack sequence 71184518 did 24 structure damage to target: 9e2d0fed-3d92-42ee-92d0-2cc595709f2a.0
01:15:09.802 Checking hull breaches for targetMech: Striker_Recruit_BDB3FEEE
01:15:09.802 AD:OASE - exiting.
