21:10:41.935 Product version: 1.0.0
21:10:41.936 Assembly version: 0.10.0.5
21:10:41.936 ModDir is:E:\SteamLibrary\steamapps\common\BATTLETECH\Mods\CBTBehaviorsEnhanced
21:10:41.936 mod.json settings are:({"Debug":true,"Trace":true,"Features":{"BiomeBreaches":true,"PermanentEvasion":true,"StartupChecks":true},"Developer":{"ForceFallAfterJump":false,"ForceInvalidateAllMeleeAttacks":false,"DebugHeatToAdd":0},"ToHitSelfJumped":3,"CustomCategories":{"HipActuatorCategoryId":["LegHip","LegHipMS"],"UpperLegActuatorCategoryId":["LegUpperActuator","LegUpperActuatorMS"],"LowerLegActuatorCategoryId":["LegLowerActuator","LegLowerActuatorMS"],"FootActuatorCategoryId":["LegFootActuator","LegFootActuatorMS"],"ShoulderActuatorCategoryId":["ArmShoulder","ArmShoulderMS"],"UpperArmActuatorCategoryId":["ArmUpperActuator","ArmUpperActuatorMS"],"LowerArmActuatorCategoryId":["ArmLowerActuator","ArmLowerActuatorMS","OmniLowerActuator"],"HandActuatorCategoryId":["ArmHandActuator","ArmLowerActuatorMS","OmniHandActuator"]},"Heat":{"Movement":{"15":-1,"30":-2,"45":-3,"60":-4,"75":-5,"93":-6,"111":-7,"129":-8,"147":-9},"Firing":{"24":1,"39":2,"51":3,"72":4,"99":5,"123":6,"144":7},"Shutdown":{"42":0.1,"54":0.3,"66":0.6,"78":0.8,"90":0.9,"102":1.0,"114":1.1,"126":1.2,"138":1.3,"150":-1},"Explosion":{"57":0.1,"69":0.2,"84":0.3,"105":0.4,"120":0.5,"135":0.6,"150":0.75},"PilotInjury":{"84":0.3,"117":0.6,"141":0.8},"SystemFailures":{"108":0.3,"132":0.6},"ShowLowOverheatAnim":42,"ShowExtremeOverheatAnim":90,"ShutdownFallThreshold":0.75,"MaxHeat":150,"WarnAtHeat":42},"Melee":{"Charge":{"AttackerDamagePerTargetTon":0.5,"TargetDamagePerAttackerTon":0.5,"AttackerInstabilityPerTargetTon":0.5,"TargetInstabilityPerAttackerTon":0.5,"DamageClusterDivisor":25.0,"UnsteadyAttackerOnHit":true,"UnsteadyAttackerOnMiss":true,"UnsteadyTargetOnHit":true},"DFA":{"AttackerDamagePerTargetTon":1.5,"TargetDamagePerAttackerTon":1.5,"AttackerInstabilityPerTargetTon":0.5,"TargetInstabilityPerAttackerTon":0.5,"DamageClusterDivisor":25.0,"UnsteadyAttackerOnHit":true,"UnsteadyAttackerOnMiss":true,"UnsteadyTargetOnHit":true},"Kick":{"BaseAttackBonus":-2,"LegActuatorDamageMalus":2,"FootActuatorDamageMalus":1,"TargetDamagePerAttackerTon":1,"TargetInstabilityPerAttackerTon":0.5,"LegActuatorDamageReduction":0.5,"UnsteadyAttackerOnHit":false,"UnsteadyAttackerOnMiss":true,"UnsteadyTargetOnHit":true},"PhysicalWeapon":{"ArmActuatorDamageMalus":2,"DefaultDamagePerAttackerTon":0.2,"DefaultInstabilityPerAttackerTon":0.2,"DefaultUnsteadyAttackerOnHit":false,"DefaultUnsteadyAttackerOnMiss":false,"DefaultUnsteadyTargetOnHit":false},"Punch":{"ArmActuatorDamageMalus":2,"HandActuatorDamageMalus":1,"TargetDamagePerAttackerTon":0.5,"TargetInstabilityPerAttackerTon":0.5,"ArmActuatorDamageReduction":0.5,"UnsteadyAttackerOnHit":false,"UnsteadyAttackerOnMiss":false,"UnsteadyTargetOnHit":false},"Turrets":{"DefaultTonnage":100.0,"LightTonnage":35.0,"MediumTonnage":55.0,"HeavyTonnage":75.0},"AllowMeleeFromSprint":false,"ProneTargetAttackModifier":-1,"ExtraHitsAverageAllDamage":true,"FilterCanUseInMeleeWeaponsByAttack":true}})
21:10:41.946 === MOD CONFIG BEGIN ===
21:10:41.946   Debug: True Trace: True
21:10:41.946   FEATURES => BiomeBreaches: True  PermanentEvasion: True  StartupChecks: True
21:10:41.946   ToHitSelfJumped: 3
21:10:41.946 
21:10:41.946 === CUSTOM CATEGORY OPTIONS ===
21:10:41.946   ShoulderActuatorCategoryId: 'ArmShoulder,ArmShoulderMS'  UpperArmActuatorCategoryId: 'ArmUpperActuator,ArmUpperActuatorMS'  LowerArmActuatorCategoryId: 'ArmLowerActuator,ArmLowerActuatorMS,OmniLowerActuator'  HandActuatorCategoryId: 'ArmHandActuator,ArmLowerActuatorMS,OmniHandActuator'  
21:10:41.946   HipActuatorCategoryId: 'LegHip,LegHipMS'  UpperLegActuatorCategoryId: 'LegUpperActuator,LegUpperActuatorMS'  LowerLegActuatorCategoryId: 'LegLowerActuator,LegLowerActuatorMS'  FootActuatorCategoryId: 'LegFootActuator,LegFootActuatorMS'  
21:10:41.946 
21:10:41.946 === HEAT OPTIONS ===
21:10:41.947   Movement mods: 15 : -1, 30 : -2, 45 : -3, 60 : -4, 75 : -5, 93 : -6, 111 : -7, 129 : -8, 147 : -9, 
21:10:41.947   Firing mods: 24 : 1, 39 : 2, 51 : 3, 72 : 4, 99 : 5, 123 : 6, 144 : 7, 
21:10:41.948   Shutdown chances: 42 : 0.1, 54 : 0.3, 66 : 0.6, 78 : 0.8, 90 : 0.9, 102 : 1, 114 : 1.1, 126 : 1.2, 138 : 1.3, 150 : -1, 
21:10:41.948   Ammo Explosion chances: 57 : 0.1, 69 : 0.2, 84 : 0.3, 105 : 0.4, 120 : 0.5, 135 : 0.6, 150 : 0.75, 
21:10:41.948   Pilot Injury chances: 84 : 0.3, 117 : 0.6, 141 : 0.8, 
21:10:41.948   System Failure chances: 108 : 0.3, 132 : 0.6, 
21:10:41.948   ShowLowOverheatAnim: 42  ShowExtremeOverheatAnim: 90
21:10:41.948   ShutdownFallThreshold: 0.75
21:10:41.948   MaxHeat: 150  WarnAtHeat: 42
21:10:41.948 
21:10:41.948 === MELEE OPTIONS ===
21:10:41.948   ExtraHitsAverageAllDamage: True  ProneTargetAttackModifier: -1  FilterCanUseInMeleeWeaponsByAttack: True
21:10:41.948   -- CHARGE OPTIONS --
21:10:41.948   AttackerDamagePerTargetTon: 0.5  AttackerInstabilityPerTargetTon: 0.5
21:10:41.948   TargetDamagePerAttackerTon: 0.5  TargetInstabilityPerAttackerTon: 0.5
21:10:41.948   DamageClusterDivisor: 25
21:10:41.948   Unsteady => AttackerOnHit: True  AttackerOnMiss: True  TargetOnHit: True
21:10:41.948   TargetVehicleEvasionPipsRemoved: 4
21:10:41.948   MultiplyAttackerSelfDamageByHexesMoved: False
21:10:41.948   SelfCTKillVirtDamageMulti: -1
21:10:41.948 
21:10:41.948   -- DFA OPTIONS --
21:10:41.948   AttackerDamagePerTargetTon: 1.5  AttackerInstabilityPerTargetTon: 0.5
21:10:41.948   TargetDamagePerAttackerTon: 1.5  TargetInstabilityPerAttackerTon: 0.5
21:10:41.948   DamageClusterDivisor: 25
21:10:41.948   Unsteady => AttackerOnHit: True  AttackerOnMiss: True  TargetOnHit: True
21:10:41.948   TargetVehicleEvasionPipsRemoved: 4
21:10:41.948 
21:10:41.948   -- KICK OPTIONS --
21:10:41.948   BaseAttackBonus: -2  LegActuatorDamageMalus: 2  FootActuatorDamageMalus: 1
21:10:41.948   TargetDamagePerAttackerTon: 1  TargetInstabilityPerAttackerTon: 0.5
21:10:41.948   LegActuatorDamageReduction: 0.5
21:10:41.948   Unsteady => AttackerOnHit: False  AttackerOnMiss: True  TargetOnHit: True
21:10:41.948   TargetVehicleEvasionPipsRemoved: 4
21:10:41.948 
21:10:41.948   -- PHYSICAL WEAPON OPTIONS --
21:10:41.948   DefaultDamagePerAttackTon: 0.2  DefaultInstabilityPerAttackerTon: 0.2
21:10:41.948   ArmActuatorDamageMalus: 2
21:10:41.948   Unsteady Default => AttackerOnHit: False  AttackerOnMiss: False  TargetOnHit: False
21:10:41.948   TargetVehicleEvasionPipsRemoved: 0
21:10:41.948 
21:10:41.948   -- PUNCH OPTIONS --
21:10:41.948   TargetDamagePerAttackerTon: 0.5  TargetInstabilityPerAttackerTon: 0.5
21:10:41.948   ArmActuatorDamageMalus: 2  HandActuatorDamageMalus: 1
21:10:41.948   ArmActuatorDamageReduction: 0.5
21:10:41.948   Unsteady => AttackerOnHit: False  AttackerOnMiss: False  TargetOnHit: False
21:10:41.948   TargetVehicleEvasionPipsRemoved: 0
21:10:41.948 
21:10:41.948   -- SWARM OPTIONS --
21:10:41.948 
21:10:41.948 === MOVE OPTIONS ===
21:10:41.948   MinimumMove: 40m  HeatMovePenalty: -24m  RunMulti: x1.5
21:10:41.948   FallAfterChances =>   Jump: 0.3  Run: 0.3
21:10:41.948   MPMetersPerHex: 24m
21:10:41.948 
21:10:41.948 === PILOTING OPTIONS ===
21:10:41.948   StabilityCheck: 0.3
21:10:41.948   DFAReductionMulti: x0.05  FallingDamagePerTenTons: 5
21:10:41.948 
21:10:41.948 === SKILL CHECKS OPTIONS ===
21:10:41.948   PilotingSkillMulti: x0.05  GutsSkillMulti: 0.05
21:10:41.948 === BREACHES OPTIONS ===
21:10:41.948   ThinAtmoCheck: 0.03  VacuumCheck: 0.17
21:10:41.948 
21:10:41.948 === MOD CONFIG END ===
21:10:41.948 INFO: No errors reading settings file.
