18:43:13.442 Invalidated meleeStates for actor: DEPLOY_Deploy_1C1DF7D8
18:43:13.443 Invalidated meleeStates for actor: 0 Gundam Full Armor_Whiskey_CDB452CE
18:43:13.443 Invalidated meleeStates for actor: 0 Gundam_Namazu_F9FAE558
18:43:13.443 Invalidated meleeStates for actor: GM_Radiowave_9D156E66
18:43:13.443 Invalidated meleeStates for actor: GM_Painter_E325BAAE
18:43:13.444 Invalidated meleeStates for actor: Titan_Defender_A3C9A6F1
18:43:13.444 Invalidated meleeStates for actor: Thunderbolt_Defender_BBF6A7B1
18:43:13.445 Invalidated meleeStates for actor: Centurion_Recon_D7EE0657
18:43:13.445 Invalidated meleeStates for actor: Locust_Brawler_EF01A5C3
18:43:13.445 Invalidated meleeStates for actor: Trebuchet_Defender_EC1ABF44
18:43:13.445 Invalidated meleeStates for actor: Trebuchet_Gunner_2084CA97
18:43:13.445 Invalidated meleeStates for actor: Trebuchet_Defender_B5380299
18:43:13.445 Invalidated meleeStates for actor: Trebuchet_Pilot_94E0FD34
18:43:13.445 Invalidated meleeStates for actor: Cicada_Pilot_BE734610
18:43:13.879 Calculating melee condition for actor: DEPLOY_Deploy_1C1DF7D8
18:43:13.880   - Actuator: Hip is functional: True
18:43:13.880   - Actuator: Hip is functional: True
18:43:13.881   - Actuator: Shoulder is functional: True
18:43:13.881   - Actuator: Shoulder is functional: True
18:43:13.881   - Actuator: Upper Leg is functional: True
18:43:13.881   - Actuator: Upper Leg is functional: True
18:43:13.881   - Actuator: Lower Leg is functional: True
18:43:13.881   - Actuator: Lower Leg is functional: True
18:43:13.881   - Actuator: Foot is functional: True
18:43:13.881   - Actuator: Foot is functional: True
18:43:13.881  -- unit can melee
18:43:27.489 Invalidated meleeStates for actor: GM_Painter_E325BAAE
18:43:27.499 Invalidated meleeStates for actor: GM_Radiowave_9D156E66
18:43:27.500 Invalidated meleeStates for actor: 0 Gundam_Namazu_F9FAE558
18:43:27.502 Invalidated meleeStates for actor: 0 Gundam Full Armor_Whiskey_CDB452CE
18:43:27.504 Invalidated meleeStates for actor: DEPLOY_Deploy_1C1DF7D8
18:43:27.540 Invalidated meleeStates for actor: DEPLOY_Deploy_1C1DF7D8
18:43:30.952 Invalidated meleeStates for actor: Trebuchet_Defender_EC1ABF44
18:43:31.264 Invalidated meleeStates for actor: Trebuchet_Defender_EC1ABF44
18:43:33.713 Invalidated meleeStates for actor: Trebuchet_Defender_B5380299
18:43:34.012 Invalidated meleeStates for actor: Trebuchet_Defender_B5380299
18:43:36.170 Invalidated meleeStates for actor: Trebuchet_Pilot_94E0FD34
18:43:36.477 Invalidated meleeStates for actor: Trebuchet_Pilot_94E0FD34
18:43:37.303 Invalidated meleeStates for actor: Trebuchet_Gunner_2084CA97
18:43:37.609 Invalidated meleeStates for actor: Trebuchet_Gunner_2084CA97
18:43:37.992 Invalidated meleeStates for actor: Centurion_Recon_D7EE0657
18:43:38.353 Invalidated meleeStates for actor: Locust_Brawler_EF01A5C3
18:43:38.715 Invalidated meleeStates for actor: Titan_Defender_A3C9A6F1
18:43:39.222 Invalidated meleeStates for actor: Cicada_Pilot_BE734610
18:43:39.582 Invalidated meleeStates for actor: Thunderbolt_Defender_BBF6A7B1
18:43:39.714 Invalidated meleeStates for actor: DEPLOY_Deploy_1C1DF7D8
18:43:39.714 Invalidated meleeStates for actor: 0 Gundam Full Armor_Whiskey_CDB452CE
18:43:39.714 Invalidated meleeStates for actor: 0 Gundam_Namazu_F9FAE558
18:43:39.714 Invalidated meleeStates for actor: GM_Radiowave_9D156E66
18:43:39.714 Invalidated meleeStates for actor: GM_Painter_E325BAAE
18:43:39.714 Invalidated meleeStates for actor: Titan_Defender_A3C9A6F1
18:43:39.715 Invalidated meleeStates for actor: Thunderbolt_Defender_BBF6A7B1
18:43:39.715 Invalidated meleeStates for actor: Centurion_Recon_D7EE0657
18:43:39.715 Invalidated meleeStates for actor: Locust_Brawler_EF01A5C3
18:43:39.715 Invalidated meleeStates for actor: Trebuchet_Defender_EC1ABF44
18:43:39.715 Invalidated meleeStates for actor: Trebuchet_Gunner_2084CA97
18:43:39.715 Invalidated meleeStates for actor: Trebuchet_Defender_B5380299
18:43:39.715 Invalidated meleeStates for actor: Trebuchet_Pilot_94E0FD34
18:43:39.715 Invalidated meleeStates for actor: Cicada_Pilot_BE734610
18:43:41.302 Calculating melee condition for actor: 0 Gundam Full Armor_Whiskey_CDB452CE
18:43:41.302   - Actuator: Hip is functional: True
18:43:41.302   - Actuator: Shoulder is functional: True
18:43:41.302   - Actuator: Shoulder is functional: True
18:43:41.302   - Actuator: Hip is functional: True
18:43:41.302   - Actuator: Upper Leg is functional: True
18:43:41.302   - Actuator: Upper Arm is functional: True
18:43:41.302   - Actuator: Upper Arm is functional: True
18:43:41.302   - Actuator: Upper Leg is functional: True
18:43:41.302   - Actuator: Lower Arm is functional: True
18:43:41.302   - Actuator: Lower Leg is functional: True
18:43:41.302   - Actuator: Lower Leg is functional: True
18:43:41.302   - Actuator: Lower Arm is functional: True
18:43:41.302   - Actuator: Foot is functional: True
18:43:41.302   - Actuator: Foot is functional: True
18:43:41.302   - Actuator: Hand is functional: True
18:43:41.302   - Actuator: Hand is functional: True
18:43:41.302   - Actuator: GN Rifle is functional: True
18:43:41.302   - Actuator: GN Vulcan is functional: True
18:43:41.302   - Actuator: Standard Thruster is functional: True
18:43:41.302   - Actuator: Standard Thruster is functional: True
18:43:41.302  -- unit can melee
18:43:48.685 Calculating melee condition for actor: 0 Gundam_Namazu_F9FAE558
18:43:48.685   - Actuator: Hip is functional: True
18:43:48.685   - Actuator: Shoulder is functional: True
18:43:48.685   - Actuator: Shoulder is functional: True
18:43:48.685   - Actuator: Hip is functional: True
18:43:48.685   - Actuator: Upper Leg is functional: True
18:43:48.685   - Actuator: Upper Arm is functional: True
18:43:48.685   - Actuator: Upper Arm is functional: True
18:43:48.685   - Actuator: Upper Leg is functional: True
18:43:48.685   - Actuator: Lower Arm is functional: True
18:43:48.685   - Actuator: Lower Leg is functional: True
18:43:48.685   - Actuator: Lower Leg is functional: True
18:43:48.685   - Actuator: Lower Arm is functional: True
18:43:48.685   - Actuator: Foot is functional: True
18:43:48.685   - Actuator: Foot is functional: True
18:43:48.685   - Actuator: Hand is functional: True
18:43:48.685   - Actuator: Hand is functional: True
18:43:48.685   - Actuator: GN Rifle is functional: True
18:43:48.685   - Actuator: GN Shield is functional: True
18:43:48.686   - Actuator: Standard Thruster is functional: True
18:43:48.686   - Actuator: Standard Thruster is functional: True
18:43:48.686  -- unit has physical weapon
18:43:48.686  -- unit can melee
18:43:54.154 Invalidated meleeStates for actor: 0 Gundam_Namazu_F9FAE558
18:43:54.477 Invalidated meleeStates for actor: 0 Gundam_Namazu_F9FAE558
18:43:58.761 Invalidated meleeStates for actor: 0 Gundam Full Armor_Whiskey_CDB452CE
18:43:58.770 Calculating melee condition for actor: GM_Radiowave_9D156E66
18:43:58.770   - Actuator: Hip is functional: True
18:43:58.770   - Actuator: Shoulder is functional: True
18:43:58.770   - Actuator: Shoulder is functional: True
18:43:58.770   - Actuator: Hip is functional: True
18:43:58.770   - Actuator: Upper Arm is functional: True
18:43:58.770   - Actuator: Upper Arm is functional: True
18:43:58.770   - Actuator: Upper Leg is functional: True
18:43:58.770   - Actuator: Upper Leg is functional: True
18:43:58.770   - Actuator: Lower Arm is functional: True
18:43:58.770   - Actuator: Lower Arm is functional: True
18:43:58.770   - Actuator: Lower Leg is functional: True
18:43:58.770   - Actuator: Lower Leg is functional: True
18:43:58.770   - Actuator: Foot is functional: True
18:43:58.770   - Actuator: Foot is functional: True
18:43:58.770   - Actuator: Hand is functional: True
18:43:58.770   - Actuator: Hand is functional: True
18:43:58.770   - Actuator: Standard Thruster is functional: True
18:43:58.770   - Actuator: Standard Thruster is functional: True
18:43:58.770   - Actuator: Beam Spray Gun is functional: True
18:43:58.770   - Actuator: GM Shield is functional: True
18:43:58.770  -- unit can melee
18:43:59.086 Invalidated meleeStates for actor: 0 Gundam Full Armor_Whiskey_CDB452CE
18:44:02.487 Invalidated meleeStates for actor: GM_Radiowave_9D156E66
18:44:02.495 Calculating melee condition for actor: GM_Painter_E325BAAE
18:44:02.495   - Actuator: Hip is functional: True
18:44:02.495   - Actuator: Shoulder is functional: True
18:44:02.495   - Actuator: Shoulder is functional: True
18:44:02.495   - Actuator: Hip is functional: True
18:44:02.495   - Actuator: Upper Arm is functional: True
18:44:02.495   - Actuator: Upper Arm is functional: True
18:44:02.495   - Actuator: Upper Leg is functional: True
18:44:02.495   - Actuator: Upper Leg is functional: True
18:44:02.495   - Actuator: Lower Arm is functional: True
18:44:02.495   - Actuator: Lower Arm is functional: True
18:44:02.495   - Actuator: Lower Leg is functional: True
18:44:02.495   - Actuator: Lower Leg is functional: True
18:44:02.495   - Actuator: Foot is functional: True
18:44:02.495   - Actuator: Foot is functional: True
18:44:02.495   - Actuator: Hand is functional: True
18:44:02.495   - Actuator: Hand is functional: True
18:44:02.495   - Actuator: Standard Thruster is functional: True
18:44:02.495   - Actuator: Standard Thruster is functional: True
18:44:02.495   - Actuator: Beam Spray Gun is functional: True
18:44:02.495   - Actuator: GM Shield is functional: True
18:44:02.495  -- unit can melee
18:44:02.799 Invalidated meleeStates for actor: GM_Radiowave_9D156E66
18:44:05.452 Invalidated meleeStates for actor: GM_Painter_E325BAAE
18:44:05.763 Invalidated meleeStates for actor: GM_Painter_E325BAAE
18:44:06.907 Invalidated meleeStates for actor: DEPLOY_Deploy_1C1DF7D8
18:44:06.907 Invalidated meleeStates for actor: 0 Gundam Full Armor_Whiskey_CDB452CE
18:44:06.908 Invalidated meleeStates for actor: 0 Gundam_Namazu_F9FAE558
18:44:06.908 Invalidated meleeStates for actor: GM_Radiowave_9D156E66
18:44:06.908 Invalidated meleeStates for actor: GM_Painter_E325BAAE
18:44:06.911 Invalidated meleeStates for actor: Titan_Defender_A3C9A6F1
18:44:06.911 Invalidated meleeStates for actor: Thunderbolt_Defender_BBF6A7B1
18:44:06.911 Invalidated meleeStates for actor: Centurion_Recon_D7EE0657
18:44:06.912 Invalidated meleeStates for actor: Locust_Brawler_EF01A5C3
18:44:06.912 Invalidated meleeStates for actor: Trebuchet_Defender_EC1ABF44
18:44:06.912 Invalidated meleeStates for actor: Trebuchet_Gunner_2084CA97
18:44:06.912 Invalidated meleeStates for actor: Trebuchet_Defender_B5380299
18:44:06.912 Invalidated meleeStates for actor: Trebuchet_Pilot_94E0FD34
18:44:06.912 Invalidated meleeStates for actor: Cicada_Pilot_BE734610
18:44:10.211 Invalidated meleeStates for actor: Locust_Brawler_EF01A5C3
18:44:11.853 Calculating melee condition for actor: GM_Radiowave_9D156E66
18:44:11.853   - Actuator: Hip is functional: True
18:44:11.853   - Actuator: Shoulder is functional: True
18:44:11.853   - Actuator: Shoulder is functional: True
18:44:11.853   - Actuator: Hip is functional: True
18:44:11.853   - Actuator: Upper Arm is functional: True
18:44:11.853   - Actuator: Upper Arm is functional: True
18:44:11.853   - Actuator: Upper Leg is functional: True
18:44:11.853   - Actuator: Upper Leg is functional: True
18:44:11.853   - Actuator: Lower Arm is functional: True
18:44:11.853   - Actuator: Lower Arm is functional: True
18:44:11.853   - Actuator: Lower Leg is functional: True
18:44:11.853   - Actuator: Lower Leg is functional: True
18:44:11.854   - Actuator: Foot is functional: True
18:44:11.854   - Actuator: Foot is functional: True
18:44:11.854   - Actuator: Hand is functional: True
18:44:11.854   - Actuator: Hand is functional: True
18:44:11.854   - Actuator: Standard Thruster is functional: True
18:44:11.854   - Actuator: Standard Thruster is functional: True
18:44:11.854   - Actuator: Beam Spray Gun is functional: True
18:44:11.854   - Actuator: GM Shield is functional: True
18:44:11.854  -- unit can melee
18:44:18.669 Invalidated meleeStates for actor: GM_Radiowave_9D156E66
18:44:21.128 Invalidated meleeStates for actor: Trebuchet_Defender_EC1ABF44
18:44:21.270 Calculating melee condition for actor: GM_Painter_E325BAAE
18:44:21.270   - Actuator: Hip is functional: True
18:44:21.270   - Actuator: Shoulder is functional: True
18:44:21.270   - Actuator: Shoulder is functional: True
18:44:21.270   - Actuator: Hip is functional: True
18:44:21.270   - Actuator: Upper Arm is functional: True
18:44:21.270   - Actuator: Upper Arm is functional: True
18:44:21.270   - Actuator: Upper Leg is functional: True
18:44:21.270   - Actuator: Upper Leg is functional: True
18:44:21.270   - Actuator: Lower Arm is functional: True
18:44:21.270   - Actuator: Lower Arm is functional: True
18:44:21.270   - Actuator: Lower Leg is functional: True
18:44:21.270   - Actuator: Lower Leg is functional: True
18:44:21.270   - Actuator: Foot is functional: True
18:44:21.270   - Actuator: Foot is functional: True
18:44:21.270   - Actuator: Hand is functional: True
18:44:21.270   - Actuator: Hand is functional: True
18:44:21.270   - Actuator: Standard Thruster is functional: True
18:44:21.270   - Actuator: Standard Thruster is functional: True
18:44:21.270   - Actuator: Beam Spray Gun is functional: True
18:44:21.270   - Actuator: GM Shield is functional: True
18:44:21.270  -- unit can melee
18:44:28.976 Invalidated meleeStates for actor: GM_Painter_E325BAAE
18:44:30.257 Invalidated meleeStates for actor: Trebuchet_Defender_B5380299
18:44:34.382 Invalidated meleeStates for actor: Trebuchet_Gunner_2084CA97
18:44:35.757 Invalidated meleeStates for actor: Trebuchet_Pilot_94E0FD34
18:44:37.667 Invalidated meleeStates for actor: Centurion_Recon_D7EE0657
18:44:39.939 Invalidated meleeStates for actor: Cicada_Pilot_BE734610
18:44:40.444 Calculating melee condition for actor: 0 Gundam Full Armor_Whiskey_CDB452CE
18:44:40.444   - Actuator: Hip is functional: True
18:44:40.444   - Actuator: Shoulder is functional: True
18:44:40.445   - Actuator: Shoulder is functional: True
18:44:40.445   - Actuator: Hip is functional: True
18:44:40.445   - Actuator: Upper Leg is functional: True
18:44:40.445   - Actuator: Upper Arm is functional: True
18:44:40.445   - Actuator: Upper Arm is functional: True
18:44:40.445   - Actuator: Upper Leg is functional: True
18:44:40.445   - Actuator: Lower Arm is functional: True
18:44:40.445   - Actuator: Lower Leg is functional: True
18:44:40.445   - Actuator: Lower Leg is functional: True
18:44:40.445   - Actuator: Lower Arm is functional: True
18:44:40.445   - Actuator: Foot is functional: True
18:44:40.445   - Actuator: Foot is functional: True
18:44:40.445   - Actuator: Hand is functional: True
18:44:40.445   - Actuator: Hand is functional: True
18:44:40.445   - Actuator: GN Rifle is functional: True
18:44:40.445   - Actuator: GN Vulcan is functional: True
18:44:40.445   - Actuator: Standard Thruster is functional: True
18:44:40.445   - Actuator: Standard Thruster is functional: True
18:44:40.445  -- unit can melee
