02:37:58.289 In ShutdownIndicator, projectedHeat 0 => calculatedHeat: 0 vs 42
02:37:58.289   current: 0 projected: 0 temp: 0  sinkable: -96  sinkCapacity: -96  future: 0  threshold: 0
02:37:58.289   CACTerrainHeat0  CurrentPathNodes: 0  isProjectedHeat: False
02:37:59.080 In ShutdownIndicator, projectedHeat 0 => calculatedHeat: 0 vs 42
02:37:59.080   current: 0 projected: 0 temp: 0  sinkable: -32  sinkCapacity: -32  future: 0  threshold: 0
02:37:59.080   CACTerrainHeat0  CurrentPathNodes: 0  isProjectedHeat: False
02:38:01.526 In ShutdownIndicator, projectedHeat 5 => calculatedHeat: 0 vs 42
02:38:01.526   current: 0 projected: 5 temp: 0  sinkable: -32  sinkCapacity: -32  future: 5  threshold: 0
02:38:01.531   CACTerrainHeat0  CurrentPathNodes: 5  isProjectedHeat: True
02:38:05.709 In ShutdownIndicator, projectedHeat 5 => calculatedHeat: 0 vs 42
02:38:05.709   current: 0 projected: 5 temp: 0  sinkable: -32  sinkCapacity: -32  future: 5  threshold: 0
02:38:05.709   CACTerrainHeat0  CurrentPathNodes: 5  isProjectedHeat: True
02:38:40.942 In ShutdownIndicator, projectedHeat 5 => calculatedHeat: 0 vs 42
02:38:40.943   current: 0 projected: 5 temp: 0  sinkable: -32  sinkCapacity: -32  future: 5  threshold: 0
02:38:40.943   CACTerrainHeat0  CurrentPathNodes: 2  isProjectedHeat: True
02:38:46.888 In ShutdownIndicator, projectedHeat 0 => calculatedHeat: 0 vs 42
02:38:46.888   current: 0 projected: 0 temp: 0  sinkable: -96  sinkCapacity: -96  future: 0  threshold: 0
02:38:46.888   CACTerrainHeat0  CurrentPathNodes: 2  isProjectedHeat: True
02:38:50.153 In ShutdownIndicator, projectedHeat 0 => calculatedHeat: 0 vs 42
02:38:50.153   current: 0 projected: 0 temp: 0  sinkable: -32  sinkCapacity: -32  future: 0  threshold: 0
02:38:50.153   CACTerrainHeat0  CurrentPathNodes: 0  isProjectedHeat: False
02:38:52.701 In ShutdownIndicator, projectedHeat 5 => calculatedHeat: 0 vs 42
02:38:52.701   current: 0 projected: 5 temp: 0  sinkable: -32  sinkCapacity: -32  future: 5  threshold: 0
02:38:52.701   CACTerrainHeat0  CurrentPathNodes: 6  isProjectedHeat: True
02:39:10.369 In ShutdownIndicator, projectedHeat 5 => calculatedHeat: 0 vs 42
02:39:10.369   current: 0 projected: 5 temp: 5  sinkable: -48  sinkCapacity: -48  future: 10  threshold: 0
02:39:10.369   CACTerrainHeat0  CurrentPathNodes: 7  isProjectedHeat: True
02:39:10.372 In ShutdownIndicator, projectedHeat 5 => calculatedHeat: 0 vs 42
02:39:10.372   current: 0 projected: 5 temp: 5  sinkable: -48  sinkCapacity: -48  future: 10  threshold: 0
02:39:10.372   CACTerrainHeat0  CurrentPathNodes: 7  isProjectedHeat: True
02:39:12.776 In ShutdownIndicator, projectedHeat 0 => calculatedHeat: 0 vs 42
02:39:12.776   current: 0 projected: 0 temp: 0  sinkable: -48  sinkCapacity: -55  future: 0  threshold: 0
02:39:12.776   CACTerrainHeat0  CurrentPathNodes: 3  isProjectedHeat: True
02:39:13.847 In ShutdownIndicator, projectedHeat 0 => calculatedHeat: 0 vs 42
02:39:13.847   current: 0 projected: 0 temp: 0  sinkable: -48  sinkCapacity: -55  future: 0  threshold: 0
02:39:13.847   CACTerrainHeat0  CurrentPathNodes: 7  isProjectedHeat: True
02:39:14.337 In ShutdownIndicator, projectedHeat 0 => calculatedHeat: 0 vs 42
02:39:14.337   current: 0 projected: 0 temp: 0  sinkable: -48  sinkCapacity: -55  future: 0  threshold: 0
02:39:14.337   CACTerrainHeat0  CurrentPathNodes: 1  isProjectedHeat: True
02:39:16.234 ShowFireButton:PRE called with mode: Reserve
02:39:16.243 Disabling all CHUD_Fire_Buttons
02:39:17.352 CHUDFB - OnClick FIRED for FireMode: Reserve
02:39:21.618 In ShutdownIndicator, projectedHeat 0 => calculatedHeat: 0 vs 42
02:39:21.618   current: 0 projected: 0 temp: 0  sinkable: -32  sinkCapacity: -37  future: 0  threshold: 0
02:39:21.618   CACTerrainHeat0  CurrentPathNodes: 7  isProjectedHeat: True
02:39:29.648 In ShutdownIndicator, projectedHeat 0 => calculatedHeat: 0 vs 42
02:39:29.648   current: 0 projected: 0 temp: 0  sinkable: -96  sinkCapacity: -101  future: 0  threshold: 0
02:39:29.648   CACTerrainHeat0  CurrentPathNodes: 2  isProjectedHeat: True
02:39:34.809 In ShutdownIndicator, projectedHeat 0 => calculatedHeat: 0 vs 42
02:39:34.809   current: 0 projected: 0 temp: 0  sinkable: -39  sinkCapacity: -39  future: 0  threshold: 0
02:39:34.809   CACTerrainHeat0  CurrentPathNodes: 0  isProjectedHeat: False
02:39:34.817 ShowFireButton:PRE called with mode: Fire
02:39:34.819 ShowFireButton:POST called with mode: Fire for actor: Stalker  GN_Buckshot_7B9F1E30  at pos: (-528.0, 160.8, -291.0)
02:39:34.838 In ShutdownIndicator, projectedHeat 56 => calculatedHeat: 0 vs 42
02:39:34.838   current: 0 projected: 56 temp: 0  sinkable: -96  sinkCapacity: -101  future: 56  threshold: 0
02:39:34.838   CACTerrainHeat0  CurrentPathNodes: 3  isProjectedHeat: True
02:39:34.914 In ShutdownIndicator, projectedHeat 56 => calculatedHeat: 17 vs 42
02:39:34.914   current: 0 projected: 56 temp: 0  sinkable: -39  sinkCapacity: -39  future: 56  threshold: 17
02:39:34.914   CACTerrainHeat0  CurrentPathNodes: 0  isProjectedHeat: True
02:39:35.409 In ShutdownIndicator, projectedHeat 56 => calculatedHeat: 17 vs 42
02:39:35.409   current: 0 projected: 56 temp: 0  sinkable: -39  sinkCapacity: -54  future: 56  threshold: 17
02:39:35.409   CACTerrainHeat0  CurrentPathNodes: 1  isProjectedHeat: True
02:39:35.410 ShowFireButton:PRE called with mode: Fire
02:39:35.411 ShowFireButton:POST called with mode: Fire for actor: Stalker  GN_Buckshot_7B9F1E30  at pos: (-528.0, 160.8, -291.0)
02:39:35.414 In ShutdownIndicator, projectedHeat 56 => calculatedHeat: 17 vs 42
02:39:35.414   current: 0 projected: 56 temp: 0  sinkable: -39  sinkCapacity: -54  future: 56  threshold: 17
02:39:35.414   CACTerrainHeat0  CurrentPathNodes: 1  isProjectedHeat: True
02:39:40.636 ShowFireButton:PRE called with mode: Confirm
02:39:40.638 Disabling all CHUD_Fire_Buttons
02:39:41.625 CHUDFB - OnClick FIRED for FireMode: Confirm
02:39:42.622 In ShutdownIndicator, projectedHeat 56 => calculatedHeat: 0 vs 42
02:39:42.622   current: 0 projected: 56 temp: 0  sinkable: -96  sinkCapacity: -96  future: 56  threshold: 0
02:39:42.622   CACTerrainHeat0  CurrentPathNodes: 3  isProjectedHeat: True
02:39:42.633 ShowFireButton:PRE called with mode: DoneWithAll
02:39:42.635 Disabling all CHUD_Fire_Buttons
02:39:42.637 In ShutdownIndicator, projectedHeat 0 => calculatedHeat: 0 vs 42
02:39:42.637   current: 0 projected: 0 temp: 0  sinkable: -96  sinkCapacity: -96  future: 0  threshold: 0
02:39:42.637   CACTerrainHeat0  CurrentPathNodes: 3  isProjectedHeat: True
02:39:42.819 In ShutdownIndicator, projectedHeat 0 => calculatedHeat: 0 vs 42
02:39:42.820   current: 0 projected: 0 temp: 56  sinkable: -96  sinkCapacity: -96  future: 56  threshold: 0
02:39:42.820   CACTerrainHeat0  CurrentPathNodes: 3  isProjectedHeat: True
02:40:10.335 In ShutdownIndicator, projectedHeat 0 => calculatedHeat: 0 vs 42
02:40:10.335   current: 0 projected: 0 temp: 0  sinkable: -32  sinkCapacity: -37  future: 0  threshold: 0
02:40:10.335   CACTerrainHeat0  CurrentPathNodes: 7  isProjectedHeat: True
02:40:19.451 In ShutdownIndicator, projectedHeat 0 => calculatedHeat: 0 vs 42
02:40:19.451   current: 0 projected: 0 temp: 0  sinkable: -32  sinkCapacity: -37  future: 0  threshold: 0
02:40:19.451   CACTerrainHeat0  CurrentPathNodes: 5  isProjectedHeat: True
02:40:20.547 In ShutdownIndicator, projectedHeat 0 => calculatedHeat: 0 vs 42
02:40:20.547   current: 0 projected: 0 temp: 0  sinkable: -32  sinkCapacity: -37  future: 0  threshold: 0
02:40:20.547   CACTerrainHeat0  CurrentPathNodes: 5  isProjectedHeat: True
02:40:22.757 In ShutdownIndicator, projectedHeat 0 => calculatedHeat: 0 vs 42
02:40:22.757   current: 0 projected: 0 temp: 0  sinkable: -32  sinkCapacity: -37  future: 0  threshold: 0
02:40:22.757   CACTerrainHeat0  CurrentPathNodes: 5  isProjectedHeat: True
02:40:22.760 In ShutdownIndicator, projectedHeat 0 => calculatedHeat: 0 vs 42
02:40:22.760   current: 0 projected: 0 temp: 0  sinkable: -32  sinkCapacity: -37  future: 0  threshold: 0
02:40:22.760   CACTerrainHeat0  CurrentPathNodes: 5  isProjectedHeat: True
02:40:22.762 In ShutdownIndicator, projectedHeat 0 => calculatedHeat: 0 vs 42
02:40:22.762   current: 0 projected: 0 temp: 0  sinkable: -32  sinkCapacity: -37  future: 0  threshold: 0
02:40:22.762   CACTerrainHeat0  CurrentPathNodes: 5  isProjectedHeat: True
02:40:22.765 In ShutdownIndicator, projectedHeat 0 => calculatedHeat: 0 vs 42
02:40:22.765   current: 0 projected: 0 temp: 0  sinkable: -32  sinkCapacity: -37  future: 0  threshold: 0
02:40:22.765   CACTerrainHeat0  CurrentPathNodes: 5  isProjectedHeat: True
02:40:23.307 In ShutdownIndicator, projectedHeat 0 => calculatedHeat: 0 vs 42
02:40:23.307   current: 0 projected: 0 temp: 0  sinkable: -32  sinkCapacity: -37  future: 0  threshold: 0
02:40:23.307   CACTerrainHeat0  CurrentPathNodes: 5  isProjectedHeat: True
02:40:23.470 In ShutdownIndicator, projectedHeat 0 => calculatedHeat: 0 vs 42
02:40:23.470   current: 0 projected: 0 temp: 0  sinkable: -32  sinkCapacity: -37  future: 0  threshold: 0
02:40:23.470   CACTerrainHeat0  CurrentPathNodes: 5  isProjectedHeat: True
02:40:23.618 In ShutdownIndicator, projectedHeat 0 => calculatedHeat: 0 vs 42
02:40:23.618   current: 0 projected: 0 temp: 0  sinkable: -32  sinkCapacity: -37  future: 0  threshold: 0
02:40:23.618   CACTerrainHeat0  CurrentPathNodes: 5  isProjectedHeat: True
02:40:28.123 ShowFireButton:PRE called with mode: DoneWithAll
02:40:28.125 Disabling all CHUD_Fire_Buttons
02:40:28.770 In ShutdownIndicator, projectedHeat 0 => calculatedHeat: 0 vs 42
02:40:28.770   current: 0 projected: 0 temp: 0  sinkable: -32  sinkCapacity: -37  future: 0  threshold: 0
02:40:28.770   CACTerrainHeat0  CurrentPathNodes: 5  isProjectedHeat: True
02:40:34.669 In ShutdownIndicator, projectedHeat 0 => calculatedHeat: 0 vs 42
02:40:34.669   current: 0 projected: 0 temp: 0  sinkable: -32  sinkCapacity: -32  future: 0  threshold: 0
02:40:34.669   CACTerrainHeat0  CurrentPathNodes: 3  isProjectedHeat: True
02:40:34.671 In ShutdownIndicator, projectedHeat 0 => calculatedHeat: 0 vs 42
02:40:34.671   current: 0 projected: 0 temp: 0  sinkable: -32  sinkCapacity: -32  future: 0  threshold: 0
02:40:34.671   CACTerrainHeat0  CurrentPathNodes: 3  isProjectedHeat: True
02:40:36.340 In ShutdownIndicator, projectedHeat 0 => calculatedHeat: 0 vs 42
02:40:36.340   current: 0 projected: 0 temp: 0  sinkable: -39  sinkCapacity: -39  future: 0  threshold: 0
02:40:36.340   CACTerrainHeat0  CurrentPathNodes: 0  isProjectedHeat: False
02:40:36.342 ShowFireButton:PRE called with mode: Fire
02:40:36.343 ShowFireButton:POST called with mode: Fire for actor: Marauder_Kraken_EC1A10DE  at pos: (-132.0, 178.5, 20.8)
02:40:36.349 In ShutdownIndicator, projectedHeat 77 => calculatedHeat: 45 vs 42
02:40:36.349   current: 0 projected: 77 temp: 0  sinkable: -32  sinkCapacity: -32  future: 77  threshold: 45
02:40:36.349   CACTerrainHeat0  CurrentPathNodes: 3  isProjectedHeat: True
02:40:36.349 Mech Marauder_Kraken_EC1A10DE has thresholdHeat 45 >= warningHeat: 42. Displaying heat warning.
02:40:36.450 In ShutdownIndicator, projectedHeat 77 => calculatedHeat: 38 vs 42
02:40:36.450   current: 0 projected: 77 temp: 0  sinkable: -39  sinkCapacity: -39  future: 77  threshold: 38
02:40:36.450   CACTerrainHeat0  CurrentPathNodes: 0  isProjectedHeat: True
02:40:36.991 In ShutdownIndicator, projectedHeat 77 => calculatedHeat: 38 vs 42
02:40:36.991   current: 0 projected: 77 temp: 0  sinkable: -39  sinkCapacity: -39  future: 77  threshold: 38
02:40:36.991   CACTerrainHeat0  CurrentPathNodes: 0  isProjectedHeat: True
02:40:36.992 ShowFireButton:PRE called with mode: Fire
02:40:36.993 ShowFireButton:POST called with mode: Fire for actor: Marauder_Kraken_EC1A10DE  at pos: (-132.0, 178.5, 20.8)
02:40:36.996 In ShutdownIndicator, projectedHeat 77 => calculatedHeat: 38 vs 42
02:40:36.996   current: 0 projected: 77 temp: 0  sinkable: -39  sinkCapacity: -39  future: 77  threshold: 38
02:40:36.996   CACTerrainHeat0  CurrentPathNodes: 0  isProjectedHeat: True
02:40:37.410 In ShutdownIndicator, projectedHeat 77 => calculatedHeat: 38 vs 42
02:40:37.410   current: 0 projected: 77 temp: 0  sinkable: -39  sinkCapacity: -54  future: 77  threshold: 38
02:40:37.410   CACTerrainHeat0  CurrentPathNodes: 1  isProjectedHeat: True
02:40:37.411 ShowFireButton:PRE called with mode: Fire
02:40:37.411 ShowFireButton:POST called with mode: Fire for actor: Marauder_Kraken_EC1A10DE  at pos: (-132.0, 178.5, 20.8)
02:40:37.415 In ShutdownIndicator, projectedHeat 77 => calculatedHeat: 38 vs 42
02:40:37.415   current: 0 projected: 77 temp: 0  sinkable: -39  sinkCapacity: -54  future: 77  threshold: 38
02:40:37.415   CACTerrainHeat0  CurrentPathNodes: 1  isProjectedHeat: True
02:40:37.896 In ShutdownIndicator, projectedHeat 77 => calculatedHeat: 38 vs 42
02:40:37.896   current: 0 projected: 77 temp: 0  sinkable: -39  sinkCapacity: -54  future: 77  threshold: 38
02:40:37.896   CACTerrainHeat0  CurrentPathNodes: 1  isProjectedHeat: True
02:40:37.939 In ShutdownIndicator, projectedHeat 77 => calculatedHeat: 38 vs 42
02:40:37.939   current: 0 projected: 77 temp: 0  sinkable: -39  sinkCapacity: -54  future: 77  threshold: 38
02:40:37.939   CACTerrainHeat0  CurrentPathNodes: 1  isProjectedHeat: True
02:40:37.949 In ShutdownIndicator, projectedHeat 77 => calculatedHeat: 38 vs 42
02:40:37.949   current: 0 projected: 77 temp: 0  sinkable: -39  sinkCapacity: -54  future: 77  threshold: 38
02:40:37.949   CACTerrainHeat0  CurrentPathNodes: 1  isProjectedHeat: True
02:40:38.058 In ShutdownIndicator, projectedHeat 77 => calculatedHeat: 38 vs 42
02:40:38.058   current: 0 projected: 77 temp: 0  sinkable: -39  sinkCapacity: -54  future: 77  threshold: 38
02:40:38.058   CACTerrainHeat0  CurrentPathNodes: 1  isProjectedHeat: True
02:40:40.760 In ShutdownIndicator, projectedHeat 59 => calculatedHeat: 27 vs 42
02:40:40.760   current: 0 projected: 59 temp: 0  sinkable: -32  sinkCapacity: -32  future: 59  threshold: 27
02:40:40.760   CACTerrainHeat0  CurrentPathNodes: 3  isProjectedHeat: True
02:40:44.312 In ShutdownIndicator, projectedHeat 69 => calculatedHeat: 37 vs 42
02:40:44.312   current: 0 projected: 69 temp: 0  sinkable: -32  sinkCapacity: -32  future: 69  threshold: 37
02:40:44.312   CACTerrainHeat0  CurrentPathNodes: 3  isProjectedHeat: True
02:40:45.186 CHUDFB - OnClick FIRED for FireMode: Fire
02:40:45.400 In ShutdownIndicator, projectedHeat 39 => calculatedHeat: 37 vs 42
02:40:45.400   current: 0 projected: 39 temp: 30  sinkable: -32  sinkCapacity: -32  future: 69  threshold: 37
02:40:45.400   CACTerrainHeat0  CurrentPathNodes: 3  isProjectedHeat: True
02:40:46.078 In ShutdownIndicator, projectedHeat 27 => calculatedHeat: 37 vs 42
02:40:46.078   current: 0 projected: 27 temp: 42  sinkable: -32  sinkCapacity: -32  future: 69  threshold: 37
02:40:46.078   CACTerrainHeat0  CurrentPathNodes: 3  isProjectedHeat: True
02:40:46.650 In ShutdownIndicator, projectedHeat 18 => calculatedHeat: 37 vs 42
02:40:46.650   current: 0 projected: 18 temp: 51  sinkable: -32  sinkCapacity: -32  future: 69  threshold: 37
02:40:46.650   CACTerrainHeat0  CurrentPathNodes: 3  isProjectedHeat: True
02:40:46.683 In ShutdownIndicator, projectedHeat 8 => calculatedHeat: 37 vs 42
02:40:46.683   current: 0 projected: 8 temp: 61  sinkable: -32  sinkCapacity: -32  future: 69  threshold: 37
02:40:46.683   CACTerrainHeat0  CurrentPathNodes: 3  isProjectedHeat: True
02:40:47.594 In ShutdownIndicator, projectedHeat 0 => calculatedHeat: 37 vs 42
02:40:47.594   current: 0 projected: 0 temp: 69  sinkable: -32  sinkCapacity: -32  future: 69  threshold: 37
02:40:47.594   CACTerrainHeat0  CurrentPathNodes: 3  isProjectedHeat: True
02:40:56.062 In ShutdownIndicator, projectedHeat 0 => calculatedHeat: 37 vs 42
02:40:56.062   current: 69 projected: 0 temp: 0  sinkable: -32  sinkCapacity: -32  future: 69  threshold: 37
02:40:56.062   CACTerrainHeat0  CurrentPathNodes: 3  isProjectedHeat: True
02:41:04.306 In ShutdownIndicator, projectedHeat 0 => calculatedHeat: 5 vs 42
02:41:04.306   current: 37 projected: 0 temp: 0  sinkable: -32  sinkCapacity: -64  future: 37  threshold: 5
02:41:04.306   CACTerrainHeat0  CurrentPathNodes: 3  isProjectedHeat: True
02:41:13.426 ShowFireButton:PRE called with mode: DoneWithAll
02:41:13.428 Disabling all CHUD_Fire_Buttons
