18:49:20.184 Resetting pathing for actor: Spider__AF6932BD
18:49:20.184 Resetting path grid for actor: Spider__AF6932BD for origin: (-552.0, 184.0, -415.7) and beginAngle: 0
18:49:20.191  -- after reset, actor: Spider__AF6932BD has maxDistance =>  walk: 216  sprint: 324  backwards: 216
18:49:20.192  -- after reset, actor: Spider__AF6932BD has maxDistance =>  walk: 216  sprint: 324  backwards: 216
18:49:20.263 Resetting pathing for actor: Spider__AF6932BD
18:49:20.263 Resetting path grid for actor: Spider__AF6932BD for origin: (-576.0, 202.9, -457.3) and beginAngle: 0
18:49:20.265  -- after reset, actor: Spider__AF6932BD has maxDistance =>  walk: 216  sprint: 324  backwards: 216
18:49:20.270  -- after reset, actor: Spider__AF6932BD has maxDistance =>  walk: 216  sprint: 324  backwards: 216
18:49:20.276 Resetting pathing for actor: Spider__AF6932BD
18:49:20.276 Resetting path grid for actor: Spider__AF6932BD for origin: (-576.0, 202.1, -457.3) and beginAngle: 0
18:49:20.276  -- after reset, actor: Spider__AF6932BD has maxDistance =>  walk: 216  sprint: 324  backwards: 216
18:49:20.276  -- after reset, actor: Spider__AF6932BD has maxDistance =>  walk: 216  sprint: 324  backwards: 216
18:49:20.278 Resetting pathing for actor: Spider__AF6932BD
18:49:20.278 Resetting path grid for actor: Spider__AF6932BD for origin: (-576.0, 202.1, -457.3) and beginAngle: 0
18:49:20.278  -- after reset, actor: Spider__AF6932BD has maxDistance =>  walk: 216  sprint: 324  backwards: 216
18:49:20.278  -- after reset, actor: Spider__AF6932BD has maxDistance =>  walk: 216  sprint: 324  backwards: 216
18:49:20.356 Resetting pathing for actor: Spider__AF6932BD
18:49:20.356 Resetting path grid for actor: Spider__AF6932BD for origin: (252.0, 205.2, -20.8) and beginAngle: 0
18:49:20.356  -- after reset, actor: Spider__AF6932BD has maxDistance =>  walk: 216  sprint: 324  backwards: 216
18:49:20.356  -- after reset, actor: Spider__AF6932BD has maxDistance =>  walk: 216  sprint: 324  backwards: 216
18:49:20.385 Resetting pathing for actor: Spider__AF6932BD
18:49:20.385 Resetting path grid for actor: Spider__AF6932BD for origin: (252.0, 205.5, -20.8) and beginAngle: 0
18:49:20.386  -- after reset, actor: Spider__AF6932BD has maxDistance =>  walk: 216  sprint: 324  backwards: 216
18:49:20.386  -- after reset, actor: Spider__AF6932BD has maxDistance =>  walk: 216  sprint: 324  backwards: 216
18:49:20.386 Resetting pathing for actor: Spider__AF6932BD
18:49:20.386 Resetting path grid for actor: Spider__AF6932BD for origin: (252.0, 205.5, -20.8) and beginAngle: 0
18:49:20.386  -- after reset, actor: Spider__AF6932BD has maxDistance =>  walk: 216  sprint: 324  backwards: 216
18:49:20.386  -- after reset, actor: Spider__AF6932BD has maxDistance =>  walk: 216  sprint: 324  backwards: 216
18:49:20.436 Resetting pathing for actor: Spider__AF6932BD
18:49:20.436 Resetting path grid for actor: Spider__AF6932BD for origin: (276.0, 202.6, -20.8) and beginAngle: 0
18:49:20.436  -- after reset, actor: Spider__AF6932BD has maxDistance =>  walk: 216  sprint: 324  backwards: 216
18:49:20.436  -- after reset, actor: Spider__AF6932BD has maxDistance =>  walk: 216  sprint: 324  backwards: 216
18:49:20.470 Resetting pathing for actor: Spider__AF6932BD
18:49:20.470 Resetting path grid for actor: Spider__AF6932BD for origin: (276.0, 202.9, -20.8) and beginAngle: 0
18:49:20.470  -- after reset, actor: Spider__AF6932BD has maxDistance =>  walk: 216  sprint: 324  backwards: 216
18:49:20.470  -- after reset, actor: Spider__AF6932BD has maxDistance =>  walk: 216  sprint: 324  backwards: 216
18:49:20.470 Resetting pathing for actor: Spider__AF6932BD
18:49:20.470 Resetting path grid for actor: Spider__AF6932BD for origin: (276.0, 202.9, -20.8) and beginAngle: 0
18:49:20.471  -- after reset, actor: Spider__AF6932BD has maxDistance =>  walk: 216  sprint: 324  backwards: 216
18:49:20.471  -- after reset, actor: Spider__AF6932BD has maxDistance =>  walk: 216  sprint: 324  backwards: 216
18:49:20.506 Resetting pathing for actor: Spider__AF6932BD
18:49:20.506 Resetting path grid for actor: Spider__AF6932BD for origin: (276.0, 202.6, -20.8) and beginAngle: 0
18:49:20.506  -- after reset, actor: Spider__AF6932BD has maxDistance =>  walk: 216  sprint: 324  backwards: 216
18:49:20.506  -- after reset, actor: Spider__AF6932BD has maxDistance =>  walk: 216  sprint: 324  backwards: 216
18:49:20.540 Resetting pathing for actor: Spider__AF6932BD
18:49:20.540 Resetting path grid for actor: Spider__AF6932BD for origin: (276.0, 202.9, -20.8) and beginAngle: 0
18:49:20.540  -- after reset, actor: Spider__AF6932BD has maxDistance =>  walk: 216  sprint: 324  backwards: 216
18:49:20.540  -- after reset, actor: Spider__AF6932BD has maxDistance =>  walk: 216  sprint: 324  backwards: 216
18:49:20.541 Resetting pathing for actor: Spider__AF6932BD
18:49:20.541 Resetting path grid for actor: Spider__AF6932BD for origin: (276.0, 202.9, -20.8) and beginAngle: 0
18:49:20.541  -- after reset, actor: Spider__AF6932BD has maxDistance =>  walk: 216  sprint: 324  backwards: 216
18:49:20.541  -- after reset, actor: Spider__AF6932BD has maxDistance =>  walk: 216  sprint: 324  backwards: 216
18:49:20.575 Resetting pathing for actor: Spider__AF6932BD
18:49:20.575 Resetting path grid for actor: Spider__AF6932BD for origin: (252.0, 205.2, -20.8) and beginAngle: 0
18:49:20.575  -- after reset, actor: Spider__AF6932BD has maxDistance =>  walk: 216  sprint: 324  backwards: 216
18:49:20.575  -- after reset, actor: Spider__AF6932BD has maxDistance =>  walk: 216  sprint: 324  backwards: 216
18:49:20.608 Resetting pathing for actor: Spider__AF6932BD
18:49:20.608 Resetting path grid for actor: Spider__AF6932BD for origin: (252.0, 205.5, -20.8) and beginAngle: 0
18:49:20.608  -- after reset, actor: Spider__AF6932BD has maxDistance =>  walk: 216  sprint: 324  backwards: 216
18:49:20.608  -- after reset, actor: Spider__AF6932BD has maxDistance =>  walk: 216  sprint: 324  backwards: 216
18:49:20.608 Resetting pathing for actor: Spider__AF6932BD
18:49:20.608 Resetting path grid for actor: Spider__AF6932BD for origin: (252.0, 205.5, -20.8) and beginAngle: 0
18:49:20.609  -- after reset, actor: Spider__AF6932BD has maxDistance =>  walk: 216  sprint: 324  backwards: 216
18:49:20.609  -- after reset, actor: Spider__AF6932BD has maxDistance =>  walk: 216  sprint: 324  backwards: 216
18:49:20.657 Resetting pathing for actor: Spider__AF6932BD
18:49:20.657 Resetting path grid for actor: Spider__AF6932BD for origin: (252.0, 205.2, -20.8) and beginAngle: 0
18:49:20.657  -- after reset, actor: Spider__AF6932BD has maxDistance =>  walk: 216  sprint: 324  backwards: 216
18:49:20.657  -- after reset, actor: Spider__AF6932BD has maxDistance =>  walk: 216  sprint: 324  backwards: 216
18:49:20.690 Resetting pathing for actor: Spider__AF6932BD
18:49:20.690 Resetting path grid for actor: Spider__AF6932BD for origin: (252.0, 205.5, -20.8) and beginAngle: 0
18:49:20.690  -- after reset, actor: Spider__AF6932BD has maxDistance =>  walk: 216  sprint: 324  backwards: 216
18:49:20.690  -- after reset, actor: Spider__AF6932BD has maxDistance =>  walk: 216  sprint: 324  backwards: 216
18:49:20.691 Resetting pathing for actor: Spider__AF6932BD
18:49:20.691 Resetting path grid for actor: Spider__AF6932BD for origin: (252.0, 205.5, -20.8) and beginAngle: 0
18:49:20.691  -- after reset, actor: Spider__AF6932BD has maxDistance =>  walk: 216  sprint: 324  backwards: 216
18:49:20.691  -- after reset, actor: Spider__AF6932BD has maxDistance =>  walk: 216  sprint: 324  backwards: 216
18:49:20.739 Resetting pathing for actor: Spider__AF6932BD
18:49:20.739 Resetting path grid for actor: Spider__AF6932BD for origin: (288.0, 181.8, -41.6) and beginAngle: 0
18:49:20.740  -- after reset, actor: Spider__AF6932BD has maxDistance =>  walk: 216  sprint: 324  backwards: 216
18:49:20.740  -- after reset, actor: Spider__AF6932BD has maxDistance =>  walk: 216  sprint: 324  backwards: 216
18:49:20.741 Resetting pathing for actor: Spider__AF6932BD
18:49:20.741 Resetting path grid for actor: Spider__AF6932BD for origin: (288.0, 181.8, -41.6) and beginAngle: 0
18:49:20.741  -- after reset, actor: Spider__AF6932BD has maxDistance =>  walk: 216  sprint: 324  backwards: 216
18:49:20.741  -- after reset, actor: Spider__AF6932BD has maxDistance =>  walk: 216  sprint: 324  backwards: 216
18:49:20.741 Resetting pathing for actor: Spider__AF6932BD
18:49:20.741 Resetting path grid for actor: Spider__AF6932BD for origin: (324.0, 163.7, -103.9) and beginAngle: 0
18:49:20.741  -- after reset, actor: Spider__AF6932BD has maxDistance =>  walk: 216  sprint: 324  backwards: 216
18:49:20.741  -- after reset, actor: Spider__AF6932BD has maxDistance =>  walk: 216  sprint: 324  backwards: 216
18:49:20.787 Resetting pathing for actor: Spider__AF6932BD
18:49:20.787 Resetting path grid for actor: Spider__AF6932BD for origin: (324.0, 163.7, -103.9) and beginAngle: 0
18:49:20.787  -- after reset, actor: Spider__AF6932BD has maxDistance =>  walk: 216  sprint: 324  backwards: 216
18:49:20.787  -- after reset, actor: Spider__AF6932BD has maxDistance =>  walk: 216  sprint: 324  backwards: 216
18:49:20.788 Resetting pathing for actor: Spider__AF6932BD
18:49:20.788 Resetting path grid for actor: Spider__AF6932BD for origin: (324.0, 163.7, -103.9) and beginAngle: 0
18:49:20.788  -- after reset, actor: Spider__AF6932BD has maxDistance =>  walk: 216  sprint: 324  backwards: 216
18:49:20.788  -- after reset, actor: Spider__AF6932BD has maxDistance =>  walk: 216  sprint: 324  backwards: 216
18:49:20.890 Resetting pathing for actor: Spider__AF6932BD
18:49:20.890 Resetting path grid for actor: Spider__AF6932BD for origin: (324.0, 163.7, -103.9) and beginAngle: 0
18:49:20.890  -- after reset, actor: Spider__AF6932BD has maxDistance =>  walk: 216  sprint: 324  backwards: 216
18:49:20.890  -- after reset, actor: Spider__AF6932BD has maxDistance =>  walk: 216  sprint: 324  backwards: 216
18:49:20.935 Resetting pathing for actor: Spider__AF6932BD
18:49:20.935 Resetting path grid for actor: Spider__AF6932BD for origin: (324.0, 163.7, -103.9) and beginAngle: 0
18:49:20.935  -- after reset, actor: Spider__AF6932BD has maxDistance =>  walk: 216  sprint: 324  backwards: 216
18:49:20.935  -- after reset, actor: Spider__AF6932BD has maxDistance =>  walk: 216  sprint: 324  backwards: 216
18:49:20.936 Resetting pathing for actor: Spider__AF6932BD
18:49:20.936 Resetting path grid for actor: Spider__AF6932BD for origin: (324.0, 163.7, -103.9) and beginAngle: 0
18:49:20.936  -- after reset, actor: Spider__AF6932BD has maxDistance =>  walk: 216  sprint: 324  backwards: 216
18:49:20.936  -- after reset, actor: Spider__AF6932BD has maxDistance =>  walk: 216  sprint: 324  backwards: 216
18:49:21.037 Resetting pathing for actor: Spider__AF6932BD
18:49:21.037 Resetting path grid for actor: Spider__AF6932BD for origin: (264.0, 211.1, 0.0) and beginAngle: 0
18:49:21.037  -- after reset, actor: Spider__AF6932BD has maxDistance =>  walk: 216  sprint: 324  backwards: 216
18:49:21.037  -- after reset, actor: Spider__AF6932BD has maxDistance =>  walk: 216  sprint: 324  backwards: 216
18:49:21.069 Resetting pathing for actor: Spider__AF6932BD
18:49:21.069 Resetting path grid for actor: Spider__AF6932BD for origin: (264.0, 211.1, 0.0) and beginAngle: 0
18:49:21.070  -- after reset, actor: Spider__AF6932BD has maxDistance =>  walk: 216  sprint: 324  backwards: 216
18:49:21.070  -- after reset, actor: Spider__AF6932BD has maxDistance =>  walk: 216  sprint: 324  backwards: 216
18:49:21.070 Resetting pathing for actor: Spider__AF6932BD
18:49:21.070 Resetting path grid for actor: Spider__AF6932BD for origin: (264.0, 211.1, 0.0) and beginAngle: 0
18:49:21.070  -- after reset, actor: Spider__AF6932BD has maxDistance =>  walk: 216  sprint: 324  backwards: 216
18:49:21.070  -- after reset, actor: Spider__AF6932BD has maxDistance =>  walk: 216  sprint: 324  backwards: 216
18:49:21.116 Resetting pathing for actor: Spider__AF6932BD
18:49:21.116 Resetting path grid for actor: Spider__AF6932BD for origin: (264.0, 211.1, 0.0) and beginAngle: 0
18:49:21.116  -- after reset, actor: Spider__AF6932BD has maxDistance =>  walk: 216  sprint: 324  backwards: 216
18:49:21.116  -- after reset, actor: Spider__AF6932BD has maxDistance =>  walk: 216  sprint: 324  backwards: 216
18:49:21.148 Resetting pathing for actor: Spider__AF6932BD
18:49:21.148 Resetting path grid for actor: Spider__AF6932BD for origin: (264.0, 211.1, 0.0) and beginAngle: 0
18:49:21.148  -- after reset, actor: Spider__AF6932BD has maxDistance =>  walk: 216  sprint: 324  backwards: 216
18:49:21.148  -- after reset, actor: Spider__AF6932BD has maxDistance =>  walk: 216  sprint: 324  backwards: 216
18:49:21.149 Resetting pathing for actor: Spider__AF6932BD
18:49:21.149 Resetting path grid for actor: Spider__AF6932BD for origin: (264.0, 211.1, 0.0) and beginAngle: 0
18:49:21.149  -- after reset, actor: Spider__AF6932BD has maxDistance =>  walk: 216  sprint: 324  backwards: 216
18:49:21.149  -- after reset, actor: Spider__AF6932BD has maxDistance =>  walk: 216  sprint: 324  backwards: 216
18:49:21.195 Resetting pathing for actor: Spider__AF6932BD
18:49:21.195 Resetting path grid for actor: Spider__AF6932BD for origin: (240.0, 197.5, -41.6) and beginAngle: 0
18:49:21.195  -- after reset, actor: Spider__AF6932BD has maxDistance =>  walk: 216  sprint: 324  backwards: 216
18:49:21.195  -- after reset, actor: Spider__AF6932BD has maxDistance =>  walk: 216  sprint: 324  backwards: 216
18:49:21.224 Resetting pathing for actor: Spider__AF6932BD
18:49:21.224 Resetting path grid for actor: Spider__AF6932BD for origin: (240.0, 197.7, -41.6) and beginAngle: 0
18:49:21.224  -- after reset, actor: Spider__AF6932BD has maxDistance =>  walk: 216  sprint: 324  backwards: 216
18:49:21.224  -- after reset, actor: Spider__AF6932BD has maxDistance =>  walk: 216  sprint: 324  backwards: 216
18:49:21.224 Resetting pathing for actor: Spider__AF6932BD
18:49:21.224 Resetting path grid for actor: Spider__AF6932BD for origin: (240.0, 197.7, -41.6) and beginAngle: 0
18:49:21.224  -- after reset, actor: Spider__AF6932BD has maxDistance =>  walk: 216  sprint: 324  backwards: 216
18:49:21.224  -- after reset, actor: Spider__AF6932BD has maxDistance =>  walk: 216  sprint: 324  backwards: 216
18:49:21.278 Resetting pathing for actor: Spider__AF6932BD
18:49:21.278 Resetting path grid for actor: Spider__AF6932BD for origin: (-36.0, 201.4, 436.5) and beginAngle: 0
18:49:21.278  -- after reset, actor: Spider__AF6932BD has maxDistance =>  walk: 216  sprint: 324  backwards: 216
18:49:21.278  -- after reset, actor: Spider__AF6932BD has maxDistance =>  walk: 216  sprint: 324  backwards: 216
18:49:21.292 Resetting pathing for actor: Spider__AF6932BD
18:49:21.292 Resetting path grid for actor: Spider__AF6932BD for origin: (-36.0, 201.4, 436.5) and beginAngle: 0
18:49:21.292  -- after reset, actor: Spider__AF6932BD has maxDistance =>  walk: 216  sprint: 324  backwards: 216
18:49:21.292  -- after reset, actor: Spider__AF6932BD has maxDistance =>  walk: 216  sprint: 324  backwards: 216
18:49:21.293 Resetting pathing for actor: Spider__AF6932BD
18:49:21.293 Resetting path grid for actor: Spider__AF6932BD for origin: (-36.0, 201.4, 436.5) and beginAngle: 0
18:49:21.293  -- after reset, actor: Spider__AF6932BD has maxDistance =>  walk: 216  sprint: 324  backwards: 216
18:49:21.293  -- after reset, actor: Spider__AF6932BD has maxDistance =>  walk: 216  sprint: 324  backwards: 216
18:49:21.401 Resetting pathing for actor: Spider__AF6932BD
18:49:21.401 Resetting path grid for actor: Spider__AF6932BD for origin: (-24.0, 202.7, 415.7) and beginAngle: 0
18:49:21.401  -- after reset, actor: Spider__AF6932BD has maxDistance =>  walk: 216  sprint: 324  backwards: 216
18:49:21.401  -- after reset, actor: Spider__AF6932BD has maxDistance =>  walk: 216  sprint: 324  backwards: 216
18:49:21.414 Resetting pathing for actor: Spider__AF6932BD
18:49:21.414 Resetting path grid for actor: Spider__AF6932BD for origin: (-24.0, 202.7, 415.7) and beginAngle: 0
18:49:21.415  -- after reset, actor: Spider__AF6932BD has maxDistance =>  walk: 216  sprint: 324  backwards: 216
18:49:21.415  -- after reset, actor: Spider__AF6932BD has maxDistance =>  walk: 216  sprint: 324  backwards: 216
18:49:21.415 Resetting pathing for actor: Spider__AF6932BD
18:49:21.415 Resetting path grid for actor: Spider__AF6932BD for origin: (-24.0, 202.7, 415.7) and beginAngle: 0
18:49:21.415  -- after reset, actor: Spider__AF6932BD has maxDistance =>  walk: 216  sprint: 324  backwards: 216
18:49:21.415  -- after reset, actor: Spider__AF6932BD has maxDistance =>  walk: 216  sprint: 324  backwards: 216
18:49:21.519 Resetting pathing for actor: Spider__AF6932BD
18:49:21.519 Resetting path grid for actor: Spider__AF6932BD for origin: (-24.0, 202.7, 415.7) and beginAngle: 0
18:49:21.519  -- after reset, actor: Spider__AF6932BD has maxDistance =>  walk: 216  sprint: 324  backwards: 216
18:49:21.519  -- after reset, actor: Spider__AF6932BD has maxDistance =>  walk: 216  sprint: 324  backwards: 216
18:49:21.533 Resetting pathing for actor: Spider__AF6932BD
18:49:21.533 Resetting path grid for actor: Spider__AF6932BD for origin: (-24.0, 202.7, 415.7) and beginAngle: 0
18:49:21.534  -- after reset, actor: Spider__AF6932BD has maxDistance =>  walk: 216  sprint: 324  backwards: 216
18:49:21.534  -- after reset, actor: Spider__AF6932BD has maxDistance =>  walk: 216  sprint: 324  backwards: 216
18:49:21.534 Resetting pathing for actor: Spider__AF6932BD
18:49:21.534 Resetting path grid for actor: Spider__AF6932BD for origin: (-24.0, 202.7, 415.7) and beginAngle: 0
18:49:21.534  -- after reset, actor: Spider__AF6932BD has maxDistance =>  walk: 216  sprint: 324  backwards: 216
18:49:21.534  -- after reset, actor: Spider__AF6932BD has maxDistance =>  walk: 216  sprint: 324  backwards: 216
18:49:21.638 Resetting pathing for actor: Spider__AF6932BD
18:49:21.638 Resetting path grid for actor: Spider__AF6932BD for origin: (-24.0, 203.2, 457.3) and beginAngle: 0
18:49:21.638  -- after reset, actor: Spider__AF6932BD has maxDistance =>  walk: 216  sprint: 324  backwards: 216
18:49:21.638  -- after reset, actor: Spider__AF6932BD has maxDistance =>  walk: 216  sprint: 324  backwards: 216
18:49:21.654 Resetting pathing for actor: Spider__AF6932BD
18:49:21.654 Resetting path grid for actor: Spider__AF6932BD for origin: (-24.0, 203.4, 457.3) and beginAngle: 0
18:49:21.654  -- after reset, actor: Spider__AF6932BD has maxDistance =>  walk: 216  sprint: 324  backwards: 216
18:49:21.654  -- after reset, actor: Spider__AF6932BD has maxDistance =>  walk: 216  sprint: 324  backwards: 216
18:49:21.654 Resetting pathing for actor: Spider__AF6932BD
18:49:21.654 Resetting path grid for actor: Spider__AF6932BD for origin: (-24.0, 203.4, 457.3) and beginAngle: 0
18:49:21.654  -- after reset, actor: Spider__AF6932BD has maxDistance =>  walk: 216  sprint: 324  backwards: 216
18:49:21.654  -- after reset, actor: Spider__AF6932BD has maxDistance =>  walk: 216  sprint: 324  backwards: 216
18:49:21.763 Resetting pathing for actor: Spider__AF6932BD
18:49:21.763 Resetting path grid for actor: Spider__AF6932BD for origin: (-24.0, 203.2, 457.3) and beginAngle: 0
18:49:21.763  -- after reset, actor: Spider__AF6932BD has maxDistance =>  walk: 216  sprint: 324  backwards: 216
18:49:21.763  -- after reset, actor: Spider__AF6932BD has maxDistance =>  walk: 216  sprint: 324  backwards: 216
18:49:21.779 Resetting pathing for actor: Spider__AF6932BD
18:49:21.779 Resetting path grid for actor: Spider__AF6932BD for origin: (-24.0, 203.4, 457.3) and beginAngle: 0
18:49:21.779  -- after reset, actor: Spider__AF6932BD has maxDistance =>  walk: 216  sprint: 324  backwards: 216
18:49:21.779  -- after reset, actor: Spider__AF6932BD has maxDistance =>  walk: 216  sprint: 324  backwards: 216
18:49:21.779 Resetting pathing for actor: Spider__AF6932BD
18:49:21.779 Resetting path grid for actor: Spider__AF6932BD for origin: (-24.0, 203.4, 457.3) and beginAngle: 0
18:49:21.779  -- after reset, actor: Spider__AF6932BD has maxDistance =>  walk: 216  sprint: 324  backwards: 216
18:49:21.779  -- after reset, actor: Spider__AF6932BD has maxDistance =>  walk: 216  sprint: 324  backwards: 216
18:49:21.889 Resetting pathing for actor: Spider__AF6932BD
18:49:21.889 Resetting path grid for actor: Spider__AF6932BD for origin: (-36.0, 201.4, 436.5) and beginAngle: 0
18:49:21.889  -- after reset, actor: Spider__AF6932BD has maxDistance =>  walk: 216  sprint: 324  backwards: 216
18:49:21.889  -- after reset, actor: Spider__AF6932BD has maxDistance =>  walk: 216  sprint: 324  backwards: 216
18:49:21.903 Resetting pathing for actor: Spider__AF6932BD
18:49:21.903 Resetting path grid for actor: Spider__AF6932BD for origin: (-36.0, 201.4, 436.5) and beginAngle: 0
18:49:21.903  -- after reset, actor: Spider__AF6932BD has maxDistance =>  walk: 216  sprint: 324  backwards: 216
18:49:21.903  -- after reset, actor: Spider__AF6932BD has maxDistance =>  walk: 216  sprint: 324  backwards: 216
18:49:21.904 Resetting pathing for actor: Spider__AF6932BD
18:49:21.904 Resetting path grid for actor: Spider__AF6932BD for origin: (-36.0, 201.4, 436.5) and beginAngle: 0
18:49:21.904  -- after reset, actor: Spider__AF6932BD has maxDistance =>  walk: 216  sprint: 324  backwards: 216
18:49:21.904  -- after reset, actor: Spider__AF6932BD has maxDistance =>  walk: 216  sprint: 324  backwards: 216
18:49:22.012 Resetting pathing for actor: Spider__AF6932BD
18:49:22.012 Resetting path grid for actor: Spider__AF6932BD for origin: (-36.0, 201.4, 436.5) and beginAngle: 0
18:49:22.012  -- after reset, actor: Spider__AF6932BD has maxDistance =>  walk: 216  sprint: 324  backwards: 216
18:49:22.012  -- after reset, actor: Spider__AF6932BD has maxDistance =>  walk: 216  sprint: 324  backwards: 216
18:49:22.026 Resetting pathing for actor: Spider__AF6932BD
18:49:22.026 Resetting path grid for actor: Spider__AF6932BD for origin: (-36.0, 201.4, 436.5) and beginAngle: 0
18:49:22.026  -- after reset, actor: Spider__AF6932BD has maxDistance =>  walk: 216  sprint: 324  backwards: 216
18:49:22.026  -- after reset, actor: Spider__AF6932BD has maxDistance =>  walk: 216  sprint: 324  backwards: 216
18:49:22.027 Resetting pathing for actor: Spider__AF6932BD
18:49:22.027 Resetting path grid for actor: Spider__AF6932BD for origin: (-36.0, 201.4, 436.5) and beginAngle: 0
18:49:22.027  -- after reset, actor: Spider__AF6932BD has maxDistance =>  walk: 216  sprint: 324  backwards: 216
18:49:22.027  -- after reset, actor: Spider__AF6932BD has maxDistance =>  walk: 216  sprint: 324  backwards: 216
18:49:22.135 Resetting pathing for actor: Spider__AF6932BD
18:49:22.135 Resetting path grid for actor: Spider__AF6932BD for origin: (0.0, 202.6, 457.3) and beginAngle: 0
18:49:22.135  -- after reset, actor: Spider__AF6932BD has maxDistance =>  walk: 216  sprint: 324  backwards: 216
18:49:22.135  -- after reset, actor: Spider__AF6932BD has maxDistance =>  walk: 216  sprint: 324  backwards: 216
18:49:22.152 Resetting pathing for actor: Spider__AF6932BD
18:49:22.152 Resetting path grid for actor: Spider__AF6932BD for origin: (0.0, 202.8, 457.3) and beginAngle: 0
18:49:22.152  -- after reset, actor: Spider__AF6932BD has maxDistance =>  walk: 216  sprint: 324  backwards: 216
18:49:22.152  -- after reset, actor: Spider__AF6932BD has maxDistance =>  walk: 216  sprint: 324  backwards: 216
18:49:22.152 Resetting pathing for actor: Spider__AF6932BD
18:49:22.153 Resetting path grid for actor: Spider__AF6932BD for origin: (0.0, 202.8, 457.3) and beginAngle: 0
18:49:22.153  -- after reset, actor: Spider__AF6932BD has maxDistance =>  walk: 216  sprint: 324  backwards: 216
18:49:22.153  -- after reset, actor: Spider__AF6932BD has maxDistance =>  walk: 216  sprint: 324  backwards: 216
18:49:22.260 Resetting pathing for actor: Spider__AF6932BD
18:49:22.260 Resetting path grid for actor: Spider__AF6932BD for origin: (0.0, 202.6, 457.3) and beginAngle: 0
18:49:22.260  -- after reset, actor: Spider__AF6932BD has maxDistance =>  walk: 216  sprint: 324  backwards: 216
18:49:22.260  -- after reset, actor: Spider__AF6932BD has maxDistance =>  walk: 216  sprint: 324  backwards: 216
18:49:22.277 Resetting pathing for actor: Spider__AF6932BD
18:49:22.277 Resetting path grid for actor: Spider__AF6932BD for origin: (0.0, 202.8, 457.3) and beginAngle: 0
18:49:22.277  -- after reset, actor: Spider__AF6932BD has maxDistance =>  walk: 216  sprint: 324  backwards: 216
18:49:22.277  -- after reset, actor: Spider__AF6932BD has maxDistance =>  walk: 216  sprint: 324  backwards: 216
18:49:22.278 Resetting pathing for actor: Spider__AF6932BD
18:49:22.278 Resetting path grid for actor: Spider__AF6932BD for origin: (0.0, 202.8, 457.3) and beginAngle: 0
18:49:22.278  -- after reset, actor: Spider__AF6932BD has maxDistance =>  walk: 216  sprint: 324  backwards: 216
18:49:22.278  -- after reset, actor: Spider__AF6932BD has maxDistance =>  walk: 216  sprint: 324  backwards: 216
18:49:22.401 Resetting pathing for actor: Marauder_Paradise_7B9F1E30
18:49:22.401 Resetting path grid for actor: Marauder_Paradise_7B9F1E30 for origin: (-24.0, 202.7, 415.7) and beginAngle: 147.7958
18:49:22.402  -- after reset, actor: Marauder_Paradise_7B9F1E30 has maxDistance =>  walk: 120  sprint: 180  backwards: 120
18:49:22.402  -- after reset, actor: Marauder_Paradise_7B9F1E30 has maxDistance =>  walk: 120  sprint: 180  backwards: 120
18:49:22.575 Resetting pathing for actor: Marauder_Mockingbird_EC1A10DE
18:49:22.575 Resetting path grid for actor: Marauder_Mockingbird_EC1A10DE for origin: (-24.0, 203.2, 457.3) and beginAngle: 147.7958
18:49:22.576  -- after reset, actor: Marauder_Mockingbird_EC1A10DE has maxDistance =>  walk: 120  sprint: 180  backwards: 120
18:49:22.576  -- after reset, actor: Marauder_Mockingbird_EC1A10DE has maxDistance =>  walk: 120  sprint: 180  backwards: 120
18:49:22.646 Resetting pathing for actor: Marauder_Showboat_57245CBC
18:49:22.646 Resetting path grid for actor: Marauder_Showboat_57245CBC for origin: (-36.0, 201.4, 436.5) and beginAngle: 147.7958
18:49:22.646  -- after reset, actor: Marauder_Showboat_57245CBC has maxDistance =>  walk: 120  sprint: 180  backwards: 120
18:49:22.646  -- after reset, actor: Marauder_Showboat_57245CBC has maxDistance =>  walk: 120  sprint: 180  backwards: 120
18:49:22.717 Resetting pathing for actor: Marauder_Kraken_BF79B444
18:49:22.717 Resetting path grid for actor: Marauder_Kraken_BF79B444 for origin: (0.0, 202.6, 457.3) and beginAngle: 147.7958
18:49:22.717  -- after reset, actor: Marauder_Kraken_BF79B444 has maxDistance =>  walk: 120  sprint: 180  backwards: 120
18:49:22.717  -- after reset, actor: Marauder_Kraken_BF79B444 has maxDistance =>  walk: 120  sprint: 180  backwards: 120
18:49:22.793 Resetting pathing for actor: Locust_Showboat_37443683
18:49:22.793 Resetting path grid for actor: Locust_Showboat_37443683 for origin: (276.0, 202.6, -20.8) and beginAngle: 327.7958
18:49:22.793  -- after reset, actor: Locust_Showboat_37443683 has maxDistance =>  walk: 216  sprint: 324  backwards: 216
18:49:22.793  -- after reset, actor: Locust_Showboat_37443683 has maxDistance =>  walk: 216  sprint: 324  backwards: 216
18:49:22.970 Resetting pathing for actor: Vindicator_Wildfire_67C4C2EB
18:49:22.970 Resetting path grid for actor: Vindicator_Wildfire_67C4C2EB for origin: (252.0, 205.2, -20.8) and beginAngle: 327.7958
18:49:22.970  -- after reset, actor: Vindicator_Wildfire_67C4C2EB has maxDistance =>  walk: 120  sprint: 180  backwards: 120
18:49:22.970  -- after reset, actor: Vindicator_Wildfire_67C4C2EB has maxDistance =>  walk: 120  sprint: 180  backwards: 120
18:49:23.060 Resetting pathing for actor: Hunchback_Ozone_D48D4653
18:49:23.060 Resetting path grid for actor: Hunchback_Ozone_D48D4653 for origin: (324.0, 163.7, -103.9) and beginAngle: 327.7958
18:49:23.060  -- after reset, actor: Hunchback_Ozone_D48D4653 has maxDistance =>  walk: 120  sprint: 180  backwards: 120
18:49:23.060  -- after reset, actor: Hunchback_Ozone_D48D4653 has maxDistance =>  walk: 120  sprint: 180  backwards: 120
18:49:23.105 Resetting pathing for actor: Atlas_Sumo_35E8359A
18:49:23.105 Resetting path grid for actor: Atlas_Sumo_35E8359A for origin: (264.0, 211.1, 0.0) and beginAngle: 327.7958
18:49:23.106  -- after reset, actor: Atlas_Sumo_35E8359A has maxDistance =>  walk: 96  sprint: 144  backwards: 96
18:49:23.106  -- after reset, actor: Atlas_Sumo_35E8359A has maxDistance =>  walk: 96  sprint: 144  backwards: 96
18:49:39.330 Resetting pathing for actor: Marauder_Paradise_7B9F1E30
18:49:39.330 Resetting path grid for actor: Marauder_Paradise_7B9F1E30 for origin: (-24.0, 202.7, 415.7) and beginAngle: 147.7958
18:49:39.330  -- after reset, actor: Marauder_Paradise_7B9F1E30 has maxDistance =>  walk: 120  sprint: 180  backwards: 120
18:49:39.330  -- after reset, actor: Marauder_Paradise_7B9F1E30 has maxDistance =>  walk: 120  sprint: 180  backwards: 120
18:49:39.332 Resetting pathing for actor: Marauder_Mockingbird_EC1A10DE
18:49:39.332 Resetting path grid for actor: Marauder_Mockingbird_EC1A10DE for origin: (-24.0, 203.2, 457.3) and beginAngle: 147.7958
18:49:39.332  -- after reset, actor: Marauder_Mockingbird_EC1A10DE has maxDistance =>  walk: 120  sprint: 180  backwards: 120
18:49:39.332  -- after reset, actor: Marauder_Mockingbird_EC1A10DE has maxDistance =>  walk: 120  sprint: 180  backwards: 120
18:49:39.334 Resetting pathing for actor: Marauder_Showboat_57245CBC
18:49:39.334 Resetting path grid for actor: Marauder_Showboat_57245CBC for origin: (-36.0, 201.4, 436.5) and beginAngle: 147.7958
18:49:39.334  -- after reset, actor: Marauder_Showboat_57245CBC has maxDistance =>  walk: 120  sprint: 180  backwards: 120
18:49:39.334  -- after reset, actor: Marauder_Showboat_57245CBC has maxDistance =>  walk: 120  sprint: 180  backwards: 120
18:49:39.336 Resetting pathing for actor: Marauder_Kraken_BF79B444
18:49:39.336 Resetting path grid for actor: Marauder_Kraken_BF79B444 for origin: (0.0, 202.6, 457.3) and beginAngle: 147.7958
18:49:39.336  -- after reset, actor: Marauder_Kraken_BF79B444 has maxDistance =>  walk: 120  sprint: 180  backwards: 120
18:49:39.336  -- after reset, actor: Marauder_Kraken_BF79B444 has maxDistance =>  walk: 120  sprint: 180  backwards: 120
18:50:09.873 Resetting pathing for actor: Marauder_Paradise_7B9F1E30
18:50:09.873 Resetting path grid for actor: Marauder_Paradise_7B9F1E30 for origin: (-24.0, 202.7, 415.7) and beginAngle: 147.7958
18:50:09.873  -- after reset, actor: Marauder_Paradise_7B9F1E30 has maxDistance =>  walk: 120  sprint: 180  backwards: 120
18:50:09.873  -- after reset, actor: Marauder_Paradise_7B9F1E30 has maxDistance =>  walk: 120  sprint: 180  backwards: 120
