INFO: 2023-02-13T03:33:42 - customResource:AffinitiesDef
INFO: 2023-02-13T03:33:42 - Path:C:\Program Files (x86)\Steam\steamapps\common\BATTLETECH\Mods\MechAffinity\AffinityDefs\AffinityDef_chassis_Agile.json
INFO: 2023-02-13T03:33:42 - Path:C:\Program Files (x86)\Steam\steamapps\common\BATTLETECH\Mods\MechAffinity\AffinityDefs\AffinityDef_chassis_Brawler.json
INFO: 2023-02-13T03:33:42 - Path:C:\Program Files (x86)\Steam\steamapps\common\BATTLETECH\Mods\MechAffinity\AffinityDefs\AffinityDef_chassis_Command_Unit.json
INFO: 2023-02-13T03:33:42 - Path:C:\Program Files (x86)\Steam\steamapps\common\BATTLETECH\Mods\MechAffinity\AffinityDefs\AffinityDef_chassis_Cool-Running.json
INFO: 2023-02-13T03:33:42 - Path:C:\Program Files (x86)\Steam\steamapps\common\BATTLETECH\Mods\MechAffinity\AffinityDefs\AffinityDef_chassis_Encouraging.json
INFO: 2023-02-13T03:33:42 - Path:C:\Program Files (x86)\Steam\steamapps\common\BATTLETECH\Mods\MechAffinity\AffinityDefs\AffinityDef_chassis_Evasive.json
INFO: 2023-02-13T03:33:42 - Path:C:\Program Files (x86)\Steam\steamapps\common\BATTLETECH\Mods\MechAffinity\AffinityDefs\AffinityDef_chassis_Ice_Cold.json
INFO: 2023-02-13T03:33:42 - Path:C:\Program Files (x86)\Steam\steamapps\common\BATTLETECH\Mods\MechAffinity\AffinityDefs\AffinityDef_chassis_Keen-Eyed.json
INFO: 2023-02-13T03:33:42 - Path:C:\Program Files (x86)\Steam\steamapps\common\BATTLETECH\Mods\MechAffinity\AffinityDefs\AffinityDef_chassis_Nimble.json
INFO: 2023-02-13T03:33:42 - Path:C:\Program Files (x86)\Steam\steamapps\common\BATTLETECH\Mods\MechAffinity\AffinityDefs\AffinityDef_chassis_Precise_Shot.json
INFO: 2023-02-13T03:33:42 - Path:C:\Program Files (x86)\Steam\steamapps\common\BATTLETECH\Mods\MechAffinity\AffinityDefs\AffinityDef_chassis_Resistant.json
INFO: 2023-02-13T03:33:42 - Path:C:\Program Files (x86)\Steam\steamapps\common\BATTLETECH\Mods\MechAffinity\AffinityDefs\AffinityDef_chassis_Sturdy.json
INFO: 2023-02-13T03:33:42 - Path:C:\Program Files (x86)\Steam\steamapps\common\BATTLETECH\Mods\MechAffinity\AffinityDefs\AffinityDef_chassis_Trash_Master.json
INFO: 2023-02-13T03:33:42 - Path:C:\Program Files (x86)\Steam\steamapps\common\BATTLETECH\Mods\MechAffinity\AffinityDefs\AffinityDef_chassis_Unlimited_Power.json
INFO: 2023-02-13T03:33:42 - Path:C:\Program Files (x86)\Steam\steamapps\common\BATTLETECH\Mods\MechAffinity\AffinityDefs\AffinityDef_chassis_Zippy.json
INFO: 2023-02-13T03:33:42 - Path:C:\Program Files (x86)\Steam\steamapps\common\BATTLETECH\Mods\MechAffinity\AffinityDefs\AffinityDef_global_Green.json
INFO: 2023-02-13T03:33:42 - Path:C:\Program Files (x86)\Steam\steamapps\common\BATTLETECH\Mods\MechAffinity\AffinityDefs\AffinityDef_global_Veteran.json
INFO: 2023-02-13T03:33:42 - customResource:QuirkDef
INFO: 2023-02-13T03:33:43 -  id:AffinityDef_chassis_Agile
INFO: 2023-02-13T03:33:43 -   level:AffinityDef_chassis_Agile_0
INFO: 2023-02-13T03:33:43 -  id:AffinityDef_chassis_Brawler
INFO: 2023-02-13T03:33:43 -   level:AffinityDef_chassis_Brawler_0
INFO: 2023-02-13T03:33:43 -  id:AffinityDef_chassis_Command_Unit
INFO: 2023-02-13T03:33:43 -   level:AffinityDef_chassis_Command_Unit_0
INFO: 2023-02-13T03:33:43 -  id:AffinityDef_chassis_Cool-Running
INFO: 2023-02-13T03:33:43 -   level:AffinityDef_chassis_Cool-Running_0
INFO: 2023-02-13T03:33:43 -  id:AffinityDef_chassis_Encouraging
INFO: 2023-02-13T03:33:43 -   level:AffinityDef_chassis_Encouraging_0
INFO: 2023-02-13T03:33:43 -  id:AffinityDef_chassis_Evasive
INFO: 2023-02-13T03:33:43 -   level:AffinityDef_chassis_Evasive_0
INFO: 2023-02-13T03:33:43 -  id:AffinityDef_chassis_Ice_Cold
INFO: 2023-02-13T03:33:43 -   level:AffinityDef_chassis_Ice_Cold_0
INFO: 2023-02-13T03:33:43 -  id:AffinityDef_chassis_Keen-Eyed
INFO: 2023-02-13T03:33:43 -   level:AffinityDef_chassis_Keen-Eyed_0
INFO: 2023-02-13T03:33:43 -  id:AffinityDef_chassis_Nimble
INFO: 2023-02-13T03:33:43 -   level:AffinityDef_chassis_Nimble_0
INFO: 2023-02-13T03:33:43 -  id:AffinityDef_chassis_Precise_Shot
INFO: 2023-02-13T03:33:43 -   level:AffinityDef_chassis_Precise_Shot_0
INFO: 2023-02-13T03:33:43 -  id:AffinityDef_chassis_Resistant
INFO: 2023-02-13T03:33:43 -   level:AffinityDef_chassis_Resistant_0
INFO: 2023-02-13T03:33:43 -  id:AffinityDef_chassis_Sturdy
INFO: 2023-02-13T03:33:43 -   level:AffinityDef_chassis_Sturdy_0
INFO: 2023-02-13T03:33:43 -  id:AffinityDef_chassis_Trash_Master
INFO: 2023-02-13T03:33:43 -   level:AffinityDef_chassis_Trash_Master_0
INFO: 2023-02-13T03:33:43 -   level:AffinityDef_chassis_Trash_Master_1
INFO: 2023-02-13T03:33:43 -  id:AffinityDef_chassis_Unlimited_Power
INFO: 2023-02-13T03:33:43 -   level:AffinityDef_chassis_Unlimited_Power_0
INFO: 2023-02-13T03:33:43 -  id:AffinityDef_chassis_Zippy
INFO: 2023-02-13T03:33:43 -   level:AffinityDef_chassis_Zippy_0
INFO: 2023-02-13T03:33:43 - chassisAffinities:54
INFO: 2023-02-13T03:33:43 - taggedAffinities:0
INFO: 2023-02-13T03:33:43 - quirkAffinities:0
INFO: 2023-02-13T03:33:43 - globalAffinities:2
INFO: 2023-02-13T03:33:57 - checking tag: BLACKLISTED: False
INFO: 2023-02-13T03:33:57 - checking tag: pilot_release_ksbeta: False
INFO: 2023-02-13T03:33:57 - checking tag: pilot_release_skirmish: False
INFO: 2023-02-13T03:33:57 - checking tag: can_pilot_generic_mech: False
INFO: 2023-02-13T03:33:57 - checking tag: BLACKLISTED: False
INFO: 2023-02-13T03:33:57 - checking tag: pilot_release_ksbeta: False
INFO: 2023-02-13T03:33:57 - checking tag: pilot_release_skirmish: False
INFO: 2023-02-13T03:33:57 - checking tag: can_pilot_generic_mech: False
INFO: 2023-02-13T03:33:57 - checking tag: BLACKLISTED: False
INFO: 2023-02-13T03:33:57 - checking tag: pilot_release_ksbeta: False
INFO: 2023-02-13T03:33:57 - checking tag: pilot_release_skirmish: False
INFO: 2023-02-13T03:33:57 - checking tag: can_pilot_generic_mech: False
INFO: 2023-02-13T03:33:57 - checking tag: BLACKLISTED: False
INFO: 2023-02-13T03:33:57 - checking tag: pilot_release_ksbeta: False
INFO: 2023-02-13T03:33:57 - checking tag: pilot_release_skirmish: False
INFO: 2023-02-13T03:33:57 - checking tag: can_pilot_generic_mech: False
INFO: 2023-02-13T03:33:58 - finding mechdef affinity descriptor for Atlas
DEBUG: 2023-02-13T03:33:58 - Found prefab: chrPrfMech_atlasBase-001_100
DEBUG: 2023-02-13T03:33:58 - adding chassis affinity descriptor for AffinityDef_chassis_Brawler_0
INFO: 2023-02-13T03:33:59 - finding mechdef affinity descriptor for King Crab KGC-0000
DEBUG: 2023-02-13T03:33:59 - Found prefab: chrPrfMech_kingcrabBase-001_100
DEBUG: 2023-02-13T03:33:59 - adding chassis affinity descriptor for AffinityDef_chassis_Precise_Shot_0
INFO: 2023-02-13T03:33:59 - finding mechdef affinity descriptor for Atlas
DEBUG: 2023-02-13T03:33:59 - Found prefab: chrPrfMech_atlasBase-001_100
DEBUG: 2023-02-13T03:33:59 - adding chassis affinity descriptor for AffinityDef_chassis_Brawler_0
INFO: 2023-02-13T03:34:00 - finding mechdef affinity descriptor for Atlas AS7-D
DEBUG: 2023-02-13T03:34:00 - Found prefab: chrPrfMech_atlasBase-001_100
DEBUG: 2023-02-13T03:34:00 - adding chassis affinity descriptor for AffinityDef_chassis_Brawler_0
INFO: 2023-02-13T03:34:01 - finding mechdef affinity descriptor for King Crab KGC-GN-001
DEBUG: 2023-02-13T03:34:01 - Found prefab: chrPrfMech_kingcrabBase-001_100
DEBUG: 2023-02-13T03:34:01 - adding chassis affinity descriptor for AffinityDef_chassis_Precise_Shot_0
INFO: 2023-02-13T03:34:01 - finding mechdef affinity descriptor for Bull Shark BSK-MAZ
DEBUG: 2023-02-13T03:34:01 - Found prefab: chrPrfMech_bullsharkBase-001_95
DEBUG: 2023-02-13T03:34:01 - adding chassis affinity descriptor for AffinityDef_chassis_Zippy_0
INFO: 2023-02-13T03:34:02 - finding mechdef affinity descriptor for Bull Shark BSK-MAZ
DEBUG: 2023-02-13T03:34:02 - Found prefab: chrPrfMech_bullsharkBase-001_95
DEBUG: 2023-02-13T03:34:02 - adding chassis affinity descriptor for AffinityDef_chassis_Zippy_0
INFO: 2023-02-13T03:34:02 - finding mechdef affinity descriptor for Highlander HGN-733P
DEBUG: 2023-02-13T03:34:02 - Found prefab: chrPrfMech_highlanderBase-001_90
DEBUG: 2023-02-13T03:34:02 - adding chassis affinity descriptor for AffinityDef_chassis_Nimble_0
INFO: 2023-02-13T03:34:02 - finding mechdef affinity descriptor for BattleMaster BLR-1G
DEBUG: 2023-02-13T03:34:02 - Found prefab: chrPrfMech_battlemasterBase-001_85
DEBUG: 2023-02-13T03:34:02 - adding chassis affinity descriptor for AffinityDef_chassis_Command_Unit_0
INFO: 2023-02-13T03:34:02 - finding mechdef affinity descriptor for Awesome AWS-9M
DEBUG: 2023-02-13T03:34:02 - Found prefab: chrPrfMech_awesomeBase-001_80
DEBUG: 2023-02-13T03:34:02 - adding chassis affinity descriptor for AffinityDef_chassis_Brawler_0
INFO: 2023-02-13T03:34:46 - finding mechdef affinity descriptor for Cyclops CP-10-Z
DEBUG: 2023-02-13T03:34:46 - Found prefab: chrPrfMech_cyclopsBase-001_90
DEBUG: 2023-02-13T03:34:46 - adding chassis affinity descriptor for AffinityDef_chassis_Keen-Eyed_0
