00:57:46.216 === MOD CONFIG BEGIN ===
00:57:46.216   DEBUG: False
00:57:46.216   MRB Rollup Values: 40000,00, 60000,00, 90000,00, 130000,00, 180000,00, 240000,00
00:57:46.216   Rollup Blacklists: 
00:57:46.216   Rollup Blacklist Tags: LootMagnetBlacklist
00:57:46.216   Compensation Max Rollup Quantity: 8
00:57:46.217 FACTION REPUTATION VALUES
00:57:46.217   Reputation:LOATHED ComponentRollup:0 MechRollup:0 HoldbackTrigger:72%
00:57:46.217   Reputation:HATED ComponentRollup:0 MechRollup:0 HoldbackTrigger:48%
00:57:46.217   Reputation:DISLIKED ComponentRollup:0 MechRollup:0 HoldbackTrigger:32%
00:57:46.217   Reputation:INDIFFERENT ComponentRollup:1 MechRollup:0 HoldbackTrigger:16%
00:57:46.217   Reputation:LIKED ComponentRollup:5 MechRollup:0 HoldbackTrigger:8%
00:57:46.217   Reputation:FRIENDLY ComponentRollup:9 MechRollup:20 HoldbackTrigger:4%
00:57:46.217   Reputation:HONORED ComponentRollup:13 MechRollup:30 HoldbackTrigger:2%
00:57:46.217   Reputation:ALLIED ComponentRollup:21 MechRollup:180 HoldbackTrigger:1%
00:57:46.217 HOLDBACK - enabled? True
00:57:46.217   Holdback Picks: 2 to 6
00:57:46.217   Rep Range: 2 to 6
00:57:46.217   Dispute Picks: 1 to 6
00:57:46.217   Dispute SuccessBase:50 MRBSuccessFactor:10 SuccessRandomBound:0,2 MRBFeeFactor:-0,1
00:57:46.217 === MOD CONFIG END ===
00:57:46.217 INFO: No errors reading settings file.
00:57:46.217 INFO: Registering custom components!
