20:40:29.783 Setting Global difficulty to: 4, Counted Contracts: 8, average worth of counted drops: 66207002
20:41:03.651 Calculating Drop Costs for unit: 0 Gundam
20:41:03.651 unit has cost modifier of: 1
20:41:03.651 tonnage cost: 11250
20:41:03.651 value based cost: 45019
20:41:03.651 Total Drop cost: 56269
20:41:03.651 Drop Difficulty of: 2, has modifier of: 0.83, Changing Drop Cost to: 46703
20:41:03.669 Calculating Drop Costs for unit: 0 Gundam
20:41:03.669 unit has cost modifier of: 1
20:41:03.669 tonnage cost: 11250
20:41:03.669 value based cost: 45019
20:41:03.669 Total Drop cost: 56269
20:41:03.669 Drop Difficulty of: 2, has modifier of: 0.83, Changing Drop Cost to: 46703
20:41:03.750 Calculating Drop Costs for unit: 0 Gundam
20:41:03.755 unit has cost modifier of: 1
20:41:03.755 tonnage cost: 11250
20:41:03.755 value based cost: 45019
20:41:03.755 Total Drop cost: 56269
20:41:03.755 Calculating Drop Costs for unit: Dynames Gundam
20:41:03.755 unit has cost modifier of: 1
20:41:03.755 tonnage cost: 11250
20:41:03.755 value based cost: 36139
20:41:03.755 Total Drop cost: 47389
20:41:03.755 Drop Difficulty of: 4, has modifier of: 0.89, Changing Drop Cost to: 92255
20:41:03.768 Calculating Drop Costs for unit: 0 Gundam
20:41:03.768 unit has cost modifier of: 1
20:41:03.768 tonnage cost: 11250
20:41:03.768 value based cost: 45019
20:41:03.768 Total Drop cost: 56269
20:41:03.768 Calculating Drop Costs for unit: Dynames Gundam
20:41:03.768 unit has cost modifier of: 1
20:41:03.768 tonnage cost: 11250
20:41:03.768 value based cost: 36139
20:41:03.768 Total Drop cost: 47389
20:41:03.768 Drop Difficulty of: 4, has modifier of: 0.89, Changing Drop Cost to: 92255
20:41:03.840 Calculating Drop Costs for unit: 0 Gundam
20:41:03.840 unit has cost modifier of: 1
20:41:03.840 tonnage cost: 11250
20:41:03.840 value based cost: 45019
20:41:03.840 Total Drop cost: 56269
20:41:03.841 Calculating Drop Costs for unit: Dynames Gundam
20:41:03.841 unit has cost modifier of: 1
20:41:03.841 tonnage cost: 11250
20:41:03.841 value based cost: 36139
20:41:03.841 Total Drop cost: 47389
20:41:03.841 Calculating Drop Costs for unit: Wolfhound
20:41:03.841 unit has cost modifier of: 1
20:41:03.841 tonnage cost: 5250
20:41:03.841 value based cost: 6106
20:41:03.841 Total Drop cost: 11356
20:41:03.841 Drop Difficulty of: 4, has modifier of: 0.89, Changing Drop Cost to: 102362
20:41:03.856 Calculating Drop Costs for unit: 0 Gundam
20:41:03.857 unit has cost modifier of: 1
20:41:03.857 tonnage cost: 11250
20:41:03.857 value based cost: 45019
20:41:03.857 Total Drop cost: 56269
20:41:03.857 Calculating Drop Costs for unit: Dynames Gundam
20:41:03.857 unit has cost modifier of: 1
20:41:03.857 tonnage cost: 11250
20:41:03.857 value based cost: 36139
20:41:03.857 Total Drop cost: 47389
20:41:03.857 Calculating Drop Costs for unit: Wolfhound
20:41:03.857 unit has cost modifier of: 1
20:41:03.857 tonnage cost: 5250
20:41:03.857 value based cost: 6106
20:41:03.857 Total Drop cost: 11356
20:41:03.857 Drop Difficulty of: 4, has modifier of: 0.89, Changing Drop Cost to: 102362
20:41:03.923 Calculating Drop Costs for unit: 0 Gundam
20:41:03.923 unit has cost modifier of: 1
20:41:03.923 tonnage cost: 11250
20:41:03.923 value based cost: 45019
20:41:03.923 Total Drop cost: 56269
20:41:03.923 Calculating Drop Costs for unit: Dynames Gundam
20:41:03.923 unit has cost modifier of: 1
20:41:03.924 tonnage cost: 11250
20:41:03.924 value based cost: 36139
20:41:03.924 Total Drop cost: 47389
20:41:03.924 Calculating Drop Costs for unit: Wolfhound
20:41:03.924 unit has cost modifier of: 1
20:41:03.924 tonnage cost: 5250
20:41:03.924 value based cost: 6106
20:41:03.924 Total Drop cost: 11356
20:41:03.924 Calculating Drop Costs for unit: Hermes
20:41:03.924 unit has cost modifier of: 1
20:41:03.924 tonnage cost: 4500
20:41:03.924 value based cost: 6858
20:41:03.924 Total Drop cost: 11358
20:41:03.924 Drop Difficulty of: 4, has modifier of: 0.89, Changing Drop Cost to: 112471
20:41:03.944 Calculating Drop Costs for unit: 0 Gundam
20:41:03.944 unit has cost modifier of: 1
20:41:03.944 tonnage cost: 11250
20:41:03.944 value based cost: 45019
20:41:03.944 Total Drop cost: 56269
20:41:03.944 Calculating Drop Costs for unit: Dynames Gundam
20:41:03.944 unit has cost modifier of: 1
20:41:03.944 tonnage cost: 11250
20:41:03.944 value based cost: 36139
20:41:03.944 Total Drop cost: 47389
20:41:03.944 Calculating Drop Costs for unit: Wolfhound
20:41:03.944 unit has cost modifier of: 1
20:41:03.944 tonnage cost: 5250
20:41:03.944 value based cost: 6106
20:41:03.944 Total Drop cost: 11356
20:41:03.944 Calculating Drop Costs for unit: Hermes
20:41:03.944 unit has cost modifier of: 1
20:41:03.944 tonnage cost: 4500
20:41:03.944 value based cost: 6858
20:41:03.944 Total Drop cost: 11358
20:41:03.944 Drop Difficulty of: 4, has modifier of: 0.89, Changing Drop Cost to: 112471
20:41:03.949 Calculating Drop Costs for unit: 0 Gundam
20:41:03.949 unit has cost modifier of: 1
20:41:03.949 tonnage cost: 11250
20:41:03.949 value based cost: 45019
20:41:03.949 Total Drop cost: 56269
20:41:03.949 Calculating Drop Costs for unit: Dynames Gundam
20:41:03.949 unit has cost modifier of: 1
20:41:03.949 tonnage cost: 11250
20:41:03.949 value based cost: 36139
20:41:03.949 Total Drop cost: 47389
20:41:03.949 Calculating Drop Costs for unit: Wolfhound
20:41:03.949 unit has cost modifier of: 1
20:41:03.949 tonnage cost: 5250
20:41:03.949 value based cost: 6106
20:41:03.949 Total Drop cost: 11356
20:41:03.949 Calculating Drop Costs for unit: Hermes
20:41:03.949 unit has cost modifier of: 1
20:41:03.949 tonnage cost: 4500
20:41:03.949 value based cost: 6858
20:41:03.949 Total Drop cost: 11358
20:41:03.949 Drop Difficulty of: 4, has modifier of: 0.89, Changing Drop Cost to: 112471
