Levels :Spam True :Debug True :Info True :Warn True
[Info] Harmony? 1.2.0.0
[Info] Unity? 2018.4.2f1
[Info] Product? BATTLETECH-1.9.1-686R
[Info] ModTek? 3.1.15.0
[Info] Initialized com.github.m22spencer.BattletechPerformanceFix 2.13.0.18294
[Info] Mod-Dir? E:\SteamLibrary\steamapps\common\BATTLETECH\Mods\GN Core\BattletechPerformanceFix
[Info] BattletechPerformanceFix found BattleTech 1.9.1 and will now load
[Info] Features ----------
[Info] Feature HarmonyPatches is OFF
[Info] Feature LocalizationPatches is ON
[Info] Feature MechlabFix is OFF
[Info] Feature LoadFixes is ON
[Info] Feature NoSalvageSoftlock is ON
[Info] Feature DataLoaderGetEntryCheck is ON
[Info] Feature ShopTabLagFix is ON
[Info] Feature ContractLagFix is ON
[Info] Feature EnableLoggingDuringLoads is ON
[Info] Feature ExtraLogging is ON
[Info] Feature ShaderDependencyOverride is ON
[Info] Feature DisableDeployAudio is OFF
[Info] Feature RemovedFlashpointFix is ON
[Info] Feature DisableSimAnimations is ON
[Info] Feature RemovedContractsFix is ON
[Info] Feature VersionManifestPatches is ON
[Info] Feature MemoryLeakFix is OFF
[Info] Feature EnableConsole is OFF
[Info] Patches ----------
[Info] Feature LocalizationPatches:
[Info] Patch: StringsProviderBase`1.StringForKeyFormat -> LocalizationPatches.StringForKeyFormat_Pre
[Info] Patch: StringsProviderBase`1.StringForKeyFormat -> LocalizationPatches.StringForKeyFormat_Post
[Info] Feature LoadFixes:
[Spam] CheckPatch is NYI
[Info] Feature NoSalvageSoftlock:
[Spam] CheckPatch is NYI
[Info] Feature DataLoaderGetEntryCheck:
[Spam] CheckPatch is NYI
[Info] Feature ShopTabLagFix:
[Spam] CheckPatch is NYI
[Spam] CheckPatch is NYI
[Info] Feature ContractLagFix:
[Debug] EncounterLayerData ctors 1
[Info] Feature EnableLoggingDuringLoads:
[Info] Feature ExtraLogging:
[Info] Patch: LanceOverride.RequestLance -> ExtraLogging.RequestLance_Pre
[Info] Patch: SimGameState.PrepContract -> ExtraLogging.PrepContract_Pre
[Info] Patch: SimGameState.PrepContract -> ExtraLogging.PrepContract_Post
[Info] Patch: LanceSpawnerGameLogic.InitializeTaggedLance -> ExtraLogging.InitializeTaggedLance_Pre
[Info] Feature ShaderDependencyOverride:
[Info] Patch: AssetBundleManager.IsBundleLoaded -> ShaderDependencyOverride.GetManager
[Info] Patch: AssetBundleManager.GenerateWebRequest -> ShaderDependencyOverride.GetManager
[Info] Patch: AssetBundleManager.IsBundleLoaded -> ShaderDependencyOverride.WithShaderDeps
[Info] Patch: AssetBundleManager.GenerateWebRequest -> ShaderDependencyOverride.WithShaderDeps
[Info] Feature RemovedFlashpointFix:
[Info] Patch: SimGameState.Rehydrate -> RemovedFlashpointFix.Rehydrate_Pre
[Info] Feature DisableSimAnimations:
[Info] Patch: SimGameCameraController.Init -> DisableSimAnimations.Init_Pre
[Info] Patch: SGRoomController_MechBay.TransitionMech -> DisableSimAnimations.TransitionMech_Pre
[Info] Feature RemovedContractsFix:
[Info] Patch: SimGameState.Rehydrate -> RemovedContractsFix.Rehydrate_Pre
[Info] Feature VersionManifestPatches:
[Info] Patch: VersionManifestBase.Contains -> VersionManifestPatches.Contains_Pre
[Info] Runtime ----------
[Info] Patch out sensitive data log dumps
[Info] LogLevel info
Levels :Spam False :Debug False :Info True :Warn True
[Info] (CL) SimGameState::PrepContract(pre) :contract.Name Last 'Mech Standing :contract.Difficulty 1 :GetDifficulty 0 :GlobalDifficulty 0 :ContractDifficultyVariance 1
[Info] (CL) SimGameState::PrepContract(post) :contract.Name Last 'Mech Standing :contract.Difficulty 1 :contract.Override.finalDifficulty 1 :UIDifficulty 1
[Info] (CL) SimGameState::PrepContract(pre) :contract.Name Trap Sprung :contract.Difficulty 1 :GetDifficulty 0 :GlobalDifficulty 0 :ContractDifficultyVariance 1
[Info] (CL) SimGameState::PrepContract(post) :contract.Name Trap Sprung :contract.Difficulty 1 :contract.Override.finalDifficulty 1 :UIDifficulty 2
[Info] (CL) SimGameState::PrepContract(pre) :contract.Name Stop the Signal :contract.Difficulty 1 :GetDifficulty 0 :GlobalDifficulty 0 :ContractDifficultyVariance 1
[Info] (CL) SimGameState::PrepContract(post) :contract.Name Stop the Signal :contract.Difficulty 1 :contract.Override.finalDifficulty 1 :UIDifficulty 2
[Info] (CL) SimGameState::PrepContract(pre) :contract.Name Contested Will :contract.Difficulty 1 :GetDifficulty 0 :GlobalDifficulty 0 :ContractDifficultyVariance 1
[Info] (CL) SimGameState::PrepContract(post) :contract.Name Contested Will :contract.Difficulty 1 :contract.Override.finalDifficulty 1 :UIDifficulty 1
[Info] (CL) SimGameState::PrepContract(pre) :contract.Name Thorny Problem :contract.Difficulty 1 :GetDifficulty 0 :GlobalDifficulty 0 :ContractDifficultyVariance 1
[Info] (CL) SimGameState::PrepContract(post) :contract.Name Thorny Problem :contract.Difficulty 1 :contract.Override.finalDifficulty 1 :UIDifficulty 2
[Info] (CL) SimGameState::PrepContract(pre) :contract.Name Dug in Deep :contract.Difficulty 1 :GetDifficulty 0 :GlobalDifficulty 0 :ContractDifficultyVariance 1
[Info] (CL) SimGameState::PrepContract(post) :contract.Name Dug in Deep :contract.Difficulty 1 :contract.Override.finalDifficulty 1 :UIDifficulty 1
[Info] (CL) SimGameState::PrepContract(pre) :contract.Name Lost Supplies :contract.Difficulty 1 :GetDifficulty 0 :GlobalDifficulty 0 :ContractDifficultyVariance 1
[Info] (CL) SimGameState::PrepContract(post) :contract.Name Lost Supplies :contract.Difficulty 1 :contract.Override.finalDifficulty 1 :UIDifficulty 1
[Info] (CL) SimGameState::PrepContract(pre) :contract.Name Dead or Alive :contract.Difficulty 1 :GetDifficulty 0 :GlobalDifficulty 0 :ContractDifficultyVariance 1
[Info] (CL) SimGameState::PrepContract(post) :contract.Name Dead or Alive :contract.Difficulty 1 :contract.Override.finalDifficulty 1 :UIDifficulty 1
[Info] (CL) SimGameState::PrepContract(pre) :contract.Name Hold the Line :contract.Difficulty 1 :GetDifficulty 0 :GlobalDifficulty 0 :ContractDifficultyVariance 1
[Info] (CL) SimGameState::PrepContract(post) :contract.Name Hold the Line :contract.Difficulty 1 :contract.Override.finalDifficulty 1 :UIDifficulty 1
[Info] (CL) SimGameState::PrepContract(pre) :contract.Name Training Day :contract.Difficulty 1 :GetDifficulty 0 :GlobalDifficulty 0 :ContractDifficultyVariance 1
[Info] (CL) SimGameState::PrepContract(post) :contract.Name Training Day :contract.Difficulty 1 :contract.Override.finalDifficulty 1 :UIDifficulty 1
[Info] (CL) SimGameState::PrepContract(pre) :contract.Name Bodyguards :contract.Difficulty 1 :GetDifficulty 0 :GlobalDifficulty 0 :ContractDifficultyVariance 1
[Info] (CL) SimGameState::PrepContract(post) :contract.Name Bodyguards :contract.Difficulty 1 :contract.Override.finalDifficulty 1 :UIDifficulty 1
